<!DOCTYPE html>
<html>
<head>
  
<meta http-equiv="Content-Type" content="text/html; charset=UTF-8" />

<script type="text/javascript" src="js/jquery.min.js"></script>
<script type="text/javascript" src="js/jquery.tablesorter.min.js"></script>
<script type="text/javascript" src="js/Chart.min.js"></script>
<script type="text/javascript" src="js/moment.min.js"></script>
<script type="text/javascript" src="js/bootstrap.min.js"></script>

<link rel="stylesheet" href="css/bootstrap.min.css" type="text/css"/>
<link rel="stylesheet" href="css/cucumber.css" type="text/css"/>
<link rel="stylesheet" href="css/font-awesome.min.css"/>
<link rel="shortcut icon" href="images/favicon.png"/>

<script type="text/javascript">
$(document).ready(function() {
    // this will tell tablesorter to try looking for the data-value attribute
    // if present, it'll sort by that instead
    // otherwise, it'll sort by the text content of the table cell
    $("#tablesorter").tablesorter({
        textAttribute: 'data-value',
        // ignores the first row of the header, the 'scenario', 'steps', since
        // sorting those doesn't make sense
        selectorHeaders: '> thead tr:not(.dont-sort) th',
        // use a stable sort
        sortStable: true
    });
});
</script>











  
<title>Cucumber Reports (no 0.9.10) - Feature: MergeIntoAcceptance</title>

</head>
<body>

<nav class="navbar navbar-default navbar-fixed-top" id="navigation">
  <div class="container-fluid">
    <div class="collapse navbar-collapse">
      <p class="navbar-text navbar-left">Cucumber Report</p>
      <ul class="nav navbar-nav navbar-right">
                <li role="presentation" ><a href="overview-features.html">Features</a></li>
        <li role="presentation" ><a href="overview-tags.html">Tags</a></li>
        <li role="presentation" ><a href="overview-steps.html">Steps</a></li>
                <li role="presentation" ><a href="overview-failures.html">Failures</a></li>
      </ul>
    </div>
  </div>
</nav>


<div class="container-fluid">
  <div class="col-md-5 col-md-offset-1">
    
<table class="table table-bordered" id="build-info">
  <thead>
    <tr>
      <th>Project</th>
              <th>Number</th>
            <th>Date</th>
    </tr>
  </thead>
  <tbody>
    <tr class="info">
      <td>cypher-for-gremlin</td>
              <td>0.9.10</td>
            <td>04 Jul 2018, 23:04</td>
    </tr>
  </tbody>
</table>

  </div>
  <div class="col-md-3 col-md-offset-2">
      </div>
</div>


<div id="report-lead" class="container-fluid">
  <div class="col-md-10 col-md-offset-1">
    <h2>Feature Report</h2>
      </div>
</div>


<div class="container-fluid" id="report">
  <div class="row">
    <div class="col-md-10 col-md-offset-1">
      <table class="stats-table">

        
<thead>
  <tr class="header dont-sort">
        <th></th>
    <th colspan="6">Steps</th>
    <th colspan="3">Scenarios</th>
    <th colspan="2">Features</th>
  </tr>
  <tr>
    <th>Feature</th>
        <th class="passed">Passed</th>
    <th class="failed">Failed</th>
    <th class="skipped">Skipped</th>
    <th class="pending">Pending</th>
    <th class="undefined">Undefined</th>
    <th class="total">Total</th>

    <th class="passed">Passed</th>
    <th class="failed">Failed</th>
    <th class="total">Total</th>

    <th>Duration</th>
    <th>Status</th>
  </tr>
</thead>


        <tbody>
        <tr>
          <td class="tagname">MergeIntoAcceptance</td>
                    <td      class="passed"    >32</td>
          <td      class="failed"    >6</td>
          <td >0</td>
          <td >0</td>
          <td >0</td>
          <td class="total">38</td>

          <td >0</td>
          <td  class="failed"    >6</td>
          <td class="total">6</td>

          <td class="duration" data-value="219996406">0.219</td>
          <td class="failed">Failed</td>
        </tr>
        </tbody>

      </table>
    </div>
  </div>
</div>



<div class="container-fluid">
  <div class="row">
    <div class="col-md-10 col-md-offset-10">
      <i class="fa fa-chevron-circle-down fa-2x collapsable-control"
        onClick="javascript:$('#report .collapsable-details').collapse('show')"></i>
      <i class="fa fa-chevron-circle-up fa-2x collapsable-control"
        onClick="javascript:$('#report .collapsable-details').collapse('hide')"></i>
    </div>
  </div>
</div>


<div class="container-fluid" id="report">
  <div class="row">
    <div class="col-md-10 col-md-offset-1">
      <div class="feature">
        
<div class="tags indention">
  </div>

        
<div class="brief failed">
  <span class="keyword indention">Feature</span>
  <span class="name">MergeIntoAcceptance</span>
  

  </div>

        <div class="description indention"></div>

        <div class="elements inner-level">
                      
<div class="element">
  
  
<div class="tags indention">
  </div>

  
  <span class="lead-duration duration">0.004</span>


    <span data-toggle="collapse" class=" collapsed  collapsable-control" data-target="#element-1">
    
<div class="brief passed">
  <span class="keyword indention">Background</span>
  <span class="name"></span>
  

       <i class="chevron fa fa-fw"></i>
  </div>

  </span>
  <div class="description indention"></div>

  <div id="element-1" class="collapse collapsable-details ">
    


    
<div class="steps inner-level">
    <div data-toggle="collapse" class=" collapsed  collapsable-control" data-target="#steps-2">
    
<div class="brief passed">
  <span class="keyword indention">Steps</span>
  <span class="name"></span>
  

       <i class="chevron fa fa-fw"></i>
  </div>

  </div>

  <div id="steps-2" class="inner-level collapse collapsable-details ">
          <div class="step">
        
<div class="brief passed">
  <span class="keyword indention">Given</span>
  <span class="name">an empty graph</span>
  
  <span class="lead-duration duration">0.000</span>

  </div>

        


        
        

        
  <div class="outputs inner-level">
          <div class="output indention">
        <div data-toggle="collapse" class=" collapsed  collapsable-control" data-target="#output-3">
          Output 1
          <i class="chevron fa fa-fw"></i>
        </div>
        <div id="output-3" class="collapse collapsable-details " >
          
          <pre><p>23:03:42.104 [Test worker] DEBUG o.a.t.g.driver.Client - g.V().drop()}} to - Connection{host=Host{address=localhost/127.0.0.1:37875, hostUri=ws://localhost:37875/gremlin}}
</p></pre>
        </div>
      </div>
      </div>

        
  
      </div>
          <div class="step">
        
<div class="brief passed">
  <span class="keyword indention">And</span>
  <span class="name">having executed:</span>
  
  <span class="lead-duration duration">0.004</span>

  </div>

        


        
        
  <div class="inner-level">
    <div class="docstring indention">
            <div data-toggle="collapse" class="collapsable-control" data-target="#msg-4">
          <a>Doc string</a>
      </div>
      <div id="msg-4" class="collapse collapsable-details">
        <pre>CREATE (:A {name: 'A'}), (:B {name: 'B'})</pre>
      </div>
    </div>
  </div>

        
  <div class="outputs inner-level">
          <div class="output indention">
        <div data-toggle="collapse" class=" collapsed  collapsable-control" data-target="#output-5">
          Output 1
          <i class="chevron fa fa-fw"></i>
        </div>
        <div id="output-5" class="collapse collapsable-details " >
          
          <pre><p>23:03:42.105 [Test worker] DEBUG o.a.t.g.driver.Client - CREATE (:A {name: 'A'}), (:B {name: 'B'})}} to - Connection{host=Host{address=localhost/127.0.0.1:37875, hostUri=ws://localhost:37875/gremlin}}
23:03:42.105 [gremlin-server-worker-1] INFO  o.o.g.s.o.c.CypherOpProcessor - Cypher: CREATE (:A {name: 'A'}), (:B {name: 'B'})
23:03:42.107 [gremlin-server-worker-1] INFO  o.o.g.s.o.c.CypherOpProcessor - Gremlin: g.addV('A').property(single, 'name', 'A').addV('B').property(single, 'name', 'B').barrier().limit(0)
</p></pre>
        </div>
      </div>
      </div>

        
  
      </div>
      </div>
</div>


    

  </div>
</div>

                      
<div class="element">
  
  
<div class="tags indention">
  </div>

  
  <span class="lead-duration duration">0.043</span>


    <span data-toggle="collapse" class=" collapsable-control" data-target="#element-6">
    
<div class="brief failed">
  <span class="keyword indention">Scenario</span>
  <span class="name">Updating one property with ON CREATE</span>
  

       <i class="chevron fa fa-fw"></i>
  </div>

  </span>
  <div class="description indention"></div>

  <div id="element-6" class="collapse collapsable-details  in ">
    


    
<div class="steps inner-level">
    <div data-toggle="collapse" class=" collapsable-control" data-target="#steps-7">
    
<div class="brief failed">
  <span class="keyword indention">Steps</span>
  <span class="name"></span>
  

       <i class="chevron fa fa-fw"></i>
  </div>

  </div>

  <div id="steps-7" class="inner-level collapse collapsable-details  in ">
          <div class="step">
        
<div class="brief passed">
  <span class="keyword indention">When</span>
  <span class="name">executing query:</span>
  
  <span class="lead-duration duration">0.013</span>

  </div>

        


        
        
  <div class="inner-level">
    <div class="docstring indention">
            <div data-toggle="collapse" class="collapsable-control" data-target="#msg-8">
          <a>Doc string</a>
      </div>
      <div id="msg-8" class="collapse collapsable-details">
        <pre>MATCH (a {name: 'A'}), (b {name: 'B'})
MERGE (a)-[r:TYPE]-&gt;(b)
  ON CREATE SET r.name = 'foo'</pre>
      </div>
    </div>
  </div>

        
  <div class="outputs inner-level">
          <div class="output indention">
        <div data-toggle="collapse" class=" collapsed  collapsable-control" data-target="#output-9">
          Output 1
          <i class="chevron fa fa-fw"></i>
        </div>
        <div id="output-9" class="collapse collapsable-details " >
          
          <pre><p>23:03:42.129 [Test worker] DEBUG o.a.t.g.driver.Client - MATCH (a {name: 'A'}), (b {name: 'B'})
MERGE (a)-[r:TYPE]-&gt;(b)
  ON CREATE SET r.name = 'foo'}} to - Connection{host=Host{address=localhost/127.0.0.1:37875, hostUri=ws://localhost:37875/gremlin}}
23:03:42.129 [gremlin-server-worker-1] INFO  o.o.g.s.o.c.CypherOpProcessor - Cypher: MATCH (a {name: 'A'}), (b {name: 'B'}) MERGE (a)-[r:TYPE]-&gt;(b)   ON CREATE SET r.name = 'foo'
23:03:42.135 [gremlin-server-worker-1] INFO  o.o.g.s.o.c.CypherOpProcessor - Gremlin: g.V().as('a').has('name', eq('A')).V().as('b').has('name', eq('B')).choose(__.select('a').outE('TYPE').inV().as('  GENERATED5').where(__.select('  GENERATED5').where(eq('b'))), __.select('a').outE('TYPE').inV().as('  GENERATED5').where(__.select('  GENERATED5').where(eq('b'))), __.identity().addE('TYPE').from('a').to('b').choose(neq('  cypher.null'), __.property('name', 'foo'), __.constant('  cypher.null'))).barrier().limit(0)
</p></pre>
        </div>
      </div>
      </div>

        
  
      </div>
          <div class="step">
        
<div class="brief passed">
  <span class="keyword indention">Then</span>
  <span class="name">the result should be empty</span>
  
  <span class="lead-duration duration">0.000</span>

  </div>

        


        
        

        

        
  
      </div>
          <div class="step">
        
<div class="brief passed">
  <span class="keyword indention">And</span>
  <span class="name">the side effects should be:</span>
  
  <span class="lead-duration duration">0.019</span>

  </div>

        


                  <table class="step-arguments">
                          <tr>
                                  <td>+relationships</td>
                                  <td>1</td>
                              </tr>
                          <tr>
                                  <td>+properties</td>
                                  <td>1</td>
                              </tr>
                      </table>
        
        

        
  <div class="outputs inner-level">
          <div class="output indention">
        <div data-toggle="collapse" class=" collapsed  collapsable-control" data-target="#output-10">
          Output 1
          <i class="chevron fa fa-fw"></i>
        </div>
        <div id="output-10" class="collapse collapsable-details " >
          
          <pre><p>23:03:42.143 [Test worker] DEBUG o.a.t.g.driver.Client - MATCH (n) RETURN id(n)}} to - Connection{host=Host{address=localhost/127.0.0.1:37875, hostUri=ws://localhost:37875/gremlin}}
23:03:42.143 [gremlin-server-worker-1] INFO  o.o.g.s.o.c.CypherOpProcessor - Cypher: MATCH (n) RETURN id(n)
23:03:42.147 [gremlin-server-worker-1] INFO  o.o.g.s.o.c.CypherOpProcessor - Gremlin: g.V().project('id(n)').by(__.choose(neq('  cypher.null'), __.id(), __.constant('  cypher.null')))
23:03:42.148 [Test worker] DEBUG o.a.t.g.driver.Client - MATCH ()-[r]-&gt;() RETURN id(r)}} to - Connection{host=Host{address=localhost/127.0.0.1:37875, hostUri=ws://localhost:37875/gremlin}}
23:03:42.148 [gremlin-server-worker-1] INFO  o.o.g.s.o.c.CypherOpProcessor - Cypher: MATCH ()-[r]-&gt;() RETURN id(r)
23:03:42.153 [gremlin-server-worker-1] INFO  o.o.g.s.o.c.CypherOpProcessor - Gremlin: g.E().project('id(r)').by(__.choose(neq('  cypher.null'), __.id(), __.constant('  cypher.null')))
23:03:42.153 [Test worker] DEBUG o.a.t.g.driver.Client - MATCH (n)
UNWIND labels(n) AS label
RETURN DISTINCT label}} to - Connection{host=Host{address=localhost/127.0.0.1:37875, hostUri=ws://localhost:37875/gremlin}}
23:03:42.154 [gremlin-server-worker-1] INFO  o.o.g.s.o.c.CypherOpProcessor - Cypher: MATCH (n) UNWIND labels(n) AS label RETURN DISTINCT label
23:03:42.158 [gremlin-server-worker-1] INFO  o.o.g.s.o.c.CypherOpProcessor - Gremlin: g.V().label().is(neq('vertex')).project('label').by(__.identity()).dedup()
23:03:42.158 [Test worker] DEBUG o.a.t.g.driver.Client - g.V().as('V').properties().project('nodeId', 'key', 'value').by(__.select('V').id()).by(__.key()).by(__.value())}} to - Connection{host=Host{address=localhost/127.0.0.1:37875, hostUri=ws://localhost:37875/gremlin}}
23:03:42.160 [Test worker] DEBUG o.a.t.g.driver.Client - g.V().outE().as('E').properties().project('relId', 'key', 'value').by(__.select('E').id()).by(__.key()).by(__.value())}} to - Connection{host=Host{address=localhost/127.0.0.1:37875, hostUri=ws://localhost:37875/gremlin}}
-labels:        0
+labels:        0
+nodes:         0
-nodes:         0
-properties:    0
+properties:    1
-relationships: 0
+relationships: 1
</p></pre>
        </div>
      </div>
      </div>

        
  
      </div>
          <div class="step">
        
<div class="brief passed">
  <span class="keyword indention">When</span>
  <span class="name">executing control query:</span>
  
  <span class="lead-duration duration">0.009</span>

  </div>

        


        
        
  <div class="inner-level">
    <div class="docstring indention">
            <div data-toggle="collapse" class="collapsable-control" data-target="#msg-11">
          <a>Doc string</a>
      </div>
      <div id="msg-11" class="collapse collapsable-details">
        <pre>MATCH ()-[r:TYPE]-&gt;()
RETURN [key IN keys(r) | key + '-&gt;' + r[key]] AS keyValue</pre>
      </div>
    </div>
  </div>

        
  <div class="outputs inner-level">
          <div class="output indention">
        <div data-toggle="collapse" class=" collapsed  collapsable-control" data-target="#output-12">
          Output 1
          <i class="chevron fa fa-fw"></i>
        </div>
        <div id="output-12" class="collapse collapsable-details " >
          
          <pre><p>23:03:42.162 [Test worker] DEBUG o.a.t.g.driver.Client - MATCH ()-[r:TYPE]-&gt;()
RETURN [key IN keys(r) | key + '-&gt;' + r[key]] AS keyValue}} to - Connection{host=Host{address=localhost/127.0.0.1:37875, hostUri=ws://localhost:37875/gremlin}}
23:03:42.163 [gremlin-server-worker-1] INFO  o.o.g.s.o.c.CypherOpProcessor - Cypher: MATCH ()-[r:TYPE]-&gt;() RETURN [key IN keys(r) | key + '-&gt;' + r[key]] AS keyValue
23:03:42.169 [gremlin-server-worker-1] WARN  o.a.t.g.s.h.OpExecutorHandler - Unsupported expression: ListComprehension(ExtractScope(Variable(key),None,Some(Add(Add(Variable(key),StringLiteral(-&gt;)),ContainerIndex(Variable(r),Variable(key))))),FunctionInvocation(Namespace(List()),FunctionName(keys),false,Vector(Variable(r))))
java.lang.UnsupportedOperationException: Unsupported expression: ListComprehension(ExtractScope(Variable(key),None,Some(Add(Add(Variable(key),StringLiteral(-&gt;)),ContainerIndex(Variable(r),Variable(key))))),FunctionInvocation(Namespace(List()),FunctionName(keys),false,Vector(Variable(r))))
	at org.opencypher.gremlin.translation.context.WalkerContext.unsupported(WalkerContext.scala:72)
	at org.opencypher.gremlin.translation.walker.ProjectionWalker.org$opencypher$gremlin$translation$walker$ProjectionWalker$$aggregation(ProjectionWalker.scala:377)
	at org.opencypher.gremlin.translation.walker.ProjectionWalker$$anonfun$org$opencypher$gremlin$translation$walker$ProjectionWalker$$pivot$1.applyOrElse(ProjectionWalker.scala:262)
	at org.opencypher.gremlin.translation.walker.ProjectionWalker$$anonfun$org$opencypher$gremlin$translation$walker$ProjectionWalker$$pivot$1.applyOrElse(ProjectionWalker.scala:258)
	at scala.runtime.AbstractPartialFunction.apply(AbstractPartialFunction.scala:36)
	at scala.util.Failure$$anonfun$recover$1.apply(Try.scala:216)
	at scala.util.Try$.apply(Try.scala:192)
	at scala.util.Failure.recover(Try.scala:216)
	at org.opencypher.gremlin.translation.walker.ProjectionWalker.org$opencypher$gremlin$translation$walker$ProjectionWalker$$pivot(ProjectionWalker.scala:258)
	at org.opencypher.gremlin.translation.walker.ProjectionWalker$$anonfun$returnSubTraversals$1.apply(ProjectionWalker.scala:107)
	at org.opencypher.gremlin.translation.walker.ProjectionWalker$$anonfun$returnSubTraversals$1.apply(ProjectionWalker.scala:104)
	at scala.collection.immutable.List.foreach(List.scala:392)
	at org.opencypher.gremlin.translation.walker.ProjectionWalker.returnSubTraversals(ProjectionWalker.scala:104)
	at org.opencypher.gremlin.translation.walker.ProjectionWalker.walk(ProjectionWalker.scala:75)
	at org.opencypher.gremlin.translation.walker.ProjectionWalker$.walk(ProjectionWalker.scala:42)
	at org.opencypher.gremlin.translation.walker.StatementWalker.org$opencypher$gremlin$translation$walker$StatementWalker$$walkClause(StatementWalker.scala:104)
	at org.opencypher.gremlin.translation.walker.StatementWalker$$anonfun$walkSingle$1.apply(StatementWalker.scala:81)
	at org.opencypher.gremlin.translation.walker.StatementWalker$$anonfun$walkSingle$1.apply(StatementWalker.scala:81)
	at scala.collection.immutable.List.foreach(List.scala:392)
	at org.opencypher.gremlin.translation.walker.StatementWalker.walkSingle(StatementWalker.scala:81)
	at org.opencypher.gremlin.translation.walker.StatementWalker.walk(StatementWalker.scala:42)
	at org.opencypher.gremlin.translation.walker.StatementWalker$.walk(StatementWalker.scala:29)
	at org.opencypher.gremlin.translation.CypherAst.translate(CypherAst.scala:80)
	at org.opencypher.gremlin.server.op.cypher.CypherOpProcessor.evalCypher(CypherOpProcessor.java:104)
	at org.apache.tinkerpop.gremlin.server.handler.OpExecutorHandler.channelRead0(OpExecutorHandler.java:68)
	at org.apache.tinkerpop.gremlin.server.handler.OpExecutorHandler.channelRead0(OpExecutorHandler.java:43)
	at io.netty.channel.SimpleChannelInboundHandler.channelRead(SimpleChannelInboundHandler.java:105)
	at io.netty.channel.AbstractChannelHandlerContext.invokeChannelRead(AbstractChannelHandlerContext.java:356)
	at io.netty.channel.AbstractChannelHandlerContext.invokeChannelRead(AbstractChannelHandlerContext.java:342)
	at io.netty.channel.AbstractChannelHandlerContext.fireChannelRead(AbstractChannelHandlerContext.java:335)
	at io.netty.handler.codec.MessageToMessageDecoder.channelRead(MessageToMessageDecoder.java:102)
	at io.netty.channel.AbstractChannelHandlerContext.invokeChannelRead(AbstractChannelHandlerContext.java:356)
	at io.netty.channel.AbstractChannelHandlerContext.invokeChannelRead(AbstractChannelHandlerContext.java:342)
	at io.netty.channel.AbstractChannelHandlerContext.fireChannelRead(AbstractChannelHandlerContext.java:335)
	at io.netty.handler.codec.MessageToMessageDecoder.channelRead(MessageToMessageDecoder.java:102)
	at io.netty.channel.AbstractChannelHandlerContext.invokeChannelRead(AbstractChannelHandlerContext.java:356)
	at io.netty.channel.AbstractChannelHandlerContext.invokeChannelRead(AbstractChannelHandlerContext.java:342)
	at io.netty.channel.AbstractChannelHandlerContext.fireChannelRead(AbstractChannelHandlerContext.java:335)
	at io.netty.handler.codec.MessageToMessageDecoder.channelRead(MessageToMessageDecoder.java:102)
	at io.netty.channel.AbstractChannelHandlerContext.invokeChannelRead(AbstractChannelHandlerContext.java:356)
	at io.netty.channel.AbstractChannelHandlerContext.invokeChannelRead(AbstractChannelHandlerContext.java:342)
	at io.netty.channel.AbstractChannelHandlerContext.fireChannelRead(AbstractChannelHandlerContext.java:335)
	at io.netty.handler.codec.MessageToMessageDecoder.channelRead(MessageToMessageDecoder.java:102)
	at io.netty.channel.AbstractChannelHandlerContext.invokeChannelRead(AbstractChannelHandlerContext.java:356)
	at io.netty.channel.AbstractChannelHandlerContext.invokeChannelRead(AbstractChannelHandlerContext.java:342)
	at io.netty.channel.AbstractChannelHandlerContext.fireChannelRead(AbstractChannelHandlerContext.java:335)
	at io.netty.handler.codec.MessageToMessageDecoder.channelRead(MessageToMessageDecoder.java:102)
	at io.netty.channel.AbstractChannelHandlerContext.invokeChannelRead(AbstractChannelHandlerContext.java:356)
	at io.netty.channel.AbstractChannelHandlerContext.invokeChannelRead(AbstractChannelHandlerContext.java:342)
	at io.netty.channel.AbstractChannelHandlerContext.fireChannelRead(AbstractChannelHandlerContext.java:335)
	at io.netty.handler.codec.http.websocketx.WebSocketServerProtocolHandler$1.channelRead(WebSocketServerProtocolHandler.java:159)
	at io.netty.channel.AbstractChannelHandlerContext.invokeChannelRead(AbstractChannelHandlerContext.java:356)
	at io.netty.channel.AbstractChannelHandlerContext.invokeChannelRead(AbstractChannelHandlerContext.java:342)
	at io.netty.channel.AbstractChannelHandlerContext.fireChannelRead(AbstractChannelHandlerContext.java:335)
	at io.netty.handler.codec.ByteToMessageDecoder.fireChannelRead(ByteToMessageDecoder.java:312)
	at io.netty.handler.codec.ByteToMessageDecoder.channelRead(ByteToMessageDecoder.java:286)
	at io.netty.channel.AbstractChannelHandlerContext.invokeChannelRead(AbstractChannelHandlerContext.java:356)
	at io.netty.channel.AbstractChannelHandlerContext.invokeChannelRead(AbstractChannelHandlerContext.java:342)
	at io.netty.channel.AbstractChannelHandlerContext.fireChannelRead(AbstractChannelHandlerContext.java:335)
	at io.netty.handler.timeout.IdleStateHandler.channelRead(IdleStateHandler.java:286)
	at io.netty.channel.AbstractChannelHandlerContext.invokeChannelRead(AbstractChannelHandlerContext.java:356)
	at io.netty.channel.AbstractChannelHandlerContext.invokeChannelRead(AbstractChannelHandlerContext.java:342)
	at io.netty.channel.AbstractChannelHandlerContext.fireChannelRead(AbstractChannelHandlerContext.java:335)
	at io.netty.channel.DefaultChannelPipeline$HeadContext.channelRead(DefaultChannelPipeline.java:1304)
	at io.netty.channel.AbstractChannelHandlerContext.invokeChannelRead(AbstractChannelHandlerContext.java:356)
	at io.netty.channel.AbstractChannelHandlerContext.invokeChannelRead(AbstractChannelHandlerContext.java:342)
	at io.netty.channel.DefaultChannelPipeline.fireChannelRead(DefaultChannelPipeline.java:921)
	at io.netty.channel.nio.AbstractNioByteChannel$NioByteUnsafe.read(AbstractNioByteChannel.java:135)
	at io.netty.channel.nio.NioEventLoop.processSelectedKey(NioEventLoop.java:646)
	at io.netty.channel.nio.NioEventLoop.processSelectedKeysOptimized(NioEventLoop.java:581)
	at io.netty.channel.nio.NioEventLoop.processSelectedKeys(NioEventLoop.java:498)
	at io.netty.channel.nio.NioEventLoop.run(NioEventLoop.java:460)
	at io.netty.util.concurrent.SingleThreadEventExecutor$2.run(SingleThreadEventExecutor.java:131)
	at java.lang.Thread.run(Thread.java:748)
</p></pre>
        </div>
      </div>
      </div>

        
  
      </div>
          <div class="step">
        
<div class="brief failed">
  <span class="keyword indention">Then</span>
  <span class="name">the result should be:</span>
  
  <span class="lead-duration duration">0.000</span>

  </div>

        

  <div class="inner-level">
    <div class="message indention">
      <div data-toggle="collapse" class=" collapsable-control" data-target="#msg-13">
          <a>org.opencypher.tools.tck.api.Scenario$ScenarioFailedException: Feature &quot;MergeIntoAcceptance&quot;: Scenario &quot;Updating one property with ON CREATE&quot; failed with message: Expected: | keyValue |</a>
      </div>
      <div id="msg-13" class="collapse collapsable-details  in ">
        <pre>org.opencypher.tools.tck.api.Scenario$ScenarioFailedException: Feature &quot;MergeIntoAcceptance&quot;: Scenario &quot;Updating one property with ON CREATE&quot; failed with message: Expected: | keyValue |
| ['name-&gt;foo'] |, got error ExecutionFailed(UnknownError,runtime,Unsupported expression: ListComprehension(ExtractScope(Variable(key),None,Some(Add(Add(Variable(key),StringLiteral(-&gt;)),ContainerIndex(Variable(r),Variable(key))))),FunctionInvocation(Namespace(List()),FunctionName(keys),false,Vector(Variable(r)))),Some(org.apache.tinkerpop.gremlin.driver.exception.ResponseException: Unsupported expression: ListComprehension(ExtractScope(Variable(key),None,Some(Add(Add(Variable(key),StringLiteral(-&gt;)),ContainerIndex(Variable(r),Variable(key))))),FunctionInvocation(Namespace(List()),FunctionName(keys),false,Vector(Variable(r))))))
	at org.opencypher.tools.tck.api.Scenario$$anonfun$executeOnGraph$1.apply(Scenario.scala:95)
	at org.opencypher.tools.tck.api.Scenario$$anonfun$executeOnGraph$1.apply(Scenario.scala:60)
	at scala.collection.LinearSeqOptimized$class.foldLeft(LinearSeqOptimized.scala:124)
	at scala.collection.immutable.List.foldLeft(List.scala:84)
	at org.opencypher.tools.tck.api.Scenario.executeOnGraph(Scenario.scala:60)
	at org.opencypher.tools.tck.api.Scenario$$anon$1.execute(Scenario.scala:54)
	at org.junit.jupiter.engine.descriptor.JupiterTestDescriptor.executeAndMaskThrowable(JupiterTestDescriptor.java:145)
	at org.junit.jupiter.engine.descriptor.DynamicTestTestDescriptor.execute(DynamicTestTestDescriptor.java:46)
	at org.junit.jupiter.engine.descriptor.DynamicTestTestDescriptor.execute(DynamicTestTestDescriptor.java:24)
	at org.junit.platform.engine.support.hierarchical.HierarchicalTestExecutor.lambda$execute$3(HierarchicalTestExecutor.java:83)
	at org.junit.platform.engine.support.hierarchical.SingleTestExecutor.executeSafely(SingleTestExecutor.java:66)
	at org.junit.platform.engine.support.hierarchical.HierarchicalTestExecutor.execute(HierarchicalTestExecutor.java:77)
	at org.junit.platform.engine.support.hierarchical.HierarchicalTestExecutor.lambda$null$0(HierarchicalTestExecutor.java:85)
	at org.junit.jupiter.engine.descriptor.TestFactoryTestDescriptor.lambda$invokeTestMethod$1(TestFactoryTestDescriptor.java:80)
	at org.junit.jupiter.engine.execution.ThrowableCollector.execute(ThrowableCollector.java:40)
	at org.junit.jupiter.engine.descriptor.TestFactoryTestDescriptor.invokeTestMethod(TestFactoryTestDescriptor.java:68)
	at org.junit.jupiter.engine.descriptor.TestMethodTestDescriptor.execute(TestMethodTestDescriptor.java:110)
	at org.junit.jupiter.engine.descriptor.TestMethodTestDescriptor.execute(TestMethodTestDescriptor.java:57)
	at org.junit.platform.engine.support.hierarchical.HierarchicalTestExecutor.lambda$execute$3(HierarchicalTestExecutor.java:83)
	at org.junit.platform.engine.support.hierarchical.SingleTestExecutor.executeSafely(SingleTestExecutor.java:66)
	at org.junit.platform.engine.support.hierarchical.HierarchicalTestExecutor.execute(HierarchicalTestExecutor.java:77)
	at org.junit.platform.engine.support.hierarchical.HierarchicalTestExecutor.lambda$null$2(HierarchicalTestExecutor.java:92)
	at java.util.stream.ForEachOps$ForEachOp$OfRef.accept(ForEachOps.java:184)
	at java.util.stream.ReferencePipeline$2$1.accept(ReferencePipeline.java:175)
	at java.util.Iterator.forEachRemaining(Iterator.java:116)
	at java.util.Spliterators$IteratorSpliterator.forEachRemaining(Spliterators.java:1801)
	at java.util.stream.AbstractPipeline.copyInto(AbstractPipeline.java:481)
	at java.util.stream.AbstractPipeline.wrapAndCopyInto(AbstractPipeline.java:471)
	at java.util.stream.ForEachOps$ForEachOp.evaluateSequential(ForEachOps.java:151)
	at java.util.stream.ForEachOps$ForEachOp$OfRef.evaluateSequential(ForEachOps.java:174)
	at java.util.stream.AbstractPipeline.evaluate(AbstractPipeline.java:234)
	at java.util.stream.ReferencePipeline.forEach(ReferencePipeline.java:418)
	at org.junit.platform.engine.support.hierarchical.HierarchicalTestExecutor.lambda$execute$3(HierarchicalTestExecutor.java:92)
	at org.junit.platform.engine.support.hierarchical.SingleTestExecutor.executeSafely(SingleTestExecutor.java:66)
	at org.junit.platform.engine.support.hierarchical.HierarchicalTestExecutor.execute(HierarchicalTestExecutor.java:77)
	at org.junit.platform.engine.support.hierarchical.HierarchicalTestExecutor.lambda$null$2(HierarchicalTestExecutor.java:92)
	at java.util.stream.ForEachOps$ForEachOp$OfRef.accept(ForEachOps.java:184)
	at java.util.stream.ReferencePipeline$2$1.accept(ReferencePipeline.java:175)
	at java.util.Iterator.forEachRemaining(Iterator.java:116)
	at java.util.Spliterators$IteratorSpliterator.forEachRemaining(Spliterators.java:1801)
	at java.util.stream.AbstractPipeline.copyInto(AbstractPipeline.java:481)
	at java.util.stream.AbstractPipeline.wrapAndCopyInto(AbstractPipeline.java:471)
	at java.util.stream.ForEachOps$ForEachOp.evaluateSequential(ForEachOps.java:151)
	at java.util.stream.ForEachOps$ForEachOp$OfRef.evaluateSequential(ForEachOps.java:174)
	at java.util.stream.AbstractPipeline.evaluate(AbstractPipeline.java:234)
	at java.util.stream.ReferencePipeline.forEach(ReferencePipeline.java:418)
	at org.junit.platform.engine.support.hierarchical.HierarchicalTestExecutor.lambda$execute$3(HierarchicalTestExecutor.java:92)
	at org.junit.platform.engine.support.hierarchical.SingleTestExecutor.executeSafely(SingleTestExecutor.java:66)
	at org.junit.platform.engine.support.hierarchical.HierarchicalTestExecutor.execute(HierarchicalTestExecutor.java:77)
	at org.junit.platform.engine.support.hierarchical.HierarchicalTestExecutor.execute(HierarchicalTestExecutor.java:51)
	at org.junit.platform.engine.support.hierarchical.HierarchicalTestEngine.execute(HierarchicalTestEngine.java:43)
	at org.junit.platform.launcher.core.DefaultLauncher.execute(DefaultLauncher.java:170)
	at org.junit.platform.launcher.core.DefaultLauncher.execute(DefaultLauncher.java:154)
	at org.junit.platform.launcher.core.DefaultLauncher.execute(DefaultLauncher.java:90)
	at org.gradle.api.internal.tasks.testing.junitplatform.JUnitPlatformTestClassProcessor$CollectAllTestClassesExecutor.processAllTestClasses(JUnitPlatformTestClassProcessor.java:92)
	at org.gradle.api.internal.tasks.testing.junitplatform.JUnitPlatformTestClassProcessor$CollectAllTestClassesExecutor.access$100(JUnitPlatformTestClassProcessor.java:77)
	at org.gradle.api.internal.tasks.testing.junitplatform.JUnitPlatformTestClassProcessor.stop(JUnitPlatformTestClassProcessor.java:73)
	at org.gradle.api.internal.tasks.testing.SuiteTestClassProcessor.stop(SuiteTestClassProcessor.java:61)
	at sun.reflect.NativeMethodAccessorImpl.invoke0(Native Method)
	at sun.reflect.NativeMethodAccessorImpl.invoke(NativeMethodAccessorImpl.java:62)
	at sun.reflect.DelegatingMethodAccessorImpl.invoke(DelegatingMethodAccessorImpl.java:43)
	at java.lang.reflect.Method.invoke(Method.java:498)
	at org.gradle.internal.dispatch.ReflectionDispatch.dispatch(ReflectionDispatch.java:35)
	at org.gradle.internal.dispatch.ReflectionDispatch.dispatch(ReflectionDispatch.java:24)
	at org.gradle.internal.dispatch.ContextClassLoaderDispatch.dispatch(ContextClassLoaderDispatch.java:32)
	at org.gradle.internal.dispatch.ProxyDispatchAdapter$DispatchingInvocationHandler.invoke(ProxyDispatchAdapter.java:93)
	at com.sun.proxy.$Proxy1.stop(Unknown Source)
	at org.gradle.api.internal.tasks.testing.worker.TestWorker.stop(TestWorker.java:123)
	at sun.reflect.NativeMethodAccessorImpl.invoke0(Native Method)
	at sun.reflect.NativeMethodAccessorImpl.invoke(NativeMethodAccessorImpl.java:62)
	at sun.reflect.DelegatingMethodAccessorImpl.invoke(DelegatingMethodAccessorImpl.java:43)
	at java.lang.reflect.Method.invoke(Method.java:498)
	at org.gradle.internal.dispatch.ReflectionDispatch.dispatch(ReflectionDispatch.java:35)
	at org.gradle.internal.dispatch.ReflectionDispatch.dispatch(ReflectionDispatch.java:24)
	at org.gradle.internal.remote.internal.hub.MessageHubBackedObjectConnection$DispatchWrapper.dispatch(MessageHubBackedObjectConnection.java:155)
	at org.gradle.internal.remote.internal.hub.MessageHubBackedObjectConnection$DispatchWrapper.dispatch(MessageHubBackedObjectConnection.java:137)
	at org.gradle.internal.remote.internal.hub.MessageHub$Handler.run(MessageHub.java:404)
	at org.gradle.internal.concurrent.ExecutorPolicy$CatchAndRecordFailures.onExecute(ExecutorPolicy.java:63)
	at org.gradle.internal.concurrent.ManagedExecutorImpl$1.run(ManagedExecutorImpl.java:46)
	at java.util.concurrent.ThreadPoolExecutor.runWorker(ThreadPoolExecutor.java:1149)
	at java.util.concurrent.ThreadPoolExecutor$Worker.run(ThreadPoolExecutor.java:624)
	at org.gradle.internal.concurrent.ThreadFactoryImpl$ManagedThreadRunnable.run(ThreadFactoryImpl.java:55)
	at java.lang.Thread.run(Thread.java:748)
Caused by: org.apache.tinkerpop.gremlin.driver.exception.ResponseException: Unsupported expression: ListComprehension(ExtractScope(Variable(key),None,Some(Add(Add(Variable(key),StringLiteral(-&gt;)),ContainerIndex(Variable(r),Variable(key))))),FunctionInvocation(Namespace(List()),FunctionName(keys),false,Vector(Variable(r))))
	at org.apache.tinkerpop.gremlin.driver.Handler$GremlinResponseHandler.channelRead0(Handler.java:246)
	at org.apache.tinkerpop.gremlin.driver.Handler$GremlinResponseHandler.channelRead0(Handler.java:197)
	at io.netty.channel.SimpleChannelInboundHandler.channelRead(SimpleChannelInboundHandler.java:105)
	at io.netty.channel.AbstractChannelHandlerContext.invokeChannelRead(AbstractChannelHandlerContext.java:356)
	at io.netty.channel.AbstractChannelHandlerContext.invokeChannelRead(AbstractChannelHandlerContext.java:342)
	at io.netty.channel.AbstractChannelHandlerContext.fireChannelRead(AbstractChannelHandlerContext.java:335)
	at org.apache.tinkerpop.gremlin.driver.Handler$GremlinSaslAuthenticationHandler.channelRead0(Handler.java:123)
	at org.apache.tinkerpop.gremlin.driver.Handler$GremlinSaslAuthenticationHandler.channelRead0(Handler.java:67)
	at io.netty.channel.SimpleChannelInboundHandler.channelRead(SimpleChannelInboundHandler.java:105)
	at io.netty.channel.AbstractChannelHandlerContext.invokeChannelRead(AbstractChannelHandlerContext.java:356)
	at io.netty.channel.AbstractChannelHandlerContext.invokeChannelRead(AbstractChannelHandlerContext.java:342)
	at io.netty.channel.AbstractChannelHandlerContext.fireChannelRead(AbstractChannelHandlerContext.java:335)
	at io.netty.handler.codec.MessageToMessageDecoder.channelRead(MessageToMessageDecoder.java:102)
	at io.netty.channel.AbstractChannelHandlerContext.invokeChannelRead(AbstractChannelHandlerContext.java:356)
	at io.netty.channel.AbstractChannelHandlerContext.invokeChannelRead(AbstractChannelHandlerContext.java:342)
	at io.netty.channel.AbstractChannelHandlerContext.fireChannelRead(AbstractChannelHandlerContext.java:335)
	at org.apache.tinkerpop.gremlin.driver.handler.WebSocketClientHandler.channelRead0(WebSocketClientHandler.java:94)
	at io.netty.channel.SimpleChannelInboundHandler.channelRead(SimpleChannelInboundHandler.java:105)
	at io.netty.channel.AbstractChannelHandlerContext.invokeChannelRead(AbstractChannelHandlerContext.java:356)
	at io.netty.channel.AbstractChannelHandlerContext.invokeChannelRead(AbstractChannelHandlerContext.java:342)
	at io.netty.channel.AbstractChannelHandlerContext.fireChannelRead(AbstractChannelHandlerContext.java:335)
	at io.netty.handler.codec.ByteToMessageDecoder.fireChannelRead(ByteToMessageDecoder.java:312)
	at io.netty.handler.codec.ByteToMessageDecoder.channelRead(ByteToMessageDecoder.java:286)
	at io.netty.channel.AbstractChannelHandlerContext.invokeChannelRead(AbstractChannelHandlerContext.java:356)
	at io.netty.channel.AbstractChannelHandlerContext.invokeChannelRead(AbstractChannelHandlerContext.java:342)
	at io.netty.channel.AbstractChannelHandlerContext.fireChannelRead(AbstractChannelHandlerContext.java:335)
	at io.netty.channel.DefaultChannelPipeline$HeadContext.channelRead(DefaultChannelPipeline.java:1304)
	at io.netty.channel.AbstractChannelHandlerContext.invokeChannelRead(AbstractChannelHandlerContext.java:356)
	at io.netty.channel.AbstractChannelHandlerContext.invokeChannelRead(AbstractChannelHandlerContext.java:342)
	at io.netty.channel.DefaultChannelPipeline.fireChannelRead(DefaultChannelPipeline.java:921)
	at io.netty.channel.nio.AbstractNioByteChannel$NioByteUnsafe.read(AbstractNioByteChannel.java:135)
	at io.netty.channel.nio.NioEventLoop.processSelectedKey(NioEventLoop.java:646)
	at io.netty.channel.nio.NioEventLoop.processSelectedKeysOptimized(NioEventLoop.java:581)
	at io.netty.channel.nio.NioEventLoop.processSelectedKeys(NioEventLoop.java:498)
	at io.netty.channel.nio.NioEventLoop.run(NioEventLoop.java:460)
	at io.netty.util.concurrent.SingleThreadEventExecutor$2.run(SingleThreadEventExecutor.java:131)
	... 1 more
</pre>
      </div>
    </div>
  </div>


                  <table class="step-arguments">
                          <tr>
                                  <td>keyValue</td>
                              </tr>
                          <tr>
                                  <td>['name-&gt;foo']</td>
                              </tr>
                      </table>
        
        

        

        
  
      </div>
      </div>
</div>


    

  </div>
</div>

                      
<div class="element">
  
  
<div class="tags indention">
  </div>

  
  <span class="lead-duration duration">0.008</span>


    <span data-toggle="collapse" class=" collapsed  collapsable-control" data-target="#element-14">
    
<div class="brief passed">
  <span class="keyword indention">Background</span>
  <span class="name"></span>
  

       <i class="chevron fa fa-fw"></i>
  </div>

  </span>
  <div class="description indention"></div>

  <div id="element-14" class="collapse collapsable-details ">
    


    
<div class="steps inner-level">
    <div data-toggle="collapse" class=" collapsed  collapsable-control" data-target="#steps-15">
    
<div class="brief passed">
  <span class="keyword indention">Steps</span>
  <span class="name"></span>
  

       <i class="chevron fa fa-fw"></i>
  </div>

  </div>

  <div id="steps-15" class="inner-level collapse collapsable-details ">
          <div class="step">
        
<div class="brief passed">
  <span class="keyword indention">Given</span>
  <span class="name">an empty graph</span>
  
  <span class="lead-duration duration">0.000</span>

  </div>

        


        
        

        
  <div class="outputs inner-level">
          <div class="output indention">
        <div data-toggle="collapse" class=" collapsed  collapsable-control" data-target="#output-16">
          Output 1
          <i class="chevron fa fa-fw"></i>
        </div>
        <div id="output-16" class="collapse collapsable-details " >
          
          <pre><p>23:03:42.173 [Test worker] DEBUG o.a.t.g.driver.Client - g.V().drop()}} to - Connection{host=Host{address=localhost/127.0.0.1:37875, hostUri=ws://localhost:37875/gremlin}}
</p></pre>
        </div>
      </div>
      </div>

        
  
      </div>
          <div class="step">
        
<div class="brief passed">
  <span class="keyword indention">And</span>
  <span class="name">having executed:</span>
  
  <span class="lead-duration duration">0.008</span>

  </div>

        


        
        
  <div class="inner-level">
    <div class="docstring indention">
            <div data-toggle="collapse" class="collapsable-control" data-target="#msg-17">
          <a>Doc string</a>
      </div>
      <div id="msg-17" class="collapse collapsable-details">
        <pre>CREATE (:A {name: 'A'}), (:B {name: 'B'})</pre>
      </div>
    </div>
  </div>

        
  <div class="outputs inner-level">
          <div class="output indention">
        <div data-toggle="collapse" class=" collapsed  collapsable-control" data-target="#output-18">
          Output 1
          <i class="chevron fa fa-fw"></i>
        </div>
        <div id="output-18" class="collapse collapsable-details " >
          
          <pre><p>23:03:42.176 [Test worker] DEBUG o.a.t.g.driver.Client - CREATE (:A {name: 'A'}), (:B {name: 'B'})}} to - Connection{host=Host{address=localhost/127.0.0.1:37875, hostUri=ws://localhost:37875/gremlin}}
23:03:42.177 [gremlin-server-worker-1] INFO  o.o.g.s.o.c.CypherOpProcessor - Cypher: CREATE (:A {name: 'A'}), (:B {name: 'B'})
23:03:42.180 [gremlin-server-worker-1] INFO  o.o.g.s.o.c.CypherOpProcessor - Gremlin: g.addV('A').property(single, 'name', 'A').addV('B').property(single, 'name', 'B').barrier().limit(0)
</p></pre>
        </div>
      </div>
      </div>

        
  
      </div>
      </div>
</div>


    

  </div>
</div>

                      
<div class="element">
  
  
<div class="tags indention">
  </div>

  
  <span class="lead-duration duration">0.034</span>


    <span data-toggle="collapse" class=" collapsable-control" data-target="#element-19">
    
<div class="brief failed">
  <span class="keyword indention">Scenario</span>
  <span class="name">Null-setting one property with ON CREATE</span>
  

       <i class="chevron fa fa-fw"></i>
  </div>

  </span>
  <div class="description indention"></div>

  <div id="element-19" class="collapse collapsable-details  in ">
    


    
<div class="steps inner-level">
    <div data-toggle="collapse" class=" collapsable-control" data-target="#steps-20">
    
<div class="brief failed">
  <span class="keyword indention">Steps</span>
  <span class="name"></span>
  

       <i class="chevron fa fa-fw"></i>
  </div>

  </div>

  <div id="steps-20" class="inner-level collapse collapsable-details  in ">
          <div class="step">
        
<div class="brief passed">
  <span class="keyword indention">When</span>
  <span class="name">executing query:</span>
  
  <span class="lead-duration duration">0.010</span>

  </div>

        


        
        
  <div class="inner-level">
    <div class="docstring indention">
            <div data-toggle="collapse" class="collapsable-control" data-target="#msg-21">
          <a>Doc string</a>
      </div>
      <div id="msg-21" class="collapse collapsable-details">
        <pre>MATCH (a {name: 'A'}), (b {name: 'B'})
MERGE (a)-[r:TYPE]-&gt;(b)
  ON CREATE SET r.name = null</pre>
      </div>
    </div>
  </div>

        
  <div class="outputs inner-level">
          <div class="output indention">
        <div data-toggle="collapse" class=" collapsed  collapsable-control" data-target="#output-22">
          Output 1
          <i class="chevron fa fa-fw"></i>
        </div>
        <div id="output-22" class="collapse collapsable-details " >
          
          <pre><p>23:03:42.208 [Test worker] DEBUG o.a.t.g.driver.Client - MATCH (a {name: 'A'}), (b {name: 'B'})
MERGE (a)-[r:TYPE]-&gt;(b)
  ON CREATE SET r.name = null}} to - Connection{host=Host{address=localhost/127.0.0.1:37875, hostUri=ws://localhost:37875/gremlin}}
23:03:42.208 [gremlin-server-worker-1] INFO  o.o.g.s.o.c.CypherOpProcessor - Cypher: MATCH (a {name: 'A'}), (b {name: 'B'}) MERGE (a)-[r:TYPE]-&gt;(b)   ON CREATE SET r.name = null
23:03:42.213 [gremlin-server-worker-1] INFO  o.o.g.s.o.c.CypherOpProcessor - Gremlin: g.V().as('a').has('name', eq('A')).V().as('b').has('name', eq('B')).choose(__.select('a').outE('TYPE').inV().as('  GENERATED5').where(__.select('  GENERATED5').where(eq('b'))), __.select('a').outE('TYPE').inV().as('  GENERATED5').where(__.select('  GENERATED5').where(eq('b'))), __.identity().addE('TYPE').from('a').to('b').choose(neq('  cypher.null'), __.sideEffect(__.properties('name').drop()), __.constant('  cypher.null'))).barrier().limit(0)
</p></pre>
        </div>
      </div>
      </div>

        
  
      </div>
          <div class="step">
        
<div class="brief passed">
  <span class="keyword indention">Then</span>
  <span class="name">the result should be empty</span>
  
  <span class="lead-duration duration">0.000</span>

  </div>

        


        
        

        

        
  
      </div>
          <div class="step">
        
<div class="brief passed">
  <span class="keyword indention">And</span>
  <span class="name">the side effects should be:</span>
  
  <span class="lead-duration duration">0.016</span>

  </div>

        


                  <table class="step-arguments">
                          <tr>
                                  <td>+relationships</td>
                                  <td>1</td>
                              </tr>
                      </table>
        
        

        
  <div class="outputs inner-level">
          <div class="output indention">
        <div data-toggle="collapse" class=" collapsed  collapsable-control" data-target="#output-23">
          Output 1
          <i class="chevron fa fa-fw"></i>
        </div>
        <div id="output-23" class="collapse collapsable-details " >
          
          <pre><p>23:03:42.219 [Test worker] DEBUG o.a.t.g.driver.Client - MATCH (n) RETURN id(n)}} to - Connection{host=Host{address=localhost/127.0.0.1:37875, hostUri=ws://localhost:37875/gremlin}}
23:03:42.219 [gremlin-server-worker-1] INFO  o.o.g.s.o.c.CypherOpProcessor - Cypher: MATCH (n) RETURN id(n)
23:03:42.221 [gremlin-server-worker-1] INFO  o.o.g.s.o.c.CypherOpProcessor - Gremlin: g.V().project('id(n)').by(__.choose(neq('  cypher.null'), __.id(), __.constant('  cypher.null')))
23:03:42.222 [Test worker] DEBUG o.a.t.g.driver.Client - MATCH ()-[r]-&gt;() RETURN id(r)}} to - Connection{host=Host{address=localhost/127.0.0.1:37875, hostUri=ws://localhost:37875/gremlin}}
23:03:42.222 [gremlin-server-worker-1] INFO  o.o.g.s.o.c.CypherOpProcessor - Cypher: MATCH ()-[r]-&gt;() RETURN id(r)
23:03:42.226 [gremlin-server-worker-1] INFO  o.o.g.s.o.c.CypherOpProcessor - Gremlin: g.E().project('id(r)').by(__.choose(neq('  cypher.null'), __.id(), __.constant('  cypher.null')))
23:03:42.226 [Test worker] DEBUG o.a.t.g.driver.Client - MATCH (n)
UNWIND labels(n) AS label
RETURN DISTINCT label}} to - Connection{host=Host{address=localhost/127.0.0.1:37875, hostUri=ws://localhost:37875/gremlin}}
23:03:42.226 [gremlin-server-worker-1] INFO  o.o.g.s.o.c.CypherOpProcessor - Cypher: MATCH (n) UNWIND labels(n) AS label RETURN DISTINCT label
23:03:42.229 [gremlin-server-worker-1] INFO  o.o.g.s.o.c.CypherOpProcessor - Gremlin: g.V().label().is(neq('vertex')).project('label').by(__.identity()).dedup()
23:03:42.229 [Test worker] DEBUG o.a.t.g.driver.Client - g.V().as('V').properties().project('nodeId', 'key', 'value').by(__.select('V').id()).by(__.key()).by(__.value())}} to - Connection{host=Host{address=localhost/127.0.0.1:37875, hostUri=ws://localhost:37875/gremlin}}
23:03:42.230 [Test worker] DEBUG o.a.t.g.driver.Client - g.V().outE().as('E').properties().project('relId', 'key', 'value').by(__.select('E').id()).by(__.key()).by(__.value())}} to - Connection{host=Host{address=localhost/127.0.0.1:37875, hostUri=ws://localhost:37875/gremlin}}
-labels:        0
+labels:        0
+nodes:         0
-nodes:         0
-properties:    0
+properties:    0
-relationships: 0
+relationships: 1
</p></pre>
        </div>
      </div>
      </div>

        
  
      </div>
          <div class="step">
        
<div class="brief passed">
  <span class="keyword indention">When</span>
  <span class="name">executing control query:</span>
  
  <span class="lead-duration duration">0.007</span>

  </div>

        


        
        
  <div class="inner-level">
    <div class="docstring indention">
            <div data-toggle="collapse" class="collapsable-control" data-target="#msg-24">
          <a>Doc string</a>
      </div>
      <div id="msg-24" class="collapse collapsable-details">
        <pre>MATCH ()-[r:TYPE]-&gt;()
RETURN [key IN keys(r) | key + '-&gt;' + r[key]] AS keyValue</pre>
      </div>
    </div>
  </div>

        
  <div class="outputs inner-level">
          <div class="output indention">
        <div data-toggle="collapse" class=" collapsed  collapsable-control" data-target="#output-25">
          Output 1
          <i class="chevron fa fa-fw"></i>
        </div>
        <div id="output-25" class="collapse collapsable-details " >
          
          <pre><p>23:03:42.235 [Test worker] DEBUG o.a.t.g.driver.Client - MATCH ()-[r:TYPE]-&gt;()
RETURN [key IN keys(r) | key + '-&gt;' + r[key]] AS keyValue}} to - Connection{host=Host{address=localhost/127.0.0.1:37875, hostUri=ws://localhost:37875/gremlin}}
23:03:42.235 [gremlin-server-worker-1] INFO  o.o.g.s.o.c.CypherOpProcessor - Cypher: MATCH ()-[r:TYPE]-&gt;() RETURN [key IN keys(r) | key + '-&gt;' + r[key]] AS keyValue
23:03:42.241 [gremlin-server-worker-1] WARN  o.a.t.g.s.h.OpExecutorHandler - Unsupported expression: ListComprehension(ExtractScope(Variable(key),None,Some(Add(Add(Variable(key),StringLiteral(-&gt;)),ContainerIndex(Variable(r),Variable(key))))),FunctionInvocation(Namespace(List()),FunctionName(keys),false,Vector(Variable(r))))
java.lang.UnsupportedOperationException: Unsupported expression: ListComprehension(ExtractScope(Variable(key),None,Some(Add(Add(Variable(key),StringLiteral(-&gt;)),ContainerIndex(Variable(r),Variable(key))))),FunctionInvocation(Namespace(List()),FunctionName(keys),false,Vector(Variable(r))))
	at org.opencypher.gremlin.translation.context.WalkerContext.unsupported(WalkerContext.scala:72)
	at org.opencypher.gremlin.translation.walker.ProjectionWalker.org$opencypher$gremlin$translation$walker$ProjectionWalker$$aggregation(ProjectionWalker.scala:377)
	at org.opencypher.gremlin.translation.walker.ProjectionWalker$$anonfun$org$opencypher$gremlin$translation$walker$ProjectionWalker$$pivot$1.applyOrElse(ProjectionWalker.scala:262)
	at org.opencypher.gremlin.translation.walker.ProjectionWalker$$anonfun$org$opencypher$gremlin$translation$walker$ProjectionWalker$$pivot$1.applyOrElse(ProjectionWalker.scala:258)
	at scala.runtime.AbstractPartialFunction.apply(AbstractPartialFunction.scala:36)
	at scala.util.Failure$$anonfun$recover$1.apply(Try.scala:216)
	at scala.util.Try$.apply(Try.scala:192)
	at scala.util.Failure.recover(Try.scala:216)
	at org.opencypher.gremlin.translation.walker.ProjectionWalker.org$opencypher$gremlin$translation$walker$ProjectionWalker$$pivot(ProjectionWalker.scala:258)
	at org.opencypher.gremlin.translation.walker.ProjectionWalker$$anonfun$returnSubTraversals$1.apply(ProjectionWalker.scala:107)
	at org.opencypher.gremlin.translation.walker.ProjectionWalker$$anonfun$returnSubTraversals$1.apply(ProjectionWalker.scala:104)
	at scala.collection.immutable.List.foreach(List.scala:392)
	at org.opencypher.gremlin.translation.walker.ProjectionWalker.returnSubTraversals(ProjectionWalker.scala:104)
	at org.opencypher.gremlin.translation.walker.ProjectionWalker.walk(ProjectionWalker.scala:75)
	at org.opencypher.gremlin.translation.walker.ProjectionWalker$.walk(ProjectionWalker.scala:42)
	at org.opencypher.gremlin.translation.walker.StatementWalker.org$opencypher$gremlin$translation$walker$StatementWalker$$walkClause(StatementWalker.scala:104)
	at org.opencypher.gremlin.translation.walker.StatementWalker$$anonfun$walkSingle$1.apply(StatementWalker.scala:81)
	at org.opencypher.gremlin.translation.walker.StatementWalker$$anonfun$walkSingle$1.apply(StatementWalker.scala:81)
	at scala.collection.immutable.List.foreach(List.scala:392)
	at org.opencypher.gremlin.translation.walker.StatementWalker.walkSingle(StatementWalker.scala:81)
	at org.opencypher.gremlin.translation.walker.StatementWalker.walk(StatementWalker.scala:42)
	at org.opencypher.gremlin.translation.walker.StatementWalker$.walk(StatementWalker.scala:29)
	at org.opencypher.gremlin.translation.CypherAst.translate(CypherAst.scala:80)
	at org.opencypher.gremlin.server.op.cypher.CypherOpProcessor.evalCypher(CypherOpProcessor.java:104)
	at org.apache.tinkerpop.gremlin.server.handler.OpExecutorHandler.channelRead0(OpExecutorHandler.java:68)
	at org.apache.tinkerpop.gremlin.server.handler.OpExecutorHandler.channelRead0(OpExecutorHandler.java:43)
	at io.netty.channel.SimpleChannelInboundHandler.channelRead(SimpleChannelInboundHandler.java:105)
	at io.netty.channel.AbstractChannelHandlerContext.invokeChannelRead(AbstractChannelHandlerContext.java:356)
	at io.netty.channel.AbstractChannelHandlerContext.invokeChannelRead(AbstractChannelHandlerContext.java:342)
	at io.netty.channel.AbstractChannelHandlerContext.fireChannelRead(AbstractChannelHandlerContext.java:335)
	at io.netty.handler.codec.MessageToMessageDecoder.channelRead(MessageToMessageDecoder.java:102)
	at io.netty.channel.AbstractChannelHandlerContext.invokeChannelRead(AbstractChannelHandlerContext.java:356)
	at io.netty.channel.AbstractChannelHandlerContext.invokeChannelRead(AbstractChannelHandlerContext.java:342)
	at io.netty.channel.AbstractChannelHandlerContext.fireChannelRead(AbstractChannelHandlerContext.java:335)
	at io.netty.handler.codec.MessageToMessageDecoder.channelRead(MessageToMessageDecoder.java:102)
	at io.netty.channel.AbstractChannelHandlerContext.invokeChannelRead(AbstractChannelHandlerContext.java:356)
	at io.netty.channel.AbstractChannelHandlerContext.invokeChannelRead(AbstractChannelHandlerContext.java:342)
	at io.netty.channel.AbstractChannelHandlerContext.fireChannelRead(AbstractChannelHandlerContext.java:335)
	at io.netty.handler.codec.MessageToMessageDecoder.channelRead(MessageToMessageDecoder.java:102)
	at io.netty.channel.AbstractChannelHandlerContext.invokeChannelRead(AbstractChannelHandlerContext.java:356)
	at io.netty.channel.AbstractChannelHandlerContext.invokeChannelRead(AbstractChannelHandlerContext.java:342)
	at io.netty.channel.AbstractChannelHandlerContext.fireChannelRead(AbstractChannelHandlerContext.java:335)
	at io.netty.handler.codec.MessageToMessageDecoder.channelRead(MessageToMessageDecoder.java:102)
	at io.netty.channel.AbstractChannelHandlerContext.invokeChannelRead(AbstractChannelHandlerContext.java:356)
	at io.netty.channel.AbstractChannelHandlerContext.invokeChannelRead(AbstractChannelHandlerContext.java:342)
	at io.netty.channel.AbstractChannelHandlerContext.fireChannelRead(AbstractChannelHandlerContext.java:335)
	at io.netty.handler.codec.MessageToMessageDecoder.channelRead(MessageToMessageDecoder.java:102)
	at io.netty.channel.AbstractChannelHandlerContext.invokeChannelRead(AbstractChannelHandlerContext.java:356)
	at io.netty.channel.AbstractChannelHandlerContext.invokeChannelRead(AbstractChannelHandlerContext.java:342)
	at io.netty.channel.AbstractChannelHandlerContext.fireChannelRead(AbstractChannelHandlerContext.java:335)
	at io.netty.handler.codec.http.websocketx.WebSocketServerProtocolHandler$1.channelRead(WebSocketServerProtocolHandler.java:159)
	at io.netty.channel.AbstractChannelHandlerContext.invokeChannelRead(AbstractChannelHandlerContext.java:356)
	at io.netty.channel.AbstractChannelHandlerContext.invokeChannelRead(AbstractChannelHandlerContext.java:342)
	at io.netty.channel.AbstractChannelHandlerContext.fireChannelRead(AbstractChannelHandlerContext.java:335)
	at io.netty.handler.codec.ByteToMessageDecoder.fireChannelRead(ByteToMessageDecoder.java:312)
	at io.netty.handler.codec.ByteToMessageDecoder.channelRead(ByteToMessageDecoder.java:286)
	at io.netty.channel.AbstractChannelHandlerContext.invokeChannelRead(AbstractChannelHandlerContext.java:356)
	at io.netty.channel.AbstractChannelHandlerContext.invokeChannelRead(AbstractChannelHandlerContext.java:342)
	at io.netty.channel.AbstractChannelHandlerContext.fireChannelRead(AbstractChannelHandlerContext.java:335)
	at io.netty.handler.timeout.IdleStateHandler.channelRead(IdleStateHandler.java:286)
	at io.netty.channel.AbstractChannelHandlerContext.invokeChannelRead(AbstractChannelHandlerContext.java:356)
	at io.netty.channel.AbstractChannelHandlerContext.invokeChannelRead(AbstractChannelHandlerContext.java:342)
	at io.netty.channel.AbstractChannelHandlerContext.fireChannelRead(AbstractChannelHandlerContext.java:335)
	at io.netty.channel.DefaultChannelPipeline$HeadContext.channelRead(DefaultChannelPipeline.java:1304)
	at io.netty.channel.AbstractChannelHandlerContext.invokeChannelRead(AbstractChannelHandlerContext.java:356)
	at io.netty.channel.AbstractChannelHandlerContext.invokeChannelRead(AbstractChannelHandlerContext.java:342)
	at io.netty.channel.DefaultChannelPipeline.fireChannelRead(DefaultChannelPipeline.java:921)
	at io.netty.channel.nio.AbstractNioByteChannel$NioByteUnsafe.read(AbstractNioByteChannel.java:135)
	at io.netty.channel.nio.NioEventLoop.processSelectedKey(NioEventLoop.java:646)
	at io.netty.channel.nio.NioEventLoop.processSelectedKeysOptimized(NioEventLoop.java:581)
	at io.netty.channel.nio.NioEventLoop.processSelectedKeys(NioEventLoop.java:498)
	at io.netty.channel.nio.NioEventLoop.run(NioEventLoop.java:460)
	at io.netty.util.concurrent.SingleThreadEventExecutor$2.run(SingleThreadEventExecutor.java:131)
	at java.lang.Thread.run(Thread.java:748)
</p></pre>
        </div>
      </div>
      </div>

        
  
      </div>
          <div class="step">
        
<div class="brief failed">
  <span class="keyword indention">Then</span>
  <span class="name">the result should be:</span>
  
  <span class="lead-duration duration">0.000</span>

  </div>

        

  <div class="inner-level">
    <div class="message indention">
      <div data-toggle="collapse" class=" collapsable-control" data-target="#msg-26">
          <a>org.opencypher.tools.tck.api.Scenario$ScenarioFailedException: Feature &quot;MergeIntoAcceptance&quot;: Scenario &quot;Null-setting one property with ON CREATE&quot; failed with message: Expected: | keyValue |</a>
      </div>
      <div id="msg-26" class="collapse collapsable-details  in ">
        <pre>org.opencypher.tools.tck.api.Scenario$ScenarioFailedException: Feature &quot;MergeIntoAcceptance&quot;: Scenario &quot;Null-setting one property with ON CREATE&quot; failed with message: Expected: | keyValue |
| [] |, got error ExecutionFailed(UnknownError,runtime,Unsupported expression: ListComprehension(ExtractScope(Variable(key),None,Some(Add(Add(Variable(key),StringLiteral(-&gt;)),ContainerIndex(Variable(r),Variable(key))))),FunctionInvocation(Namespace(List()),FunctionName(keys),false,Vector(Variable(r)))),Some(org.apache.tinkerpop.gremlin.driver.exception.ResponseException: Unsupported expression: ListComprehension(ExtractScope(Variable(key),None,Some(Add(Add(Variable(key),StringLiteral(-&gt;)),ContainerIndex(Variable(r),Variable(key))))),FunctionInvocation(Namespace(List()),FunctionName(keys),false,Vector(Variable(r))))))
	at org.opencypher.tools.tck.api.Scenario$$anonfun$executeOnGraph$1.apply(Scenario.scala:95)
	at org.opencypher.tools.tck.api.Scenario$$anonfun$executeOnGraph$1.apply(Scenario.scala:60)
	at scala.collection.LinearSeqOptimized$class.foldLeft(LinearSeqOptimized.scala:124)
	at scala.collection.immutable.List.foldLeft(List.scala:84)
	at org.opencypher.tools.tck.api.Scenario.executeOnGraph(Scenario.scala:60)
	at org.opencypher.tools.tck.api.Scenario$$anon$1.execute(Scenario.scala:54)
	at org.junit.jupiter.engine.descriptor.JupiterTestDescriptor.executeAndMaskThrowable(JupiterTestDescriptor.java:145)
	at org.junit.jupiter.engine.descriptor.DynamicTestTestDescriptor.execute(DynamicTestTestDescriptor.java:46)
	at org.junit.jupiter.engine.descriptor.DynamicTestTestDescriptor.execute(DynamicTestTestDescriptor.java:24)
	at org.junit.platform.engine.support.hierarchical.HierarchicalTestExecutor.lambda$execute$3(HierarchicalTestExecutor.java:83)
	at org.junit.platform.engine.support.hierarchical.SingleTestExecutor.executeSafely(SingleTestExecutor.java:66)
	at org.junit.platform.engine.support.hierarchical.HierarchicalTestExecutor.execute(HierarchicalTestExecutor.java:77)
	at org.junit.platform.engine.support.hierarchical.HierarchicalTestExecutor.lambda$null$0(HierarchicalTestExecutor.java:85)
	at org.junit.jupiter.engine.descriptor.TestFactoryTestDescriptor.lambda$invokeTestMethod$1(TestFactoryTestDescriptor.java:80)
	at org.junit.jupiter.engine.execution.ThrowableCollector.execute(ThrowableCollector.java:40)
	at org.junit.jupiter.engine.descriptor.TestFactoryTestDescriptor.invokeTestMethod(TestFactoryTestDescriptor.java:68)
	at org.junit.jupiter.engine.descriptor.TestMethodTestDescriptor.execute(TestMethodTestDescriptor.java:110)
	at org.junit.jupiter.engine.descriptor.TestMethodTestDescriptor.execute(TestMethodTestDescriptor.java:57)
	at org.junit.platform.engine.support.hierarchical.HierarchicalTestExecutor.lambda$execute$3(HierarchicalTestExecutor.java:83)
	at org.junit.platform.engine.support.hierarchical.SingleTestExecutor.executeSafely(SingleTestExecutor.java:66)
	at org.junit.platform.engine.support.hierarchical.HierarchicalTestExecutor.execute(HierarchicalTestExecutor.java:77)
	at org.junit.platform.engine.support.hierarchical.HierarchicalTestExecutor.lambda$null$2(HierarchicalTestExecutor.java:92)
	at java.util.stream.ForEachOps$ForEachOp$OfRef.accept(ForEachOps.java:184)
	at java.util.stream.ReferencePipeline$2$1.accept(ReferencePipeline.java:175)
	at java.util.Iterator.forEachRemaining(Iterator.java:116)
	at java.util.Spliterators$IteratorSpliterator.forEachRemaining(Spliterators.java:1801)
	at java.util.stream.AbstractPipeline.copyInto(AbstractPipeline.java:481)
	at java.util.stream.AbstractPipeline.wrapAndCopyInto(AbstractPipeline.java:471)
	at java.util.stream.ForEachOps$ForEachOp.evaluateSequential(ForEachOps.java:151)
	at java.util.stream.ForEachOps$ForEachOp$OfRef.evaluateSequential(ForEachOps.java:174)
	at java.util.stream.AbstractPipeline.evaluate(AbstractPipeline.java:234)
	at java.util.stream.ReferencePipeline.forEach(ReferencePipeline.java:418)
	at org.junit.platform.engine.support.hierarchical.HierarchicalTestExecutor.lambda$execute$3(HierarchicalTestExecutor.java:92)
	at org.junit.platform.engine.support.hierarchical.SingleTestExecutor.executeSafely(SingleTestExecutor.java:66)
	at org.junit.platform.engine.support.hierarchical.HierarchicalTestExecutor.execute(HierarchicalTestExecutor.java:77)
	at org.junit.platform.engine.support.hierarchical.HierarchicalTestExecutor.lambda$null$2(HierarchicalTestExecutor.java:92)
	at java.util.stream.ForEachOps$ForEachOp$OfRef.accept(ForEachOps.java:184)
	at java.util.stream.ReferencePipeline$2$1.accept(ReferencePipeline.java:175)
	at java.util.Iterator.forEachRemaining(Iterator.java:116)
	at java.util.Spliterators$IteratorSpliterator.forEachRemaining(Spliterators.java:1801)
	at java.util.stream.AbstractPipeline.copyInto(AbstractPipeline.java:481)
	at java.util.stream.AbstractPipeline.wrapAndCopyInto(AbstractPipeline.java:471)
	at java.util.stream.ForEachOps$ForEachOp.evaluateSequential(ForEachOps.java:151)
	at java.util.stream.ForEachOps$ForEachOp$OfRef.evaluateSequential(ForEachOps.java:174)
	at java.util.stream.AbstractPipeline.evaluate(AbstractPipeline.java:234)
	at java.util.stream.ReferencePipeline.forEach(ReferencePipeline.java:418)
	at org.junit.platform.engine.support.hierarchical.HierarchicalTestExecutor.lambda$execute$3(HierarchicalTestExecutor.java:92)
	at org.junit.platform.engine.support.hierarchical.SingleTestExecutor.executeSafely(SingleTestExecutor.java:66)
	at org.junit.platform.engine.support.hierarchical.HierarchicalTestExecutor.execute(HierarchicalTestExecutor.java:77)
	at org.junit.platform.engine.support.hierarchical.HierarchicalTestExecutor.execute(HierarchicalTestExecutor.java:51)
	at org.junit.platform.engine.support.hierarchical.HierarchicalTestEngine.execute(HierarchicalTestEngine.java:43)
	at org.junit.platform.launcher.core.DefaultLauncher.execute(DefaultLauncher.java:170)
	at org.junit.platform.launcher.core.DefaultLauncher.execute(DefaultLauncher.java:154)
	at org.junit.platform.launcher.core.DefaultLauncher.execute(DefaultLauncher.java:90)
	at org.gradle.api.internal.tasks.testing.junitplatform.JUnitPlatformTestClassProcessor$CollectAllTestClassesExecutor.processAllTestClasses(JUnitPlatformTestClassProcessor.java:92)
	at org.gradle.api.internal.tasks.testing.junitplatform.JUnitPlatformTestClassProcessor$CollectAllTestClassesExecutor.access$100(JUnitPlatformTestClassProcessor.java:77)
	at org.gradle.api.internal.tasks.testing.junitplatform.JUnitPlatformTestClassProcessor.stop(JUnitPlatformTestClassProcessor.java:73)
	at org.gradle.api.internal.tasks.testing.SuiteTestClassProcessor.stop(SuiteTestClassProcessor.java:61)
	at sun.reflect.NativeMethodAccessorImpl.invoke0(Native Method)
	at sun.reflect.NativeMethodAccessorImpl.invoke(NativeMethodAccessorImpl.java:62)
	at sun.reflect.DelegatingMethodAccessorImpl.invoke(DelegatingMethodAccessorImpl.java:43)
	at java.lang.reflect.Method.invoke(Method.java:498)
	at org.gradle.internal.dispatch.ReflectionDispatch.dispatch(ReflectionDispatch.java:35)
	at org.gradle.internal.dispatch.ReflectionDispatch.dispatch(ReflectionDispatch.java:24)
	at org.gradle.internal.dispatch.ContextClassLoaderDispatch.dispatch(ContextClassLoaderDispatch.java:32)
	at org.gradle.internal.dispatch.ProxyDispatchAdapter$DispatchingInvocationHandler.invoke(ProxyDispatchAdapter.java:93)
	at com.sun.proxy.$Proxy1.stop(Unknown Source)
	at org.gradle.api.internal.tasks.testing.worker.TestWorker.stop(TestWorker.java:123)
	at sun.reflect.NativeMethodAccessorImpl.invoke0(Native Method)
	at sun.reflect.NativeMethodAccessorImpl.invoke(NativeMethodAccessorImpl.java:62)
	at sun.reflect.DelegatingMethodAccessorImpl.invoke(DelegatingMethodAccessorImpl.java:43)
	at java.lang.reflect.Method.invoke(Method.java:498)
	at org.gradle.internal.dispatch.ReflectionDispatch.dispatch(ReflectionDispatch.java:35)
	at org.gradle.internal.dispatch.ReflectionDispatch.dispatch(ReflectionDispatch.java:24)
	at org.gradle.internal.remote.internal.hub.MessageHubBackedObjectConnection$DispatchWrapper.dispatch(MessageHubBackedObjectConnection.java:155)
	at org.gradle.internal.remote.internal.hub.MessageHubBackedObjectConnection$DispatchWrapper.dispatch(MessageHubBackedObjectConnection.java:137)
	at org.gradle.internal.remote.internal.hub.MessageHub$Handler.run(MessageHub.java:404)
	at org.gradle.internal.concurrent.ExecutorPolicy$CatchAndRecordFailures.onExecute(ExecutorPolicy.java:63)
	at org.gradle.internal.concurrent.ManagedExecutorImpl$1.run(ManagedExecutorImpl.java:46)
	at java.util.concurrent.ThreadPoolExecutor.runWorker(ThreadPoolExecutor.java:1149)
	at java.util.concurrent.ThreadPoolExecutor$Worker.run(ThreadPoolExecutor.java:624)
	at org.gradle.internal.concurrent.ThreadFactoryImpl$ManagedThreadRunnable.run(ThreadFactoryImpl.java:55)
	at java.lang.Thread.run(Thread.java:748)
Caused by: org.apache.tinkerpop.gremlin.driver.exception.ResponseException: Unsupported expression: ListComprehension(ExtractScope(Variable(key),None,Some(Add(Add(Variable(key),StringLiteral(-&gt;)),ContainerIndex(Variable(r),Variable(key))))),FunctionInvocation(Namespace(List()),FunctionName(keys),false,Vector(Variable(r))))
	at org.apache.tinkerpop.gremlin.driver.Handler$GremlinResponseHandler.channelRead0(Handler.java:246)
	at org.apache.tinkerpop.gremlin.driver.Handler$GremlinResponseHandler.channelRead0(Handler.java:197)
	at io.netty.channel.SimpleChannelInboundHandler.channelRead(SimpleChannelInboundHandler.java:105)
	at io.netty.channel.AbstractChannelHandlerContext.invokeChannelRead(AbstractChannelHandlerContext.java:356)
	at io.netty.channel.AbstractChannelHandlerContext.invokeChannelRead(AbstractChannelHandlerContext.java:342)
	at io.netty.channel.AbstractChannelHandlerContext.fireChannelRead(AbstractChannelHandlerContext.java:335)
	at org.apache.tinkerpop.gremlin.driver.Handler$GremlinSaslAuthenticationHandler.channelRead0(Handler.java:123)
	at org.apache.tinkerpop.gremlin.driver.Handler$GremlinSaslAuthenticationHandler.channelRead0(Handler.java:67)
	at io.netty.channel.SimpleChannelInboundHandler.channelRead(SimpleChannelInboundHandler.java:105)
	at io.netty.channel.AbstractChannelHandlerContext.invokeChannelRead(AbstractChannelHandlerContext.java:356)
	at io.netty.channel.AbstractChannelHandlerContext.invokeChannelRead(AbstractChannelHandlerContext.java:342)
	at io.netty.channel.AbstractChannelHandlerContext.fireChannelRead(AbstractChannelHandlerContext.java:335)
	at io.netty.handler.codec.MessageToMessageDecoder.channelRead(MessageToMessageDecoder.java:102)
	at io.netty.channel.AbstractChannelHandlerContext.invokeChannelRead(AbstractChannelHandlerContext.java:356)
	at io.netty.channel.AbstractChannelHandlerContext.invokeChannelRead(AbstractChannelHandlerContext.java:342)
	at io.netty.channel.AbstractChannelHandlerContext.fireChannelRead(AbstractChannelHandlerContext.java:335)
	at org.apache.tinkerpop.gremlin.driver.handler.WebSocketClientHandler.channelRead0(WebSocketClientHandler.java:94)
	at io.netty.channel.SimpleChannelInboundHandler.channelRead(SimpleChannelInboundHandler.java:105)
	at io.netty.channel.AbstractChannelHandlerContext.invokeChannelRead(AbstractChannelHandlerContext.java:356)
	at io.netty.channel.AbstractChannelHandlerContext.invokeChannelRead(AbstractChannelHandlerContext.java:342)
	at io.netty.channel.AbstractChannelHandlerContext.fireChannelRead(AbstractChannelHandlerContext.java:335)
	at io.netty.handler.codec.ByteToMessageDecoder.fireChannelRead(ByteToMessageDecoder.java:312)
	at io.netty.handler.codec.ByteToMessageDecoder.channelRead(ByteToMessageDecoder.java:286)
	at io.netty.channel.AbstractChannelHandlerContext.invokeChannelRead(AbstractChannelHandlerContext.java:356)
	at io.netty.channel.AbstractChannelHandlerContext.invokeChannelRead(AbstractChannelHandlerContext.java:342)
	at io.netty.channel.AbstractChannelHandlerContext.fireChannelRead(AbstractChannelHandlerContext.java:335)
	at io.netty.channel.DefaultChannelPipeline$HeadContext.channelRead(DefaultChannelPipeline.java:1304)
	at io.netty.channel.AbstractChannelHandlerContext.invokeChannelRead(AbstractChannelHandlerContext.java:356)
	at io.netty.channel.AbstractChannelHandlerContext.invokeChannelRead(AbstractChannelHandlerContext.java:342)
	at io.netty.channel.DefaultChannelPipeline.fireChannelRead(DefaultChannelPipeline.java:921)
	at io.netty.channel.nio.AbstractNioByteChannel$NioByteUnsafe.read(AbstractNioByteChannel.java:135)
	at io.netty.channel.nio.NioEventLoop.processSelectedKey(NioEventLoop.java:646)
	at io.netty.channel.nio.NioEventLoop.processSelectedKeysOptimized(NioEventLoop.java:581)
	at io.netty.channel.nio.NioEventLoop.processSelectedKeys(NioEventLoop.java:498)
	at io.netty.channel.nio.NioEventLoop.run(NioEventLoop.java:460)
	at io.netty.util.concurrent.SingleThreadEventExecutor$2.run(SingleThreadEventExecutor.java:131)
	... 1 more
</pre>
      </div>
    </div>
  </div>


                  <table class="step-arguments">
                          <tr>
                                  <td>keyValue</td>
                              </tr>
                          <tr>
                                  <td>[]</td>
                              </tr>
                      </table>
        
        

        

        
  
      </div>
      </div>
</div>


    

  </div>
</div>

                      
<div class="element">
  
  
<div class="tags indention">
  </div>

  
  <span class="lead-duration duration">0.018</span>


    <span data-toggle="collapse" class=" collapsed  collapsable-control" data-target="#element-27">
    
<div class="brief passed">
  <span class="keyword indention">Background</span>
  <span class="name"></span>
  

       <i class="chevron fa fa-fw"></i>
  </div>

  </span>
  <div class="description indention"></div>

  <div id="element-27" class="collapse collapsable-details ">
    


    
<div class="steps inner-level">
    <div data-toggle="collapse" class=" collapsed  collapsable-control" data-target="#steps-28">
    
<div class="brief passed">
  <span class="keyword indention">Steps</span>
  <span class="name"></span>
  

       <i class="chevron fa fa-fw"></i>
  </div>

  </div>

  <div id="steps-28" class="inner-level collapse collapsable-details ">
          <div class="step">
        
<div class="brief passed">
  <span class="keyword indention">Given</span>
  <span class="name">an empty graph</span>
  
  <span class="lead-duration duration">0.013</span>

  </div>

        


        
        

        
  <div class="outputs inner-level">
          <div class="output indention">
        <div data-toggle="collapse" class=" collapsed  collapsable-control" data-target="#output-29">
          Output 1
          <i class="chevron fa fa-fw"></i>
        </div>
        <div id="output-29" class="collapse collapsable-details " >
          
          <pre><p>23:03:42.243 [Test worker] DEBUG o.a.t.g.driver.Client - g.V().drop()}} to - Connection{host=Host{address=localhost/127.0.0.1:37875, hostUri=ws://localhost:37875/gremlin}}
</p></pre>
        </div>
      </div>
      </div>

        
  
      </div>
          <div class="step">
        
<div class="brief passed">
  <span class="keyword indention">And</span>
  <span class="name">having executed:</span>
  
  <span class="lead-duration duration">0.005</span>

  </div>

        


        
        
  <div class="inner-level">
    <div class="docstring indention">
            <div data-toggle="collapse" class="collapsable-control" data-target="#msg-30">
          <a>Doc string</a>
      </div>
      <div id="msg-30" class="collapse collapsable-details">
        <pre>CREATE (:A {name: 'A'}), (:B {name: 'B'})</pre>
      </div>
    </div>
  </div>

        
  <div class="outputs inner-level">
          <div class="output indention">
        <div data-toggle="collapse" class=" collapsed  collapsable-control" data-target="#output-31">
          Output 1
          <i class="chevron fa fa-fw"></i>
        </div>
        <div id="output-31" class="collapse collapsable-details " >
          
          <pre><p>23:03:42.258 [Test worker] DEBUG o.a.t.g.driver.Client - CREATE (:A {name: 'A'}), (:B {name: 'B'})}} to - Connection{host=Host{address=localhost/127.0.0.1:37875, hostUri=ws://localhost:37875/gremlin}}
23:03:42.258 [gremlin-server-worker-1] INFO  o.o.g.s.o.c.CypherOpProcessor - Cypher: CREATE (:A {name: 'A'}), (:B {name: 'B'})
23:03:42.261 [gremlin-server-worker-1] INFO  o.o.g.s.o.c.CypherOpProcessor - Gremlin: g.addV('A').property(single, 'name', 'A').addV('B').property(single, 'name', 'B').barrier().limit(0)
</p></pre>
        </div>
      </div>
      </div>

        
  
      </div>
      </div>
</div>


    

  </div>
</div>

                      
<div class="element">
  
  
<div class="tags indention">
  </div>

  
  <span class="lead-duration duration">0.005</span>


    <span data-toggle="collapse" class=" collapsable-control" data-target="#element-32">
    
<div class="brief failed">
  <span class="keyword indention">Scenario</span>
  <span class="name">Copying properties from node with ON CREATE</span>
  

       <i class="chevron fa fa-fw"></i>
  </div>

  </span>
  <div class="description indention"></div>

  <div id="element-32" class="collapse collapsable-details  in ">
    


    
<div class="steps inner-level">
    <div data-toggle="collapse" class=" collapsable-control" data-target="#steps-33">
    
<div class="brief failed">
  <span class="keyword indention">Steps</span>
  <span class="name"></span>
  

       <i class="chevron fa fa-fw"></i>
  </div>

  </div>

  <div id="steps-33" class="inner-level collapse collapsable-details  in ">
          <div class="step">
        
<div class="brief passed">
  <span class="keyword indention">When</span>
  <span class="name">executing query:</span>
  
  <span class="lead-duration duration">0.005</span>

  </div>

        


        
        
  <div class="inner-level">
    <div class="docstring indention">
            <div data-toggle="collapse" class="collapsable-control" data-target="#msg-34">
          <a>Doc string</a>
      </div>
      <div id="msg-34" class="collapse collapsable-details">
        <pre>MATCH (a {name: 'A'}), (b {name: 'B'})
MERGE (a)-[r:TYPE]-&gt;(b)
  ON CREATE SET r = a</pre>
      </div>
    </div>
  </div>

        
  <div class="outputs inner-level">
          <div class="output indention">
        <div data-toggle="collapse" class=" collapsed  collapsable-control" data-target="#output-35">
          Output 1
          <i class="chevron fa fa-fw"></i>
        </div>
        <div id="output-35" class="collapse collapsable-details " >
          
          <pre><p>23:03:42.284 [Test worker] DEBUG o.a.t.g.driver.Client - MATCH (a {name: 'A'}), (b {name: 'B'})
MERGE (a)-[r:TYPE]-&gt;(b)
  ON CREATE SET r = a}} to - Connection{host=Host{address=localhost/127.0.0.1:37875, hostUri=ws://localhost:37875/gremlin}}
23:03:42.284 [gremlin-server-worker-1] INFO  o.o.g.s.o.c.CypherOpProcessor - Cypher: MATCH (a {name: 'A'}), (b {name: 'B'}) MERGE (a)-[r:TYPE]-&gt;(b)   ON CREATE SET r = a
23:03:42.288 [gremlin-server-worker-1] WARN  o.a.t.g.s.h.OpExecutorHandler - Unsupported set clause: SetExactPropertiesFromMapItem(Variable(r),Variable(a))
java.lang.UnsupportedOperationException: Unsupported set clause: SetExactPropertiesFromMapItem(Variable(r),Variable(a))
	at org.opencypher.gremlin.translation.context.WalkerContext.unsupported(WalkerContext.scala:72)
	at org.opencypher.gremlin.translation.walker.SetWalker$$anonfun$walkSetClause$1.apply(SetWalker.scala:66)
	at org.opencypher.gremlin.translation.walker.SetWalker$$anonfun$walkSetClause$1.apply(SetWalker.scala:53)
	at scala.collection.immutable.List.foreach(List.scala:392)
	at org.opencypher.gremlin.translation.walker.SetWalker.walkSetClause(SetWalker.scala:53)
	at org.opencypher.gremlin.translation.walker.SetWalker.walkClause(SetWalker.scala:42)
	at org.opencypher.gremlin.translation.walker.SetWalker$.walkClause(SetWalker.scala:33)
	at org.opencypher.gremlin.translation.walker.MergeWalker$$anonfun$walkMerge$1.apply(MergeWalker.scala:54)
	at org.opencypher.gremlin.translation.walker.MergeWalker$$anonfun$walkMerge$1.apply(MergeWalker.scala:52)
	at scala.collection.immutable.List.foreach(List.scala:392)
	at org.opencypher.gremlin.translation.walker.MergeWalker.walkMerge(MergeWalker.scala:52)
	at org.opencypher.gremlin.translation.walker.MergeWalker.walkClause(MergeWalker.scala:39)
	at org.opencypher.gremlin.translation.walker.MergeWalker$.walkClause(MergeWalker.scala:31)
	at org.opencypher.gremlin.translation.walker.StatementWalker.org$opencypher$gremlin$translation$walker$StatementWalker$$walkClause(StatementWalker.scala:98)
	at org.opencypher.gremlin.translation.walker.StatementWalker$$anonfun$walkSingle$1.apply(StatementWalker.scala:81)
	at org.opencypher.gremlin.translation.walker.StatementWalker$$anonfun$walkSingle$1.apply(StatementWalker.scala:81)
	at scala.collection.immutable.List.foreach(List.scala:392)
	at org.opencypher.gremlin.translation.walker.StatementWalker.walkSingle(StatementWalker.scala:81)
	at org.opencypher.gremlin.translation.walker.StatementWalker.walk(StatementWalker.scala:42)
	at org.opencypher.gremlin.translation.walker.StatementWalker$.walk(StatementWalker.scala:29)
	at org.opencypher.gremlin.translation.CypherAst.translate(CypherAst.scala:80)
	at org.opencypher.gremlin.server.op.cypher.CypherOpProcessor.evalCypher(CypherOpProcessor.java:104)
	at org.apache.tinkerpop.gremlin.server.handler.OpExecutorHandler.channelRead0(OpExecutorHandler.java:68)
	at org.apache.tinkerpop.gremlin.server.handler.OpExecutorHandler.channelRead0(OpExecutorHandler.java:43)
	at io.netty.channel.SimpleChannelInboundHandler.channelRead(SimpleChannelInboundHandler.java:105)
	at io.netty.channel.AbstractChannelHandlerContext.invokeChannelRead(AbstractChannelHandlerContext.java:356)
	at io.netty.channel.AbstractChannelHandlerContext.invokeChannelRead(AbstractChannelHandlerContext.java:342)
	at io.netty.channel.AbstractChannelHandlerContext.fireChannelRead(AbstractChannelHandlerContext.java:335)
	at io.netty.handler.codec.MessageToMessageDecoder.channelRead(MessageToMessageDecoder.java:102)
	at io.netty.channel.AbstractChannelHandlerContext.invokeChannelRead(AbstractChannelHandlerContext.java:356)
	at io.netty.channel.AbstractChannelHandlerContext.invokeChannelRead(AbstractChannelHandlerContext.java:342)
	at io.netty.channel.AbstractChannelHandlerContext.fireChannelRead(AbstractChannelHandlerContext.java:335)
	at io.netty.handler.codec.MessageToMessageDecoder.channelRead(MessageToMessageDecoder.java:102)
	at io.netty.channel.AbstractChannelHandlerContext.invokeChannelRead(AbstractChannelHandlerContext.java:356)
	at io.netty.channel.AbstractChannelHandlerContext.invokeChannelRead(AbstractChannelHandlerContext.java:342)
	at io.netty.channel.AbstractChannelHandlerContext.fireChannelRead(AbstractChannelHandlerContext.java:335)
	at io.netty.handler.codec.MessageToMessageDecoder.channelRead(MessageToMessageDecoder.java:102)
	at io.netty.channel.AbstractChannelHandlerContext.invokeChannelRead(AbstractChannelHandlerContext.java:356)
	at io.netty.channel.AbstractChannelHandlerContext.invokeChannelRead(AbstractChannelHandlerContext.java:342)
	at io.netty.channel.AbstractChannelHandlerContext.fireChannelRead(AbstractChannelHandlerContext.java:335)
	at io.netty.handler.codec.MessageToMessageDecoder.channelRead(MessageToMessageDecoder.java:102)
	at io.netty.channel.AbstractChannelHandlerContext.invokeChannelRead(AbstractChannelHandlerContext.java:356)
	at io.netty.channel.AbstractChannelHandlerContext.invokeChannelRead(AbstractChannelHandlerContext.java:342)
	at io.netty.channel.AbstractChannelHandlerContext.fireChannelRead(AbstractChannelHandlerContext.java:335)
	at io.netty.handler.codec.MessageToMessageDecoder.channelRead(MessageToMessageDecoder.java:102)
	at io.netty.channel.AbstractChannelHandlerContext.invokeChannelRead(AbstractChannelHandlerContext.java:356)
	at io.netty.channel.AbstractChannelHandlerContext.invokeChannelRead(AbstractChannelHandlerContext.java:342)
	at io.netty.channel.AbstractChannelHandlerContext.fireChannelRead(AbstractChannelHandlerContext.java:335)
	at io.netty.handler.codec.http.websocketx.WebSocketServerProtocolHandler$1.channelRead(WebSocketServerProtocolHandler.java:159)
	at io.netty.channel.AbstractChannelHandlerContext.invokeChannelRead(AbstractChannelHandlerContext.java:356)
	at io.netty.channel.AbstractChannelHandlerContext.invokeChannelRead(AbstractChannelHandlerContext.java:342)
	at io.netty.channel.AbstractChannelHandlerContext.fireChannelRead(AbstractChannelHandlerContext.java:335)
	at io.netty.handler.codec.ByteToMessageDecoder.fireChannelRead(ByteToMessageDecoder.java:312)
	at io.netty.handler.codec.ByteToMessageDecoder.channelRead(ByteToMessageDecoder.java:286)
	at io.netty.channel.AbstractChannelHandlerContext.invokeChannelRead(AbstractChannelHandlerContext.java:356)
	at io.netty.channel.AbstractChannelHandlerContext.invokeChannelRead(AbstractChannelHandlerContext.java:342)
	at io.netty.channel.AbstractChannelHandlerContext.fireChannelRead(AbstractChannelHandlerContext.java:335)
	at io.netty.handler.timeout.IdleStateHandler.channelRead(IdleStateHandler.java:286)
	at io.netty.channel.AbstractChannelHandlerContext.invokeChannelRead(AbstractChannelHandlerContext.java:356)
	at io.netty.channel.AbstractChannelHandlerContext.invokeChannelRead(AbstractChannelHandlerContext.java:342)
	at io.netty.channel.AbstractChannelHandlerContext.fireChannelRead(AbstractChannelHandlerContext.java:335)
	at io.netty.channel.DefaultChannelPipeline$HeadContext.channelRead(DefaultChannelPipeline.java:1304)
	at io.netty.channel.AbstractChannelHandlerContext.invokeChannelRead(AbstractChannelHandlerContext.java:356)
	at io.netty.channel.AbstractChannelHandlerContext.invokeChannelRead(AbstractChannelHandlerContext.java:342)
	at io.netty.channel.DefaultChannelPipeline.fireChannelRead(DefaultChannelPipeline.java:921)
	at io.netty.channel.nio.AbstractNioByteChannel$NioByteUnsafe.read(AbstractNioByteChannel.java:135)
	at io.netty.channel.nio.NioEventLoop.processSelectedKey(NioEventLoop.java:646)
	at io.netty.channel.nio.NioEventLoop.processSelectedKeysOptimized(NioEventLoop.java:581)
	at io.netty.channel.nio.NioEventLoop.processSelectedKeys(NioEventLoop.java:498)
	at io.netty.channel.nio.NioEventLoop.run(NioEventLoop.java:460)
	at io.netty.util.concurrent.SingleThreadEventExecutor$2.run(SingleThreadEventExecutor.java:131)
	at java.lang.Thread.run(Thread.java:748)
</p></pre>
        </div>
      </div>
      </div>

        
  
      </div>
          <div class="step">
        
<div class="brief failed">
  <span class="keyword indention">Then</span>
  <span class="name">the result should be empty</span>
  
  <span class="lead-duration duration">0.000</span>

  </div>

        

  <div class="inner-level">
    <div class="message indention">
      <div data-toggle="collapse" class=" collapsable-control" data-target="#msg-36">
          <a>org.opencypher.tools.tck.api.Scenario$ScenarioFailedException: Feature &quot;MergeIntoAcceptance&quot;: Scenario &quot;Copying properties from node with ON CREATE&quot; failed with message: Expected: &lt;empty result&gt;, got error ExecutionFailed(UnknownError,runtime,Unsupported set clause: SetExactPropertiesFromMapItem(Variable(r),Variable(a)),Some(org.apache.tinkerpop.gremlin.driver.exception.ResponseException: Unsupported set clause: SetExactPropertiesFromMapItem(Variable(r),Variable(a))))</a>
      </div>
      <div id="msg-36" class="collapse collapsable-details  in ">
        <pre>org.opencypher.tools.tck.api.Scenario$ScenarioFailedException: Feature &quot;MergeIntoAcceptance&quot;: Scenario &quot;Copying properties from node with ON CREATE&quot; failed with message: Expected: &lt;empty result&gt;, got error ExecutionFailed(UnknownError,runtime,Unsupported set clause: SetExactPropertiesFromMapItem(Variable(r),Variable(a)),Some(org.apache.tinkerpop.gremlin.driver.exception.ResponseException: Unsupported set clause: SetExactPropertiesFromMapItem(Variable(r),Variable(a))))
	at org.opencypher.tools.tck.api.Scenario$$anonfun$executeOnGraph$1.apply(Scenario.scala:95)
	at org.opencypher.tools.tck.api.Scenario$$anonfun$executeOnGraph$1.apply(Scenario.scala:60)
	at scala.collection.LinearSeqOptimized$class.foldLeft(LinearSeqOptimized.scala:124)
	at scala.collection.immutable.List.foldLeft(List.scala:84)
	at org.opencypher.tools.tck.api.Scenario.executeOnGraph(Scenario.scala:60)
	at org.opencypher.tools.tck.api.Scenario$$anon$1.execute(Scenario.scala:54)
	at org.junit.jupiter.engine.descriptor.JupiterTestDescriptor.executeAndMaskThrowable(JupiterTestDescriptor.java:145)
	at org.junit.jupiter.engine.descriptor.DynamicTestTestDescriptor.execute(DynamicTestTestDescriptor.java:46)
	at org.junit.jupiter.engine.descriptor.DynamicTestTestDescriptor.execute(DynamicTestTestDescriptor.java:24)
	at org.junit.platform.engine.support.hierarchical.HierarchicalTestExecutor.lambda$execute$3(HierarchicalTestExecutor.java:83)
	at org.junit.platform.engine.support.hierarchical.SingleTestExecutor.executeSafely(SingleTestExecutor.java:66)
	at org.junit.platform.engine.support.hierarchical.HierarchicalTestExecutor.execute(HierarchicalTestExecutor.java:77)
	at org.junit.platform.engine.support.hierarchical.HierarchicalTestExecutor.lambda$null$0(HierarchicalTestExecutor.java:85)
	at org.junit.jupiter.engine.descriptor.TestFactoryTestDescriptor.lambda$invokeTestMethod$1(TestFactoryTestDescriptor.java:80)
	at org.junit.jupiter.engine.execution.ThrowableCollector.execute(ThrowableCollector.java:40)
	at org.junit.jupiter.engine.descriptor.TestFactoryTestDescriptor.invokeTestMethod(TestFactoryTestDescriptor.java:68)
	at org.junit.jupiter.engine.descriptor.TestMethodTestDescriptor.execute(TestMethodTestDescriptor.java:110)
	at org.junit.jupiter.engine.descriptor.TestMethodTestDescriptor.execute(TestMethodTestDescriptor.java:57)
	at org.junit.platform.engine.support.hierarchical.HierarchicalTestExecutor.lambda$execute$3(HierarchicalTestExecutor.java:83)
	at org.junit.platform.engine.support.hierarchical.SingleTestExecutor.executeSafely(SingleTestExecutor.java:66)
	at org.junit.platform.engine.support.hierarchical.HierarchicalTestExecutor.execute(HierarchicalTestExecutor.java:77)
	at org.junit.platform.engine.support.hierarchical.HierarchicalTestExecutor.lambda$null$2(HierarchicalTestExecutor.java:92)
	at java.util.stream.ForEachOps$ForEachOp$OfRef.accept(ForEachOps.java:184)
	at java.util.stream.ReferencePipeline$2$1.accept(ReferencePipeline.java:175)
	at java.util.Iterator.forEachRemaining(Iterator.java:116)
	at java.util.Spliterators$IteratorSpliterator.forEachRemaining(Spliterators.java:1801)
	at java.util.stream.AbstractPipeline.copyInto(AbstractPipeline.java:481)
	at java.util.stream.AbstractPipeline.wrapAndCopyInto(AbstractPipeline.java:471)
	at java.util.stream.ForEachOps$ForEachOp.evaluateSequential(ForEachOps.java:151)
	at java.util.stream.ForEachOps$ForEachOp$OfRef.evaluateSequential(ForEachOps.java:174)
	at java.util.stream.AbstractPipeline.evaluate(AbstractPipeline.java:234)
	at java.util.stream.ReferencePipeline.forEach(ReferencePipeline.java:418)
	at org.junit.platform.engine.support.hierarchical.HierarchicalTestExecutor.lambda$execute$3(HierarchicalTestExecutor.java:92)
	at org.junit.platform.engine.support.hierarchical.SingleTestExecutor.executeSafely(SingleTestExecutor.java:66)
	at org.junit.platform.engine.support.hierarchical.HierarchicalTestExecutor.execute(HierarchicalTestExecutor.java:77)
	at org.junit.platform.engine.support.hierarchical.HierarchicalTestExecutor.lambda$null$2(HierarchicalTestExecutor.java:92)
	at java.util.stream.ForEachOps$ForEachOp$OfRef.accept(ForEachOps.java:184)
	at java.util.stream.ReferencePipeline$2$1.accept(ReferencePipeline.java:175)
	at java.util.Iterator.forEachRemaining(Iterator.java:116)
	at java.util.Spliterators$IteratorSpliterator.forEachRemaining(Spliterators.java:1801)
	at java.util.stream.AbstractPipeline.copyInto(AbstractPipeline.java:481)
	at java.util.stream.AbstractPipeline.wrapAndCopyInto(AbstractPipeline.java:471)
	at java.util.stream.ForEachOps$ForEachOp.evaluateSequential(ForEachOps.java:151)
	at java.util.stream.ForEachOps$ForEachOp$OfRef.evaluateSequential(ForEachOps.java:174)
	at java.util.stream.AbstractPipeline.evaluate(AbstractPipeline.java:234)
	at java.util.stream.ReferencePipeline.forEach(ReferencePipeline.java:418)
	at org.junit.platform.engine.support.hierarchical.HierarchicalTestExecutor.lambda$execute$3(HierarchicalTestExecutor.java:92)
	at org.junit.platform.engine.support.hierarchical.SingleTestExecutor.executeSafely(SingleTestExecutor.java:66)
	at org.junit.platform.engine.support.hierarchical.HierarchicalTestExecutor.execute(HierarchicalTestExecutor.java:77)
	at org.junit.platform.engine.support.hierarchical.HierarchicalTestExecutor.execute(HierarchicalTestExecutor.java:51)
	at org.junit.platform.engine.support.hierarchical.HierarchicalTestEngine.execute(HierarchicalTestEngine.java:43)
	at org.junit.platform.launcher.core.DefaultLauncher.execute(DefaultLauncher.java:170)
	at org.junit.platform.launcher.core.DefaultLauncher.execute(DefaultLauncher.java:154)
	at org.junit.platform.launcher.core.DefaultLauncher.execute(DefaultLauncher.java:90)
	at org.gradle.api.internal.tasks.testing.junitplatform.JUnitPlatformTestClassProcessor$CollectAllTestClassesExecutor.processAllTestClasses(JUnitPlatformTestClassProcessor.java:92)
	at org.gradle.api.internal.tasks.testing.junitplatform.JUnitPlatformTestClassProcessor$CollectAllTestClassesExecutor.access$100(JUnitPlatformTestClassProcessor.java:77)
	at org.gradle.api.internal.tasks.testing.junitplatform.JUnitPlatformTestClassProcessor.stop(JUnitPlatformTestClassProcessor.java:73)
	at org.gradle.api.internal.tasks.testing.SuiteTestClassProcessor.stop(SuiteTestClassProcessor.java:61)
	at sun.reflect.NativeMethodAccessorImpl.invoke0(Native Method)
	at sun.reflect.NativeMethodAccessorImpl.invoke(NativeMethodAccessorImpl.java:62)
	at sun.reflect.DelegatingMethodAccessorImpl.invoke(DelegatingMethodAccessorImpl.java:43)
	at java.lang.reflect.Method.invoke(Method.java:498)
	at org.gradle.internal.dispatch.ReflectionDispatch.dispatch(ReflectionDispatch.java:35)
	at org.gradle.internal.dispatch.ReflectionDispatch.dispatch(ReflectionDispatch.java:24)
	at org.gradle.internal.dispatch.ContextClassLoaderDispatch.dispatch(ContextClassLoaderDispatch.java:32)
	at org.gradle.internal.dispatch.ProxyDispatchAdapter$DispatchingInvocationHandler.invoke(ProxyDispatchAdapter.java:93)
	at com.sun.proxy.$Proxy1.stop(Unknown Source)
	at org.gradle.api.internal.tasks.testing.worker.TestWorker.stop(TestWorker.java:123)
	at sun.reflect.NativeMethodAccessorImpl.invoke0(Native Method)
	at sun.reflect.NativeMethodAccessorImpl.invoke(NativeMethodAccessorImpl.java:62)
	at sun.reflect.DelegatingMethodAccessorImpl.invoke(DelegatingMethodAccessorImpl.java:43)
	at java.lang.reflect.Method.invoke(Method.java:498)
	at org.gradle.internal.dispatch.ReflectionDispatch.dispatch(ReflectionDispatch.java:35)
	at org.gradle.internal.dispatch.ReflectionDispatch.dispatch(ReflectionDispatch.java:24)
	at org.gradle.internal.remote.internal.hub.MessageHubBackedObjectConnection$DispatchWrapper.dispatch(MessageHubBackedObjectConnection.java:155)
	at org.gradle.internal.remote.internal.hub.MessageHubBackedObjectConnection$DispatchWrapper.dispatch(MessageHubBackedObjectConnection.java:137)
	at org.gradle.internal.remote.internal.hub.MessageHub$Handler.run(MessageHub.java:404)
	at org.gradle.internal.concurrent.ExecutorPolicy$CatchAndRecordFailures.onExecute(ExecutorPolicy.java:63)
	at org.gradle.internal.concurrent.ManagedExecutorImpl$1.run(ManagedExecutorImpl.java:46)
	at java.util.concurrent.ThreadPoolExecutor.runWorker(ThreadPoolExecutor.java:1149)
	at java.util.concurrent.ThreadPoolExecutor$Worker.run(ThreadPoolExecutor.java:624)
	at org.gradle.internal.concurrent.ThreadFactoryImpl$ManagedThreadRunnable.run(ThreadFactoryImpl.java:55)
	at java.lang.Thread.run(Thread.java:748)
Caused by: org.apache.tinkerpop.gremlin.driver.exception.ResponseException: Unsupported set clause: SetExactPropertiesFromMapItem(Variable(r),Variable(a))
	at org.apache.tinkerpop.gremlin.driver.Handler$GremlinResponseHandler.channelRead0(Handler.java:246)
	at org.apache.tinkerpop.gremlin.driver.Handler$GremlinResponseHandler.channelRead0(Handler.java:197)
	at io.netty.channel.SimpleChannelInboundHandler.channelRead(SimpleChannelInboundHandler.java:105)
	at io.netty.channel.AbstractChannelHandlerContext.invokeChannelRead(AbstractChannelHandlerContext.java:356)
	at io.netty.channel.AbstractChannelHandlerContext.invokeChannelRead(AbstractChannelHandlerContext.java:342)
	at io.netty.channel.AbstractChannelHandlerContext.fireChannelRead(AbstractChannelHandlerContext.java:335)
	at org.apache.tinkerpop.gremlin.driver.Handler$GremlinSaslAuthenticationHandler.channelRead0(Handler.java:123)
	at org.apache.tinkerpop.gremlin.driver.Handler$GremlinSaslAuthenticationHandler.channelRead0(Handler.java:67)
	at io.netty.channel.SimpleChannelInboundHandler.channelRead(SimpleChannelInboundHandler.java:105)
	at io.netty.channel.AbstractChannelHandlerContext.invokeChannelRead(AbstractChannelHandlerContext.java:356)
	at io.netty.channel.AbstractChannelHandlerContext.invokeChannelRead(AbstractChannelHandlerContext.java:342)
	at io.netty.channel.AbstractChannelHandlerContext.fireChannelRead(AbstractChannelHandlerContext.java:335)
	at io.netty.handler.codec.MessageToMessageDecoder.channelRead(MessageToMessageDecoder.java:102)
	at io.netty.channel.AbstractChannelHandlerContext.invokeChannelRead(AbstractChannelHandlerContext.java:356)
	at io.netty.channel.AbstractChannelHandlerContext.invokeChannelRead(AbstractChannelHandlerContext.java:342)
	at io.netty.channel.AbstractChannelHandlerContext.fireChannelRead(AbstractChannelHandlerContext.java:335)
	at org.apache.tinkerpop.gremlin.driver.handler.WebSocketClientHandler.channelRead0(WebSocketClientHandler.java:94)
	at io.netty.channel.SimpleChannelInboundHandler.channelRead(SimpleChannelInboundHandler.java:105)
	at io.netty.channel.AbstractChannelHandlerContext.invokeChannelRead(AbstractChannelHandlerContext.java:356)
	at io.netty.channel.AbstractChannelHandlerContext.invokeChannelRead(AbstractChannelHandlerContext.java:342)
	at io.netty.channel.AbstractChannelHandlerContext.fireChannelRead(AbstractChannelHandlerContext.java:335)
	at io.netty.handler.codec.ByteToMessageDecoder.fireChannelRead(ByteToMessageDecoder.java:312)
	at io.netty.handler.codec.ByteToMessageDecoder.channelRead(ByteToMessageDecoder.java:286)
	at io.netty.channel.AbstractChannelHandlerContext.invokeChannelRead(AbstractChannelHandlerContext.java:356)
	at io.netty.channel.AbstractChannelHandlerContext.invokeChannelRead(AbstractChannelHandlerContext.java:342)
	at io.netty.channel.AbstractChannelHandlerContext.fireChannelRead(AbstractChannelHandlerContext.java:335)
	at io.netty.channel.DefaultChannelPipeline$HeadContext.channelRead(DefaultChannelPipeline.java:1304)
	at io.netty.channel.AbstractChannelHandlerContext.invokeChannelRead(AbstractChannelHandlerContext.java:356)
	at io.netty.channel.AbstractChannelHandlerContext.invokeChannelRead(AbstractChannelHandlerContext.java:342)
	at io.netty.channel.DefaultChannelPipeline.fireChannelRead(DefaultChannelPipeline.java:921)
	at io.netty.channel.nio.AbstractNioByteChannel$NioByteUnsafe.read(AbstractNioByteChannel.java:135)
	at io.netty.channel.nio.NioEventLoop.processSelectedKey(NioEventLoop.java:646)
	at io.netty.channel.nio.NioEventLoop.processSelectedKeysOptimized(NioEventLoop.java:581)
	at io.netty.channel.nio.NioEventLoop.processSelectedKeys(NioEventLoop.java:498)
	at io.netty.channel.nio.NioEventLoop.run(NioEventLoop.java:460)
	at io.netty.util.concurrent.SingleThreadEventExecutor$2.run(SingleThreadEventExecutor.java:131)
	... 1 more
</pre>
      </div>
    </div>
  </div>


        
        

        

        
  
      </div>
      </div>
</div>


    

  </div>
</div>

                      
<div class="element">
  
  
<div class="tags indention">
  </div>

  
  <span class="lead-duration duration">0.007</span>


    <span data-toggle="collapse" class=" collapsed  collapsable-control" data-target="#element-37">
    
<div class="brief passed">
  <span class="keyword indention">Background</span>
  <span class="name"></span>
  

       <i class="chevron fa fa-fw"></i>
  </div>

  </span>
  <div class="description indention"></div>

  <div id="element-37" class="collapse collapsable-details ">
    


    
<div class="steps inner-level">
    <div data-toggle="collapse" class=" collapsed  collapsable-control" data-target="#steps-38">
    
<div class="brief passed">
  <span class="keyword indention">Steps</span>
  <span class="name"></span>
  

       <i class="chevron fa fa-fw"></i>
  </div>

  </div>

  <div id="steps-38" class="inner-level collapse collapsable-details ">
          <div class="step">
        
<div class="brief passed">
  <span class="keyword indention">Given</span>
  <span class="name">an empty graph</span>
  
  <span class="lead-duration duration">0.000</span>

  </div>

        


        
        

        
  <div class="outputs inner-level">
          <div class="output indention">
        <div data-toggle="collapse" class=" collapsed  collapsable-control" data-target="#output-39">
          Output 1
          <i class="chevron fa fa-fw"></i>
        </div>
        <div id="output-39" class="collapse collapsable-details " >
          
          <pre><p>23:03:42.290 [Test worker] DEBUG o.a.t.g.driver.Client - g.V().drop()}} to - Connection{host=Host{address=localhost/127.0.0.1:37875, hostUri=ws://localhost:37875/gremlin}}
</p></pre>
        </div>
      </div>
      </div>

        
  
      </div>
          <div class="step">
        
<div class="brief passed">
  <span class="keyword indention">And</span>
  <span class="name">having executed:</span>
  
  <span class="lead-duration duration">0.007</span>

  </div>

        


        
        
  <div class="inner-level">
    <div class="docstring indention">
            <div data-toggle="collapse" class="collapsable-control" data-target="#msg-40">
          <a>Doc string</a>
      </div>
      <div id="msg-40" class="collapse collapsable-details">
        <pre>CREATE (:A {name: 'A'}), (:B {name: 'B'})</pre>
      </div>
    </div>
  </div>

        
  <div class="outputs inner-level">
          <div class="output indention">
        <div data-toggle="collapse" class=" collapsed  collapsable-control" data-target="#output-41">
          Output 1
          <i class="chevron fa fa-fw"></i>
        </div>
        <div id="output-41" class="collapse collapsable-details " >
          
          <pre><p>23:03:42.291 [Test worker] DEBUG o.a.t.g.driver.Client - CREATE (:A {name: 'A'}), (:B {name: 'B'})}} to - Connection{host=Host{address=localhost/127.0.0.1:37875, hostUri=ws://localhost:37875/gremlin}}
23:03:42.291 [gremlin-server-worker-1] INFO  o.o.g.s.o.c.CypherOpProcessor - Cypher: CREATE (:A {name: 'A'}), (:B {name: 'B'})
23:03:42.294 [gremlin-server-worker-1] INFO  o.o.g.s.o.c.CypherOpProcessor - Gremlin: g.addV('A').property(single, 'name', 'A').addV('B').property(single, 'name', 'B').barrier().limit(0)
</p></pre>
        </div>
      </div>
      </div>

        
  
      </div>
      </div>
</div>


    

  </div>
</div>

                      
<div class="element">
  
  
<div class="tags indention">
  </div>

  
  <span class="lead-duration duration">0.013</span>


    <span data-toggle="collapse" class=" collapsable-control" data-target="#element-42">
    
<div class="brief failed">
  <span class="keyword indention">Scenario</span>
  <span class="name">Copying properties from node with ON MATCH</span>
  

       <i class="chevron fa fa-fw"></i>
  </div>

  </span>
  <div class="description indention"></div>

  <div id="element-42" class="collapse collapsable-details  in ">
    


    
<div class="steps inner-level">
    <div data-toggle="collapse" class=" collapsable-control" data-target="#steps-43">
    
<div class="brief failed">
  <span class="keyword indention">Steps</span>
  <span class="name"></span>
  

       <i class="chevron fa fa-fw"></i>
  </div>

  </div>

  <div id="steps-43" class="inner-level collapse collapsable-details  in ">
          <div class="step">
        
<div class="brief passed">
  <span class="keyword indention">And</span>
  <span class="name">having executed:</span>
  
  <span class="lead-duration duration">0.007</span>

  </div>

        


        
        
  <div class="inner-level">
    <div class="docstring indention">
            <div data-toggle="collapse" class="collapsable-control" data-target="#msg-44">
          <a>Doc string</a>
      </div>
      <div id="msg-44" class="collapse collapsable-details">
        <pre>MATCH (a:A), (b:B)
CREATE (a)-[:TYPE {foo: 'bar'}]-&gt;(b)</pre>
      </div>
    </div>
  </div>

        
  <div class="outputs inner-level">
          <div class="output indention">
        <div data-toggle="collapse" class=" collapsed  collapsable-control" data-target="#output-45">
          Output 1
          <i class="chevron fa fa-fw"></i>
        </div>
        <div id="output-45" class="collapse collapsable-details " >
          
          <pre><p>23:03:42.298 [Test worker] DEBUG o.a.t.g.driver.Client - MATCH (a:A), (b:B)
CREATE (a)-[:TYPE {foo: 'bar'}]-&gt;(b)}} to - Connection{host=Host{address=localhost/127.0.0.1:37875, hostUri=ws://localhost:37875/gremlin}}
23:03:42.298 [gremlin-server-worker-1] INFO  o.o.g.s.o.c.CypherOpProcessor - Cypher: MATCH (a:A), (b:B) CREATE (a)-[:TYPE {foo: 'bar'}]-&gt;(b)
23:03:42.301 [gremlin-server-worker-1] INFO  o.o.g.s.o.c.CypherOpProcessor - Gremlin: g.V().as('a').hasLabel('A').V().as('b').hasLabel('B').addE('TYPE').from('a').to('b').property('foo', 'bar').barrier().limit(0)
</p></pre>
        </div>
      </div>
      </div>

        
  
      </div>
          <div class="step">
        
<div class="brief passed">
  <span class="keyword indention">When</span>
  <span class="name">executing query:</span>
  
  <span class="lead-duration duration">0.005</span>

  </div>

        


        
        
  <div class="inner-level">
    <div class="docstring indention">
            <div data-toggle="collapse" class="collapsable-control" data-target="#msg-46">
          <a>Doc string</a>
      </div>
      <div id="msg-46" class="collapse collapsable-details">
        <pre>MATCH (a {name: 'A'}), (b {name: 'B'})
MERGE (a)-[r:TYPE]-&gt;(b)
  ON MATCH SET r = a</pre>
      </div>
    </div>
  </div>

        
  <div class="outputs inner-level">
          <div class="output indention">
        <div data-toggle="collapse" class=" collapsed  collapsable-control" data-target="#output-47">
          Output 1
          <i class="chevron fa fa-fw"></i>
        </div>
        <div id="output-47" class="collapse collapsable-details " >
          
          <pre><p>23:03:42.318 [Test worker] DEBUG o.a.t.g.driver.Client - MATCH (a {name: 'A'}), (b {name: 'B'})
MERGE (a)-[r:TYPE]-&gt;(b)
  ON MATCH SET r = a}} to - Connection{host=Host{address=localhost/127.0.0.1:37875, hostUri=ws://localhost:37875/gremlin}}
23:03:42.318 [gremlin-server-worker-1] INFO  o.o.g.s.o.c.CypherOpProcessor - Cypher: MATCH (a {name: 'A'}), (b {name: 'B'}) MERGE (a)-[r:TYPE]-&gt;(b)   ON MATCH SET r = a
23:03:42.322 [gremlin-server-worker-1] WARN  o.a.t.g.s.h.OpExecutorHandler - Unsupported set clause: SetExactPropertiesFromMapItem(Variable(r),Variable(a))
java.lang.UnsupportedOperationException: Unsupported set clause: SetExactPropertiesFromMapItem(Variable(r),Variable(a))
	at org.opencypher.gremlin.translation.context.WalkerContext.unsupported(WalkerContext.scala:72)
	at org.opencypher.gremlin.translation.walker.SetWalker$$anonfun$walkSetClause$1.apply(SetWalker.scala:66)
	at org.opencypher.gremlin.translation.walker.SetWalker$$anonfun$walkSetClause$1.apply(SetWalker.scala:53)
	at scala.collection.immutable.List.foreach(List.scala:392)
	at org.opencypher.gremlin.translation.walker.SetWalker.walkSetClause(SetWalker.scala:53)
	at org.opencypher.gremlin.translation.walker.SetWalker.walkClause(SetWalker.scala:42)
	at org.opencypher.gremlin.translation.walker.SetWalker$.walkClause(SetWalker.scala:33)
	at org.opencypher.gremlin.translation.walker.MergeWalker$$anonfun$walkMerge$1.apply(MergeWalker.scala:53)
	at org.opencypher.gremlin.translation.walker.MergeWalker$$anonfun$walkMerge$1.apply(MergeWalker.scala:52)
	at scala.collection.immutable.List.foreach(List.scala:392)
	at org.opencypher.gremlin.translation.walker.MergeWalker.walkMerge(MergeWalker.scala:52)
	at org.opencypher.gremlin.translation.walker.MergeWalker.walkClause(MergeWalker.scala:39)
	at org.opencypher.gremlin.translation.walker.MergeWalker$.walkClause(MergeWalker.scala:31)
	at org.opencypher.gremlin.translation.walker.StatementWalker.org$opencypher$gremlin$translation$walker$StatementWalker$$walkClause(StatementWalker.scala:98)
	at org.opencypher.gremlin.translation.walker.StatementWalker$$anonfun$walkSingle$1.apply(StatementWalker.scala:81)
	at org.opencypher.gremlin.translation.walker.StatementWalker$$anonfun$walkSingle$1.apply(StatementWalker.scala:81)
	at scala.collection.immutable.List.foreach(List.scala:392)
	at org.opencypher.gremlin.translation.walker.StatementWalker.walkSingle(StatementWalker.scala:81)
	at org.opencypher.gremlin.translation.walker.StatementWalker.walk(StatementWalker.scala:42)
	at org.opencypher.gremlin.translation.walker.StatementWalker$.walk(StatementWalker.scala:29)
	at org.opencypher.gremlin.translation.CypherAst.translate(CypherAst.scala:80)
	at org.opencypher.gremlin.server.op.cypher.CypherOpProcessor.evalCypher(CypherOpProcessor.java:104)
	at org.apache.tinkerpop.gremlin.server.handler.OpExecutorHandler.channelRead0(OpExecutorHandler.java:68)
	at org.apache.tinkerpop.gremlin.server.handler.OpExecutorHandler.channelRead0(OpExecutorHandler.java:43)
	at io.netty.channel.SimpleChannelInboundHandler.channelRead(SimpleChannelInboundHandler.java:105)
	at io.netty.channel.AbstractChannelHandlerContext.invokeChannelRead(AbstractChannelHandlerContext.java:356)
	at io.netty.channel.AbstractChannelHandlerContext.invokeChannelRead(AbstractChannelHandlerContext.java:342)
	at io.netty.channel.AbstractChannelHandlerContext.fireChannelRead(AbstractChannelHandlerContext.java:335)
	at io.netty.handler.codec.MessageToMessageDecoder.channelRead(MessageToMessageDecoder.java:102)
	at io.netty.channel.AbstractChannelHandlerContext.invokeChannelRead(AbstractChannelHandlerContext.java:356)
	at io.netty.channel.AbstractChannelHandlerContext.invokeChannelRead(AbstractChannelHandlerContext.java:342)
	at io.netty.channel.AbstractChannelHandlerContext.fireChannelRead(AbstractChannelHandlerContext.java:335)
	at io.netty.handler.codec.MessageToMessageDecoder.channelRead(MessageToMessageDecoder.java:102)
	at io.netty.channel.AbstractChannelHandlerContext.invokeChannelRead(AbstractChannelHandlerContext.java:356)
	at io.netty.channel.AbstractChannelHandlerContext.invokeChannelRead(AbstractChannelHandlerContext.java:342)
	at io.netty.channel.AbstractChannelHandlerContext.fireChannelRead(AbstractChannelHandlerContext.java:335)
	at io.netty.handler.codec.MessageToMessageDecoder.channelRead(MessageToMessageDecoder.java:102)
	at io.netty.channel.AbstractChannelHandlerContext.invokeChannelRead(AbstractChannelHandlerContext.java:356)
	at io.netty.channel.AbstractChannelHandlerContext.invokeChannelRead(AbstractChannelHandlerContext.java:342)
	at io.netty.channel.AbstractChannelHandlerContext.fireChannelRead(AbstractChannelHandlerContext.java:335)
	at io.netty.handler.codec.MessageToMessageDecoder.channelRead(MessageToMessageDecoder.java:102)
	at io.netty.channel.AbstractChannelHandlerContext.invokeChannelRead(AbstractChannelHandlerContext.java:356)
	at io.netty.channel.AbstractChannelHandlerContext.invokeChannelRead(AbstractChannelHandlerContext.java:342)
	at io.netty.channel.AbstractChannelHandlerContext.fireChannelRead(AbstractChannelHandlerContext.java:335)
	at io.netty.handler.codec.MessageToMessageDecoder.channelRead(MessageToMessageDecoder.java:102)
	at io.netty.channel.AbstractChannelHandlerContext.invokeChannelRead(AbstractChannelHandlerContext.java:356)
	at io.netty.channel.AbstractChannelHandlerContext.invokeChannelRead(AbstractChannelHandlerContext.java:342)
	at io.netty.channel.AbstractChannelHandlerContext.fireChannelRead(AbstractChannelHandlerContext.java:335)
	at io.netty.handler.codec.http.websocketx.WebSocketServerProtocolHandler$1.channelRead(WebSocketServerProtocolHandler.java:159)
	at io.netty.channel.AbstractChannelHandlerContext.invokeChannelRead(AbstractChannelHandlerContext.java:356)
	at io.netty.channel.AbstractChannelHandlerContext.invokeChannelRead(AbstractChannelHandlerContext.java:342)
	at io.netty.channel.AbstractChannelHandlerContext.fireChannelRead(AbstractChannelHandlerContext.java:335)
	at io.netty.handler.codec.ByteToMessageDecoder.fireChannelRead(ByteToMessageDecoder.java:312)
	at io.netty.handler.codec.ByteToMessageDecoder.channelRead(ByteToMessageDecoder.java:286)
	at io.netty.channel.AbstractChannelHandlerContext.invokeChannelRead(AbstractChannelHandlerContext.java:356)
	at io.netty.channel.AbstractChannelHandlerContext.invokeChannelRead(AbstractChannelHandlerContext.java:342)
	at io.netty.channel.AbstractChannelHandlerContext.fireChannelRead(AbstractChannelHandlerContext.java:335)
	at io.netty.handler.timeout.IdleStateHandler.channelRead(IdleStateHandler.java:286)
	at io.netty.channel.AbstractChannelHandlerContext.invokeChannelRead(AbstractChannelHandlerContext.java:356)
	at io.netty.channel.AbstractChannelHandlerContext.invokeChannelRead(AbstractChannelHandlerContext.java:342)
	at io.netty.channel.AbstractChannelHandlerContext.fireChannelRead(AbstractChannelHandlerContext.java:335)
	at io.netty.channel.DefaultChannelPipeline$HeadContext.channelRead(DefaultChannelPipeline.java:1304)
	at io.netty.channel.AbstractChannelHandlerContext.invokeChannelRead(AbstractChannelHandlerContext.java:356)
	at io.netty.channel.AbstractChannelHandlerContext.invokeChannelRead(AbstractChannelHandlerContext.java:342)
	at io.netty.channel.DefaultChannelPipeline.fireChannelRead(DefaultChannelPipeline.java:921)
	at io.netty.channel.nio.AbstractNioByteChannel$NioByteUnsafe.read(AbstractNioByteChannel.java:135)
	at io.netty.channel.nio.NioEventLoop.processSelectedKey(NioEventLoop.java:646)
	at io.netty.channel.nio.NioEventLoop.processSelectedKeysOptimized(NioEventLoop.java:581)
	at io.netty.channel.nio.NioEventLoop.processSelectedKeys(NioEventLoop.java:498)
	at io.netty.channel.nio.NioEventLoop.run(NioEventLoop.java:460)
	at io.netty.util.concurrent.SingleThreadEventExecutor$2.run(SingleThreadEventExecutor.java:131)
	at java.lang.Thread.run(Thread.java:748)
</p></pre>
        </div>
      </div>
      </div>

        
  
      </div>
          <div class="step">
        
<div class="brief failed">
  <span class="keyword indention">Then</span>
  <span class="name">the result should be empty</span>
  
  <span class="lead-duration duration">0.000</span>

  </div>

        

  <div class="inner-level">
    <div class="message indention">
      <div data-toggle="collapse" class=" collapsable-control" data-target="#msg-48">
          <a>org.opencypher.tools.tck.api.Scenario$ScenarioFailedException: Feature &quot;MergeIntoAcceptance&quot;: Scenario &quot;Copying properties from node with ON MATCH&quot; failed with message: Expected: &lt;empty result&gt;, got error ExecutionFailed(UnknownError,runtime,Unsupported set clause: SetExactPropertiesFromMapItem(Variable(r),Variable(a)),Some(org.apache.tinkerpop.gremlin.driver.exception.ResponseException: Unsupported set clause: SetExactPropertiesFromMapItem(Variable(r),Variable(a))))</a>
      </div>
      <div id="msg-48" class="collapse collapsable-details  in ">
        <pre>org.opencypher.tools.tck.api.Scenario$ScenarioFailedException: Feature &quot;MergeIntoAcceptance&quot;: Scenario &quot;Copying properties from node with ON MATCH&quot; failed with message: Expected: &lt;empty result&gt;, got error ExecutionFailed(UnknownError,runtime,Unsupported set clause: SetExactPropertiesFromMapItem(Variable(r),Variable(a)),Some(org.apache.tinkerpop.gremlin.driver.exception.ResponseException: Unsupported set clause: SetExactPropertiesFromMapItem(Variable(r),Variable(a))))
	at org.opencypher.tools.tck.api.Scenario$$anonfun$executeOnGraph$1.apply(Scenario.scala:95)
	at org.opencypher.tools.tck.api.Scenario$$anonfun$executeOnGraph$1.apply(Scenario.scala:60)
	at scala.collection.LinearSeqOptimized$class.foldLeft(LinearSeqOptimized.scala:124)
	at scala.collection.immutable.List.foldLeft(List.scala:84)
	at org.opencypher.tools.tck.api.Scenario.executeOnGraph(Scenario.scala:60)
	at org.opencypher.tools.tck.api.Scenario$$anon$1.execute(Scenario.scala:54)
	at org.junit.jupiter.engine.descriptor.JupiterTestDescriptor.executeAndMaskThrowable(JupiterTestDescriptor.java:145)
	at org.junit.jupiter.engine.descriptor.DynamicTestTestDescriptor.execute(DynamicTestTestDescriptor.java:46)
	at org.junit.jupiter.engine.descriptor.DynamicTestTestDescriptor.execute(DynamicTestTestDescriptor.java:24)
	at org.junit.platform.engine.support.hierarchical.HierarchicalTestExecutor.lambda$execute$3(HierarchicalTestExecutor.java:83)
	at org.junit.platform.engine.support.hierarchical.SingleTestExecutor.executeSafely(SingleTestExecutor.java:66)
	at org.junit.platform.engine.support.hierarchical.HierarchicalTestExecutor.execute(HierarchicalTestExecutor.java:77)
	at org.junit.platform.engine.support.hierarchical.HierarchicalTestExecutor.lambda$null$0(HierarchicalTestExecutor.java:85)
	at org.junit.jupiter.engine.descriptor.TestFactoryTestDescriptor.lambda$invokeTestMethod$1(TestFactoryTestDescriptor.java:80)
	at org.junit.jupiter.engine.execution.ThrowableCollector.execute(ThrowableCollector.java:40)
	at org.junit.jupiter.engine.descriptor.TestFactoryTestDescriptor.invokeTestMethod(TestFactoryTestDescriptor.java:68)
	at org.junit.jupiter.engine.descriptor.TestMethodTestDescriptor.execute(TestMethodTestDescriptor.java:110)
	at org.junit.jupiter.engine.descriptor.TestMethodTestDescriptor.execute(TestMethodTestDescriptor.java:57)
	at org.junit.platform.engine.support.hierarchical.HierarchicalTestExecutor.lambda$execute$3(HierarchicalTestExecutor.java:83)
	at org.junit.platform.engine.support.hierarchical.SingleTestExecutor.executeSafely(SingleTestExecutor.java:66)
	at org.junit.platform.engine.support.hierarchical.HierarchicalTestExecutor.execute(HierarchicalTestExecutor.java:77)
	at org.junit.platform.engine.support.hierarchical.HierarchicalTestExecutor.lambda$null$2(HierarchicalTestExecutor.java:92)
	at java.util.stream.ForEachOps$ForEachOp$OfRef.accept(ForEachOps.java:184)
	at java.util.stream.ReferencePipeline$2$1.accept(ReferencePipeline.java:175)
	at java.util.Iterator.forEachRemaining(Iterator.java:116)
	at java.util.Spliterators$IteratorSpliterator.forEachRemaining(Spliterators.java:1801)
	at java.util.stream.AbstractPipeline.copyInto(AbstractPipeline.java:481)
	at java.util.stream.AbstractPipeline.wrapAndCopyInto(AbstractPipeline.java:471)
	at java.util.stream.ForEachOps$ForEachOp.evaluateSequential(ForEachOps.java:151)
	at java.util.stream.ForEachOps$ForEachOp$OfRef.evaluateSequential(ForEachOps.java:174)
	at java.util.stream.AbstractPipeline.evaluate(AbstractPipeline.java:234)
	at java.util.stream.ReferencePipeline.forEach(ReferencePipeline.java:418)
	at org.junit.platform.engine.support.hierarchical.HierarchicalTestExecutor.lambda$execute$3(HierarchicalTestExecutor.java:92)
	at org.junit.platform.engine.support.hierarchical.SingleTestExecutor.executeSafely(SingleTestExecutor.java:66)
	at org.junit.platform.engine.support.hierarchical.HierarchicalTestExecutor.execute(HierarchicalTestExecutor.java:77)
	at org.junit.platform.engine.support.hierarchical.HierarchicalTestExecutor.lambda$null$2(HierarchicalTestExecutor.java:92)
	at java.util.stream.ForEachOps$ForEachOp$OfRef.accept(ForEachOps.java:184)
	at java.util.stream.ReferencePipeline$2$1.accept(ReferencePipeline.java:175)
	at java.util.Iterator.forEachRemaining(Iterator.java:116)
	at java.util.Spliterators$IteratorSpliterator.forEachRemaining(Spliterators.java:1801)
	at java.util.stream.AbstractPipeline.copyInto(AbstractPipeline.java:481)
	at java.util.stream.AbstractPipeline.wrapAndCopyInto(AbstractPipeline.java:471)
	at java.util.stream.ForEachOps$ForEachOp.evaluateSequential(ForEachOps.java:151)
	at java.util.stream.ForEachOps$ForEachOp$OfRef.evaluateSequential(ForEachOps.java:174)
	at java.util.stream.AbstractPipeline.evaluate(AbstractPipeline.java:234)
	at java.util.stream.ReferencePipeline.forEach(ReferencePipeline.java:418)
	at org.junit.platform.engine.support.hierarchical.HierarchicalTestExecutor.lambda$execute$3(HierarchicalTestExecutor.java:92)
	at org.junit.platform.engine.support.hierarchical.SingleTestExecutor.executeSafely(SingleTestExecutor.java:66)
	at org.junit.platform.engine.support.hierarchical.HierarchicalTestExecutor.execute(HierarchicalTestExecutor.java:77)
	at org.junit.platform.engine.support.hierarchical.HierarchicalTestExecutor.execute(HierarchicalTestExecutor.java:51)
	at org.junit.platform.engine.support.hierarchical.HierarchicalTestEngine.execute(HierarchicalTestEngine.java:43)
	at org.junit.platform.launcher.core.DefaultLauncher.execute(DefaultLauncher.java:170)
	at org.junit.platform.launcher.core.DefaultLauncher.execute(DefaultLauncher.java:154)
	at org.junit.platform.launcher.core.DefaultLauncher.execute(DefaultLauncher.java:90)
	at org.gradle.api.internal.tasks.testing.junitplatform.JUnitPlatformTestClassProcessor$CollectAllTestClassesExecutor.processAllTestClasses(JUnitPlatformTestClassProcessor.java:92)
	at org.gradle.api.internal.tasks.testing.junitplatform.JUnitPlatformTestClassProcessor$CollectAllTestClassesExecutor.access$100(JUnitPlatformTestClassProcessor.java:77)
	at org.gradle.api.internal.tasks.testing.junitplatform.JUnitPlatformTestClassProcessor.stop(JUnitPlatformTestClassProcessor.java:73)
	at org.gradle.api.internal.tasks.testing.SuiteTestClassProcessor.stop(SuiteTestClassProcessor.java:61)
	at sun.reflect.NativeMethodAccessorImpl.invoke0(Native Method)
	at sun.reflect.NativeMethodAccessorImpl.invoke(NativeMethodAccessorImpl.java:62)
	at sun.reflect.DelegatingMethodAccessorImpl.invoke(DelegatingMethodAccessorImpl.java:43)
	at java.lang.reflect.Method.invoke(Method.java:498)
	at org.gradle.internal.dispatch.ReflectionDispatch.dispatch(ReflectionDispatch.java:35)
	at org.gradle.internal.dispatch.ReflectionDispatch.dispatch(ReflectionDispatch.java:24)
	at org.gradle.internal.dispatch.ContextClassLoaderDispatch.dispatch(ContextClassLoaderDispatch.java:32)
	at org.gradle.internal.dispatch.ProxyDispatchAdapter$DispatchingInvocationHandler.invoke(ProxyDispatchAdapter.java:93)
	at com.sun.proxy.$Proxy1.stop(Unknown Source)
	at org.gradle.api.internal.tasks.testing.worker.TestWorker.stop(TestWorker.java:123)
	at sun.reflect.NativeMethodAccessorImpl.invoke0(Native Method)
	at sun.reflect.NativeMethodAccessorImpl.invoke(NativeMethodAccessorImpl.java:62)
	at sun.reflect.DelegatingMethodAccessorImpl.invoke(DelegatingMethodAccessorImpl.java:43)
	at java.lang.reflect.Method.invoke(Method.java:498)
	at org.gradle.internal.dispatch.ReflectionDispatch.dispatch(ReflectionDispatch.java:35)
	at org.gradle.internal.dispatch.ReflectionDispatch.dispatch(ReflectionDispatch.java:24)
	at org.gradle.internal.remote.internal.hub.MessageHubBackedObjectConnection$DispatchWrapper.dispatch(MessageHubBackedObjectConnection.java:155)
	at org.gradle.internal.remote.internal.hub.MessageHubBackedObjectConnection$DispatchWrapper.dispatch(MessageHubBackedObjectConnection.java:137)
	at org.gradle.internal.remote.internal.hub.MessageHub$Handler.run(MessageHub.java:404)
	at org.gradle.internal.concurrent.ExecutorPolicy$CatchAndRecordFailures.onExecute(ExecutorPolicy.java:63)
	at org.gradle.internal.concurrent.ManagedExecutorImpl$1.run(ManagedExecutorImpl.java:46)
	at java.util.concurrent.ThreadPoolExecutor.runWorker(ThreadPoolExecutor.java:1149)
	at java.util.concurrent.ThreadPoolExecutor$Worker.run(ThreadPoolExecutor.java:624)
	at org.gradle.internal.concurrent.ThreadFactoryImpl$ManagedThreadRunnable.run(ThreadFactoryImpl.java:55)
	at java.lang.Thread.run(Thread.java:748)
Caused by: org.apache.tinkerpop.gremlin.driver.exception.ResponseException: Unsupported set clause: SetExactPropertiesFromMapItem(Variable(r),Variable(a))
	at org.apache.tinkerpop.gremlin.driver.Handler$GremlinResponseHandler.channelRead0(Handler.java:246)
	at org.apache.tinkerpop.gremlin.driver.Handler$GremlinResponseHandler.channelRead0(Handler.java:197)
	at io.netty.channel.SimpleChannelInboundHandler.channelRead(SimpleChannelInboundHandler.java:105)
	at io.netty.channel.AbstractChannelHandlerContext.invokeChannelRead(AbstractChannelHandlerContext.java:356)
	at io.netty.channel.AbstractChannelHandlerContext.invokeChannelRead(AbstractChannelHandlerContext.java:342)
	at io.netty.channel.AbstractChannelHandlerContext.fireChannelRead(AbstractChannelHandlerContext.java:335)
	at org.apache.tinkerpop.gremlin.driver.Handler$GremlinSaslAuthenticationHandler.channelRead0(Handler.java:123)
	at org.apache.tinkerpop.gremlin.driver.Handler$GremlinSaslAuthenticationHandler.channelRead0(Handler.java:67)
	at io.netty.channel.SimpleChannelInboundHandler.channelRead(SimpleChannelInboundHandler.java:105)
	at io.netty.channel.AbstractChannelHandlerContext.invokeChannelRead(AbstractChannelHandlerContext.java:356)
	at io.netty.channel.AbstractChannelHandlerContext.invokeChannelRead(AbstractChannelHandlerContext.java:342)
	at io.netty.channel.AbstractChannelHandlerContext.fireChannelRead(AbstractChannelHandlerContext.java:335)
	at io.netty.handler.codec.MessageToMessageDecoder.channelRead(MessageToMessageDecoder.java:102)
	at io.netty.channel.AbstractChannelHandlerContext.invokeChannelRead(AbstractChannelHandlerContext.java:356)
	at io.netty.channel.AbstractChannelHandlerContext.invokeChannelRead(AbstractChannelHandlerContext.java:342)
	at io.netty.channel.AbstractChannelHandlerContext.fireChannelRead(AbstractChannelHandlerContext.java:335)
	at org.apache.tinkerpop.gremlin.driver.handler.WebSocketClientHandler.channelRead0(WebSocketClientHandler.java:94)
	at io.netty.channel.SimpleChannelInboundHandler.channelRead(SimpleChannelInboundHandler.java:105)
	at io.netty.channel.AbstractChannelHandlerContext.invokeChannelRead(AbstractChannelHandlerContext.java:356)
	at io.netty.channel.AbstractChannelHandlerContext.invokeChannelRead(AbstractChannelHandlerContext.java:342)
	at io.netty.channel.AbstractChannelHandlerContext.fireChannelRead(AbstractChannelHandlerContext.java:335)
	at io.netty.handler.codec.ByteToMessageDecoder.fireChannelRead(ByteToMessageDecoder.java:312)
	at io.netty.handler.codec.ByteToMessageDecoder.channelRead(ByteToMessageDecoder.java:286)
	at io.netty.channel.AbstractChannelHandlerContext.invokeChannelRead(AbstractChannelHandlerContext.java:356)
	at io.netty.channel.AbstractChannelHandlerContext.invokeChannelRead(AbstractChannelHandlerContext.java:342)
	at io.netty.channel.AbstractChannelHandlerContext.fireChannelRead(AbstractChannelHandlerContext.java:335)
	at io.netty.channel.DefaultChannelPipeline$HeadContext.channelRead(DefaultChannelPipeline.java:1304)
	at io.netty.channel.AbstractChannelHandlerContext.invokeChannelRead(AbstractChannelHandlerContext.java:356)
	at io.netty.channel.AbstractChannelHandlerContext.invokeChannelRead(AbstractChannelHandlerContext.java:342)
	at io.netty.channel.DefaultChannelPipeline.fireChannelRead(DefaultChannelPipeline.java:921)
	at io.netty.channel.nio.AbstractNioByteChannel$NioByteUnsafe.read(AbstractNioByteChannel.java:135)
	at io.netty.channel.nio.NioEventLoop.processSelectedKey(NioEventLoop.java:646)
	at io.netty.channel.nio.NioEventLoop.processSelectedKeysOptimized(NioEventLoop.java:581)
	at io.netty.channel.nio.NioEventLoop.processSelectedKeys(NioEventLoop.java:498)
	at io.netty.channel.nio.NioEventLoop.run(NioEventLoop.java:460)
	at io.netty.util.concurrent.SingleThreadEventExecutor$2.run(SingleThreadEventExecutor.java:131)
	... 1 more
</pre>
      </div>
    </div>
  </div>


        
        

        

        
  
      </div>
      </div>
</div>


    

  </div>
</div>

                      
<div class="element">
  
  
<div class="tags indention">
  </div>

  
  <span class="lead-duration duration">0.005</span>


    <span data-toggle="collapse" class=" collapsed  collapsable-control" data-target="#element-49">
    
<div class="brief passed">
  <span class="keyword indention">Background</span>
  <span class="name"></span>
  

       <i class="chevron fa fa-fw"></i>
  </div>

  </span>
  <div class="description indention"></div>

  <div id="element-49" class="collapse collapsable-details ">
    


    
<div class="steps inner-level">
    <div data-toggle="collapse" class=" collapsed  collapsable-control" data-target="#steps-50">
    
<div class="brief passed">
  <span class="keyword indention">Steps</span>
  <span class="name"></span>
  

       <i class="chevron fa fa-fw"></i>
  </div>

  </div>

  <div id="steps-50" class="inner-level collapse collapsable-details ">
          <div class="step">
        
<div class="brief passed">
  <span class="keyword indention">Given</span>
  <span class="name">an empty graph</span>
  
  <span class="lead-duration duration">0.000</span>

  </div>

        


        
        

        
  <div class="outputs inner-level">
          <div class="output indention">
        <div data-toggle="collapse" class=" collapsed  collapsable-control" data-target="#output-51">
          Output 1
          <i class="chevron fa fa-fw"></i>
        </div>
        <div id="output-51" class="collapse collapsable-details " >
          
          <pre><p>23:03:42.324 [Test worker] DEBUG o.a.t.g.driver.Client - g.V().drop()}} to - Connection{host=Host{address=localhost/127.0.0.1:37875, hostUri=ws://localhost:37875/gremlin}}
</p></pre>
        </div>
      </div>
      </div>

        
  
      </div>
          <div class="step">
        
<div class="brief passed">
  <span class="keyword indention">And</span>
  <span class="name">having executed:</span>
  
  <span class="lead-duration duration">0.005</span>

  </div>

        


        
        
  <div class="inner-level">
    <div class="docstring indention">
            <div data-toggle="collapse" class="collapsable-control" data-target="#msg-52">
          <a>Doc string</a>
      </div>
      <div id="msg-52" class="collapse collapsable-details">
        <pre>CREATE (:A {name: 'A'}), (:B {name: 'B'})</pre>
      </div>
    </div>
  </div>

        
  <div class="outputs inner-level">
          <div class="output indention">
        <div data-toggle="collapse" class=" collapsed  collapsable-control" data-target="#output-53">
          Output 1
          <i class="chevron fa fa-fw"></i>
        </div>
        <div id="output-53" class="collapse collapsable-details " >
          
          <pre><p>23:03:42.325 [Test worker] DEBUG o.a.t.g.driver.Client - CREATE (:A {name: 'A'}), (:B {name: 'B'})}} to - Connection{host=Host{address=localhost/127.0.0.1:37875, hostUri=ws://localhost:37875/gremlin}}
23:03:42.325 [gremlin-server-worker-1] INFO  o.o.g.s.o.c.CypherOpProcessor - Cypher: CREATE (:A {name: 'A'}), (:B {name: 'B'})
23:03:42.328 [gremlin-server-worker-1] INFO  o.o.g.s.o.c.CypherOpProcessor - Gremlin: g.addV('A').property(single, 'name', 'A').addV('B').property(single, 'name', 'B').barrier().limit(0)
</p></pre>
        </div>
      </div>
      </div>

        
  
      </div>
      </div>
</div>


    

  </div>
</div>

                      
<div class="element">
  
  
<div class="tags indention">
  </div>

  
  <span class="lead-duration duration">0.029</span>


    <span data-toggle="collapse" class=" collapsable-control" data-target="#element-54">
    
<div class="brief failed">
  <span class="keyword indention">Scenario</span>
  <span class="name">Copying properties from literal map with ON CREATE</span>
  

       <i class="chevron fa fa-fw"></i>
  </div>

  </span>
  <div class="description indention"></div>

  <div id="element-54" class="collapse collapsable-details  in ">
    


    
<div class="steps inner-level">
    <div data-toggle="collapse" class=" collapsable-control" data-target="#steps-55">
    
<div class="brief failed">
  <span class="keyword indention">Steps</span>
  <span class="name"></span>
  

       <i class="chevron fa fa-fw"></i>
  </div>

  </div>

  <div id="steps-55" class="inner-level collapse collapsable-details  in ">
          <div class="step">
        
<div class="brief passed">
  <span class="keyword indention">When</span>
  <span class="name">executing query:</span>
  
  <span class="lead-duration duration">0.010</span>

  </div>

        


        
        
  <div class="inner-level">
    <div class="docstring indention">
            <div data-toggle="collapse" class="collapsable-control" data-target="#msg-56">
          <a>Doc string</a>
      </div>
      <div id="msg-56" class="collapse collapsable-details">
        <pre>MATCH (a {name: 'A'}), (b {name: 'B'})
MERGE (a)-[r:TYPE]-&gt;(b)
  ON CREATE SET r += {foo: 'bar', bar: 'baz'}</pre>
      </div>
    </div>
  </div>

        
  <div class="outputs inner-level">
          <div class="output indention">
        <div data-toggle="collapse" class=" collapsed  collapsable-control" data-target="#output-57">
          Output 1
          <i class="chevron fa fa-fw"></i>
        </div>
        <div id="output-57" class="collapse collapsable-details " >
          
          <pre><p>23:03:42.351 [Test worker] DEBUG o.a.t.g.driver.Client - MATCH (a {name: 'A'}), (b {name: 'B'})
MERGE (a)-[r:TYPE]-&gt;(b)
  ON CREATE SET r += {foo: 'bar', bar: 'baz'}}} to - Connection{host=Host{address=localhost/127.0.0.1:37875, hostUri=ws://localhost:37875/gremlin}}
23:03:42.351 [gremlin-server-worker-1] INFO  o.o.g.s.o.c.CypherOpProcessor - Cypher: MATCH (a {name: 'A'}), (b {name: 'B'}) MERGE (a)-[r:TYPE]-&gt;(b)   ON CREATE SET r += {foo: 'bar', bar: 'baz'}
23:03:42.356 [gremlin-server-worker-1] INFO  o.o.g.s.o.c.CypherOpProcessor - Gremlin: g.V().as('a').has('name', eq('A')).V().as('b').has('name', eq('B')).choose(__.select('a').outE('TYPE').as('r').inV().as('  GENERATED5').where(__.select('  GENERATED5').where(eq('b'))), __.select('a').outE('TYPE').as('r').inV().as('  GENERATED5').where(__.select('  GENERATED5').where(eq('b'))), __.identity().addE('TYPE').from('a').to('b').as('r').choose(neq('  cypher.null'), __.property('foo', 'bar'), __.constant('  cypher.null')).select('r').choose(neq('  cypher.null'), __.property('bar', 'baz'), __.constant('  cypher.null'))).barrier().limit(0)
</p></pre>
        </div>
      </div>
      </div>

        
  
      </div>
          <div class="step">
        
<div class="brief passed">
  <span class="keyword indention">Then</span>
  <span class="name">the result should be empty</span>
  
  <span class="lead-duration duration">0.000</span>

  </div>

        


        
        

        

        
  
      </div>
          <div class="step">
        
<div class="brief passed">
  <span class="keyword indention">And</span>
  <span class="name">the side effects should be:</span>
  
  <span class="lead-duration duration">0.011</span>

  </div>

        


                  <table class="step-arguments">
                          <tr>
                                  <td>+relationships</td>
                                  <td>1</td>
                              </tr>
                          <tr>
                                  <td>+properties</td>
                                  <td>2</td>
                              </tr>
                      </table>
        
        

        
  <div class="outputs inner-level">
          <div class="output indention">
        <div data-toggle="collapse" class=" collapsed  collapsable-control" data-target="#output-58">
          Output 1
          <i class="chevron fa fa-fw"></i>
        </div>
        <div id="output-58" class="collapse collapsable-details " >
          
          <pre><p>23:03:42.361 [Test worker] DEBUG o.a.t.g.driver.Client - MATCH (n) RETURN id(n)}} to - Connection{host=Host{address=localhost/127.0.0.1:37875, hostUri=ws://localhost:37875/gremlin}}
23:03:42.362 [gremlin-server-worker-1] INFO  o.o.g.s.o.c.CypherOpProcessor - Cypher: MATCH (n) RETURN id(n)
23:03:42.364 [gremlin-server-worker-1] INFO  o.o.g.s.o.c.CypherOpProcessor - Gremlin: g.V().project('id(n)').by(__.choose(neq('  cypher.null'), __.id(), __.constant('  cypher.null')))
23:03:42.365 [Test worker] DEBUG o.a.t.g.driver.Client - MATCH ()-[r]-&gt;() RETURN id(r)}} to - Connection{host=Host{address=localhost/127.0.0.1:37875, hostUri=ws://localhost:37875/gremlin}}
23:03:42.365 [gremlin-server-worker-1] INFO  o.o.g.s.o.c.CypherOpProcessor - Cypher: MATCH ()-[r]-&gt;() RETURN id(r)
23:03:42.368 [gremlin-server-worker-1] INFO  o.o.g.s.o.c.CypherOpProcessor - Gremlin: g.E().project('id(r)').by(__.choose(neq('  cypher.null'), __.id(), __.constant('  cypher.null')))
23:03:42.368 [Test worker] DEBUG o.a.t.g.driver.Client - MATCH (n)
UNWIND labels(n) AS label
RETURN DISTINCT label}} to - Connection{host=Host{address=localhost/127.0.0.1:37875, hostUri=ws://localhost:37875/gremlin}}
23:03:42.368 [gremlin-server-worker-1] INFO  o.o.g.s.o.c.CypherOpProcessor - Cypher: MATCH (n) UNWIND labels(n) AS label RETURN DISTINCT label
23:03:42.371 [gremlin-server-worker-1] INFO  o.o.g.s.o.c.CypherOpProcessor - Gremlin: g.V().label().is(neq('vertex')).project('label').by(__.identity()).dedup()
23:03:42.372 [Test worker] DEBUG o.a.t.g.driver.Client - g.V().as('V').properties().project('nodeId', 'key', 'value').by(__.select('V').id()).by(__.key()).by(__.value())}} to - Connection{host=Host{address=localhost/127.0.0.1:37875, hostUri=ws://localhost:37875/gremlin}}
23:03:42.372 [Test worker] DEBUG o.a.t.g.driver.Client - g.V().outE().as('E').properties().project('relId', 'key', 'value').by(__.select('E').id()).by(__.key()).by(__.value())}} to - Connection{host=Host{address=localhost/127.0.0.1:37875, hostUri=ws://localhost:37875/gremlin}}
-labels:        0
+labels:        0
+nodes:         0
-nodes:         0
-properties:    0
+properties:    2
-relationships: 0
+relationships: 1
</p></pre>
        </div>
      </div>
      </div>

        
  
      </div>
          <div class="step">
        
<div class="brief passed">
  <span class="keyword indention">When</span>
  <span class="name">executing control query:</span>
  
  <span class="lead-duration duration">0.007</span>

  </div>

        


        
        
  <div class="inner-level">
    <div class="docstring indention">
            <div data-toggle="collapse" class="collapsable-control" data-target="#msg-59">
          <a>Doc string</a>
      </div>
      <div id="msg-59" class="collapse collapsable-details">
        <pre>MATCH ()-[r:TYPE]-&gt;()
RETURN [key IN keys(r) | key + '-&gt;' + r[key]] AS keyValue</pre>
      </div>
    </div>
  </div>

        
  <div class="outputs inner-level">
          <div class="output indention">
        <div data-toggle="collapse" class=" collapsed  collapsable-control" data-target="#output-60">
          Output 1
          <i class="chevron fa fa-fw"></i>
        </div>
        <div id="output-60" class="collapse collapsable-details " >
          
          <pre><p>23:03:42.373 [Test worker] DEBUG o.a.t.g.driver.Client - MATCH ()-[r:TYPE]-&gt;()
RETURN [key IN keys(r) | key + '-&gt;' + r[key]] AS keyValue}} to - Connection{host=Host{address=localhost/127.0.0.1:37875, hostUri=ws://localhost:37875/gremlin}}
23:03:42.373 [gremlin-server-worker-1] INFO  o.o.g.s.o.c.CypherOpProcessor - Cypher: MATCH ()-[r:TYPE]-&gt;() RETURN [key IN keys(r) | key + '-&gt;' + r[key]] AS keyValue
23:03:42.379 [gremlin-server-worker-1] WARN  o.a.t.g.s.h.OpExecutorHandler - Unsupported expression: ListComprehension(ExtractScope(Variable(key),None,Some(Add(Add(Variable(key),StringLiteral(-&gt;)),ContainerIndex(Variable(r),Variable(key))))),FunctionInvocation(Namespace(List()),FunctionName(keys),false,Vector(Variable(r))))
java.lang.UnsupportedOperationException: Unsupported expression: ListComprehension(ExtractScope(Variable(key),None,Some(Add(Add(Variable(key),StringLiteral(-&gt;)),ContainerIndex(Variable(r),Variable(key))))),FunctionInvocation(Namespace(List()),FunctionName(keys),false,Vector(Variable(r))))
	at org.opencypher.gremlin.translation.context.WalkerContext.unsupported(WalkerContext.scala:72)
	at org.opencypher.gremlin.translation.walker.ProjectionWalker.org$opencypher$gremlin$translation$walker$ProjectionWalker$$aggregation(ProjectionWalker.scala:377)
	at org.opencypher.gremlin.translation.walker.ProjectionWalker$$anonfun$org$opencypher$gremlin$translation$walker$ProjectionWalker$$pivot$1.applyOrElse(ProjectionWalker.scala:262)
	at org.opencypher.gremlin.translation.walker.ProjectionWalker$$anonfun$org$opencypher$gremlin$translation$walker$ProjectionWalker$$pivot$1.applyOrElse(ProjectionWalker.scala:258)
	at scala.runtime.AbstractPartialFunction.apply(AbstractPartialFunction.scala:36)
	at scala.util.Failure$$anonfun$recover$1.apply(Try.scala:216)
	at scala.util.Try$.apply(Try.scala:192)
	at scala.util.Failure.recover(Try.scala:216)
	at org.opencypher.gremlin.translation.walker.ProjectionWalker.org$opencypher$gremlin$translation$walker$ProjectionWalker$$pivot(ProjectionWalker.scala:258)
	at org.opencypher.gremlin.translation.walker.ProjectionWalker$$anonfun$returnSubTraversals$1.apply(ProjectionWalker.scala:107)
	at org.opencypher.gremlin.translation.walker.ProjectionWalker$$anonfun$returnSubTraversals$1.apply(ProjectionWalker.scala:104)
	at scala.collection.immutable.List.foreach(List.scala:392)
	at org.opencypher.gremlin.translation.walker.ProjectionWalker.returnSubTraversals(ProjectionWalker.scala:104)
	at org.opencypher.gremlin.translation.walker.ProjectionWalker.walk(ProjectionWalker.scala:75)
	at org.opencypher.gremlin.translation.walker.ProjectionWalker$.walk(ProjectionWalker.scala:42)
	at org.opencypher.gremlin.translation.walker.StatementWalker.org$opencypher$gremlin$translation$walker$StatementWalker$$walkClause(StatementWalker.scala:104)
	at org.opencypher.gremlin.translation.walker.StatementWalker$$anonfun$walkSingle$1.apply(StatementWalker.scala:81)
	at org.opencypher.gremlin.translation.walker.StatementWalker$$anonfun$walkSingle$1.apply(StatementWalker.scala:81)
	at scala.collection.immutable.List.foreach(List.scala:392)
	at org.opencypher.gremlin.translation.walker.StatementWalker.walkSingle(StatementWalker.scala:81)
	at org.opencypher.gremlin.translation.walker.StatementWalker.walk(StatementWalker.scala:42)
	at org.opencypher.gremlin.translation.walker.StatementWalker$.walk(StatementWalker.scala:29)
	at org.opencypher.gremlin.translation.CypherAst.translate(CypherAst.scala:80)
	at org.opencypher.gremlin.server.op.cypher.CypherOpProcessor.evalCypher(CypherOpProcessor.java:104)
	at org.apache.tinkerpop.gremlin.server.handler.OpExecutorHandler.channelRead0(OpExecutorHandler.java:68)
	at org.apache.tinkerpop.gremlin.server.handler.OpExecutorHandler.channelRead0(OpExecutorHandler.java:43)
	at io.netty.channel.SimpleChannelInboundHandler.channelRead(SimpleChannelInboundHandler.java:105)
	at io.netty.channel.AbstractChannelHandlerContext.invokeChannelRead(AbstractChannelHandlerContext.java:356)
	at io.netty.channel.AbstractChannelHandlerContext.invokeChannelRead(AbstractChannelHandlerContext.java:342)
	at io.netty.channel.AbstractChannelHandlerContext.fireChannelRead(AbstractChannelHandlerContext.java:335)
	at io.netty.handler.codec.MessageToMessageDecoder.channelRead(MessageToMessageDecoder.java:102)
	at io.netty.channel.AbstractChannelHandlerContext.invokeChannelRead(AbstractChannelHandlerContext.java:356)
	at io.netty.channel.AbstractChannelHandlerContext.invokeChannelRead(AbstractChannelHandlerContext.java:342)
	at io.netty.channel.AbstractChannelHandlerContext.fireChannelRead(AbstractChannelHandlerContext.java:335)
	at io.netty.handler.codec.MessageToMessageDecoder.channelRead(MessageToMessageDecoder.java:102)
	at io.netty.channel.AbstractChannelHandlerContext.invokeChannelRead(AbstractChannelHandlerContext.java:356)
	at io.netty.channel.AbstractChannelHandlerContext.invokeChannelRead(AbstractChannelHandlerContext.java:342)
	at io.netty.channel.AbstractChannelHandlerContext.fireChannelRead(AbstractChannelHandlerContext.java:335)
	at io.netty.handler.codec.MessageToMessageDecoder.channelRead(MessageToMessageDecoder.java:102)
	at io.netty.channel.AbstractChannelHandlerContext.invokeChannelRead(AbstractChannelHandlerContext.java:356)
	at io.netty.channel.AbstractChannelHandlerContext.invokeChannelRead(AbstractChannelHandlerContext.java:342)
	at io.netty.channel.AbstractChannelHandlerContext.fireChannelRead(AbstractChannelHandlerContext.java:335)
	at io.netty.handler.codec.MessageToMessageDecoder.channelRead(MessageToMessageDecoder.java:102)
	at io.netty.channel.AbstractChannelHandlerContext.invokeChannelRead(AbstractChannelHandlerContext.java:356)
	at io.netty.channel.AbstractChannelHandlerContext.invokeChannelRead(AbstractChannelHandlerContext.java:342)
	at io.netty.channel.AbstractChannelHandlerContext.fireChannelRead(AbstractChannelHandlerContext.java:335)
	at io.netty.handler.codec.MessageToMessageDecoder.channelRead(MessageToMessageDecoder.java:102)
	at io.netty.channel.AbstractChannelHandlerContext.invokeChannelRead(AbstractChannelHandlerContext.java:356)
	at io.netty.channel.AbstractChannelHandlerContext.invokeChannelRead(AbstractChannelHandlerContext.java:342)
	at io.netty.channel.AbstractChannelHandlerContext.fireChannelRead(AbstractChannelHandlerContext.java:335)
	at io.netty.handler.codec.http.websocketx.WebSocketServerProtocolHandler$1.channelRead(WebSocketServerProtocolHandler.java:159)
	at io.netty.channel.AbstractChannelHandlerContext.invokeChannelRead(AbstractChannelHandlerContext.java:356)
	at io.netty.channel.AbstractChannelHandlerContext.invokeChannelRead(AbstractChannelHandlerContext.java:342)
	at io.netty.channel.AbstractChannelHandlerContext.fireChannelRead(AbstractChannelHandlerContext.java:335)
	at io.netty.handler.codec.ByteToMessageDecoder.fireChannelRead(ByteToMessageDecoder.java:312)
	at io.netty.handler.codec.ByteToMessageDecoder.channelRead(ByteToMessageDecoder.java:286)
	at io.netty.channel.AbstractChannelHandlerContext.invokeChannelRead(AbstractChannelHandlerContext.java:356)
	at io.netty.channel.AbstractChannelHandlerContext.invokeChannelRead(AbstractChannelHandlerContext.java:342)
	at io.netty.channel.AbstractChannelHandlerContext.fireChannelRead(AbstractChannelHandlerContext.java:335)
	at io.netty.handler.timeout.IdleStateHandler.channelRead(IdleStateHandler.java:286)
	at io.netty.channel.AbstractChannelHandlerContext.invokeChannelRead(AbstractChannelHandlerContext.java:356)
	at io.netty.channel.AbstractChannelHandlerContext.invokeChannelRead(AbstractChannelHandlerContext.java:342)
	at io.netty.channel.AbstractChannelHandlerContext.fireChannelRead(AbstractChannelHandlerContext.java:335)
	at io.netty.channel.DefaultChannelPipeline$HeadContext.channelRead(DefaultChannelPipeline.java:1304)
	at io.netty.channel.AbstractChannelHandlerContext.invokeChannelRead(AbstractChannelHandlerContext.java:356)
	at io.netty.channel.AbstractChannelHandlerContext.invokeChannelRead(AbstractChannelHandlerContext.java:342)
	at io.netty.channel.DefaultChannelPipeline.fireChannelRead(DefaultChannelPipeline.java:921)
	at io.netty.channel.nio.AbstractNioByteChannel$NioByteUnsafe.read(AbstractNioByteChannel.java:135)
	at io.netty.channel.nio.NioEventLoop.processSelectedKey(NioEventLoop.java:646)
	at io.netty.channel.nio.NioEventLoop.processSelectedKeysOptimized(NioEventLoop.java:581)
	at io.netty.channel.nio.NioEventLoop.processSelectedKeys(NioEventLoop.java:498)
	at io.netty.channel.nio.NioEventLoop.run(NioEventLoop.java:460)
	at io.netty.util.concurrent.SingleThreadEventExecutor$2.run(SingleThreadEventExecutor.java:131)
	at java.lang.Thread.run(Thread.java:748)
</p></pre>
        </div>
      </div>
      </div>

        
  
      </div>
          <div class="step">
        
<div class="brief failed">
  <span class="keyword indention">Then</span>
  <span class="name">the result should be (ignoring element order for lists):</span>
  
  <span class="lead-duration duration">0.000</span>

  </div>

        

  <div class="inner-level">
    <div class="message indention">
      <div data-toggle="collapse" class=" collapsable-control" data-target="#msg-61">
          <a>org.opencypher.tools.tck.api.Scenario$ScenarioFailedException: Feature &quot;MergeIntoAcceptance&quot;: Scenario &quot;Copying properties from literal map with ON CREATE&quot; failed with message: Expected: | keyValue |</a>
      </div>
      <div id="msg-61" class="collapse collapsable-details  in ">
        <pre>org.opencypher.tools.tck.api.Scenario$ScenarioFailedException: Feature &quot;MergeIntoAcceptance&quot;: Scenario &quot;Copying properties from literal map with ON CREATE&quot; failed with message: Expected: | keyValue |
| ['bar-&gt;baz', 'foo-&gt;bar'] |, got error ExecutionFailed(UnknownError,runtime,Unsupported expression: ListComprehension(ExtractScope(Variable(key),None,Some(Add(Add(Variable(key),StringLiteral(-&gt;)),ContainerIndex(Variable(r),Variable(key))))),FunctionInvocation(Namespace(List()),FunctionName(keys),false,Vector(Variable(r)))),Some(org.apache.tinkerpop.gremlin.driver.exception.ResponseException: Unsupported expression: ListComprehension(ExtractScope(Variable(key),None,Some(Add(Add(Variable(key),StringLiteral(-&gt;)),ContainerIndex(Variable(r),Variable(key))))),FunctionInvocation(Namespace(List()),FunctionName(keys),false,Vector(Variable(r))))))
	at org.opencypher.tools.tck.api.Scenario$$anonfun$executeOnGraph$1.apply(Scenario.scala:95)
	at org.opencypher.tools.tck.api.Scenario$$anonfun$executeOnGraph$1.apply(Scenario.scala:60)
	at scala.collection.LinearSeqOptimized$class.foldLeft(LinearSeqOptimized.scala:124)
	at scala.collection.immutable.List.foldLeft(List.scala:84)
	at org.opencypher.tools.tck.api.Scenario.executeOnGraph(Scenario.scala:60)
	at org.opencypher.tools.tck.api.Scenario$$anon$1.execute(Scenario.scala:54)
	at org.junit.jupiter.engine.descriptor.JupiterTestDescriptor.executeAndMaskThrowable(JupiterTestDescriptor.java:145)
	at org.junit.jupiter.engine.descriptor.DynamicTestTestDescriptor.execute(DynamicTestTestDescriptor.java:46)
	at org.junit.jupiter.engine.descriptor.DynamicTestTestDescriptor.execute(DynamicTestTestDescriptor.java:24)
	at org.junit.platform.engine.support.hierarchical.HierarchicalTestExecutor.lambda$execute$3(HierarchicalTestExecutor.java:83)
	at org.junit.platform.engine.support.hierarchical.SingleTestExecutor.executeSafely(SingleTestExecutor.java:66)
	at org.junit.platform.engine.support.hierarchical.HierarchicalTestExecutor.execute(HierarchicalTestExecutor.java:77)
	at org.junit.platform.engine.support.hierarchical.HierarchicalTestExecutor.lambda$null$0(HierarchicalTestExecutor.java:85)
	at org.junit.jupiter.engine.descriptor.TestFactoryTestDescriptor.lambda$invokeTestMethod$1(TestFactoryTestDescriptor.java:80)
	at org.junit.jupiter.engine.execution.ThrowableCollector.execute(ThrowableCollector.java:40)
	at org.junit.jupiter.engine.descriptor.TestFactoryTestDescriptor.invokeTestMethod(TestFactoryTestDescriptor.java:68)
	at org.junit.jupiter.engine.descriptor.TestMethodTestDescriptor.execute(TestMethodTestDescriptor.java:110)
	at org.junit.jupiter.engine.descriptor.TestMethodTestDescriptor.execute(TestMethodTestDescriptor.java:57)
	at org.junit.platform.engine.support.hierarchical.HierarchicalTestExecutor.lambda$execute$3(HierarchicalTestExecutor.java:83)
	at org.junit.platform.engine.support.hierarchical.SingleTestExecutor.executeSafely(SingleTestExecutor.java:66)
	at org.junit.platform.engine.support.hierarchical.HierarchicalTestExecutor.execute(HierarchicalTestExecutor.java:77)
	at org.junit.platform.engine.support.hierarchical.HierarchicalTestExecutor.lambda$null$2(HierarchicalTestExecutor.java:92)
	at java.util.stream.ForEachOps$ForEachOp$OfRef.accept(ForEachOps.java:184)
	at java.util.stream.ReferencePipeline$2$1.accept(ReferencePipeline.java:175)
	at java.util.Iterator.forEachRemaining(Iterator.java:116)
	at java.util.Spliterators$IteratorSpliterator.forEachRemaining(Spliterators.java:1801)
	at java.util.stream.AbstractPipeline.copyInto(AbstractPipeline.java:481)
	at java.util.stream.AbstractPipeline.wrapAndCopyInto(AbstractPipeline.java:471)
	at java.util.stream.ForEachOps$ForEachOp.evaluateSequential(ForEachOps.java:151)
	at java.util.stream.ForEachOps$ForEachOp$OfRef.evaluateSequential(ForEachOps.java:174)
	at java.util.stream.AbstractPipeline.evaluate(AbstractPipeline.java:234)
	at java.util.stream.ReferencePipeline.forEach(ReferencePipeline.java:418)
	at org.junit.platform.engine.support.hierarchical.HierarchicalTestExecutor.lambda$execute$3(HierarchicalTestExecutor.java:92)
	at org.junit.platform.engine.support.hierarchical.SingleTestExecutor.executeSafely(SingleTestExecutor.java:66)
	at org.junit.platform.engine.support.hierarchical.HierarchicalTestExecutor.execute(HierarchicalTestExecutor.java:77)
	at org.junit.platform.engine.support.hierarchical.HierarchicalTestExecutor.lambda$null$2(HierarchicalTestExecutor.java:92)
	at java.util.stream.ForEachOps$ForEachOp$OfRef.accept(ForEachOps.java:184)
	at java.util.stream.ReferencePipeline$2$1.accept(ReferencePipeline.java:175)
	at java.util.Iterator.forEachRemaining(Iterator.java:116)
	at java.util.Spliterators$IteratorSpliterator.forEachRemaining(Spliterators.java:1801)
	at java.util.stream.AbstractPipeline.copyInto(AbstractPipeline.java:481)
	at java.util.stream.AbstractPipeline.wrapAndCopyInto(AbstractPipeline.java:471)
	at java.util.stream.ForEachOps$ForEachOp.evaluateSequential(ForEachOps.java:151)
	at java.util.stream.ForEachOps$ForEachOp$OfRef.evaluateSequential(ForEachOps.java:174)
	at java.util.stream.AbstractPipeline.evaluate(AbstractPipeline.java:234)
	at java.util.stream.ReferencePipeline.forEach(ReferencePipeline.java:418)
	at org.junit.platform.engine.support.hierarchical.HierarchicalTestExecutor.lambda$execute$3(HierarchicalTestExecutor.java:92)
	at org.junit.platform.engine.support.hierarchical.SingleTestExecutor.executeSafely(SingleTestExecutor.java:66)
	at org.junit.platform.engine.support.hierarchical.HierarchicalTestExecutor.execute(HierarchicalTestExecutor.java:77)
	at org.junit.platform.engine.support.hierarchical.HierarchicalTestExecutor.execute(HierarchicalTestExecutor.java:51)
	at org.junit.platform.engine.support.hierarchical.HierarchicalTestEngine.execute(HierarchicalTestEngine.java:43)
	at org.junit.platform.launcher.core.DefaultLauncher.execute(DefaultLauncher.java:170)
	at org.junit.platform.launcher.core.DefaultLauncher.execute(DefaultLauncher.java:154)
	at org.junit.platform.launcher.core.DefaultLauncher.execute(DefaultLauncher.java:90)
	at org.gradle.api.internal.tasks.testing.junitplatform.JUnitPlatformTestClassProcessor$CollectAllTestClassesExecutor.processAllTestClasses(JUnitPlatformTestClassProcessor.java:92)
	at org.gradle.api.internal.tasks.testing.junitplatform.JUnitPlatformTestClassProcessor$CollectAllTestClassesExecutor.access$100(JUnitPlatformTestClassProcessor.java:77)
	at org.gradle.api.internal.tasks.testing.junitplatform.JUnitPlatformTestClassProcessor.stop(JUnitPlatformTestClassProcessor.java:73)
	at org.gradle.api.internal.tasks.testing.SuiteTestClassProcessor.stop(SuiteTestClassProcessor.java:61)
	at sun.reflect.NativeMethodAccessorImpl.invoke0(Native Method)
	at sun.reflect.NativeMethodAccessorImpl.invoke(NativeMethodAccessorImpl.java:62)
	at sun.reflect.DelegatingMethodAccessorImpl.invoke(DelegatingMethodAccessorImpl.java:43)
	at java.lang.reflect.Method.invoke(Method.java:498)
	at org.gradle.internal.dispatch.ReflectionDispatch.dispatch(ReflectionDispatch.java:35)
	at org.gradle.internal.dispatch.ReflectionDispatch.dispatch(ReflectionDispatch.java:24)
	at org.gradle.internal.dispatch.ContextClassLoaderDispatch.dispatch(ContextClassLoaderDispatch.java:32)
	at org.gradle.internal.dispatch.ProxyDispatchAdapter$DispatchingInvocationHandler.invoke(ProxyDispatchAdapter.java:93)
	at com.sun.proxy.$Proxy1.stop(Unknown Source)
	at org.gradle.api.internal.tasks.testing.worker.TestWorker.stop(TestWorker.java:123)
	at sun.reflect.NativeMethodAccessorImpl.invoke0(Native Method)
	at sun.reflect.NativeMethodAccessorImpl.invoke(NativeMethodAccessorImpl.java:62)
	at sun.reflect.DelegatingMethodAccessorImpl.invoke(DelegatingMethodAccessorImpl.java:43)
	at java.lang.reflect.Method.invoke(Method.java:498)
	at org.gradle.internal.dispatch.ReflectionDispatch.dispatch(ReflectionDispatch.java:35)
	at org.gradle.internal.dispatch.ReflectionDispatch.dispatch(ReflectionDispatch.java:24)
	at org.gradle.internal.remote.internal.hub.MessageHubBackedObjectConnection$DispatchWrapper.dispatch(MessageHubBackedObjectConnection.java:155)
	at org.gradle.internal.remote.internal.hub.MessageHubBackedObjectConnection$DispatchWrapper.dispatch(MessageHubBackedObjectConnection.java:137)
	at org.gradle.internal.remote.internal.hub.MessageHub$Handler.run(MessageHub.java:404)
	at org.gradle.internal.concurrent.ExecutorPolicy$CatchAndRecordFailures.onExecute(ExecutorPolicy.java:63)
	at org.gradle.internal.concurrent.ManagedExecutorImpl$1.run(ManagedExecutorImpl.java:46)
	at java.util.concurrent.ThreadPoolExecutor.runWorker(ThreadPoolExecutor.java:1149)
	at java.util.concurrent.ThreadPoolExecutor$Worker.run(ThreadPoolExecutor.java:624)
	at org.gradle.internal.concurrent.ThreadFactoryImpl$ManagedThreadRunnable.run(ThreadFactoryImpl.java:55)
	at java.lang.Thread.run(Thread.java:748)
Caused by: org.apache.tinkerpop.gremlin.driver.exception.ResponseException: Unsupported expression: ListComprehension(ExtractScope(Variable(key),None,Some(Add(Add(Variable(key),StringLiteral(-&gt;)),ContainerIndex(Variable(r),Variable(key))))),FunctionInvocation(Namespace(List()),FunctionName(keys),false,Vector(Variable(r))))
	at org.apache.tinkerpop.gremlin.driver.Handler$GremlinResponseHandler.channelRead0(Handler.java:246)
	at org.apache.tinkerpop.gremlin.driver.Handler$GremlinResponseHandler.channelRead0(Handler.java:197)
	at io.netty.channel.SimpleChannelInboundHandler.channelRead(SimpleChannelInboundHandler.java:105)
	at io.netty.channel.AbstractChannelHandlerContext.invokeChannelRead(AbstractChannelHandlerContext.java:356)
	at io.netty.channel.AbstractChannelHandlerContext.invokeChannelRead(AbstractChannelHandlerContext.java:342)
	at io.netty.channel.AbstractChannelHandlerContext.fireChannelRead(AbstractChannelHandlerContext.java:335)
	at org.apache.tinkerpop.gremlin.driver.Handler$GremlinSaslAuthenticationHandler.channelRead0(Handler.java:123)
	at org.apache.tinkerpop.gremlin.driver.Handler$GremlinSaslAuthenticationHandler.channelRead0(Handler.java:67)
	at io.netty.channel.SimpleChannelInboundHandler.channelRead(SimpleChannelInboundHandler.java:105)
	at io.netty.channel.AbstractChannelHandlerContext.invokeChannelRead(AbstractChannelHandlerContext.java:356)
	at io.netty.channel.AbstractChannelHandlerContext.invokeChannelRead(AbstractChannelHandlerContext.java:342)
	at io.netty.channel.AbstractChannelHandlerContext.fireChannelRead(AbstractChannelHandlerContext.java:335)
	at io.netty.handler.codec.MessageToMessageDecoder.channelRead(MessageToMessageDecoder.java:102)
	at io.netty.channel.AbstractChannelHandlerContext.invokeChannelRead(AbstractChannelHandlerContext.java:356)
	at io.netty.channel.AbstractChannelHandlerContext.invokeChannelRead(AbstractChannelHandlerContext.java:342)
	at io.netty.channel.AbstractChannelHandlerContext.fireChannelRead(AbstractChannelHandlerContext.java:335)
	at org.apache.tinkerpop.gremlin.driver.handler.WebSocketClientHandler.channelRead0(WebSocketClientHandler.java:94)
	at io.netty.channel.SimpleChannelInboundHandler.channelRead(SimpleChannelInboundHandler.java:105)
	at io.netty.channel.AbstractChannelHandlerContext.invokeChannelRead(AbstractChannelHandlerContext.java:356)
	at io.netty.channel.AbstractChannelHandlerContext.invokeChannelRead(AbstractChannelHandlerContext.java:342)
	at io.netty.channel.AbstractChannelHandlerContext.fireChannelRead(AbstractChannelHandlerContext.java:335)
	at io.netty.handler.codec.ByteToMessageDecoder.fireChannelRead(ByteToMessageDecoder.java:312)
	at io.netty.handler.codec.ByteToMessageDecoder.channelRead(ByteToMessageDecoder.java:286)
	at io.netty.channel.AbstractChannelHandlerContext.invokeChannelRead(AbstractChannelHandlerContext.java:356)
	at io.netty.channel.AbstractChannelHandlerContext.invokeChannelRead(AbstractChannelHandlerContext.java:342)
	at io.netty.channel.AbstractChannelHandlerContext.fireChannelRead(AbstractChannelHandlerContext.java:335)
	at io.netty.channel.DefaultChannelPipeline$HeadContext.channelRead(DefaultChannelPipeline.java:1304)
	at io.netty.channel.AbstractChannelHandlerContext.invokeChannelRead(AbstractChannelHandlerContext.java:356)
	at io.netty.channel.AbstractChannelHandlerContext.invokeChannelRead(AbstractChannelHandlerContext.java:342)
	at io.netty.channel.DefaultChannelPipeline.fireChannelRead(DefaultChannelPipeline.java:921)
	at io.netty.channel.nio.AbstractNioByteChannel$NioByteUnsafe.read(AbstractNioByteChannel.java:135)
	at io.netty.channel.nio.NioEventLoop.processSelectedKey(NioEventLoop.java:646)
	at io.netty.channel.nio.NioEventLoop.processSelectedKeysOptimized(NioEventLoop.java:581)
	at io.netty.channel.nio.NioEventLoop.processSelectedKeys(NioEventLoop.java:498)
	at io.netty.channel.nio.NioEventLoop.run(NioEventLoop.java:460)
	at io.netty.util.concurrent.SingleThreadEventExecutor$2.run(SingleThreadEventExecutor.java:131)
	... 1 more
</pre>
      </div>
    </div>
  </div>


                  <table class="step-arguments">
                          <tr>
                                  <td>keyValue</td>
                              </tr>
                          <tr>
                                  <td>['foo-&gt;bar', 'bar-&gt;baz']</td>
                              </tr>
                      </table>
        
        

        

        
  
      </div>
      </div>
</div>


    

  </div>
</div>

                      
<div class="element">
  
  
<div class="tags indention">
  </div>

  
  <span class="lead-duration duration">0.006</span>


    <span data-toggle="collapse" class=" collapsed  collapsable-control" data-target="#element-62">
    
<div class="brief passed">
  <span class="keyword indention">Background</span>
  <span class="name"></span>
  

       <i class="chevron fa fa-fw"></i>
  </div>

  </span>
  <div class="description indention"></div>

  <div id="element-62" class="collapse collapsable-details ">
    


    
<div class="steps inner-level">
    <div data-toggle="collapse" class=" collapsed  collapsable-control" data-target="#steps-63">
    
<div class="brief passed">
  <span class="keyword indention">Steps</span>
  <span class="name"></span>
  

       <i class="chevron fa fa-fw"></i>
  </div>

  </div>

  <div id="steps-63" class="inner-level collapse collapsable-details ">
          <div class="step">
        
<div class="brief passed">
  <span class="keyword indention">Given</span>
  <span class="name">an empty graph</span>
  
  <span class="lead-duration duration">0.000</span>

  </div>

        


        
        

        
  <div class="outputs inner-level">
          <div class="output indention">
        <div data-toggle="collapse" class=" collapsed  collapsable-control" data-target="#output-64">
          Output 1
          <i class="chevron fa fa-fw"></i>
        </div>
        <div id="output-64" class="collapse collapsable-details " >
          
          <pre><p>23:03:42.381 [Test worker] DEBUG o.a.t.g.driver.Client - g.V().drop()}} to - Connection{host=Host{address=localhost/127.0.0.1:37875, hostUri=ws://localhost:37875/gremlin}}
</p></pre>
        </div>
      </div>
      </div>

        
  
      </div>
          <div class="step">
        
<div class="brief passed">
  <span class="keyword indention">And</span>
  <span class="name">having executed:</span>
  
  <span class="lead-duration duration">0.006</span>

  </div>

        


        
        
  <div class="inner-level">
    <div class="docstring indention">
            <div data-toggle="collapse" class="collapsable-control" data-target="#msg-65">
          <a>Doc string</a>
      </div>
      <div id="msg-65" class="collapse collapsable-details">
        <pre>CREATE (:A {name: 'A'}), (:B {name: 'B'})</pre>
      </div>
    </div>
  </div>

        
  <div class="outputs inner-level">
          <div class="output indention">
        <div data-toggle="collapse" class=" collapsed  collapsable-control" data-target="#output-66">
          Output 1
          <i class="chevron fa fa-fw"></i>
        </div>
        <div id="output-66" class="collapse collapsable-details " >
          
          <pre><p>23:03:42.382 [Test worker] DEBUG o.a.t.g.driver.Client - CREATE (:A {name: 'A'}), (:B {name: 'B'})}} to - Connection{host=Host{address=localhost/127.0.0.1:37875, hostUri=ws://localhost:37875/gremlin}}
23:03:42.382 [gremlin-server-worker-1] INFO  o.o.g.s.o.c.CypherOpProcessor - Cypher: CREATE (:A {name: 'A'}), (:B {name: 'B'})
23:03:42.385 [gremlin-server-worker-1] INFO  o.o.g.s.o.c.CypherOpProcessor - Gremlin: g.addV('A').property(single, 'name', 'A').addV('B').property(single, 'name', 'B').barrier().limit(0)
</p></pre>
        </div>
      </div>
      </div>

        
  
      </div>
      </div>
</div>


    

  </div>
</div>

                      
<div class="element">
  
  
<div class="tags indention">
  </div>

  
  <span class="lead-duration duration">0.041</span>


    <span data-toggle="collapse" class=" collapsable-control" data-target="#element-67">
    
<div class="brief failed">
  <span class="keyword indention">Scenario</span>
  <span class="name">Copying properties from literal map with ON MATCH</span>
  

       <i class="chevron fa fa-fw"></i>
  </div>

  </span>
  <div class="description indention"></div>

  <div id="element-67" class="collapse collapsable-details  in ">
    


    
<div class="steps inner-level">
    <div data-toggle="collapse" class=" collapsable-control" data-target="#steps-68">
    
<div class="brief failed">
  <span class="keyword indention">Steps</span>
  <span class="name"></span>
  

       <i class="chevron fa fa-fw"></i>
  </div>

  </div>

  <div id="steps-68" class="inner-level collapse collapsable-details  in ">
          <div class="step">
        
<div class="brief passed">
  <span class="keyword indention">And</span>
  <span class="name">having executed:</span>
  
  <span class="lead-duration duration">0.010</span>

  </div>

        


        
        
  <div class="inner-level">
    <div class="docstring indention">
            <div data-toggle="collapse" class="collapsable-control" data-target="#msg-69">
          <a>Doc string</a>
      </div>
      <div id="msg-69" class="collapse collapsable-details">
        <pre>MATCH (a:A), (b:B)
CREATE (a)-[:TYPE {foo: 'bar'}]-&gt;(b)</pre>
      </div>
    </div>
  </div>

        
  <div class="outputs inner-level">
          <div class="output indention">
        <div data-toggle="collapse" class=" collapsed  collapsable-control" data-target="#output-70">
          Output 1
          <i class="chevron fa fa-fw"></i>
        </div>
        <div id="output-70" class="collapse collapsable-details " >
          
          <pre><p>23:03:42.389 [Test worker] DEBUG o.a.t.g.driver.Client - MATCH (a:A), (b:B)
CREATE (a)-[:TYPE {foo: 'bar'}]-&gt;(b)}} to - Connection{host=Host{address=localhost/127.0.0.1:37875, hostUri=ws://localhost:37875/gremlin}}
23:03:42.389 [gremlin-server-worker-1] INFO  o.o.g.s.o.c.CypherOpProcessor - Cypher: MATCH (a:A), (b:B) CREATE (a)-[:TYPE {foo: 'bar'}]-&gt;(b)
23:03:42.394 [gremlin-server-worker-1] INFO  o.o.g.s.o.c.CypherOpProcessor - Gremlin: g.V().as('a').hasLabel('A').V().as('b').hasLabel('B').addE('TYPE').from('a').to('b').property('foo', 'bar').barrier().limit(0)
</p></pre>
        </div>
      </div>
      </div>

        
  
      </div>
          <div class="step">
        
<div class="brief passed">
  <span class="keyword indention">When</span>
  <span class="name">executing query:</span>
  
  <span class="lead-duration duration">0.012</span>

  </div>

        


        
        
  <div class="inner-level">
    <div class="docstring indention">
            <div data-toggle="collapse" class="collapsable-control" data-target="#msg-71">
          <a>Doc string</a>
      </div>
      <div id="msg-71" class="collapse collapsable-details">
        <pre>MATCH (a {name: 'A'}), (b {name: 'B'})
MERGE (a)-[r:TYPE]-&gt;(b)
  ON MATCH SET r += {foo: 'baz', bar: 'baz'}</pre>
      </div>
    </div>
  </div>

        
  <div class="outputs inner-level">
          <div class="output indention">
        <div data-toggle="collapse" class=" collapsed  collapsable-control" data-target="#output-72">
          Output 1
          <i class="chevron fa fa-fw"></i>
        </div>
        <div id="output-72" class="collapse collapsable-details " >
          
          <pre><p>23:03:42.411 [Test worker] DEBUG o.a.t.g.driver.Client - MATCH (a {name: 'A'}), (b {name: 'B'})
MERGE (a)-[r:TYPE]-&gt;(b)
  ON MATCH SET r += {foo: 'baz', bar: 'baz'}}} to - Connection{host=Host{address=localhost/127.0.0.1:37875, hostUri=ws://localhost:37875/gremlin}}
23:03:42.411 [gremlin-server-worker-1] INFO  o.o.g.s.o.c.CypherOpProcessor - Cypher: MATCH (a {name: 'A'}), (b {name: 'B'}) MERGE (a)-[r:TYPE]-&gt;(b)   ON MATCH SET r += {foo: 'baz', bar: 'baz'}
23:03:42.417 [gremlin-server-worker-1] INFO  o.o.g.s.o.c.CypherOpProcessor - Gremlin: g.V().as('a').has('name', eq('A')).V().as('b').has('name', eq('B')).choose(__.select('a').outE('TYPE').as('r').inV().as('  GENERATED5').where(__.select('  GENERATED5').where(eq('b'))).select('r').choose(neq('  cypher.null'), __.property('foo', 'baz'), __.constant('  cypher.null')).select('r').choose(neq('  cypher.null'), __.property('bar', 'baz'), __.constant('  cypher.null')), __.select('a').outE('TYPE').as('r').inV().as('  GENERATED5').where(__.select('  GENERATED5').where(eq('b'))).select('r').choose(neq('  cypher.null'), __.property('foo', 'baz'), __.constant('  cypher.null')).select('r').choose(neq('  cypher.null'), __.property('bar', 'baz'), __.constant('  cypher.null')), __.identity().addE('TYPE').from('a').to('b').as('r')).barrier().limit(0)
</p></pre>
        </div>
      </div>
      </div>

        
  
      </div>
          <div class="step">
        
<div class="brief passed">
  <span class="keyword indention">Then</span>
  <span class="name">the result should be empty</span>
  
  <span class="lead-duration duration">0.000</span>

  </div>

        


        
        

        

        
  
      </div>
          <div class="step">
        
<div class="brief passed">
  <span class="keyword indention">And</span>
  <span class="name">the side effects should be:</span>
  
  <span class="lead-duration duration">0.013</span>

  </div>

        


                  <table class="step-arguments">
                          <tr>
                                  <td>+properties</td>
                                  <td>2</td>
                              </tr>
                          <tr>
                                  <td>-properties</td>
                                  <td>1</td>
                              </tr>
                      </table>
        
        

        
  <div class="outputs inner-level">
          <div class="output indention">
        <div data-toggle="collapse" class=" collapsed  collapsable-control" data-target="#output-73">
          Output 1
          <i class="chevron fa fa-fw"></i>
        </div>
        <div id="output-73" class="collapse collapsable-details " >
          
          <pre><p>23:03:42.423 [Test worker] DEBUG o.a.t.g.driver.Client - MATCH (n) RETURN id(n)}} to - Connection{host=Host{address=localhost/127.0.0.1:37875, hostUri=ws://localhost:37875/gremlin}}
23:03:42.423 [gremlin-server-worker-1] INFO  o.o.g.s.o.c.CypherOpProcessor - Cypher: MATCH (n) RETURN id(n)
23:03:42.426 [gremlin-server-worker-1] INFO  o.o.g.s.o.c.CypherOpProcessor - Gremlin: g.V().project('id(n)').by(__.choose(neq('  cypher.null'), __.id(), __.constant('  cypher.null')))
23:03:42.427 [Test worker] DEBUG o.a.t.g.driver.Client - MATCH ()-[r]-&gt;() RETURN id(r)}} to - Connection{host=Host{address=localhost/127.0.0.1:37875, hostUri=ws://localhost:37875/gremlin}}
23:03:42.427 [gremlin-server-worker-1] INFO  o.o.g.s.o.c.CypherOpProcessor - Cypher: MATCH ()-[r]-&gt;() RETURN id(r)
23:03:42.430 [gremlin-server-worker-1] INFO  o.o.g.s.o.c.CypherOpProcessor - Gremlin: g.E().project('id(r)').by(__.choose(neq('  cypher.null'), __.id(), __.constant('  cypher.null')))
23:03:42.431 [Test worker] DEBUG o.a.t.g.driver.Client - MATCH (n)
UNWIND labels(n) AS label
RETURN DISTINCT label}} to - Connection{host=Host{address=localhost/127.0.0.1:37875, hostUri=ws://localhost:37875/gremlin}}
23:03:42.431 [gremlin-server-worker-1] INFO  o.o.g.s.o.c.CypherOpProcessor - Cypher: MATCH (n) UNWIND labels(n) AS label RETURN DISTINCT label
23:03:42.434 [gremlin-server-worker-1] INFO  o.o.g.s.o.c.CypherOpProcessor - Gremlin: g.V().label().is(neq('vertex')).project('label').by(__.identity()).dedup()
23:03:42.435 [Test worker] DEBUG o.a.t.g.driver.Client - g.V().as('V').properties().project('nodeId', 'key', 'value').by(__.select('V').id()).by(__.key()).by(__.value())}} to - Connection{host=Host{address=localhost/127.0.0.1:37875, hostUri=ws://localhost:37875/gremlin}}
23:03:42.435 [Test worker] DEBUG o.a.t.g.driver.Client - g.V().outE().as('E').properties().project('relId', 'key', 'value').by(__.select('E').id()).by(__.key()).by(__.value())}} to - Connection{host=Host{address=localhost/127.0.0.1:37875, hostUri=ws://localhost:37875/gremlin}}
-labels:        0
+labels:        0
+nodes:         0
-nodes:         0
-properties:    1
+properties:    2
-relationships: 0
+relationships: 0
</p></pre>
        </div>
      </div>
      </div>

        
  
      </div>
          <div class="step">
        
<div class="brief passed">
  <span class="keyword indention">When</span>
  <span class="name">executing control query:</span>
  
  <span class="lead-duration duration">0.006</span>

  </div>

        


        
        
  <div class="inner-level">
    <div class="docstring indention">
            <div data-toggle="collapse" class="collapsable-control" data-target="#msg-74">
          <a>Doc string</a>
      </div>
      <div id="msg-74" class="collapse collapsable-details">
        <pre>MATCH ()-[r:TYPE]-&gt;()
RETURN [key IN keys(r) | key + '-&gt;' + r[key]] AS keyValue</pre>
      </div>
    </div>
  </div>

        
  <div class="outputs inner-level">
          <div class="output indention">
        <div data-toggle="collapse" class=" collapsed  collapsable-control" data-target="#output-75">
          Output 1
          <i class="chevron fa fa-fw"></i>
        </div>
        <div id="output-75" class="collapse collapsable-details " >
          
          <pre><p>23:03:42.436 [Test worker] DEBUG o.a.t.g.driver.Client - MATCH ()-[r:TYPE]-&gt;()
RETURN [key IN keys(r) | key + '-&gt;' + r[key]] AS keyValue}} to - Connection{host=Host{address=localhost/127.0.0.1:37875, hostUri=ws://localhost:37875/gremlin}}
23:03:42.436 [gremlin-server-worker-1] INFO  o.o.g.s.o.c.CypherOpProcessor - Cypher: MATCH ()-[r:TYPE]-&gt;() RETURN [key IN keys(r) | key + '-&gt;' + r[key]] AS keyValue
23:03:42.440 [gremlin-server-worker-1] WARN  o.a.t.g.s.h.OpExecutorHandler - Unsupported expression: ListComprehension(ExtractScope(Variable(key),None,Some(Add(Add(Variable(key),StringLiteral(-&gt;)),ContainerIndex(Variable(r),Variable(key))))),FunctionInvocation(Namespace(List()),FunctionName(keys),false,Vector(Variable(r))))
java.lang.UnsupportedOperationException: Unsupported expression: ListComprehension(ExtractScope(Variable(key),None,Some(Add(Add(Variable(key),StringLiteral(-&gt;)),ContainerIndex(Variable(r),Variable(key))))),FunctionInvocation(Namespace(List()),FunctionName(keys),false,Vector(Variable(r))))
	at org.opencypher.gremlin.translation.context.WalkerContext.unsupported(WalkerContext.scala:72)
	at org.opencypher.gremlin.translation.walker.ProjectionWalker.org$opencypher$gremlin$translation$walker$ProjectionWalker$$aggregation(ProjectionWalker.scala:377)
	at org.opencypher.gremlin.translation.walker.ProjectionWalker$$anonfun$org$opencypher$gremlin$translation$walker$ProjectionWalker$$pivot$1.applyOrElse(ProjectionWalker.scala:262)
	at org.opencypher.gremlin.translation.walker.ProjectionWalker$$anonfun$org$opencypher$gremlin$translation$walker$ProjectionWalker$$pivot$1.applyOrElse(ProjectionWalker.scala:258)
	at scala.runtime.AbstractPartialFunction.apply(AbstractPartialFunction.scala:36)
	at scala.util.Failure$$anonfun$recover$1.apply(Try.scala:216)
	at scala.util.Try$.apply(Try.scala:192)
	at scala.util.Failure.recover(Try.scala:216)
	at org.opencypher.gremlin.translation.walker.ProjectionWalker.org$opencypher$gremlin$translation$walker$ProjectionWalker$$pivot(ProjectionWalker.scala:258)
	at org.opencypher.gremlin.translation.walker.ProjectionWalker$$anonfun$returnSubTraversals$1.apply(ProjectionWalker.scala:107)
	at org.opencypher.gremlin.translation.walker.ProjectionWalker$$anonfun$returnSubTraversals$1.apply(ProjectionWalker.scala:104)
	at scala.collection.immutable.List.foreach(List.scala:392)
	at org.opencypher.gremlin.translation.walker.ProjectionWalker.returnSubTraversals(ProjectionWalker.scala:104)
	at org.opencypher.gremlin.translation.walker.ProjectionWalker.walk(ProjectionWalker.scala:75)
	at org.opencypher.gremlin.translation.walker.ProjectionWalker$.walk(ProjectionWalker.scala:42)
	at org.opencypher.gremlin.translation.walker.StatementWalker.org$opencypher$gremlin$translation$walker$StatementWalker$$walkClause(StatementWalker.scala:104)
	at org.opencypher.gremlin.translation.walker.StatementWalker$$anonfun$walkSingle$1.apply(StatementWalker.scala:81)
	at org.opencypher.gremlin.translation.walker.StatementWalker$$anonfun$walkSingle$1.apply(StatementWalker.scala:81)
	at scala.collection.immutable.List.foreach(List.scala:392)
	at org.opencypher.gremlin.translation.walker.StatementWalker.walkSingle(StatementWalker.scala:81)
	at org.opencypher.gremlin.translation.walker.StatementWalker.walk(StatementWalker.scala:42)
	at org.opencypher.gremlin.translation.walker.StatementWalker$.walk(StatementWalker.scala:29)
	at org.opencypher.gremlin.translation.CypherAst.translate(CypherAst.scala:80)
	at org.opencypher.gremlin.server.op.cypher.CypherOpProcessor.evalCypher(CypherOpProcessor.java:104)
	at org.apache.tinkerpop.gremlin.server.handler.OpExecutorHandler.channelRead0(OpExecutorHandler.java:68)
	at org.apache.tinkerpop.gremlin.server.handler.OpExecutorHandler.channelRead0(OpExecutorHandler.java:43)
	at io.netty.channel.SimpleChannelInboundHandler.channelRead(SimpleChannelInboundHandler.java:105)
	at io.netty.channel.AbstractChannelHandlerContext.invokeChannelRead(AbstractChannelHandlerContext.java:356)
	at io.netty.channel.AbstractChannelHandlerContext.invokeChannelRead(AbstractChannelHandlerContext.java:342)
	at io.netty.channel.AbstractChannelHandlerContext.fireChannelRead(AbstractChannelHandlerContext.java:335)
	at io.netty.handler.codec.MessageToMessageDecoder.channelRead(MessageToMessageDecoder.java:102)
	at io.netty.channel.AbstractChannelHandlerContext.invokeChannelRead(AbstractChannelHandlerContext.java:356)
	at io.netty.channel.AbstractChannelHandlerContext.invokeChannelRead(AbstractChannelHandlerContext.java:342)
	at io.netty.channel.AbstractChannelHandlerContext.fireChannelRead(AbstractChannelHandlerContext.java:335)
	at io.netty.handler.codec.MessageToMessageDecoder.channelRead(MessageToMessageDecoder.java:102)
	at io.netty.channel.AbstractChannelHandlerContext.invokeChannelRead(AbstractChannelHandlerContext.java:356)
	at io.netty.channel.AbstractChannelHandlerContext.invokeChannelRead(AbstractChannelHandlerContext.java:342)
	at io.netty.channel.AbstractChannelHandlerContext.fireChannelRead(AbstractChannelHandlerContext.java:335)
	at io.netty.handler.codec.MessageToMessageDecoder.channelRead(MessageToMessageDecoder.java:102)
	at io.netty.channel.AbstractChannelHandlerContext.invokeChannelRead(AbstractChannelHandlerContext.java:356)
	at io.netty.channel.AbstractChannelHandlerContext.invokeChannelRead(AbstractChannelHandlerContext.java:342)
	at io.netty.channel.AbstractChannelHandlerContext.fireChannelRead(AbstractChannelHandlerContext.java:335)
	at io.netty.handler.codec.MessageToMessageDecoder.channelRead(MessageToMessageDecoder.java:102)
	at io.netty.channel.AbstractChannelHandlerContext.invokeChannelRead(AbstractChannelHandlerContext.java:356)
	at io.netty.channel.AbstractChannelHandlerContext.invokeChannelRead(AbstractChannelHandlerContext.java:342)
	at io.netty.channel.AbstractChannelHandlerContext.fireChannelRead(AbstractChannelHandlerContext.java:335)
	at io.netty.handler.codec.MessageToMessageDecoder.channelRead(MessageToMessageDecoder.java:102)
	at io.netty.channel.AbstractChannelHandlerContext.invokeChannelRead(AbstractChannelHandlerContext.java:356)
	at io.netty.channel.AbstractChannelHandlerContext.invokeChannelRead(AbstractChannelHandlerContext.java:342)
	at io.netty.channel.AbstractChannelHandlerContext.fireChannelRead(AbstractChannelHandlerContext.java:335)
	at io.netty.handler.codec.http.websocketx.WebSocketServerProtocolHandler$1.channelRead(WebSocketServerProtocolHandler.java:159)
	at io.netty.channel.AbstractChannelHandlerContext.invokeChannelRead(AbstractChannelHandlerContext.java:356)
	at io.netty.channel.AbstractChannelHandlerContext.invokeChannelRead(AbstractChannelHandlerContext.java:342)
	at io.netty.channel.AbstractChannelHandlerContext.fireChannelRead(AbstractChannelHandlerContext.java:335)
	at io.netty.handler.codec.ByteToMessageDecoder.fireChannelRead(ByteToMessageDecoder.java:312)
	at io.netty.handler.codec.ByteToMessageDecoder.channelRead(ByteToMessageDecoder.java:286)
	at io.netty.channel.AbstractChannelHandlerContext.invokeChannelRead(AbstractChannelHandlerContext.java:356)
	at io.netty.channel.AbstractChannelHandlerContext.invokeChannelRead(AbstractChannelHandlerContext.java:342)
	at io.netty.channel.AbstractChannelHandlerContext.fireChannelRead(AbstractChannelHandlerContext.java:335)
	at io.netty.handler.timeout.IdleStateHandler.channelRead(IdleStateHandler.java:286)
	at io.netty.channel.AbstractChannelHandlerContext.invokeChannelRead(AbstractChannelHandlerContext.java:356)
	at io.netty.channel.AbstractChannelHandlerContext.invokeChannelRead(AbstractChannelHandlerContext.java:342)
	at io.netty.channel.AbstractChannelHandlerContext.fireChannelRead(AbstractChannelHandlerContext.java:335)
	at io.netty.channel.DefaultChannelPipeline$HeadContext.channelRead(DefaultChannelPipeline.java:1304)
	at io.netty.channel.AbstractChannelHandlerContext.invokeChannelRead(AbstractChannelHandlerContext.java:356)
	at io.netty.channel.AbstractChannelHandlerContext.invokeChannelRead(AbstractChannelHandlerContext.java:342)
	at io.netty.channel.DefaultChannelPipeline.fireChannelRead(DefaultChannelPipeline.java:921)
	at io.netty.channel.nio.AbstractNioByteChannel$NioByteUnsafe.read(AbstractNioByteChannel.java:135)
	at io.netty.channel.nio.NioEventLoop.processSelectedKey(NioEventLoop.java:646)
	at io.netty.channel.nio.NioEventLoop.processSelectedKeysOptimized(NioEventLoop.java:581)
	at io.netty.channel.nio.NioEventLoop.processSelectedKeys(NioEventLoop.java:498)
	at io.netty.channel.nio.NioEventLoop.run(NioEventLoop.java:460)
	at io.netty.util.concurrent.SingleThreadEventExecutor$2.run(SingleThreadEventExecutor.java:131)
	at java.lang.Thread.run(Thread.java:748)
</p></pre>
        </div>
      </div>
      </div>

        
  
      </div>
          <div class="step">
        
<div class="brief failed">
  <span class="keyword indention">Then</span>
  <span class="name">the result should be (ignoring element order for lists):</span>
  
  <span class="lead-duration duration">0.000</span>

  </div>

        

  <div class="inner-level">
    <div class="message indention">
      <div data-toggle="collapse" class=" collapsable-control" data-target="#msg-76">
          <a>org.opencypher.tools.tck.api.Scenario$ScenarioFailedException: Feature &quot;MergeIntoAcceptance&quot;: Scenario &quot;Copying properties from literal map with ON MATCH&quot; failed with message: Expected: | keyValue |</a>
      </div>
      <div id="msg-76" class="collapse collapsable-details  in ">
        <pre>org.opencypher.tools.tck.api.Scenario$ScenarioFailedException: Feature &quot;MergeIntoAcceptance&quot;: Scenario &quot;Copying properties from literal map with ON MATCH&quot; failed with message: Expected: | keyValue |
| ['bar-&gt;baz', 'foo-&gt;baz'] |, got error ExecutionFailed(UnknownError,runtime,Unsupported expression: ListComprehension(ExtractScope(Variable(key),None,Some(Add(Add(Variable(key),StringLiteral(-&gt;)),ContainerIndex(Variable(r),Variable(key))))),FunctionInvocation(Namespace(List()),FunctionName(keys),false,Vector(Variable(r)))),Some(org.apache.tinkerpop.gremlin.driver.exception.ResponseException: Unsupported expression: ListComprehension(ExtractScope(Variable(key),None,Some(Add(Add(Variable(key),StringLiteral(-&gt;)),ContainerIndex(Variable(r),Variable(key))))),FunctionInvocation(Namespace(List()),FunctionName(keys),false,Vector(Variable(r))))))
	at org.opencypher.tools.tck.api.Scenario$$anonfun$executeOnGraph$1.apply(Scenario.scala:95)
	at org.opencypher.tools.tck.api.Scenario$$anonfun$executeOnGraph$1.apply(Scenario.scala:60)
	at scala.collection.LinearSeqOptimized$class.foldLeft(LinearSeqOptimized.scala:124)
	at scala.collection.immutable.List.foldLeft(List.scala:84)
	at org.opencypher.tools.tck.api.Scenario.executeOnGraph(Scenario.scala:60)
	at org.opencypher.tools.tck.api.Scenario$$anon$1.execute(Scenario.scala:54)
	at org.junit.jupiter.engine.descriptor.JupiterTestDescriptor.executeAndMaskThrowable(JupiterTestDescriptor.java:145)
	at org.junit.jupiter.engine.descriptor.DynamicTestTestDescriptor.execute(DynamicTestTestDescriptor.java:46)
	at org.junit.jupiter.engine.descriptor.DynamicTestTestDescriptor.execute(DynamicTestTestDescriptor.java:24)
	at org.junit.platform.engine.support.hierarchical.HierarchicalTestExecutor.lambda$execute$3(HierarchicalTestExecutor.java:83)
	at org.junit.platform.engine.support.hierarchical.SingleTestExecutor.executeSafely(SingleTestExecutor.java:66)
	at org.junit.platform.engine.support.hierarchical.HierarchicalTestExecutor.execute(HierarchicalTestExecutor.java:77)
	at org.junit.platform.engine.support.hierarchical.HierarchicalTestExecutor.lambda$null$0(HierarchicalTestExecutor.java:85)
	at org.junit.jupiter.engine.descriptor.TestFactoryTestDescriptor.lambda$invokeTestMethod$1(TestFactoryTestDescriptor.java:80)
	at org.junit.jupiter.engine.execution.ThrowableCollector.execute(ThrowableCollector.java:40)
	at org.junit.jupiter.engine.descriptor.TestFactoryTestDescriptor.invokeTestMethod(TestFactoryTestDescriptor.java:68)
	at org.junit.jupiter.engine.descriptor.TestMethodTestDescriptor.execute(TestMethodTestDescriptor.java:110)
	at org.junit.jupiter.engine.descriptor.TestMethodTestDescriptor.execute(TestMethodTestDescriptor.java:57)
	at org.junit.platform.engine.support.hierarchical.HierarchicalTestExecutor.lambda$execute$3(HierarchicalTestExecutor.java:83)
	at org.junit.platform.engine.support.hierarchical.SingleTestExecutor.executeSafely(SingleTestExecutor.java:66)
	at org.junit.platform.engine.support.hierarchical.HierarchicalTestExecutor.execute(HierarchicalTestExecutor.java:77)
	at org.junit.platform.engine.support.hierarchical.HierarchicalTestExecutor.lambda$null$2(HierarchicalTestExecutor.java:92)
	at java.util.stream.ForEachOps$ForEachOp$OfRef.accept(ForEachOps.java:184)
	at java.util.stream.ReferencePipeline$2$1.accept(ReferencePipeline.java:175)
	at java.util.Iterator.forEachRemaining(Iterator.java:116)
	at java.util.Spliterators$IteratorSpliterator.forEachRemaining(Spliterators.java:1801)
	at java.util.stream.AbstractPipeline.copyInto(AbstractPipeline.java:481)
	at java.util.stream.AbstractPipeline.wrapAndCopyInto(AbstractPipeline.java:471)
	at java.util.stream.ForEachOps$ForEachOp.evaluateSequential(ForEachOps.java:151)
	at java.util.stream.ForEachOps$ForEachOp$OfRef.evaluateSequential(ForEachOps.java:174)
	at java.util.stream.AbstractPipeline.evaluate(AbstractPipeline.java:234)
	at java.util.stream.ReferencePipeline.forEach(ReferencePipeline.java:418)
	at org.junit.platform.engine.support.hierarchical.HierarchicalTestExecutor.lambda$execute$3(HierarchicalTestExecutor.java:92)
	at org.junit.platform.engine.support.hierarchical.SingleTestExecutor.executeSafely(SingleTestExecutor.java:66)
	at org.junit.platform.engine.support.hierarchical.HierarchicalTestExecutor.execute(HierarchicalTestExecutor.java:77)
	at org.junit.platform.engine.support.hierarchical.HierarchicalTestExecutor.lambda$null$2(HierarchicalTestExecutor.java:92)
	at java.util.stream.ForEachOps$ForEachOp$OfRef.accept(ForEachOps.java:184)
	at java.util.stream.ReferencePipeline$2$1.accept(ReferencePipeline.java:175)
	at java.util.Iterator.forEachRemaining(Iterator.java:116)
	at java.util.Spliterators$IteratorSpliterator.forEachRemaining(Spliterators.java:1801)
	at java.util.stream.AbstractPipeline.copyInto(AbstractPipeline.java:481)
	at java.util.stream.AbstractPipeline.wrapAndCopyInto(AbstractPipeline.java:471)
	at java.util.stream.ForEachOps$ForEachOp.evaluateSequential(ForEachOps.java:151)
	at java.util.stream.ForEachOps$ForEachOp$OfRef.evaluateSequential(ForEachOps.java:174)
	at java.util.stream.AbstractPipeline.evaluate(AbstractPipeline.java:234)
	at java.util.stream.ReferencePipeline.forEach(ReferencePipeline.java:418)
	at org.junit.platform.engine.support.hierarchical.HierarchicalTestExecutor.lambda$execute$3(HierarchicalTestExecutor.java:92)
	at org.junit.platform.engine.support.hierarchical.SingleTestExecutor.executeSafely(SingleTestExecutor.java:66)
	at org.junit.platform.engine.support.hierarchical.HierarchicalTestExecutor.execute(HierarchicalTestExecutor.java:77)
	at org.junit.platform.engine.support.hierarchical.HierarchicalTestExecutor.execute(HierarchicalTestExecutor.java:51)
	at org.junit.platform.engine.support.hierarchical.HierarchicalTestEngine.execute(HierarchicalTestEngine.java:43)
	at org.junit.platform.launcher.core.DefaultLauncher.execute(DefaultLauncher.java:170)
	at org.junit.platform.launcher.core.DefaultLauncher.execute(DefaultLauncher.java:154)
	at org.junit.platform.launcher.core.DefaultLauncher.execute(DefaultLauncher.java:90)
	at org.gradle.api.internal.tasks.testing.junitplatform.JUnitPlatformTestClassProcessor$CollectAllTestClassesExecutor.processAllTestClasses(JUnitPlatformTestClassProcessor.java:92)
	at org.gradle.api.internal.tasks.testing.junitplatform.JUnitPlatformTestClassProcessor$CollectAllTestClassesExecutor.access$100(JUnitPlatformTestClassProcessor.java:77)
	at org.gradle.api.internal.tasks.testing.junitplatform.JUnitPlatformTestClassProcessor.stop(JUnitPlatformTestClassProcessor.java:73)
	at org.gradle.api.internal.tasks.testing.SuiteTestClassProcessor.stop(SuiteTestClassProcessor.java:61)
	at sun.reflect.NativeMethodAccessorImpl.invoke0(Native Method)
	at sun.reflect.NativeMethodAccessorImpl.invoke(NativeMethodAccessorImpl.java:62)
	at sun.reflect.DelegatingMethodAccessorImpl.invoke(DelegatingMethodAccessorImpl.java:43)
	at java.lang.reflect.Method.invoke(Method.java:498)
	at org.gradle.internal.dispatch.ReflectionDispatch.dispatch(ReflectionDispatch.java:35)
	at org.gradle.internal.dispatch.ReflectionDispatch.dispatch(ReflectionDispatch.java:24)
	at org.gradle.internal.dispatch.ContextClassLoaderDispatch.dispatch(ContextClassLoaderDispatch.java:32)
	at org.gradle.internal.dispatch.ProxyDispatchAdapter$DispatchingInvocationHandler.invoke(ProxyDispatchAdapter.java:93)
	at com.sun.proxy.$Proxy1.stop(Unknown Source)
	at org.gradle.api.internal.tasks.testing.worker.TestWorker.stop(TestWorker.java:123)
	at sun.reflect.NativeMethodAccessorImpl.invoke0(Native Method)
	at sun.reflect.NativeMethodAccessorImpl.invoke(NativeMethodAccessorImpl.java:62)
	at sun.reflect.DelegatingMethodAccessorImpl.invoke(DelegatingMethodAccessorImpl.java:43)
	at java.lang.reflect.Method.invoke(Method.java:498)
	at org.gradle.internal.dispatch.ReflectionDispatch.dispatch(ReflectionDispatch.java:35)
	at org.gradle.internal.dispatch.ReflectionDispatch.dispatch(ReflectionDispatch.java:24)
	at org.gradle.internal.remote.internal.hub.MessageHubBackedObjectConnection$DispatchWrapper.dispatch(MessageHubBackedObjectConnection.java:155)
	at org.gradle.internal.remote.internal.hub.MessageHubBackedObjectConnection$DispatchWrapper.dispatch(MessageHubBackedObjectConnection.java:137)
	at org.gradle.internal.remote.internal.hub.MessageHub$Handler.run(MessageHub.java:404)
	at org.gradle.internal.concurrent.ExecutorPolicy$CatchAndRecordFailures.onExecute(ExecutorPolicy.java:63)
	at org.gradle.internal.concurrent.ManagedExecutorImpl$1.run(ManagedExecutorImpl.java:46)
	at java.util.concurrent.ThreadPoolExecutor.runWorker(ThreadPoolExecutor.java:1149)
	at java.util.concurrent.ThreadPoolExecutor$Worker.run(ThreadPoolExecutor.java:624)
	at org.gradle.internal.concurrent.ThreadFactoryImpl$ManagedThreadRunnable.run(ThreadFactoryImpl.java:55)
	at java.lang.Thread.run(Thread.java:748)
Caused by: org.apache.tinkerpop.gremlin.driver.exception.ResponseException: Unsupported expression: ListComprehension(ExtractScope(Variable(key),None,Some(Add(Add(Variable(key),StringLiteral(-&gt;)),ContainerIndex(Variable(r),Variable(key))))),FunctionInvocation(Namespace(List()),FunctionName(keys),false,Vector(Variable(r))))
	at org.apache.tinkerpop.gremlin.driver.Handler$GremlinResponseHandler.channelRead0(Handler.java:246)
	at org.apache.tinkerpop.gremlin.driver.Handler$GremlinResponseHandler.channelRead0(Handler.java:197)
	at io.netty.channel.SimpleChannelInboundHandler.channelRead(SimpleChannelInboundHandler.java:105)
	at io.netty.channel.AbstractChannelHandlerContext.invokeChannelRead(AbstractChannelHandlerContext.java:356)
	at io.netty.channel.AbstractChannelHandlerContext.invokeChannelRead(AbstractChannelHandlerContext.java:342)
	at io.netty.channel.AbstractChannelHandlerContext.fireChannelRead(AbstractChannelHandlerContext.java:335)
	at org.apache.tinkerpop.gremlin.driver.Handler$GremlinSaslAuthenticationHandler.channelRead0(Handler.java:123)
	at org.apache.tinkerpop.gremlin.driver.Handler$GremlinSaslAuthenticationHandler.channelRead0(Handler.java:67)
	at io.netty.channel.SimpleChannelInboundHandler.channelRead(SimpleChannelInboundHandler.java:105)
	at io.netty.channel.AbstractChannelHandlerContext.invokeChannelRead(AbstractChannelHandlerContext.java:356)
	at io.netty.channel.AbstractChannelHandlerContext.invokeChannelRead(AbstractChannelHandlerContext.java:342)
	at io.netty.channel.AbstractChannelHandlerContext.fireChannelRead(AbstractChannelHandlerContext.java:335)
	at io.netty.handler.codec.MessageToMessageDecoder.channelRead(MessageToMessageDecoder.java:102)
	at io.netty.channel.AbstractChannelHandlerContext.invokeChannelRead(AbstractChannelHandlerContext.java:356)
	at io.netty.channel.AbstractChannelHandlerContext.invokeChannelRead(AbstractChannelHandlerContext.java:342)
	at io.netty.channel.AbstractChannelHandlerContext.fireChannelRead(AbstractChannelHandlerContext.java:335)
	at org.apache.tinkerpop.gremlin.driver.handler.WebSocketClientHandler.channelRead0(WebSocketClientHandler.java:94)
	at io.netty.channel.SimpleChannelInboundHandler.channelRead(SimpleChannelInboundHandler.java:105)
	at io.netty.channel.AbstractChannelHandlerContext.invokeChannelRead(AbstractChannelHandlerContext.java:356)
	at io.netty.channel.AbstractChannelHandlerContext.invokeChannelRead(AbstractChannelHandlerContext.java:342)
	at io.netty.channel.AbstractChannelHandlerContext.fireChannelRead(AbstractChannelHandlerContext.java:335)
	at io.netty.handler.codec.ByteToMessageDecoder.fireChannelRead(ByteToMessageDecoder.java:312)
	at io.netty.handler.codec.ByteToMessageDecoder.channelRead(ByteToMessageDecoder.java:286)
	at io.netty.channel.AbstractChannelHandlerContext.invokeChannelRead(AbstractChannelHandlerContext.java:356)
	at io.netty.channel.AbstractChannelHandlerContext.invokeChannelRead(AbstractChannelHandlerContext.java:342)
	at io.netty.channel.AbstractChannelHandlerContext.fireChannelRead(AbstractChannelHandlerContext.java:335)
	at io.netty.channel.DefaultChannelPipeline$HeadContext.channelRead(DefaultChannelPipeline.java:1304)
	at io.netty.channel.AbstractChannelHandlerContext.invokeChannelRead(AbstractChannelHandlerContext.java:356)
	at io.netty.channel.AbstractChannelHandlerContext.invokeChannelRead(AbstractChannelHandlerContext.java:342)
	at io.netty.channel.DefaultChannelPipeline.fireChannelRead(DefaultChannelPipeline.java:921)
	at io.netty.channel.nio.AbstractNioByteChannel$NioByteUnsafe.read(AbstractNioByteChannel.java:135)
	at io.netty.channel.nio.NioEventLoop.processSelectedKey(NioEventLoop.java:646)
	at io.netty.channel.nio.NioEventLoop.processSelectedKeysOptimized(NioEventLoop.java:581)
	at io.netty.channel.nio.NioEventLoop.processSelectedKeys(NioEventLoop.java:498)
	at io.netty.channel.nio.NioEventLoop.run(NioEventLoop.java:460)
	at io.netty.util.concurrent.SingleThreadEventExecutor$2.run(SingleThreadEventExecutor.java:131)
	... 1 more
</pre>
      </div>
    </div>
  </div>


                  <table class="step-arguments">
                          <tr>
                                  <td>keyValue</td>
                              </tr>
                          <tr>
                                  <td>['foo-&gt;baz', 'bar-&gt;baz']</td>
                              </tr>
                      </table>
        
        

        

        
  
      </div>
      </div>
</div>


    

  </div>
</div>

                  </div>

      </div>
    </div>
  </div>
</div>


<div class="container-fluid">
  <div class="row">
    <div class="col-md-10 col-md-offset-10">
      <i class="fa fa-chevron-circle-down fa-2x collapsable-control"
        onClick="javascript:$('#report .collapsable-details').collapse('show')"></i>
      <i class="fa fa-chevron-circle-up fa-2x collapsable-control"
        onClick="javascript:$('#report .collapsable-details').collapse('hide')"></i>
    </div>
  </div>
</div>

<br>

<nav class="navbar navbar-default" id="footer">
  <div class="container-fluid">
    <p class="navbar-text navbar-right">
        <small>generate Cucumber HTML reports via:&nbsp;</small>
        <a class="navbar-link" href="https://github.com/jenkinsci/cucumber-reports-plugin">Jenkins Plugin</a> |
        <a class="navbar-link" href="https://github.com/damianszczepanik/cucumber-reporting">Standalone</a> |
        <a class="navbar-link" href="https://github.com/damianszczepanik/cucumber-sandwich">Sandwich</a> |
        <a class="navbar-link" href="https://github.com/damianszczepanik/maven-cucumber-reporting">Maven</a>
        &nbsp;&nbsp;
    </p>
  </div>
</nav>

</body>
</html>
