<!DOCTYPE html>
<html>
<head>
  
<meta http-equiv="Content-Type" content="text/html; charset=UTF-8" />

<script type="text/javascript" src="js/jquery.min.js"></script>
<script type="text/javascript" src="js/jquery.tablesorter.min.js"></script>
<script type="text/javascript" src="js/Chart.min.js"></script>
<script type="text/javascript" src="js/moment.min.js"></script>
<script type="text/javascript" src="js/bootstrap.min.js"></script>

<link rel="stylesheet" href="css/bootstrap.min.css" type="text/css"/>
<link rel="stylesheet" href="css/cucumber.css" type="text/css"/>
<link rel="stylesheet" href="css/font-awesome.min.css"/>
<link rel="shortcut icon" href="images/favicon.png"/>

<script type="text/javascript">
$(document).ready(function() {
    // this will tell tablesorter to try looking for the data-value attribute
    // if present, it'll sort by that instead
    // otherwise, it'll sort by the text content of the table cell
    $("#tablesorter").tablesorter({
        textAttribute: 'data-value',
        // ignores the first row of the header, the 'scenario', 'steps', since
        // sorting those doesn't make sense
        selectorHeaders: '> thead tr:not(.dont-sort) th',
        // use a stable sort
        sortStable: true
    });
});
</script>











  
<title>Cucumber Reports (no 0.9.7) - Feature: Aggregation</title>

</head>
<body>

<nav class="navbar navbar-default navbar-fixed-top" id="navigation">
  <div class="container-fluid">
    <div class="collapse navbar-collapse">
      <p class="navbar-text navbar-left">Cucumber Report</p>
      <ul class="nav navbar-nav navbar-right">
                <li role="presentation" ><a href="overview-features.html">Features</a></li>
        <li role="presentation" ><a href="overview-tags.html">Tags</a></li>
        <li role="presentation" ><a href="overview-steps.html">Steps</a></li>
                <li role="presentation" ><a href="overview-failures.html">Failures</a></li>
      </ul>
    </div>
  </div>
</nav>


<div class="container-fluid">
  <div class="col-md-5 col-md-offset-1">
    
<table class="table table-bordered" id="build-info">
  <thead>
    <tr>
      <th>Project</th>
              <th>Number</th>
            <th>Date</th>
    </tr>
  </thead>
  <tbody>
    <tr class="info">
      <td>cypher-for-gremlin</td>
              <td>0.9.7</td>
            <td>22 May 2018, 14:49</td>
    </tr>
  </tbody>
</table>

  </div>
  <div class="col-md-3 col-md-offset-2">
      </div>
</div>


<div id="report-lead" class="container-fluid">
  <div class="col-md-10 col-md-offset-1">
    <h2>Feature Report</h2>
      </div>
</div>


<div class="container-fluid" id="report">
  <div class="row">
    <div class="col-md-10 col-md-offset-1">
      <table class="stats-table">

        
<thead>
  <tr class="header dont-sort">
        <th></th>
    <th colspan="6">Steps</th>
    <th colspan="3">Scenarios</th>
    <th colspan="2">Features</th>
  </tr>
  <tr>
    <th>Feature</th>
        <th class="passed">Passed</th>
    <th class="failed">Failed</th>
    <th class="skipped">Skipped</th>
    <th class="pending">Pending</th>
    <th class="undefined">Undefined</th>
    <th class="total">Total</th>

    <th class="passed">Passed</th>
    <th class="failed">Failed</th>
    <th class="total">Total</th>

    <th>Duration</th>
    <th>Status</th>
  </tr>
</thead>


        <tbody>
        <tr>
          <td class="tagname">Aggregation</td>
                    <td      class="passed"    >34</td>
          <td      class="failed"    >7</td>
          <td >0</td>
          <td >0</td>
          <td >0</td>
          <td class="total">41</td>

          <td  class="passed"    >5</td>
          <td  class="failed"    >7</td>
          <td class="total">12</td>

          <td class="duration" data-value="552283117">0.552</td>
          <td class="failed">Failed</td>
        </tr>
        </tbody>

      </table>
    </div>
  </div>
</div>



<div class="container-fluid">
  <div class="row">
    <div class="col-md-10 col-md-offset-10">
      <i class="fa fa-chevron-circle-down fa-2x collapsable-control"
        onClick="javascript:$('#report .collapsable-details').collapse('show')"></i>
      <i class="fa fa-chevron-circle-up fa-2x collapsable-control"
        onClick="javascript:$('#report .collapsable-details').collapse('hide')"></i>
    </div>
  </div>
</div>


<div class="container-fluid" id="report">
  <div class="row">
    <div class="col-md-10 col-md-offset-1">
      <div class="feature">
        
<div class="tags indention">
  </div>

        
<div class="brief failed">
  <span class="keyword indention">Feature</span>
  <span class="name">Aggregation</span>
  

  </div>

        <div class="description indention"></div>

        <div class="elements inner-level">
                      
<div class="element">
  
  
<div class="tags indention">
  </div>

  
  <span class="lead-duration duration">0.045</span>


    <span data-toggle="collapse" class=" collapsable-control" data-target="#element-1">
    
<div class="brief failed">
  <span class="keyword indention">Scenario</span>
  <span class="name">`max()` over strings</span>
  

       <i class="chevron fa fa-fw"></i>
  </div>

  </span>
  <div class="description indention"></div>

  <div id="element-1" class="collapse collapsable-details  in ">
    


    
<div class="steps inner-level">
    <div data-toggle="collapse" class=" collapsable-control" data-target="#steps-2">
    
<div class="brief failed">
  <span class="keyword indention">Steps</span>
  <span class="name"></span>
  

       <i class="chevron fa fa-fw"></i>
  </div>

  </div>

  <div id="steps-2" class="inner-level collapse collapsable-details  in ">
          <div class="step">
        
<div class="brief passed">
  <span class="keyword indention">Given</span>
  <span class="name">any graph</span>
  
  <span class="lead-duration duration">0.037</span>

  </div>

        


        
        

        
  <div class="outputs inner-level">
          <div class="output indention">
        <div data-toggle="collapse" class=" collapsed  collapsable-control" data-target="#output-3">
          Output 1
          <i class="chevron fa fa-fw"></i>
        </div>
        <div id="output-3" class="collapse collapsable-details " >
          
          <pre><p>14:48:38.657 [gremlin-server-worker-1] INFO  o.o.g.s.op.cypher.CypherOpProcessor - Cypher:  CREATE (a:A {name: 'a'}),        (b1:X {name: 'b1'}),        (b2:X {name: 'b2'}),        (b3:X {name: 'b3'}),        (b4:X {name: 'b4'}),        (c11:X {name: 'c11'}),        (c12:X {name: 'c12'}),        (c21:X {name: 'c21'}),        (c22:X {name: 'c22'}),        (c31:X {name: 'c31'}),        (c32:X {name: 'c32'}),        (c41:X {name: 'c41'}),        (c42:X {name: 'c42'}) CREATE (a)-[:KNOWS]-&gt;(b1),        (a)-[:KNOWS]-&gt;(b2),        (a)-[:FOLLOWS]-&gt;(b3),        (a)-[:FOLLOWS]-&gt;(b4) CREATE (b1)-[:FRIEND]-&gt;(c11),        (b1)-[:FRIEND]-&gt;(c12),        (b2)-[:FRIEND]-&gt;(c21),        (b2)-[:FRIEND]-&gt;(c22),        (b3)-[:FRIEND]-&gt;(c31),        (b3)-[:FRIEND]-&gt;(c32),        (b4)-[:FRIEND]-&gt;(c41),        (b4)-[:FRIEND]-&gt;(c42) CREATE (b1)-[:FRIEND]-&gt;(b2),        (b2)-[:FRIEND]-&gt;(b3),        (b3)-[:FRIEND]-&gt;(b4),        (b4)-[:FRIEND]-&gt;(b1);     
14:48:38.673 [gremlin-server-worker-1] INFO  o.o.g.s.op.cypher.CypherOpProcessor - Gremlin: g.addV('A').as('a').property('name', 'a').addV('X').as('b1').property('name', 'b1').addV('X').as('b2').property('name', 'b2').addV('X').as('b3').property('name', 'b3').addV('X').as('b4').property('name', 'b4').addV('X').as('c11').property('name', 'c11').addV('X').as('c12').property('name', 'c12').addV('X').as('c21').property('name', 'c21').addV('X').as('c22').property('name', 'c22').addV('X').as('c31').property('name', 'c31').addV('X').as('c32').property('name', 'c32').addV('X').as('c41').property('name', 'c41').addV('X').as('c42').property('name', 'c42').addE('KNOWS').from('a').to('b1').addE('KNOWS').from('a').to('b2').addE('FOLLOWS').from('a').to('b3').addE('FOLLOWS').from('a').to('b4').addE('FRIEND').from('b1').to('c11').addE('FRIEND').from('b1').to('c12').addE('FRIEND').from('b2').to('c21').addE('FRIEND').from('b2').to('c22').addE('FRIEND').from('b3').to('c31').addE('FRIEND').from('b3').to('c32').addE('FRIEND').from('b4').to('c41').addE('FRIEND').from('b4').to('c42').addE('FRIEND').from('b1').to('b2').addE('FRIEND').from('b2').to('b3').addE('FRIEND').from('b3').to('b4').addE('FRIEND').from('b4').to('b1').barrier().limit(0)
</p></pre>
        </div>
      </div>
      </div>

        
  
      </div>
          <div class="step">
        
<div class="brief passed">
  <span class="keyword indention">When</span>
  <span class="name">executing query:</span>
  
  <span class="lead-duration duration">0.007</span>

  </div>

        


        
        
  <div class="inner-level">
    <div class="docstring indention">
            <div data-toggle="collapse" class="collapsable-control" data-target="#msg-4">
          <a>Doc string</a>
      </div>
      <div id="msg-4" class="collapse collapsable-details">
        <pre>UNWIND ['a', 'b', 'B', null, 'abc', 'abc1'] AS i
RETURN max(i)</pre>
      </div>
    </div>
  </div>

        
  <div class="outputs inner-level">
          <div class="output indention">
        <div data-toggle="collapse" class=" collapsed  collapsable-control" data-target="#output-5">
          Output 1
          <i class="chevron fa fa-fw"></i>
        </div>
        <div id="output-5" class="collapse collapsable-details " >
          
          <pre><p>14:48:38.712 [gremlin-server-worker-1] INFO  o.o.g.s.op.cypher.CypherOpProcessor - Cypher: UNWIND ['a', 'b', 'B', null, 'abc', 'abc1'] AS i RETURN max(i)
14:48:38.716 [gremlin-server-worker-1] INFO  o.o.g.s.op.cypher.CypherOpProcessor - Gremlin: g.inject('  cypher.start').project('  GENERATED1', '  GENERATED2', '  GENERATED3', '  GENERATED4', '  GENERATED5', '  GENERATED6').by(__.constant('a')).by(__.constant('b')).by(__.constant('B')).by(__.constant('  cypher.null')).by(__.constant('abc')).by(__.constant('abc1')).select(values).project('max(i)').by(__.unfold().is(neq('  cypher.null')).max())
14:48:38.718 [gremlin-server-worker-1] ERROR o.o.g.s.op.cypher.CypherOpProcessor - Error during traversal iteration
java.lang.ClassCastException: java.lang.String cannot be cast to java.lang.Number
	at org.apache.tinkerpop.gremlin.process.traversal.step.map.MaxGlobalStep.projectTraverser(MaxGlobalStep.java:45)
	at org.apache.tinkerpop.gremlin.process.traversal.step.map.MaxGlobalStep.projectTraverser(MaxGlobalStep.java:35)
	at org.apache.tinkerpop.gremlin.process.traversal.step.util.ReducingBarrierStep.processAllStarts(ReducingBarrierStep.java:84)
	at org.apache.tinkerpop.gremlin.process.traversal.step.util.ReducingBarrierStep.processNextStart(ReducingBarrierStep.java:113)
	at org.apache.tinkerpop.gremlin.process.traversal.step.util.AbstractStep.next(AbstractStep.java:128)
	at org.apache.tinkerpop.gremlin.process.traversal.step.util.AbstractStep.next(AbstractStep.java:38)
	at org.apache.tinkerpop.gremlin.process.traversal.util.DefaultTraversal.next(DefaultTraversal.java:200)
	at org.apache.tinkerpop.gremlin.process.traversal.util.TraversalUtil.apply(TraversalUtil.java:43)
	at org.apache.tinkerpop.gremlin.process.traversal.util.TraversalUtil.applyNullable(TraversalUtil.java:75)
	at org.apache.tinkerpop.gremlin.process.traversal.step.map.ProjectStep.map(ProjectStep.java:55)
	at org.apache.tinkerpop.gremlin.process.traversal.step.map.ProjectStep.map(ProjectStep.java:40)
	at org.apache.tinkerpop.gremlin.process.traversal.step.map.MapStep.processNextStart(MapStep.java:37)
	at org.apache.tinkerpop.gremlin.process.traversal.step.util.AbstractStep.hasNext(AbstractStep.java:143)
	at org.apache.tinkerpop.gremlin.process.traversal.step.util.ExpandableStepIterator.next(ExpandableStepIterator.java:50)
	at org.apache.tinkerpop.gremlin.process.traversal.step.map.MapStep.processNextStart(MapStep.java:36)
	at org.apache.tinkerpop.gremlin.process.traversal.step.util.AbstractStep.hasNext(AbstractStep.java:143)
	at org.apache.tinkerpop.gremlin.process.traversal.util.DefaultTraversal.hasNext(DefaultTraversal.java:192)
	at org.apache.tinkerpop.gremlin.server.op.AbstractOpProcessor.handleIterator(AbstractOpProcessor.java:89)
	at org.opencypher.gremlin.server.op.cypher.CypherOpProcessor.handleIterator(CypherOpProcessor.java:181)
	at org.opencypher.gremlin.server.op.cypher.CypherOpProcessor.lambda$evalCypher$0(CypherOpProcessor.java:119)
	at org.opencypher.gremlin.server.op.cypher.CypherOpProcessor.inTransaction(CypherOpProcessor.java:127)
	at org.opencypher.gremlin.server.op.cypher.CypherOpProcessor.evalCypher(CypherOpProcessor.java:119)
	at org.apache.tinkerpop.gremlin.server.handler.OpExecutorHandler.channelRead0(OpExecutorHandler.java:68)
	at org.apache.tinkerpop.gremlin.server.handler.OpExecutorHandler.channelRead0(OpExecutorHandler.java:43)
	at io.netty.channel.SimpleChannelInboundHandler.channelRead(SimpleChannelInboundHandler.java:105)
	at io.netty.channel.AbstractChannelHandlerContext.invokeChannelRead(AbstractChannelHandlerContext.java:356)
	at io.netty.channel.AbstractChannelHandlerContext.invokeChannelRead(AbstractChannelHandlerContext.java:342)
	at io.netty.channel.AbstractChannelHandlerContext.fireChannelRead(AbstractChannelHandlerContext.java:335)
	at io.netty.handler.codec.MessageToMessageDecoder.channelRead(MessageToMessageDecoder.java:102)
	at io.netty.channel.AbstractChannelHandlerContext.invokeChannelRead(AbstractChannelHandlerContext.java:356)
	at io.netty.channel.AbstractChannelHandlerContext.invokeChannelRead(AbstractChannelHandlerContext.java:342)
	at io.netty.channel.AbstractChannelHandlerContext.fireChannelRead(AbstractChannelHandlerContext.java:335)
	at io.netty.handler.codec.MessageToMessageDecoder.channelRead(MessageToMessageDecoder.java:102)
	at io.netty.channel.AbstractChannelHandlerContext.invokeChannelRead(AbstractChannelHandlerContext.java:356)
	at io.netty.channel.AbstractChannelHandlerContext.invokeChannelRead(AbstractChannelHandlerContext.java:342)
	at io.netty.channel.AbstractChannelHandlerContext.fireChannelRead(AbstractChannelHandlerContext.java:335)
	at io.netty.handler.codec.MessageToMessageDecoder.channelRead(MessageToMessageDecoder.java:102)
	at io.netty.channel.AbstractChannelHandlerContext.invokeChannelRead(AbstractChannelHandlerContext.java:356)
	at io.netty.channel.AbstractChannelHandlerContext.invokeChannelRead(AbstractChannelHandlerContext.java:342)
	at io.netty.channel.AbstractChannelHandlerContext.fireChannelRead(AbstractChannelHandlerContext.java:335)
	at io.netty.handler.codec.MessageToMessageDecoder.channelRead(MessageToMessageDecoder.java:102)
	at io.netty.channel.AbstractChannelHandlerContext.invokeChannelRead(AbstractChannelHandlerContext.java:356)
	at io.netty.channel.AbstractChannelHandlerContext.invokeChannelRead(AbstractChannelHandlerContext.java:342)
	at io.netty.channel.AbstractChannelHandlerContext.fireChannelRead(AbstractChannelHandlerContext.java:335)
	at io.netty.handler.codec.MessageToMessageDecoder.channelRead(MessageToMessageDecoder.java:102)
	at io.netty.channel.AbstractChannelHandlerContext.invokeChannelRead(AbstractChannelHandlerContext.java:356)
	at io.netty.channel.AbstractChannelHandlerContext.invokeChannelRead(AbstractChannelHandlerContext.java:342)
	at io.netty.channel.AbstractChannelHandlerContext.fireChannelRead(AbstractChannelHandlerContext.java:335)
	at io.netty.handler.codec.http.websocketx.WebSocketServerProtocolHandler$1.channelRead(WebSocketServerProtocolHandler.java:159)
	at io.netty.channel.AbstractChannelHandlerContext.invokeChannelRead(AbstractChannelHandlerContext.java:356)
	at io.netty.channel.AbstractChannelHandlerContext.invokeChannelRead(AbstractChannelHandlerContext.java:342)
	at io.netty.channel.AbstractChannelHandlerContext.fireChannelRead(AbstractChannelHandlerContext.java:335)
	at io.netty.handler.codec.ByteToMessageDecoder.fireChannelRead(ByteToMessageDecoder.java:312)
	at io.netty.handler.codec.ByteToMessageDecoder.channelRead(ByteToMessageDecoder.java:286)
	at io.netty.channel.AbstractChannelHandlerContext.invokeChannelRead(AbstractChannelHandlerContext.java:356)
	at io.netty.channel.AbstractChannelHandlerContext.invokeChannelRead(AbstractChannelHandlerContext.java:342)
	at io.netty.channel.AbstractChannelHandlerContext.fireChannelRead(AbstractChannelHandlerContext.java:335)
	at io.netty.handler.timeout.IdleStateHandler.channelRead(IdleStateHandler.java:286)
	at io.netty.channel.AbstractChannelHandlerContext.invokeChannelRead(AbstractChannelHandlerContext.java:356)
	at io.netty.channel.AbstractChannelHandlerContext.invokeChannelRead(AbstractChannelHandlerContext.java:342)
	at io.netty.channel.AbstractChannelHandlerContext.fireChannelRead(AbstractChannelHandlerContext.java:335)
	at io.netty.channel.DefaultChannelPipeline$HeadContext.channelRead(DefaultChannelPipeline.java:1304)
	at io.netty.channel.AbstractChannelHandlerContext.invokeChannelRead(AbstractChannelHandlerContext.java:356)
	at io.netty.channel.AbstractChannelHandlerContext.invokeChannelRead(AbstractChannelHandlerContext.java:342)
	at io.netty.channel.DefaultChannelPipeline.fireChannelRead(DefaultChannelPipeline.java:921)
	at io.netty.channel.nio.AbstractNioByteChannel$NioByteUnsafe.read(AbstractNioByteChannel.java:135)
	at io.netty.channel.nio.NioEventLoop.processSelectedKey(NioEventLoop.java:646)
	at io.netty.channel.nio.NioEventLoop.processSelectedKeysOptimized(NioEventLoop.java:581)
	at io.netty.channel.nio.NioEventLoop.processSelectedKeys(NioEventLoop.java:498)
	at io.netty.channel.nio.NioEventLoop.run(NioEventLoop.java:460)
	at io.netty.util.concurrent.SingleThreadEventExecutor$2.run(SingleThreadEventExecutor.java:131)
	at java.lang.Thread.run(Thread.java:748)
</p></pre>
        </div>
      </div>
      </div>

        
  
      </div>
          <div class="step">
        
<div class="brief failed">
  <span class="keyword indention">Then</span>
  <span class="name">the result should be:</span>
  
  <span class="lead-duration duration">0.000</span>

  </div>

        

  <div class="inner-level">
    <div class="message indention">
      <div data-toggle="collapse" class=" collapsable-control" data-target="#msg-6">
          <a>org.opencypher.tools.tck.api.Scenario$ScenarioFailedException: Feature &quot;Aggregation&quot;: Scenario &quot;`max()` over strings&quot; failed with message: Expected: | max(i) |</a>
      </div>
      <div id="msg-6" class="collapse collapsable-details  in ">
        <pre>org.opencypher.tools.tck.api.Scenario$ScenarioFailedException: Feature &quot;Aggregation&quot;: Scenario &quot;`max()` over strings&quot; failed with message: Expected: | max(i) |
| 'b' |, got error ExecutionFailed(TypeError,runtime,InvalidArgumentValue,Some(org.apache.tinkerpop.gremlin.driver.exception.ResponseException: java.lang.String cannot be cast to java.lang.Number))
	at org.opencypher.tools.tck.api.Scenario$$anonfun$executeOnGraph$1.apply(Scenario.scala:95)
	at org.opencypher.tools.tck.api.Scenario$$anonfun$executeOnGraph$1.apply(Scenario.scala:60)
	at scala.collection.LinearSeqOptimized$class.foldLeft(LinearSeqOptimized.scala:124)
	at scala.collection.immutable.List.foldLeft(List.scala:84)
	at org.opencypher.tools.tck.api.Scenario.executeOnGraph(Scenario.scala:60)
	at org.opencypher.tools.tck.api.Scenario$$anon$1.execute(Scenario.scala:54)
	at org.junit.jupiter.engine.descriptor.JupiterTestDescriptor.executeAndMaskThrowable(JupiterTestDescriptor.java:145)
	at org.junit.jupiter.engine.descriptor.DynamicTestTestDescriptor.execute(DynamicTestTestDescriptor.java:46)
	at org.junit.jupiter.engine.descriptor.DynamicTestTestDescriptor.execute(DynamicTestTestDescriptor.java:24)
	at org.junit.platform.engine.support.hierarchical.HierarchicalTestExecutor.lambda$execute$3(HierarchicalTestExecutor.java:83)
	at org.junit.platform.engine.support.hierarchical.SingleTestExecutor.executeSafely(SingleTestExecutor.java:66)
	at org.junit.platform.engine.support.hierarchical.HierarchicalTestExecutor.execute(HierarchicalTestExecutor.java:77)
	at org.junit.platform.engine.support.hierarchical.HierarchicalTestExecutor.lambda$null$0(HierarchicalTestExecutor.java:85)
	at org.junit.jupiter.engine.descriptor.TestFactoryTestDescriptor.lambda$invokeTestMethod$1(TestFactoryTestDescriptor.java:80)
	at org.junit.jupiter.engine.execution.ThrowableCollector.execute(ThrowableCollector.java:40)
	at org.junit.jupiter.engine.descriptor.TestFactoryTestDescriptor.invokeTestMethod(TestFactoryTestDescriptor.java:68)
	at org.junit.jupiter.engine.descriptor.TestMethodTestDescriptor.execute(TestMethodTestDescriptor.java:110)
	at org.junit.jupiter.engine.descriptor.TestMethodTestDescriptor.execute(TestMethodTestDescriptor.java:57)
	at org.junit.platform.engine.support.hierarchical.HierarchicalTestExecutor.lambda$execute$3(HierarchicalTestExecutor.java:83)
	at org.junit.platform.engine.support.hierarchical.SingleTestExecutor.executeSafely(SingleTestExecutor.java:66)
	at org.junit.platform.engine.support.hierarchical.HierarchicalTestExecutor.execute(HierarchicalTestExecutor.java:77)
	at org.junit.platform.engine.support.hierarchical.HierarchicalTestExecutor.lambda$null$2(HierarchicalTestExecutor.java:92)
	at java.util.stream.ForEachOps$ForEachOp$OfRef.accept(ForEachOps.java:184)
	at java.util.stream.ReferencePipeline$2$1.accept(ReferencePipeline.java:175)
	at java.util.Iterator.forEachRemaining(Iterator.java:116)
	at java.util.Spliterators$IteratorSpliterator.forEachRemaining(Spliterators.java:1801)
	at java.util.stream.AbstractPipeline.copyInto(AbstractPipeline.java:481)
	at java.util.stream.AbstractPipeline.wrapAndCopyInto(AbstractPipeline.java:471)
	at java.util.stream.ForEachOps$ForEachOp.evaluateSequential(ForEachOps.java:151)
	at java.util.stream.ForEachOps$ForEachOp$OfRef.evaluateSequential(ForEachOps.java:174)
	at java.util.stream.AbstractPipeline.evaluate(AbstractPipeline.java:234)
	at java.util.stream.ReferencePipeline.forEach(ReferencePipeline.java:418)
	at org.junit.platform.engine.support.hierarchical.HierarchicalTestExecutor.lambda$execute$3(HierarchicalTestExecutor.java:92)
	at org.junit.platform.engine.support.hierarchical.SingleTestExecutor.executeSafely(SingleTestExecutor.java:66)
	at org.junit.platform.engine.support.hierarchical.HierarchicalTestExecutor.execute(HierarchicalTestExecutor.java:77)
	at org.junit.platform.engine.support.hierarchical.HierarchicalTestExecutor.lambda$null$2(HierarchicalTestExecutor.java:92)
	at java.util.stream.ForEachOps$ForEachOp$OfRef.accept(ForEachOps.java:184)
	at java.util.stream.ReferencePipeline$2$1.accept(ReferencePipeline.java:175)
	at java.util.Iterator.forEachRemaining(Iterator.java:116)
	at java.util.Spliterators$IteratorSpliterator.forEachRemaining(Spliterators.java:1801)
	at java.util.stream.AbstractPipeline.copyInto(AbstractPipeline.java:481)
	at java.util.stream.AbstractPipeline.wrapAndCopyInto(AbstractPipeline.java:471)
	at java.util.stream.ForEachOps$ForEachOp.evaluateSequential(ForEachOps.java:151)
	at java.util.stream.ForEachOps$ForEachOp$OfRef.evaluateSequential(ForEachOps.java:174)
	at java.util.stream.AbstractPipeline.evaluate(AbstractPipeline.java:234)
	at java.util.stream.ReferencePipeline.forEach(ReferencePipeline.java:418)
	at org.junit.platform.engine.support.hierarchical.HierarchicalTestExecutor.lambda$execute$3(HierarchicalTestExecutor.java:92)
	at org.junit.platform.engine.support.hierarchical.SingleTestExecutor.executeSafely(SingleTestExecutor.java:66)
	at org.junit.platform.engine.support.hierarchical.HierarchicalTestExecutor.execute(HierarchicalTestExecutor.java:77)
	at org.junit.platform.engine.support.hierarchical.HierarchicalTestExecutor.execute(HierarchicalTestExecutor.java:51)
	at org.junit.platform.engine.support.hierarchical.HierarchicalTestEngine.execute(HierarchicalTestEngine.java:43)
	at org.junit.platform.launcher.core.DefaultLauncher.execute(DefaultLauncher.java:170)
	at org.junit.platform.launcher.core.DefaultLauncher.execute(DefaultLauncher.java:154)
	at org.junit.platform.launcher.core.DefaultLauncher.execute(DefaultLauncher.java:90)
	at org.gradle.api.internal.tasks.testing.junitplatform.JUnitPlatformTestClassProcessor$CollectAllTestClassesExecutor.processAllTestClasses(JUnitPlatformTestClassProcessor.java:92)
	at org.gradle.api.internal.tasks.testing.junitplatform.JUnitPlatformTestClassProcessor$CollectAllTestClassesExecutor.access$100(JUnitPlatformTestClassProcessor.java:77)
	at org.gradle.api.internal.tasks.testing.junitplatform.JUnitPlatformTestClassProcessor.stop(JUnitPlatformTestClassProcessor.java:73)
	at org.gradle.api.internal.tasks.testing.SuiteTestClassProcessor.stop(SuiteTestClassProcessor.java:61)
	at sun.reflect.NativeMethodAccessorImpl.invoke0(Native Method)
	at sun.reflect.NativeMethodAccessorImpl.invoke(NativeMethodAccessorImpl.java:62)
	at sun.reflect.DelegatingMethodAccessorImpl.invoke(DelegatingMethodAccessorImpl.java:43)
	at java.lang.reflect.Method.invoke(Method.java:498)
	at org.gradle.internal.dispatch.ReflectionDispatch.dispatch(ReflectionDispatch.java:35)
	at org.gradle.internal.dispatch.ReflectionDispatch.dispatch(ReflectionDispatch.java:24)
	at org.gradle.internal.dispatch.ContextClassLoaderDispatch.dispatch(ContextClassLoaderDispatch.java:32)
	at org.gradle.internal.dispatch.ProxyDispatchAdapter$DispatchingInvocationHandler.invoke(ProxyDispatchAdapter.java:93)
	at com.sun.proxy.$Proxy1.stop(Unknown Source)
	at org.gradle.api.internal.tasks.testing.worker.TestWorker.stop(TestWorker.java:123)
	at sun.reflect.NativeMethodAccessorImpl.invoke0(Native Method)
	at sun.reflect.NativeMethodAccessorImpl.invoke(NativeMethodAccessorImpl.java:62)
	at sun.reflect.DelegatingMethodAccessorImpl.invoke(DelegatingMethodAccessorImpl.java:43)
	at java.lang.reflect.Method.invoke(Method.java:498)
	at org.gradle.internal.dispatch.ReflectionDispatch.dispatch(ReflectionDispatch.java:35)
	at org.gradle.internal.dispatch.ReflectionDispatch.dispatch(ReflectionDispatch.java:24)
	at org.gradle.internal.remote.internal.hub.MessageHubBackedObjectConnection$DispatchWrapper.dispatch(MessageHubBackedObjectConnection.java:155)
	at org.gradle.internal.remote.internal.hub.MessageHubBackedObjectConnection$DispatchWrapper.dispatch(MessageHubBackedObjectConnection.java:137)
	at org.gradle.internal.remote.internal.hub.MessageHub$Handler.run(MessageHub.java:404)
	at org.gradle.internal.concurrent.ExecutorPolicy$CatchAndRecordFailures.onExecute(ExecutorPolicy.java:63)
	at org.gradle.internal.concurrent.ManagedExecutorImpl$1.run(ManagedExecutorImpl.java:46)
	at java.util.concurrent.ThreadPoolExecutor.runWorker(ThreadPoolExecutor.java:1149)
	at java.util.concurrent.ThreadPoolExecutor$Worker.run(ThreadPoolExecutor.java:624)
	at org.gradle.internal.concurrent.ThreadFactoryImpl$ManagedThreadRunnable.run(ThreadFactoryImpl.java:55)
	at java.lang.Thread.run(Thread.java:748)
Caused by: org.apache.tinkerpop.gremlin.driver.exception.ResponseException: java.lang.String cannot be cast to java.lang.Number
	at org.apache.tinkerpop.gremlin.driver.Handler$GremlinResponseHandler.channelRead0(Handler.java:246)
	at org.apache.tinkerpop.gremlin.driver.Handler$GremlinResponseHandler.channelRead0(Handler.java:197)
	at io.netty.channel.SimpleChannelInboundHandler.channelRead(SimpleChannelInboundHandler.java:105)
	at io.netty.channel.AbstractChannelHandlerContext.invokeChannelRead(AbstractChannelHandlerContext.java:356)
	at io.netty.channel.AbstractChannelHandlerContext.invokeChannelRead(AbstractChannelHandlerContext.java:342)
	at io.netty.channel.AbstractChannelHandlerContext.fireChannelRead(AbstractChannelHandlerContext.java:335)
	at org.apache.tinkerpop.gremlin.driver.Handler$GremlinSaslAuthenticationHandler.channelRead0(Handler.java:123)
	at org.apache.tinkerpop.gremlin.driver.Handler$GremlinSaslAuthenticationHandler.channelRead0(Handler.java:67)
	at io.netty.channel.SimpleChannelInboundHandler.channelRead(SimpleChannelInboundHandler.java:105)
	at io.netty.channel.AbstractChannelHandlerContext.invokeChannelRead(AbstractChannelHandlerContext.java:356)
	at io.netty.channel.AbstractChannelHandlerContext.invokeChannelRead(AbstractChannelHandlerContext.java:342)
	at io.netty.channel.AbstractChannelHandlerContext.fireChannelRead(AbstractChannelHandlerContext.java:335)
	at io.netty.handler.codec.MessageToMessageDecoder.channelRead(MessageToMessageDecoder.java:102)
	at io.netty.channel.AbstractChannelHandlerContext.invokeChannelRead(AbstractChannelHandlerContext.java:356)
	at io.netty.channel.AbstractChannelHandlerContext.invokeChannelRead(AbstractChannelHandlerContext.java:342)
	at io.netty.channel.AbstractChannelHandlerContext.fireChannelRead(AbstractChannelHandlerContext.java:335)
	at org.apache.tinkerpop.gremlin.driver.handler.WebSocketClientHandler.channelRead0(WebSocketClientHandler.java:94)
	at io.netty.channel.SimpleChannelInboundHandler.channelRead(SimpleChannelInboundHandler.java:105)
	at io.netty.channel.AbstractChannelHandlerContext.invokeChannelRead(AbstractChannelHandlerContext.java:356)
	at io.netty.channel.AbstractChannelHandlerContext.invokeChannelRead(AbstractChannelHandlerContext.java:342)
	at io.netty.channel.AbstractChannelHandlerContext.fireChannelRead(AbstractChannelHandlerContext.java:335)
	at io.netty.handler.codec.ByteToMessageDecoder.fireChannelRead(ByteToMessageDecoder.java:312)
	at io.netty.handler.codec.ByteToMessageDecoder.channelRead(ByteToMessageDecoder.java:286)
	at io.netty.channel.AbstractChannelHandlerContext.invokeChannelRead(AbstractChannelHandlerContext.java:356)
	at io.netty.channel.AbstractChannelHandlerContext.invokeChannelRead(AbstractChannelHandlerContext.java:342)
	at io.netty.channel.AbstractChannelHandlerContext.fireChannelRead(AbstractChannelHandlerContext.java:335)
	at io.netty.channel.DefaultChannelPipeline$HeadContext.channelRead(DefaultChannelPipeline.java:1304)
	at io.netty.channel.AbstractChannelHandlerContext.invokeChannelRead(AbstractChannelHandlerContext.java:356)
	at io.netty.channel.AbstractChannelHandlerContext.invokeChannelRead(AbstractChannelHandlerContext.java:342)
	at io.netty.channel.DefaultChannelPipeline.fireChannelRead(DefaultChannelPipeline.java:921)
	at io.netty.channel.nio.AbstractNioByteChannel$NioByteUnsafe.read(AbstractNioByteChannel.java:135)
	at io.netty.channel.nio.NioEventLoop.processSelectedKey(NioEventLoop.java:646)
	at io.netty.channel.nio.NioEventLoop.processSelectedKeysOptimized(NioEventLoop.java:581)
	at io.netty.channel.nio.NioEventLoop.processSelectedKeys(NioEventLoop.java:498)
	at io.netty.channel.nio.NioEventLoop.run(NioEventLoop.java:460)
	at io.netty.util.concurrent.SingleThreadEventExecutor$2.run(SingleThreadEventExecutor.java:131)
	... 1 more
</pre>
      </div>
    </div>
  </div>


                  <table class="step-arguments">
                          <tr>
                                  <td>max(i)</td>
                              </tr>
                          <tr>
                                  <td>'b'</td>
                              </tr>
                      </table>
        
        

        

        
  
      </div>
      </div>
</div>


    

  </div>
</div>

                      
<div class="element">
  
  
<div class="tags indention">
  </div>

  
  <span class="lead-duration duration">0.057</span>


    <span data-toggle="collapse" class=" collapsable-control" data-target="#element-7">
    
<div class="brief failed">
  <span class="keyword indention">Scenario</span>
  <span class="name">`min()` over strings</span>
  

       <i class="chevron fa fa-fw"></i>
  </div>

  </span>
  <div class="description indention"></div>

  <div id="element-7" class="collapse collapsable-details  in ">
    


    
<div class="steps inner-level">
    <div data-toggle="collapse" class=" collapsable-control" data-target="#steps-8">
    
<div class="brief failed">
  <span class="keyword indention">Steps</span>
  <span class="name"></span>
  

       <i class="chevron fa fa-fw"></i>
  </div>

  </div>

  <div id="steps-8" class="inner-level collapse collapsable-details  in ">
          <div class="step">
        
<div class="brief passed">
  <span class="keyword indention">Given</span>
  <span class="name">any graph</span>
  
  <span class="lead-duration duration">0.048</span>

  </div>

        


        
        

        
  <div class="outputs inner-level">
          <div class="output indention">
        <div data-toggle="collapse" class=" collapsed  collapsable-control" data-target="#output-9">
          Output 1
          <i class="chevron fa fa-fw"></i>
        </div>
        <div id="output-9" class="collapse collapsable-details " >
          
          <pre><p>14:48:38.727 [gremlin-server-worker-1] INFO  o.o.g.s.op.cypher.CypherOpProcessor - Cypher:  CREATE (a:A {name: 'a'}),        (b1:X {name: 'b1'}),        (b2:X {name: 'b2'}),        (b3:X {name: 'b3'}),        (b4:X {name: 'b4'}),        (c11:X {name: 'c11'}),        (c12:X {name: 'c12'}),        (c21:X {name: 'c21'}),        (c22:X {name: 'c22'}),        (c31:X {name: 'c31'}),        (c32:X {name: 'c32'}),        (c41:X {name: 'c41'}),        (c42:X {name: 'c42'}) CREATE (a)-[:KNOWS]-&gt;(b1),        (a)-[:KNOWS]-&gt;(b2),        (a)-[:FOLLOWS]-&gt;(b3),        (a)-[:FOLLOWS]-&gt;(b4) CREATE (b1)-[:FRIEND]-&gt;(c11),        (b1)-[:FRIEND]-&gt;(c12),        (b2)-[:FRIEND]-&gt;(c21),        (b2)-[:FRIEND]-&gt;(c22),        (b3)-[:FRIEND]-&gt;(c31),        (b3)-[:FRIEND]-&gt;(c32),        (b4)-[:FRIEND]-&gt;(c41),        (b4)-[:FRIEND]-&gt;(c42) CREATE (b1)-[:FRIEND]-&gt;(b2),        (b2)-[:FRIEND]-&gt;(b3),        (b3)-[:FRIEND]-&gt;(b4),        (b4)-[:FRIEND]-&gt;(b1);     
14:48:38.743 [gremlin-server-worker-1] INFO  o.o.g.s.op.cypher.CypherOpProcessor - Gremlin: g.addV('A').as('a').property('name', 'a').addV('X').as('b1').property('name', 'b1').addV('X').as('b2').property('name', 'b2').addV('X').as('b3').property('name', 'b3').addV('X').as('b4').property('name', 'b4').addV('X').as('c11').property('name', 'c11').addV('X').as('c12').property('name', 'c12').addV('X').as('c21').property('name', 'c21').addV('X').as('c22').property('name', 'c22').addV('X').as('c31').property('name', 'c31').addV('X').as('c32').property('name', 'c32').addV('X').as('c41').property('name', 'c41').addV('X').as('c42').property('name', 'c42').addE('KNOWS').from('a').to('b1').addE('KNOWS').from('a').to('b2').addE('FOLLOWS').from('a').to('b3').addE('FOLLOWS').from('a').to('b4').addE('FRIEND').from('b1').to('c11').addE('FRIEND').from('b1').to('c12').addE('FRIEND').from('b2').to('c21').addE('FRIEND').from('b2').to('c22').addE('FRIEND').from('b3').to('c31').addE('FRIEND').from('b3').to('c32').addE('FRIEND').from('b4').to('c41').addE('FRIEND').from('b4').to('c42').addE('FRIEND').from('b1').to('b2').addE('FRIEND').from('b2').to('b3').addE('FRIEND').from('b3').to('b4').addE('FRIEND').from('b4').to('b1').barrier().limit(0)
</p></pre>
        </div>
      </div>
      </div>

        
  
      </div>
          <div class="step">
        
<div class="brief passed">
  <span class="keyword indention">When</span>
  <span class="name">executing query:</span>
  
  <span class="lead-duration duration">0.008</span>

  </div>

        


        
        
  <div class="inner-level">
    <div class="docstring indention">
            <div data-toggle="collapse" class="collapsable-control" data-target="#msg-10">
          <a>Doc string</a>
      </div>
      <div id="msg-10" class="collapse collapsable-details">
        <pre>UNWIND ['a', 'b', 'B', null, 'abc', 'abc1'] AS i
RETURN min(i)</pre>
      </div>
    </div>
  </div>

        
  <div class="outputs inner-level">
          <div class="output indention">
        <div data-toggle="collapse" class=" collapsed  collapsable-control" data-target="#output-11">
          Output 1
          <i class="chevron fa fa-fw"></i>
        </div>
        <div id="output-11" class="collapse collapsable-details " >
          
          <pre><p>14:48:38.794 [gremlin-server-worker-1] INFO  o.o.g.s.op.cypher.CypherOpProcessor - Cypher: UNWIND ['a', 'b', 'B', null, 'abc', 'abc1'] AS i RETURN min(i)
14:48:38.796 [gremlin-server-worker-1] INFO  o.o.g.s.op.cypher.CypherOpProcessor - Gremlin: g.inject('  cypher.start').project('  GENERATED1', '  GENERATED2', '  GENERATED3', '  GENERATED4', '  GENERATED5', '  GENERATED6').by(__.constant('a')).by(__.constant('b')).by(__.constant('B')).by(__.constant('  cypher.null')).by(__.constant('abc')).by(__.constant('abc1')).select(values).project('min(i)').by(__.unfold().is(neq('  cypher.null')).min())
14:48:38.798 [gremlin-server-worker-1] ERROR o.o.g.s.op.cypher.CypherOpProcessor - Error during traversal iteration
java.lang.ClassCastException: java.lang.String cannot be cast to java.lang.Number
	at org.apache.tinkerpop.gremlin.process.traversal.step.map.MinGlobalStep.projectTraverser(MinGlobalStep.java:45)
	at org.apache.tinkerpop.gremlin.process.traversal.step.map.MinGlobalStep.projectTraverser(MinGlobalStep.java:35)
	at org.apache.tinkerpop.gremlin.process.traversal.step.util.ReducingBarrierStep.processAllStarts(ReducingBarrierStep.java:84)
	at org.apache.tinkerpop.gremlin.process.traversal.step.util.ReducingBarrierStep.processNextStart(ReducingBarrierStep.java:113)
	at org.apache.tinkerpop.gremlin.process.traversal.step.util.AbstractStep.next(AbstractStep.java:128)
	at org.apache.tinkerpop.gremlin.process.traversal.step.util.AbstractStep.next(AbstractStep.java:38)
	at org.apache.tinkerpop.gremlin.process.traversal.util.DefaultTraversal.next(DefaultTraversal.java:200)
	at org.apache.tinkerpop.gremlin.process.traversal.util.TraversalUtil.apply(TraversalUtil.java:43)
	at org.apache.tinkerpop.gremlin.process.traversal.util.TraversalUtil.applyNullable(TraversalUtil.java:75)
	at org.apache.tinkerpop.gremlin.process.traversal.step.map.ProjectStep.map(ProjectStep.java:55)
	at org.apache.tinkerpop.gremlin.process.traversal.step.map.ProjectStep.map(ProjectStep.java:40)
	at org.apache.tinkerpop.gremlin.process.traversal.step.map.MapStep.processNextStart(MapStep.java:37)
	at org.apache.tinkerpop.gremlin.process.traversal.step.util.AbstractStep.hasNext(AbstractStep.java:143)
	at org.apache.tinkerpop.gremlin.process.traversal.step.util.ExpandableStepIterator.next(ExpandableStepIterator.java:50)
	at org.apache.tinkerpop.gremlin.process.traversal.step.map.MapStep.processNextStart(MapStep.java:36)
	at org.apache.tinkerpop.gremlin.process.traversal.step.util.AbstractStep.hasNext(AbstractStep.java:143)
	at org.apache.tinkerpop.gremlin.process.traversal.util.DefaultTraversal.hasNext(DefaultTraversal.java:192)
	at org.apache.tinkerpop.gremlin.server.op.AbstractOpProcessor.handleIterator(AbstractOpProcessor.java:89)
	at org.opencypher.gremlin.server.op.cypher.CypherOpProcessor.handleIterator(CypherOpProcessor.java:181)
	at org.opencypher.gremlin.server.op.cypher.CypherOpProcessor.lambda$evalCypher$0(CypherOpProcessor.java:119)
	at org.opencypher.gremlin.server.op.cypher.CypherOpProcessor.inTransaction(CypherOpProcessor.java:127)
	at org.opencypher.gremlin.server.op.cypher.CypherOpProcessor.evalCypher(CypherOpProcessor.java:119)
	at org.apache.tinkerpop.gremlin.server.handler.OpExecutorHandler.channelRead0(OpExecutorHandler.java:68)
	at org.apache.tinkerpop.gremlin.server.handler.OpExecutorHandler.channelRead0(OpExecutorHandler.java:43)
	at io.netty.channel.SimpleChannelInboundHandler.channelRead(SimpleChannelInboundHandler.java:105)
	at io.netty.channel.AbstractChannelHandlerContext.invokeChannelRead(AbstractChannelHandlerContext.java:356)
	at io.netty.channel.AbstractChannelHandlerContext.invokeChannelRead(AbstractChannelHandlerContext.java:342)
	at io.netty.channel.AbstractChannelHandlerContext.fireChannelRead(AbstractChannelHandlerContext.java:335)
	at io.netty.handler.codec.MessageToMessageDecoder.channelRead(MessageToMessageDecoder.java:102)
	at io.netty.channel.AbstractChannelHandlerContext.invokeChannelRead(AbstractChannelHandlerContext.java:356)
	at io.netty.channel.AbstractChannelHandlerContext.invokeChannelRead(AbstractChannelHandlerContext.java:342)
	at io.netty.channel.AbstractChannelHandlerContext.fireChannelRead(AbstractChannelHandlerContext.java:335)
	at io.netty.handler.codec.MessageToMessageDecoder.channelRead(MessageToMessageDecoder.java:102)
	at io.netty.channel.AbstractChannelHandlerContext.invokeChannelRead(AbstractChannelHandlerContext.java:356)
	at io.netty.channel.AbstractChannelHandlerContext.invokeChannelRead(AbstractChannelHandlerContext.java:342)
	at io.netty.channel.AbstractChannelHandlerContext.fireChannelRead(AbstractChannelHandlerContext.java:335)
	at io.netty.handler.codec.MessageToMessageDecoder.channelRead(MessageToMessageDecoder.java:102)
	at io.netty.channel.AbstractChannelHandlerContext.invokeChannelRead(AbstractChannelHandlerContext.java:356)
	at io.netty.channel.AbstractChannelHandlerContext.invokeChannelRead(AbstractChannelHandlerContext.java:342)
	at io.netty.channel.AbstractChannelHandlerContext.fireChannelRead(AbstractChannelHandlerContext.java:335)
	at io.netty.handler.codec.MessageToMessageDecoder.channelRead(MessageToMessageDecoder.java:102)
	at io.netty.channel.AbstractChannelHandlerContext.invokeChannelRead(AbstractChannelHandlerContext.java:356)
	at io.netty.channel.AbstractChannelHandlerContext.invokeChannelRead(AbstractChannelHandlerContext.java:342)
	at io.netty.channel.AbstractChannelHandlerContext.fireChannelRead(AbstractChannelHandlerContext.java:335)
	at io.netty.handler.codec.MessageToMessageDecoder.channelRead(MessageToMessageDecoder.java:102)
	at io.netty.channel.AbstractChannelHandlerContext.invokeChannelRead(AbstractChannelHandlerContext.java:356)
	at io.netty.channel.AbstractChannelHandlerContext.invokeChannelRead(AbstractChannelHandlerContext.java:342)
	at io.netty.channel.AbstractChannelHandlerContext.fireChannelRead(AbstractChannelHandlerContext.java:335)
	at io.netty.handler.codec.http.websocketx.WebSocketServerProtocolHandler$1.channelRead(WebSocketServerProtocolHandler.java:159)
	at io.netty.channel.AbstractChannelHandlerContext.invokeChannelRead(AbstractChannelHandlerContext.java:356)
	at io.netty.channel.AbstractChannelHandlerContext.invokeChannelRead(AbstractChannelHandlerContext.java:342)
	at io.netty.channel.AbstractChannelHandlerContext.fireChannelRead(AbstractChannelHandlerContext.java:335)
	at io.netty.handler.codec.ByteToMessageDecoder.fireChannelRead(ByteToMessageDecoder.java:312)
	at io.netty.handler.codec.ByteToMessageDecoder.channelRead(ByteToMessageDecoder.java:286)
	at io.netty.channel.AbstractChannelHandlerContext.invokeChannelRead(AbstractChannelHandlerContext.java:356)
	at io.netty.channel.AbstractChannelHandlerContext.invokeChannelRead(AbstractChannelHandlerContext.java:342)
	at io.netty.channel.AbstractChannelHandlerContext.fireChannelRead(AbstractChannelHandlerContext.java:335)
	at io.netty.handler.timeout.IdleStateHandler.channelRead(IdleStateHandler.java:286)
	at io.netty.channel.AbstractChannelHandlerContext.invokeChannelRead(AbstractChannelHandlerContext.java:356)
	at io.netty.channel.AbstractChannelHandlerContext.invokeChannelRead(AbstractChannelHandlerContext.java:342)
	at io.netty.channel.AbstractChannelHandlerContext.fireChannelRead(AbstractChannelHandlerContext.java:335)
	at io.netty.channel.DefaultChannelPipeline$HeadContext.channelRead(DefaultChannelPipeline.java:1304)
	at io.netty.channel.AbstractChannelHandlerContext.invokeChannelRead(AbstractChannelHandlerContext.java:356)
	at io.netty.channel.AbstractChannelHandlerContext.invokeChannelRead(AbstractChannelHandlerContext.java:342)
	at io.netty.channel.DefaultChannelPipeline.fireChannelRead(DefaultChannelPipeline.java:921)
	at io.netty.channel.nio.AbstractNioByteChannel$NioByteUnsafe.read(AbstractNioByteChannel.java:135)
	at io.netty.channel.nio.NioEventLoop.processSelectedKey(NioEventLoop.java:646)
	at io.netty.channel.nio.NioEventLoop.processSelectedKeysOptimized(NioEventLoop.java:581)
	at io.netty.channel.nio.NioEventLoop.processSelectedKeys(NioEventLoop.java:498)
	at io.netty.channel.nio.NioEventLoop.run(NioEventLoop.java:460)
	at io.netty.util.concurrent.SingleThreadEventExecutor$2.run(SingleThreadEventExecutor.java:131)
	at java.lang.Thread.run(Thread.java:748)
</p></pre>
        </div>
      </div>
      </div>

        
  
      </div>
          <div class="step">
        
<div class="brief failed">
  <span class="keyword indention">Then</span>
  <span class="name">the result should be:</span>
  
  <span class="lead-duration duration">0.000</span>

  </div>

        

  <div class="inner-level">
    <div class="message indention">
      <div data-toggle="collapse" class=" collapsable-control" data-target="#msg-12">
          <a>org.opencypher.tools.tck.api.Scenario$ScenarioFailedException: Feature &quot;Aggregation&quot;: Scenario &quot;`min()` over strings&quot; failed with message: Expected: | min(i) |</a>
      </div>
      <div id="msg-12" class="collapse collapsable-details  in ">
        <pre>org.opencypher.tools.tck.api.Scenario$ScenarioFailedException: Feature &quot;Aggregation&quot;: Scenario &quot;`min()` over strings&quot; failed with message: Expected: | min(i) |
| 'B' |, got error ExecutionFailed(TypeError,runtime,InvalidArgumentValue,Some(org.apache.tinkerpop.gremlin.driver.exception.ResponseException: java.lang.String cannot be cast to java.lang.Number))
	at org.opencypher.tools.tck.api.Scenario$$anonfun$executeOnGraph$1.apply(Scenario.scala:95)
	at org.opencypher.tools.tck.api.Scenario$$anonfun$executeOnGraph$1.apply(Scenario.scala:60)
	at scala.collection.LinearSeqOptimized$class.foldLeft(LinearSeqOptimized.scala:124)
	at scala.collection.immutable.List.foldLeft(List.scala:84)
	at org.opencypher.tools.tck.api.Scenario.executeOnGraph(Scenario.scala:60)
	at org.opencypher.tools.tck.api.Scenario$$anon$1.execute(Scenario.scala:54)
	at org.junit.jupiter.engine.descriptor.JupiterTestDescriptor.executeAndMaskThrowable(JupiterTestDescriptor.java:145)
	at org.junit.jupiter.engine.descriptor.DynamicTestTestDescriptor.execute(DynamicTestTestDescriptor.java:46)
	at org.junit.jupiter.engine.descriptor.DynamicTestTestDescriptor.execute(DynamicTestTestDescriptor.java:24)
	at org.junit.platform.engine.support.hierarchical.HierarchicalTestExecutor.lambda$execute$3(HierarchicalTestExecutor.java:83)
	at org.junit.platform.engine.support.hierarchical.SingleTestExecutor.executeSafely(SingleTestExecutor.java:66)
	at org.junit.platform.engine.support.hierarchical.HierarchicalTestExecutor.execute(HierarchicalTestExecutor.java:77)
	at org.junit.platform.engine.support.hierarchical.HierarchicalTestExecutor.lambda$null$0(HierarchicalTestExecutor.java:85)
	at org.junit.jupiter.engine.descriptor.TestFactoryTestDescriptor.lambda$invokeTestMethod$1(TestFactoryTestDescriptor.java:80)
	at org.junit.jupiter.engine.execution.ThrowableCollector.execute(ThrowableCollector.java:40)
	at org.junit.jupiter.engine.descriptor.TestFactoryTestDescriptor.invokeTestMethod(TestFactoryTestDescriptor.java:68)
	at org.junit.jupiter.engine.descriptor.TestMethodTestDescriptor.execute(TestMethodTestDescriptor.java:110)
	at org.junit.jupiter.engine.descriptor.TestMethodTestDescriptor.execute(TestMethodTestDescriptor.java:57)
	at org.junit.platform.engine.support.hierarchical.HierarchicalTestExecutor.lambda$execute$3(HierarchicalTestExecutor.java:83)
	at org.junit.platform.engine.support.hierarchical.SingleTestExecutor.executeSafely(SingleTestExecutor.java:66)
	at org.junit.platform.engine.support.hierarchical.HierarchicalTestExecutor.execute(HierarchicalTestExecutor.java:77)
	at org.junit.platform.engine.support.hierarchical.HierarchicalTestExecutor.lambda$null$2(HierarchicalTestExecutor.java:92)
	at java.util.stream.ForEachOps$ForEachOp$OfRef.accept(ForEachOps.java:184)
	at java.util.stream.ReferencePipeline$2$1.accept(ReferencePipeline.java:175)
	at java.util.Iterator.forEachRemaining(Iterator.java:116)
	at java.util.Spliterators$IteratorSpliterator.forEachRemaining(Spliterators.java:1801)
	at java.util.stream.AbstractPipeline.copyInto(AbstractPipeline.java:481)
	at java.util.stream.AbstractPipeline.wrapAndCopyInto(AbstractPipeline.java:471)
	at java.util.stream.ForEachOps$ForEachOp.evaluateSequential(ForEachOps.java:151)
	at java.util.stream.ForEachOps$ForEachOp$OfRef.evaluateSequential(ForEachOps.java:174)
	at java.util.stream.AbstractPipeline.evaluate(AbstractPipeline.java:234)
	at java.util.stream.ReferencePipeline.forEach(ReferencePipeline.java:418)
	at org.junit.platform.engine.support.hierarchical.HierarchicalTestExecutor.lambda$execute$3(HierarchicalTestExecutor.java:92)
	at org.junit.platform.engine.support.hierarchical.SingleTestExecutor.executeSafely(SingleTestExecutor.java:66)
	at org.junit.platform.engine.support.hierarchical.HierarchicalTestExecutor.execute(HierarchicalTestExecutor.java:77)
	at org.junit.platform.engine.support.hierarchical.HierarchicalTestExecutor.lambda$null$2(HierarchicalTestExecutor.java:92)
	at java.util.stream.ForEachOps$ForEachOp$OfRef.accept(ForEachOps.java:184)
	at java.util.stream.ReferencePipeline$2$1.accept(ReferencePipeline.java:175)
	at java.util.Iterator.forEachRemaining(Iterator.java:116)
	at java.util.Spliterators$IteratorSpliterator.forEachRemaining(Spliterators.java:1801)
	at java.util.stream.AbstractPipeline.copyInto(AbstractPipeline.java:481)
	at java.util.stream.AbstractPipeline.wrapAndCopyInto(AbstractPipeline.java:471)
	at java.util.stream.ForEachOps$ForEachOp.evaluateSequential(ForEachOps.java:151)
	at java.util.stream.ForEachOps$ForEachOp$OfRef.evaluateSequential(ForEachOps.java:174)
	at java.util.stream.AbstractPipeline.evaluate(AbstractPipeline.java:234)
	at java.util.stream.ReferencePipeline.forEach(ReferencePipeline.java:418)
	at org.junit.platform.engine.support.hierarchical.HierarchicalTestExecutor.lambda$execute$3(HierarchicalTestExecutor.java:92)
	at org.junit.platform.engine.support.hierarchical.SingleTestExecutor.executeSafely(SingleTestExecutor.java:66)
	at org.junit.platform.engine.support.hierarchical.HierarchicalTestExecutor.execute(HierarchicalTestExecutor.java:77)
	at org.junit.platform.engine.support.hierarchical.HierarchicalTestExecutor.execute(HierarchicalTestExecutor.java:51)
	at org.junit.platform.engine.support.hierarchical.HierarchicalTestEngine.execute(HierarchicalTestEngine.java:43)
	at org.junit.platform.launcher.core.DefaultLauncher.execute(DefaultLauncher.java:170)
	at org.junit.platform.launcher.core.DefaultLauncher.execute(DefaultLauncher.java:154)
	at org.junit.platform.launcher.core.DefaultLauncher.execute(DefaultLauncher.java:90)
	at org.gradle.api.internal.tasks.testing.junitplatform.JUnitPlatformTestClassProcessor$CollectAllTestClassesExecutor.processAllTestClasses(JUnitPlatformTestClassProcessor.java:92)
	at org.gradle.api.internal.tasks.testing.junitplatform.JUnitPlatformTestClassProcessor$CollectAllTestClassesExecutor.access$100(JUnitPlatformTestClassProcessor.java:77)
	at org.gradle.api.internal.tasks.testing.junitplatform.JUnitPlatformTestClassProcessor.stop(JUnitPlatformTestClassProcessor.java:73)
	at org.gradle.api.internal.tasks.testing.SuiteTestClassProcessor.stop(SuiteTestClassProcessor.java:61)
	at sun.reflect.NativeMethodAccessorImpl.invoke0(Native Method)
	at sun.reflect.NativeMethodAccessorImpl.invoke(NativeMethodAccessorImpl.java:62)
	at sun.reflect.DelegatingMethodAccessorImpl.invoke(DelegatingMethodAccessorImpl.java:43)
	at java.lang.reflect.Method.invoke(Method.java:498)
	at org.gradle.internal.dispatch.ReflectionDispatch.dispatch(ReflectionDispatch.java:35)
	at org.gradle.internal.dispatch.ReflectionDispatch.dispatch(ReflectionDispatch.java:24)
	at org.gradle.internal.dispatch.ContextClassLoaderDispatch.dispatch(ContextClassLoaderDispatch.java:32)
	at org.gradle.internal.dispatch.ProxyDispatchAdapter$DispatchingInvocationHandler.invoke(ProxyDispatchAdapter.java:93)
	at com.sun.proxy.$Proxy1.stop(Unknown Source)
	at org.gradle.api.internal.tasks.testing.worker.TestWorker.stop(TestWorker.java:123)
	at sun.reflect.NativeMethodAccessorImpl.invoke0(Native Method)
	at sun.reflect.NativeMethodAccessorImpl.invoke(NativeMethodAccessorImpl.java:62)
	at sun.reflect.DelegatingMethodAccessorImpl.invoke(DelegatingMethodAccessorImpl.java:43)
	at java.lang.reflect.Method.invoke(Method.java:498)
	at org.gradle.internal.dispatch.ReflectionDispatch.dispatch(ReflectionDispatch.java:35)
	at org.gradle.internal.dispatch.ReflectionDispatch.dispatch(ReflectionDispatch.java:24)
	at org.gradle.internal.remote.internal.hub.MessageHubBackedObjectConnection$DispatchWrapper.dispatch(MessageHubBackedObjectConnection.java:155)
	at org.gradle.internal.remote.internal.hub.MessageHubBackedObjectConnection$DispatchWrapper.dispatch(MessageHubBackedObjectConnection.java:137)
	at org.gradle.internal.remote.internal.hub.MessageHub$Handler.run(MessageHub.java:404)
	at org.gradle.internal.concurrent.ExecutorPolicy$CatchAndRecordFailures.onExecute(ExecutorPolicy.java:63)
	at org.gradle.internal.concurrent.ManagedExecutorImpl$1.run(ManagedExecutorImpl.java:46)
	at java.util.concurrent.ThreadPoolExecutor.runWorker(ThreadPoolExecutor.java:1149)
	at java.util.concurrent.ThreadPoolExecutor$Worker.run(ThreadPoolExecutor.java:624)
	at org.gradle.internal.concurrent.ThreadFactoryImpl$ManagedThreadRunnable.run(ThreadFactoryImpl.java:55)
	at java.lang.Thread.run(Thread.java:748)
Caused by: org.apache.tinkerpop.gremlin.driver.exception.ResponseException: java.lang.String cannot be cast to java.lang.Number
	at org.apache.tinkerpop.gremlin.driver.Handler$GremlinResponseHandler.channelRead0(Handler.java:246)
	at org.apache.tinkerpop.gremlin.driver.Handler$GremlinResponseHandler.channelRead0(Handler.java:197)
	at io.netty.channel.SimpleChannelInboundHandler.channelRead(SimpleChannelInboundHandler.java:105)
	at io.netty.channel.AbstractChannelHandlerContext.invokeChannelRead(AbstractChannelHandlerContext.java:356)
	at io.netty.channel.AbstractChannelHandlerContext.invokeChannelRead(AbstractChannelHandlerContext.java:342)
	at io.netty.channel.AbstractChannelHandlerContext.fireChannelRead(AbstractChannelHandlerContext.java:335)
	at org.apache.tinkerpop.gremlin.driver.Handler$GremlinSaslAuthenticationHandler.channelRead0(Handler.java:123)
	at org.apache.tinkerpop.gremlin.driver.Handler$GremlinSaslAuthenticationHandler.channelRead0(Handler.java:67)
	at io.netty.channel.SimpleChannelInboundHandler.channelRead(SimpleChannelInboundHandler.java:105)
	at io.netty.channel.AbstractChannelHandlerContext.invokeChannelRead(AbstractChannelHandlerContext.java:356)
	at io.netty.channel.AbstractChannelHandlerContext.invokeChannelRead(AbstractChannelHandlerContext.java:342)
	at io.netty.channel.AbstractChannelHandlerContext.fireChannelRead(AbstractChannelHandlerContext.java:335)
	at io.netty.handler.codec.MessageToMessageDecoder.channelRead(MessageToMessageDecoder.java:102)
	at io.netty.channel.AbstractChannelHandlerContext.invokeChannelRead(AbstractChannelHandlerContext.java:356)
	at io.netty.channel.AbstractChannelHandlerContext.invokeChannelRead(AbstractChannelHandlerContext.java:342)
	at io.netty.channel.AbstractChannelHandlerContext.fireChannelRead(AbstractChannelHandlerContext.java:335)
	at org.apache.tinkerpop.gremlin.driver.handler.WebSocketClientHandler.channelRead0(WebSocketClientHandler.java:94)
	at io.netty.channel.SimpleChannelInboundHandler.channelRead(SimpleChannelInboundHandler.java:105)
	at io.netty.channel.AbstractChannelHandlerContext.invokeChannelRead(AbstractChannelHandlerContext.java:356)
	at io.netty.channel.AbstractChannelHandlerContext.invokeChannelRead(AbstractChannelHandlerContext.java:342)
	at io.netty.channel.AbstractChannelHandlerContext.fireChannelRead(AbstractChannelHandlerContext.java:335)
	at io.netty.handler.codec.ByteToMessageDecoder.fireChannelRead(ByteToMessageDecoder.java:312)
	at io.netty.handler.codec.ByteToMessageDecoder.channelRead(ByteToMessageDecoder.java:286)
	at io.netty.channel.AbstractChannelHandlerContext.invokeChannelRead(AbstractChannelHandlerContext.java:356)
	at io.netty.channel.AbstractChannelHandlerContext.invokeChannelRead(AbstractChannelHandlerContext.java:342)
	at io.netty.channel.AbstractChannelHandlerContext.fireChannelRead(AbstractChannelHandlerContext.java:335)
	at io.netty.channel.DefaultChannelPipeline$HeadContext.channelRead(DefaultChannelPipeline.java:1304)
	at io.netty.channel.AbstractChannelHandlerContext.invokeChannelRead(AbstractChannelHandlerContext.java:356)
	at io.netty.channel.AbstractChannelHandlerContext.invokeChannelRead(AbstractChannelHandlerContext.java:342)
	at io.netty.channel.DefaultChannelPipeline.fireChannelRead(DefaultChannelPipeline.java:921)
	at io.netty.channel.nio.AbstractNioByteChannel$NioByteUnsafe.read(AbstractNioByteChannel.java:135)
	at io.netty.channel.nio.NioEventLoop.processSelectedKey(NioEventLoop.java:646)
	at io.netty.channel.nio.NioEventLoop.processSelectedKeysOptimized(NioEventLoop.java:581)
	at io.netty.channel.nio.NioEventLoop.processSelectedKeys(NioEventLoop.java:498)
	at io.netty.channel.nio.NioEventLoop.run(NioEventLoop.java:460)
	at io.netty.util.concurrent.SingleThreadEventExecutor$2.run(SingleThreadEventExecutor.java:131)
	... 1 more
</pre>
      </div>
    </div>
  </div>


                  <table class="step-arguments">
                          <tr>
                                  <td>min(i)</td>
                              </tr>
                          <tr>
                                  <td>'B'</td>
                              </tr>
                      </table>
        
        

        

        
  
      </div>
      </div>
</div>


    

  </div>
</div>

                      
<div class="element">
  
  
<div class="tags indention">
  </div>

  
  <span class="lead-duration duration">0.070</span>


    <span data-toggle="collapse" class=" collapsed  collapsable-control" data-target="#element-13">
    
<div class="brief passed">
  <span class="keyword indention">Scenario</span>
  <span class="name">`max()` over integers</span>
  

       <i class="chevron fa fa-fw"></i>
  </div>

  </span>
  <div class="description indention"></div>

  <div id="element-13" class="collapse collapsable-details ">
    


    
<div class="steps inner-level">
    <div data-toggle="collapse" class=" collapsed  collapsable-control" data-target="#steps-14">
    
<div class="brief passed">
  <span class="keyword indention">Steps</span>
  <span class="name"></span>
  

       <i class="chevron fa fa-fw"></i>
  </div>

  </div>

  <div id="steps-14" class="inner-level collapse collapsable-details ">
          <div class="step">
        
<div class="brief passed">
  <span class="keyword indention">Given</span>
  <span class="name">any graph</span>
  
  <span class="lead-duration duration">0.047</span>

  </div>

        


        
        

        
  <div class="outputs inner-level">
          <div class="output indention">
        <div data-toggle="collapse" class=" collapsed  collapsable-control" data-target="#output-15">
          Output 1
          <i class="chevron fa fa-fw"></i>
        </div>
        <div id="output-15" class="collapse collapsable-details " >
          
          <pre><p>14:48:38.805 [gremlin-server-worker-1] INFO  o.o.g.s.op.cypher.CypherOpProcessor - Cypher:  CREATE (a:A {name: 'a'}),        (b1:X {name: 'b1'}),        (b2:X {name: 'b2'}),        (b3:X {name: 'b3'}),        (b4:X {name: 'b4'}),        (c11:X {name: 'c11'}),        (c12:X {name: 'c12'}),        (c21:X {name: 'c21'}),        (c22:X {name: 'c22'}),        (c31:X {name: 'c31'}),        (c32:X {name: 'c32'}),        (c41:X {name: 'c41'}),        (c42:X {name: 'c42'}) CREATE (a)-[:KNOWS]-&gt;(b1),        (a)-[:KNOWS]-&gt;(b2),        (a)-[:FOLLOWS]-&gt;(b3),        (a)-[:FOLLOWS]-&gt;(b4) CREATE (b1)-[:FRIEND]-&gt;(c11),        (b1)-[:FRIEND]-&gt;(c12),        (b2)-[:FRIEND]-&gt;(c21),        (b2)-[:FRIEND]-&gt;(c22),        (b3)-[:FRIEND]-&gt;(c31),        (b3)-[:FRIEND]-&gt;(c32),        (b4)-[:FRIEND]-&gt;(c41),        (b4)-[:FRIEND]-&gt;(c42) CREATE (b1)-[:FRIEND]-&gt;(b2),        (b2)-[:FRIEND]-&gt;(b3),        (b3)-[:FRIEND]-&gt;(b4),        (b4)-[:FRIEND]-&gt;(b1);     
14:48:38.825 [gremlin-server-worker-1] INFO  o.o.g.s.op.cypher.CypherOpProcessor - Gremlin: g.addV('A').as('a').property('name', 'a').addV('X').as('b1').property('name', 'b1').addV('X').as('b2').property('name', 'b2').addV('X').as('b3').property('name', 'b3').addV('X').as('b4').property('name', 'b4').addV('X').as('c11').property('name', 'c11').addV('X').as('c12').property('name', 'c12').addV('X').as('c21').property('name', 'c21').addV('X').as('c22').property('name', 'c22').addV('X').as('c31').property('name', 'c31').addV('X').as('c32').property('name', 'c32').addV('X').as('c41').property('name', 'c41').addV('X').as('c42').property('name', 'c42').addE('KNOWS').from('a').to('b1').addE('KNOWS').from('a').to('b2').addE('FOLLOWS').from('a').to('b3').addE('FOLLOWS').from('a').to('b4').addE('FRIEND').from('b1').to('c11').addE('FRIEND').from('b1').to('c12').addE('FRIEND').from('b2').to('c21').addE('FRIEND').from('b2').to('c22').addE('FRIEND').from('b3').to('c31').addE('FRIEND').from('b3').to('c32').addE('FRIEND').from('b4').to('c41').addE('FRIEND').from('b4').to('c42').addE('FRIEND').from('b1').to('b2').addE('FRIEND').from('b2').to('b3').addE('FRIEND').from('b3').to('b4').addE('FRIEND').from('b4').to('b1').barrier().limit(0)
</p></pre>
        </div>
      </div>
      </div>

        
  
      </div>
          <div class="step">
        
<div class="brief passed">
  <span class="keyword indention">When</span>
  <span class="name">executing query:</span>
  
  <span class="lead-duration duration">0.006</span>

  </div>

        


        
        
  <div class="inner-level">
    <div class="docstring indention">
            <div data-toggle="collapse" class="collapsable-control" data-target="#msg-16">
          <a>Doc string</a>
      </div>
      <div id="msg-16" class="collapse collapsable-details">
        <pre>UNWIND [1, 2, 0, null, -1] AS x
RETURN max(x)</pre>
      </div>
    </div>
  </div>

        
  <div class="outputs inner-level">
          <div class="output indention">
        <div data-toggle="collapse" class=" collapsed  collapsable-control" data-target="#output-17">
          Output 1
          <i class="chevron fa fa-fw"></i>
        </div>
        <div id="output-17" class="collapse collapsable-details " >
          
          <pre><p>14:48:38.877 [gremlin-server-worker-1] INFO  o.o.g.s.op.cypher.CypherOpProcessor - Cypher: UNWIND [1, 2, 0, null, -1] AS x RETURN max(x)
14:48:38.881 [gremlin-server-worker-1] INFO  o.o.g.s.op.cypher.CypherOpProcessor - Gremlin: g.inject('  cypher.start').project('  GENERATED1', '  GENERATED2', '  GENERATED3', '  GENERATED4', '  GENERATED5').by(__.constant(1)).by(__.constant(2)).by(__.constant(0)).by(__.constant('  cypher.null')).by(__.constant(-1)).select(values).project('max(x)').by(__.unfold().is(neq('  cypher.null')).max())
</p></pre>
        </div>
      </div>
      </div>

        
  
      </div>
          <div class="step">
        
<div class="brief passed">
  <span class="keyword indention">Then</span>
  <span class="name">the result should be:</span>
  
  <span class="lead-duration duration">0.000</span>

  </div>

        


                  <table class="step-arguments">
                          <tr>
                                  <td>max(x)</td>
                              </tr>
                          <tr>
                                  <td>2</td>
                              </tr>
                      </table>
        
        

        

        
  
      </div>
          <div class="step">
        
<div class="brief passed">
  <span class="keyword indention">And</span>
  <span class="name">no side effects</span>
  
  <span class="lead-duration duration">0.016</span>

  </div>

        


        
        

        
  <div class="outputs inner-level">
          <div class="output indention">
        <div data-toggle="collapse" class=" collapsed  collapsable-control" data-target="#output-18">
          Output 1
          <i class="chevron fa fa-fw"></i>
        </div>
        <div id="output-18" class="collapse collapsable-details " >
          
          <pre><p>14:48:38.883 [gremlin-server-worker-1] INFO  o.o.g.s.op.cypher.CypherOpProcessor - Cypher: MATCH (n) RETURN id(n)
14:48:38.886 [gremlin-server-worker-1] INFO  o.o.g.s.op.cypher.CypherOpProcessor - Gremlin: g.V().project('id(n)').by(__.choose(neq('  cypher.null'), __.id(), __.constant('  cypher.null')))
14:48:38.887 [gremlin-server-worker-1] INFO  o.o.g.s.op.cypher.CypherOpProcessor - Cypher: MATCH ()-[r]-&gt;() RETURN id(r)
14:48:38.889 [gremlin-server-worker-1] INFO  o.o.g.s.op.cypher.CypherOpProcessor - Gremlin: g.V().outE().as('r').inV().select('r').project('id(r)').by(__.choose(neq('  cypher.null'), __.id(), __.constant('  cypher.null')))
14:48:38.890 [gremlin-server-worker-1] INFO  o.o.g.s.op.cypher.CypherOpProcessor - Cypher: MATCH (n) UNWIND labels(n) AS label RETURN DISTINCT label
14:48:38.893 [gremlin-server-worker-1] INFO  o.o.g.s.op.cypher.CypherOpProcessor - Gremlin: g.V().label().is(neq('vertex')).project('label').by(__.identity()).dedup()
-labels:        0
+labels:        0
+nodes:         0
-nodes:         0
-properties:    0
+properties:    0
-relationships: 0
+relationships: 0
</p></pre>
        </div>
      </div>
      </div>

        
  
      </div>
      </div>
</div>


    

  </div>
</div>

                      
<div class="element">
  
  
<div class="tags indention">
  </div>

  
  <span class="lead-duration duration">0.049</span>


    <span data-toggle="collapse" class=" collapsed  collapsable-control" data-target="#element-19">
    
<div class="brief passed">
  <span class="keyword indention">Scenario</span>
  <span class="name">`min()` over integers</span>
  

       <i class="chevron fa fa-fw"></i>
  </div>

  </span>
  <div class="description indention"></div>

  <div id="element-19" class="collapse collapsable-details ">
    


    
<div class="steps inner-level">
    <div data-toggle="collapse" class=" collapsed  collapsable-control" data-target="#steps-20">
    
<div class="brief passed">
  <span class="keyword indention">Steps</span>
  <span class="name"></span>
  

       <i class="chevron fa fa-fw"></i>
  </div>

  </div>

  <div id="steps-20" class="inner-level collapse collapsable-details ">
          <div class="step">
        
<div class="brief passed">
  <span class="keyword indention">Given</span>
  <span class="name">any graph</span>
  
  <span class="lead-duration duration">0.032</span>

  </div>

        


        
        

        
  <div class="outputs inner-level">
          <div class="output indention">
        <div data-toggle="collapse" class=" collapsed  collapsable-control" data-target="#output-21">
          Output 1
          <i class="chevron fa fa-fw"></i>
        </div>
        <div id="output-21" class="collapse collapsable-details " >
          
          <pre><p>14:48:38.901 [gremlin-server-worker-1] INFO  o.o.g.s.op.cypher.CypherOpProcessor - Cypher:  CREATE (a:A {name: 'a'}),        (b1:X {name: 'b1'}),        (b2:X {name: 'b2'}),        (b3:X {name: 'b3'}),        (b4:X {name: 'b4'}),        (c11:X {name: 'c11'}),        (c12:X {name: 'c12'}),        (c21:X {name: 'c21'}),        (c22:X {name: 'c22'}),        (c31:X {name: 'c31'}),        (c32:X {name: 'c32'}),        (c41:X {name: 'c41'}),        (c42:X {name: 'c42'}) CREATE (a)-[:KNOWS]-&gt;(b1),        (a)-[:KNOWS]-&gt;(b2),        (a)-[:FOLLOWS]-&gt;(b3),        (a)-[:FOLLOWS]-&gt;(b4) CREATE (b1)-[:FRIEND]-&gt;(c11),        (b1)-[:FRIEND]-&gt;(c12),        (b2)-[:FRIEND]-&gt;(c21),        (b2)-[:FRIEND]-&gt;(c22),        (b3)-[:FRIEND]-&gt;(c31),        (b3)-[:FRIEND]-&gt;(c32),        (b4)-[:FRIEND]-&gt;(c41),        (b4)-[:FRIEND]-&gt;(c42) CREATE (b1)-[:FRIEND]-&gt;(b2),        (b2)-[:FRIEND]-&gt;(b3),        (b3)-[:FRIEND]-&gt;(b4),        (b4)-[:FRIEND]-&gt;(b1);     
14:48:38.916 [gremlin-server-worker-1] INFO  o.o.g.s.op.cypher.CypherOpProcessor - Gremlin: g.addV('A').as('a').property('name', 'a').addV('X').as('b1').property('name', 'b1').addV('X').as('b2').property('name', 'b2').addV('X').as('b3').property('name', 'b3').addV('X').as('b4').property('name', 'b4').addV('X').as('c11').property('name', 'c11').addV('X').as('c12').property('name', 'c12').addV('X').as('c21').property('name', 'c21').addV('X').as('c22').property('name', 'c22').addV('X').as('c31').property('name', 'c31').addV('X').as('c32').property('name', 'c32').addV('X').as('c41').property('name', 'c41').addV('X').as('c42').property('name', 'c42').addE('KNOWS').from('a').to('b1').addE('KNOWS').from('a').to('b2').addE('FOLLOWS').from('a').to('b3').addE('FOLLOWS').from('a').to('b4').addE('FRIEND').from('b1').to('c11').addE('FRIEND').from('b1').to('c12').addE('FRIEND').from('b2').to('c21').addE('FRIEND').from('b2').to('c22').addE('FRIEND').from('b3').to('c31').addE('FRIEND').from('b3').to('c32').addE('FRIEND').from('b4').to('c41').addE('FRIEND').from('b4').to('c42').addE('FRIEND').from('b1').to('b2').addE('FRIEND').from('b2').to('b3').addE('FRIEND').from('b3').to('b4').addE('FRIEND').from('b4').to('b1').barrier().limit(0)
</p></pre>
        </div>
      </div>
      </div>

        
  
      </div>
          <div class="step">
        
<div class="brief passed">
  <span class="keyword indention">When</span>
  <span class="name">executing query:</span>
  
  <span class="lead-duration duration">0.003</span>

  </div>

        


        
        
  <div class="inner-level">
    <div class="docstring indention">
            <div data-toggle="collapse" class="collapsable-control" data-target="#msg-22">
          <a>Doc string</a>
      </div>
      <div id="msg-22" class="collapse collapsable-details">
        <pre>UNWIND [1, 2, 0, null, -1] AS x
RETURN min(x)</pre>
      </div>
    </div>
  </div>

        
  <div class="outputs inner-level">
          <div class="output indention">
        <div data-toggle="collapse" class=" collapsed  collapsable-control" data-target="#output-23">
          Output 1
          <i class="chevron fa fa-fw"></i>
        </div>
        <div id="output-23" class="collapse collapsable-details " >
          
          <pre><p>14:48:38.950 [gremlin-server-worker-1] INFO  o.o.g.s.op.cypher.CypherOpProcessor - Cypher: UNWIND [1, 2, 0, null, -1] AS x RETURN min(x)
14:48:38.953 [gremlin-server-worker-1] INFO  o.o.g.s.op.cypher.CypherOpProcessor - Gremlin: g.inject('  cypher.start').project('  GENERATED1', '  GENERATED2', '  GENERATED3', '  GENERATED4', '  GENERATED5').by(__.constant(1)).by(__.constant(2)).by(__.constant(0)).by(__.constant('  cypher.null')).by(__.constant(-1)).select(values).project('min(x)').by(__.unfold().is(neq('  cypher.null')).min())
</p></pre>
        </div>
      </div>
      </div>

        
  
      </div>
          <div class="step">
        
<div class="brief passed">
  <span class="keyword indention">Then</span>
  <span class="name">the result should be:</span>
  
  <span class="lead-duration duration">0.000</span>

  </div>

        


                  <table class="step-arguments">
                          <tr>
                                  <td>min(x)</td>
                              </tr>
                          <tr>
                                  <td>-1</td>
                              </tr>
                      </table>
        
        

        

        
  
      </div>
          <div class="step">
        
<div class="brief passed">
  <span class="keyword indention">And</span>
  <span class="name">no side effects</span>
  
  <span class="lead-duration duration">0.013</span>

  </div>

        


        
        

        
  <div class="outputs inner-level">
          <div class="output indention">
        <div data-toggle="collapse" class=" collapsed  collapsable-control" data-target="#output-24">
          Output 1
          <i class="chevron fa fa-fw"></i>
        </div>
        <div id="output-24" class="collapse collapsable-details " >
          
          <pre><p>14:48:38.954 [gremlin-server-worker-1] INFO  o.o.g.s.op.cypher.CypherOpProcessor - Cypher: MATCH (n) RETURN id(n)
14:48:38.956 [gremlin-server-worker-1] INFO  o.o.g.s.op.cypher.CypherOpProcessor - Gremlin: g.V().project('id(n)').by(__.choose(neq('  cypher.null'), __.id(), __.constant('  cypher.null')))
14:48:38.957 [gremlin-server-worker-1] INFO  o.o.g.s.op.cypher.CypherOpProcessor - Cypher: MATCH ()-[r]-&gt;() RETURN id(r)
14:48:38.959 [gremlin-server-worker-1] INFO  o.o.g.s.op.cypher.CypherOpProcessor - Gremlin: g.V().outE().as('r').inV().select('r').project('id(r)').by(__.choose(neq('  cypher.null'), __.id(), __.constant('  cypher.null')))
14:48:38.960 [gremlin-server-worker-1] INFO  o.o.g.s.op.cypher.CypherOpProcessor - Cypher: MATCH (n) UNWIND labels(n) AS label RETURN DISTINCT label
14:48:38.962 [gremlin-server-worker-1] INFO  o.o.g.s.op.cypher.CypherOpProcessor - Gremlin: g.V().label().is(neq('vertex')).project('label').by(__.identity()).dedup()
-labels:        0
+labels:        0
+nodes:         0
-nodes:         0
-properties:    0
+properties:    0
-relationships: 0
+relationships: 0
</p></pre>
        </div>
      </div>
      </div>

        
  
      </div>
      </div>
</div>


    

  </div>
</div>

                      
<div class="element">
  
  
<div class="tags indention">
  </div>

  
  <span class="lead-duration duration">0.051</span>


    <span data-toggle="collapse" class=" collapsed  collapsable-control" data-target="#element-25">
    
<div class="brief passed">
  <span class="keyword indention">Scenario</span>
  <span class="name">`max()` over floats</span>
  

       <i class="chevron fa fa-fw"></i>
  </div>

  </span>
  <div class="description indention"></div>

  <div id="element-25" class="collapse collapsable-details ">
    


    
<div class="steps inner-level">
    <div data-toggle="collapse" class=" collapsed  collapsable-control" data-target="#steps-26">
    
<div class="brief passed">
  <span class="keyword indention">Steps</span>
  <span class="name"></span>
  

       <i class="chevron fa fa-fw"></i>
  </div>

  </div>

  <div id="steps-26" class="inner-level collapse collapsable-details ">
          <div class="step">
        
<div class="brief passed">
  <span class="keyword indention">Given</span>
  <span class="name">any graph</span>
  
  <span class="lead-duration duration">0.025</span>

  </div>

        


        
        

        
  <div class="outputs inner-level">
          <div class="output indention">
        <div data-toggle="collapse" class=" collapsed  collapsable-control" data-target="#output-27">
          Output 1
          <i class="chevron fa fa-fw"></i>
        </div>
        <div id="output-27" class="collapse collapsable-details " >
          
          <pre><p>14:48:38.969 [gremlin-server-worker-1] INFO  o.o.g.s.op.cypher.CypherOpProcessor - Cypher:  CREATE (a:A {name: 'a'}),        (b1:X {name: 'b1'}),        (b2:X {name: 'b2'}),        (b3:X {name: 'b3'}),        (b4:X {name: 'b4'}),        (c11:X {name: 'c11'}),        (c12:X {name: 'c12'}),        (c21:X {name: 'c21'}),        (c22:X {name: 'c22'}),        (c31:X {name: 'c31'}),        (c32:X {name: 'c32'}),        (c41:X {name: 'c41'}),        (c42:X {name: 'c42'}) CREATE (a)-[:KNOWS]-&gt;(b1),        (a)-[:KNOWS]-&gt;(b2),        (a)-[:FOLLOWS]-&gt;(b3),        (a)-[:FOLLOWS]-&gt;(b4) CREATE (b1)-[:FRIEND]-&gt;(c11),        (b1)-[:FRIEND]-&gt;(c12),        (b2)-[:FRIEND]-&gt;(c21),        (b2)-[:FRIEND]-&gt;(c22),        (b3)-[:FRIEND]-&gt;(c31),        (b3)-[:FRIEND]-&gt;(c32),        (b4)-[:FRIEND]-&gt;(c41),        (b4)-[:FRIEND]-&gt;(c42) CREATE (b1)-[:FRIEND]-&gt;(b2),        (b2)-[:FRIEND]-&gt;(b3),        (b3)-[:FRIEND]-&gt;(b4),        (b4)-[:FRIEND]-&gt;(b1);     
14:48:38.981 [gremlin-server-worker-1] INFO  o.o.g.s.op.cypher.CypherOpProcessor - Gremlin: g.addV('A').as('a').property('name', 'a').addV('X').as('b1').property('name', 'b1').addV('X').as('b2').property('name', 'b2').addV('X').as('b3').property('name', 'b3').addV('X').as('b4').property('name', 'b4').addV('X').as('c11').property('name', 'c11').addV('X').as('c12').property('name', 'c12').addV('X').as('c21').property('name', 'c21').addV('X').as('c22').property('name', 'c22').addV('X').as('c31').property('name', 'c31').addV('X').as('c32').property('name', 'c32').addV('X').as('c41').property('name', 'c41').addV('X').as('c42').property('name', 'c42').addE('KNOWS').from('a').to('b1').addE('KNOWS').from('a').to('b2').addE('FOLLOWS').from('a').to('b3').addE('FOLLOWS').from('a').to('b4').addE('FRIEND').from('b1').to('c11').addE('FRIEND').from('b1').to('c12').addE('FRIEND').from('b2').to('c21').addE('FRIEND').from('b2').to('c22').addE('FRIEND').from('b3').to('c31').addE('FRIEND').from('b3').to('c32').addE('FRIEND').from('b4').to('c41').addE('FRIEND').from('b4').to('c42').addE('FRIEND').from('b1').to('b2').addE('FRIEND').from('b2').to('b3').addE('FRIEND').from('b3').to('b4').addE('FRIEND').from('b4').to('b1').barrier().limit(0)
</p></pre>
        </div>
      </div>
      </div>

        
  
      </div>
          <div class="step">
        
<div class="brief passed">
  <span class="keyword indention">When</span>
  <span class="name">executing query:</span>
  
  <span class="lead-duration duration">0.005</span>

  </div>

        


        
        
  <div class="inner-level">
    <div class="docstring indention">
            <div data-toggle="collapse" class="collapsable-control" data-target="#msg-28">
          <a>Doc string</a>
      </div>
      <div id="msg-28" class="collapse collapsable-details">
        <pre>UNWIND [1.0, 2.0, 0.5, null] AS x
RETURN max(x)</pre>
      </div>
    </div>
  </div>

        
  <div class="outputs inner-level">
          <div class="output indention">
        <div data-toggle="collapse" class=" collapsed  collapsable-control" data-target="#output-29">
          Output 1
          <i class="chevron fa fa-fw"></i>
        </div>
        <div id="output-29" class="collapse collapsable-details " >
          
          <pre><p>14:48:39.010 [gremlin-server-worker-1] INFO  o.o.g.s.op.cypher.CypherOpProcessor - Cypher: UNWIND [1.0, 2.0, 0.5, null] AS x RETURN max(x)
14:48:39.015 [gremlin-server-worker-1] INFO  o.o.g.s.op.cypher.CypherOpProcessor - Gremlin: g.inject('  cypher.start').project('  GENERATED1', '  GENERATED2', '  GENERATED3', '  GENERATED4').by(__.constant(1.0)).by(__.constant(2.0)).by(__.constant(0.5)).by(__.constant('  cypher.null')).select(values).project('max(x)').by(__.unfold().is(neq('  cypher.null')).max())
</p></pre>
        </div>
      </div>
      </div>

        
  
      </div>
          <div class="step">
        
<div class="brief passed">
  <span class="keyword indention">Then</span>
  <span class="name">the result should be:</span>
  
  <span class="lead-duration duration">0.000</span>

  </div>

        


                  <table class="step-arguments">
                          <tr>
                                  <td>max(x)</td>
                              </tr>
                          <tr>
                                  <td>2.0</td>
                              </tr>
                      </table>
        
        

        

        
  
      </div>
          <div class="step">
        
<div class="brief passed">
  <span class="keyword indention">And</span>
  <span class="name">no side effects</span>
  
  <span class="lead-duration duration">0.019</span>

  </div>

        


        
        

        
  <div class="outputs inner-level">
          <div class="output indention">
        <div data-toggle="collapse" class=" collapsed  collapsable-control" data-target="#output-30">
          Output 1
          <i class="chevron fa fa-fw"></i>
        </div>
        <div id="output-30" class="collapse collapsable-details " >
          
          <pre><p>14:48:39.016 [gremlin-server-worker-1] INFO  o.o.g.s.op.cypher.CypherOpProcessor - Cypher: MATCH (n) RETURN id(n)
14:48:39.020 [gremlin-server-worker-1] INFO  o.o.g.s.op.cypher.CypherOpProcessor - Gremlin: g.V().project('id(n)').by(__.choose(neq('  cypher.null'), __.id(), __.constant('  cypher.null')))
14:48:39.021 [gremlin-server-worker-1] INFO  o.o.g.s.op.cypher.CypherOpProcessor - Cypher: MATCH ()-[r]-&gt;() RETURN id(r)
14:48:39.025 [gremlin-server-worker-1] INFO  o.o.g.s.op.cypher.CypherOpProcessor - Gremlin: g.V().outE().as('r').inV().select('r').project('id(r)').by(__.choose(neq('  cypher.null'), __.id(), __.constant('  cypher.null')))
14:48:39.026 [gremlin-server-worker-1] INFO  o.o.g.s.op.cypher.CypherOpProcessor - Cypher: MATCH (n) UNWIND labels(n) AS label RETURN DISTINCT label
14:48:39.030 [gremlin-server-worker-1] INFO  o.o.g.s.op.cypher.CypherOpProcessor - Gremlin: g.V().label().is(neq('vertex')).project('label').by(__.identity()).dedup()
-labels:        0
+labels:        0
+nodes:         0
-nodes:         0
-properties:    0
+properties:    0
-relationships: 0
+relationships: 0
</p></pre>
        </div>
      </div>
      </div>

        
  
      </div>
      </div>
</div>


    

  </div>
</div>

                      
<div class="element">
  
  
<div class="tags indention">
  </div>

  
  <span class="lead-duration duration">0.044</span>


    <span data-toggle="collapse" class=" collapsed  collapsable-control" data-target="#element-31">
    
<div class="brief passed">
  <span class="keyword indention">Scenario</span>
  <span class="name">`min()` over floats</span>
  

       <i class="chevron fa fa-fw"></i>
  </div>

  </span>
  <div class="description indention"></div>

  <div id="element-31" class="collapse collapsable-details ">
    


    
<div class="steps inner-level">
    <div data-toggle="collapse" class=" collapsed  collapsable-control" data-target="#steps-32">
    
<div class="brief passed">
  <span class="keyword indention">Steps</span>
  <span class="name"></span>
  

       <i class="chevron fa fa-fw"></i>
  </div>

  </div>

  <div id="steps-32" class="inner-level collapse collapsable-details ">
          <div class="step">
        
<div class="brief passed">
  <span class="keyword indention">Given</span>
  <span class="name">any graph</span>
  
  <span class="lead-duration duration">0.025</span>

  </div>

        


        
        

        
  <div class="outputs inner-level">
          <div class="output indention">
        <div data-toggle="collapse" class=" collapsed  collapsable-control" data-target="#output-33">
          Output 1
          <i class="chevron fa fa-fw"></i>
        </div>
        <div id="output-33" class="collapse collapsable-details " >
          
          <pre><p>14:48:39.037 [gremlin-server-worker-1] INFO  o.o.g.s.op.cypher.CypherOpProcessor - Cypher:  CREATE (a:A {name: 'a'}),        (b1:X {name: 'b1'}),        (b2:X {name: 'b2'}),        (b3:X {name: 'b3'}),        (b4:X {name: 'b4'}),        (c11:X {name: 'c11'}),        (c12:X {name: 'c12'}),        (c21:X {name: 'c21'}),        (c22:X {name: 'c22'}),        (c31:X {name: 'c31'}),        (c32:X {name: 'c32'}),        (c41:X {name: 'c41'}),        (c42:X {name: 'c42'}) CREATE (a)-[:KNOWS]-&gt;(b1),        (a)-[:KNOWS]-&gt;(b2),        (a)-[:FOLLOWS]-&gt;(b3),        (a)-[:FOLLOWS]-&gt;(b4) CREATE (b1)-[:FRIEND]-&gt;(c11),        (b1)-[:FRIEND]-&gt;(c12),        (b2)-[:FRIEND]-&gt;(c21),        (b2)-[:FRIEND]-&gt;(c22),        (b3)-[:FRIEND]-&gt;(c31),        (b3)-[:FRIEND]-&gt;(c32),        (b4)-[:FRIEND]-&gt;(c41),        (b4)-[:FRIEND]-&gt;(c42) CREATE (b1)-[:FRIEND]-&gt;(b2),        (b2)-[:FRIEND]-&gt;(b3),        (b3)-[:FRIEND]-&gt;(b4),        (b4)-[:FRIEND]-&gt;(b1);     
14:48:39.050 [gremlin-server-worker-1] INFO  o.o.g.s.op.cypher.CypherOpProcessor - Gremlin: g.addV('A').as('a').property('name', 'a').addV('X').as('b1').property('name', 'b1').addV('X').as('b2').property('name', 'b2').addV('X').as('b3').property('name', 'b3').addV('X').as('b4').property('name', 'b4').addV('X').as('c11').property('name', 'c11').addV('X').as('c12').property('name', 'c12').addV('X').as('c21').property('name', 'c21').addV('X').as('c22').property('name', 'c22').addV('X').as('c31').property('name', 'c31').addV('X').as('c32').property('name', 'c32').addV('X').as('c41').property('name', 'c41').addV('X').as('c42').property('name', 'c42').addE('KNOWS').from('a').to('b1').addE('KNOWS').from('a').to('b2').addE('FOLLOWS').from('a').to('b3').addE('FOLLOWS').from('a').to('b4').addE('FRIEND').from('b1').to('c11').addE('FRIEND').from('b1').to('c12').addE('FRIEND').from('b2').to('c21').addE('FRIEND').from('b2').to('c22').addE('FRIEND').from('b3').to('c31').addE('FRIEND').from('b3').to('c32').addE('FRIEND').from('b4').to('c41').addE('FRIEND').from('b4').to('c42').addE('FRIEND').from('b1').to('b2').addE('FRIEND').from('b2').to('b3').addE('FRIEND').from('b3').to('b4').addE('FRIEND').from('b4').to('b1').barrier().limit(0)
</p></pre>
        </div>
      </div>
      </div>

        
  
      </div>
          <div class="step">
        
<div class="brief passed">
  <span class="keyword indention">When</span>
  <span class="name">executing query:</span>
  
  <span class="lead-duration duration">0.003</span>

  </div>

        


        
        
  <div class="inner-level">
    <div class="docstring indention">
            <div data-toggle="collapse" class="collapsable-control" data-target="#msg-34">
          <a>Doc string</a>
      </div>
      <div id="msg-34" class="collapse collapsable-details">
        <pre>UNWIND [1.0, 2.0, 0.5, null] AS x
RETURN min(x)</pre>
      </div>
    </div>
  </div>

        
  <div class="outputs inner-level">
          <div class="output indention">
        <div data-toggle="collapse" class=" collapsed  collapsable-control" data-target="#output-35">
          Output 1
          <i class="chevron fa fa-fw"></i>
        </div>
        <div id="output-35" class="collapse collapsable-details " >
          
          <pre><p>14:48:39.076 [gremlin-server-worker-1] INFO  o.o.g.s.op.cypher.CypherOpProcessor - Cypher: UNWIND [1.0, 2.0, 0.5, null] AS x RETURN min(x)
14:48:39.079 [gremlin-server-worker-1] INFO  o.o.g.s.op.cypher.CypherOpProcessor - Gremlin: g.inject('  cypher.start').project('  GENERATED1', '  GENERATED2', '  GENERATED3', '  GENERATED4').by(__.constant(1.0)).by(__.constant(2.0)).by(__.constant(0.5)).by(__.constant('  cypher.null')).select(values).project('min(x)').by(__.unfold().is(neq('  cypher.null')).min())
</p></pre>
        </div>
      </div>
      </div>

        
  
      </div>
          <div class="step">
        
<div class="brief passed">
  <span class="keyword indention">Then</span>
  <span class="name">the result should be:</span>
  
  <span class="lead-duration duration">0.000</span>

  </div>

        


                  <table class="step-arguments">
                          <tr>
                                  <td>min(x)</td>
                              </tr>
                          <tr>
                                  <td>0.5</td>
                              </tr>
                      </table>
        
        

        

        
  
      </div>
          <div class="step">
        
<div class="brief passed">
  <span class="keyword indention">And</span>
  <span class="name">no side effects</span>
  
  <span class="lead-duration duration">0.014</span>

  </div>

        


        
        

        
  <div class="outputs inner-level">
          <div class="output indention">
        <div data-toggle="collapse" class=" collapsed  collapsable-control" data-target="#output-36">
          Output 1
          <i class="chevron fa fa-fw"></i>
        </div>
        <div id="output-36" class="collapse collapsable-details " >
          
          <pre><p>14:48:39.080 [gremlin-server-worker-1] INFO  o.o.g.s.op.cypher.CypherOpProcessor - Cypher: MATCH (n) RETURN id(n)
14:48:39.082 [gremlin-server-worker-1] INFO  o.o.g.s.op.cypher.CypherOpProcessor - Gremlin: g.V().project('id(n)').by(__.choose(neq('  cypher.null'), __.id(), __.constant('  cypher.null')))
14:48:39.083 [gremlin-server-worker-1] INFO  o.o.g.s.op.cypher.CypherOpProcessor - Cypher: MATCH ()-[r]-&gt;() RETURN id(r)
14:48:39.086 [gremlin-server-worker-1] INFO  o.o.g.s.op.cypher.CypherOpProcessor - Gremlin: g.V().outE().as('r').inV().select('r').project('id(r)').by(__.choose(neq('  cypher.null'), __.id(), __.constant('  cypher.null')))
14:48:39.087 [gremlin-server-worker-1] INFO  o.o.g.s.op.cypher.CypherOpProcessor - Cypher: MATCH (n) UNWIND labels(n) AS label RETURN DISTINCT label
14:48:39.089 [gremlin-server-worker-1] INFO  o.o.g.s.op.cypher.CypherOpProcessor - Gremlin: g.V().label().is(neq('vertex')).project('label').by(__.identity()).dedup()
-labels:        0
+labels:        0
+nodes:         0
-nodes:         0
-properties:    0
+properties:    0
-relationships: 0
+relationships: 0
</p></pre>
        </div>
      </div>
      </div>

        
  
      </div>
      </div>
</div>


    

  </div>
</div>

                      
<div class="element">
  
  
<div class="tags indention">
  </div>

  
  <span class="lead-duration duration">0.035</span>


    <span data-toggle="collapse" class=" collapsable-control" data-target="#element-37">
    
<div class="brief failed">
  <span class="keyword indention">Scenario</span>
  <span class="name">`max()` over mixed numeric values</span>
  

       <i class="chevron fa fa-fw"></i>
  </div>

  </span>
  <div class="description indention"></div>

  <div id="element-37" class="collapse collapsable-details  in ">
    


    
<div class="steps inner-level">
    <div data-toggle="collapse" class=" collapsable-control" data-target="#steps-38">
    
<div class="brief failed">
  <span class="keyword indention">Steps</span>
  <span class="name"></span>
  

       <i class="chevron fa fa-fw"></i>
  </div>

  </div>

  <div id="steps-38" class="inner-level collapse collapsable-details  in ">
          <div class="step">
        
<div class="brief passed">
  <span class="keyword indention">Given</span>
  <span class="name">any graph</span>
  
  <span class="lead-duration duration">0.030</span>

  </div>

        


        
        

        
  <div class="outputs inner-level">
          <div class="output indention">
        <div data-toggle="collapse" class=" collapsed  collapsable-control" data-target="#output-39">
          Output 1
          <i class="chevron fa fa-fw"></i>
        </div>
        <div id="output-39" class="collapse collapsable-details " >
          
          <pre><p>14:48:39.096 [gremlin-server-worker-1] INFO  o.o.g.s.op.cypher.CypherOpProcessor - Cypher:  CREATE (a:A {name: 'a'}),        (b1:X {name: 'b1'}),        (b2:X {name: 'b2'}),        (b3:X {name: 'b3'}),        (b4:X {name: 'b4'}),        (c11:X {name: 'c11'}),        (c12:X {name: 'c12'}),        (c21:X {name: 'c21'}),        (c22:X {name: 'c22'}),        (c31:X {name: 'c31'}),        (c32:X {name: 'c32'}),        (c41:X {name: 'c41'}),        (c42:X {name: 'c42'}) CREATE (a)-[:KNOWS]-&gt;(b1),        (a)-[:KNOWS]-&gt;(b2),        (a)-[:FOLLOWS]-&gt;(b3),        (a)-[:FOLLOWS]-&gt;(b4) CREATE (b1)-[:FRIEND]-&gt;(c11),        (b1)-[:FRIEND]-&gt;(c12),        (b2)-[:FRIEND]-&gt;(c21),        (b2)-[:FRIEND]-&gt;(c22),        (b3)-[:FRIEND]-&gt;(c31),        (b3)-[:FRIEND]-&gt;(c32),        (b4)-[:FRIEND]-&gt;(c41),        (b4)-[:FRIEND]-&gt;(c42) CREATE (b1)-[:FRIEND]-&gt;(b2),        (b2)-[:FRIEND]-&gt;(b3),        (b3)-[:FRIEND]-&gt;(b4),        (b4)-[:FRIEND]-&gt;(b1);     
14:48:39.110 [gremlin-server-worker-1] INFO  o.o.g.s.op.cypher.CypherOpProcessor - Gremlin: g.addV('A').as('a').property('name', 'a').addV('X').as('b1').property('name', 'b1').addV('X').as('b2').property('name', 'b2').addV('X').as('b3').property('name', 'b3').addV('X').as('b4').property('name', 'b4').addV('X').as('c11').property('name', 'c11').addV('X').as('c12').property('name', 'c12').addV('X').as('c21').property('name', 'c21').addV('X').as('c22').property('name', 'c22').addV('X').as('c31').property('name', 'c31').addV('X').as('c32').property('name', 'c32').addV('X').as('c41').property('name', 'c41').addV('X').as('c42').property('name', 'c42').addE('KNOWS').from('a').to('b1').addE('KNOWS').from('a').to('b2').addE('FOLLOWS').from('a').to('b3').addE('FOLLOWS').from('a').to('b4').addE('FRIEND').from('b1').to('c11').addE('FRIEND').from('b1').to('c12').addE('FRIEND').from('b2').to('c21').addE('FRIEND').from('b2').to('c22').addE('FRIEND').from('b3').to('c31').addE('FRIEND').from('b3').to('c32').addE('FRIEND').from('b4').to('c41').addE('FRIEND').from('b4').to('c42').addE('FRIEND').from('b1').to('b2').addE('FRIEND').from('b2').to('b3').addE('FRIEND').from('b3').to('b4').addE('FRIEND').from('b4').to('b1').barrier().limit(0)
</p></pre>
        </div>
      </div>
      </div>

        
  
      </div>
          <div class="step">
        
<div class="brief passed">
  <span class="keyword indention">When</span>
  <span class="name">executing query:</span>
  
  <span class="lead-duration duration">0.004</span>

  </div>

        


        
        
  <div class="inner-level">
    <div class="docstring indention">
            <div data-toggle="collapse" class="collapsable-control" data-target="#msg-40">
          <a>Doc string</a>
      </div>
      <div id="msg-40" class="collapse collapsable-details">
        <pre>UNWIND [1, 2.0, 5, null, 3.2, 0.1] AS x
RETURN max(x)</pre>
      </div>
    </div>
  </div>

        
  <div class="outputs inner-level">
          <div class="output indention">
        <div data-toggle="collapse" class=" collapsed  collapsable-control" data-target="#output-41">
          Output 1
          <i class="chevron fa fa-fw"></i>
        </div>
        <div id="output-41" class="collapse collapsable-details " >
          
          <pre><p>14:48:39.151 [gremlin-server-worker-1] INFO  o.o.g.s.op.cypher.CypherOpProcessor - Cypher: UNWIND [1, 2.0, 5, null, 3.2, 0.1] AS x RETURN max(x)
14:48:39.154 [gremlin-server-worker-1] INFO  o.o.g.s.op.cypher.CypherOpProcessor - Gremlin: g.inject('  cypher.start').project('  GENERATED1', '  GENERATED2', '  GENERATED3', '  GENERATED4', '  GENERATED5', '  GENERATED6').by(__.constant(1)).by(__.constant(2.0)).by(__.constant(5)).by(__.constant('  cypher.null')).by(__.constant(3.2)).by(__.constant(0.1)).select(values).project('max(x)').by(__.unfold().is(neq('  cypher.null')).max())
</p></pre>
        </div>
      </div>
      </div>

        
  
      </div>
          <div class="step">
        
<div class="brief failed">
  <span class="keyword indention">Then</span>
  <span class="name">the result should be:</span>
  
  <span class="lead-duration duration">0.000</span>

  </div>

        

  <div class="inner-level">
    <div class="message indention">
      <div data-toggle="collapse" class=" collapsable-control" data-target="#msg-42">
          <a>org.opencypher.tools.tck.api.Scenario$ScenarioFailedException: Feature &quot;Aggregation&quot;: Scenario &quot;`max()` over mixed numeric values&quot; failed with message: </a>
      </div>
      <div id="msg-42" class="collapse collapsable-details  in ">
        <pre>org.opencypher.tools.tck.api.Scenario$ScenarioFailedException: Feature &quot;Aggregation&quot;: Scenario &quot;`max()` over mixed numeric values&quot; failed with message: 
Expected (in any order of rows):
| max(x) |
| 5 |
Actual:
| max(x) |
| 5.0 |
	at org.opencypher.tools.tck.api.Scenario$$anonfun$executeOnGraph$1.apply(Scenario.scala:90)
	at org.opencypher.tools.tck.api.Scenario$$anonfun$executeOnGraph$1.apply(Scenario.scala:60)
	at scala.collection.LinearSeqOptimized$class.foldLeft(LinearSeqOptimized.scala:124)
	at scala.collection.immutable.List.foldLeft(List.scala:84)
	at org.opencypher.tools.tck.api.Scenario.executeOnGraph(Scenario.scala:60)
	at org.opencypher.tools.tck.api.Scenario$$anon$1.execute(Scenario.scala:54)
	at org.junit.jupiter.engine.descriptor.JupiterTestDescriptor.executeAndMaskThrowable(JupiterTestDescriptor.java:145)
	at org.junit.jupiter.engine.descriptor.DynamicTestTestDescriptor.execute(DynamicTestTestDescriptor.java:46)
	at org.junit.jupiter.engine.descriptor.DynamicTestTestDescriptor.execute(DynamicTestTestDescriptor.java:24)
	at org.junit.platform.engine.support.hierarchical.HierarchicalTestExecutor.lambda$execute$3(HierarchicalTestExecutor.java:83)
	at org.junit.platform.engine.support.hierarchical.SingleTestExecutor.executeSafely(SingleTestExecutor.java:66)
	at org.junit.platform.engine.support.hierarchical.HierarchicalTestExecutor.execute(HierarchicalTestExecutor.java:77)
	at org.junit.platform.engine.support.hierarchical.HierarchicalTestExecutor.lambda$null$0(HierarchicalTestExecutor.java:85)
	at org.junit.jupiter.engine.descriptor.TestFactoryTestDescriptor.lambda$invokeTestMethod$1(TestFactoryTestDescriptor.java:80)
	at org.junit.jupiter.engine.execution.ThrowableCollector.execute(ThrowableCollector.java:40)
	at org.junit.jupiter.engine.descriptor.TestFactoryTestDescriptor.invokeTestMethod(TestFactoryTestDescriptor.java:68)
	at org.junit.jupiter.engine.descriptor.TestMethodTestDescriptor.execute(TestMethodTestDescriptor.java:110)
	at org.junit.jupiter.engine.descriptor.TestMethodTestDescriptor.execute(TestMethodTestDescriptor.java:57)
	at org.junit.platform.engine.support.hierarchical.HierarchicalTestExecutor.lambda$execute$3(HierarchicalTestExecutor.java:83)
	at org.junit.platform.engine.support.hierarchical.SingleTestExecutor.executeSafely(SingleTestExecutor.java:66)
	at org.junit.platform.engine.support.hierarchical.HierarchicalTestExecutor.execute(HierarchicalTestExecutor.java:77)
	at org.junit.platform.engine.support.hierarchical.HierarchicalTestExecutor.lambda$null$2(HierarchicalTestExecutor.java:92)
	at java.util.stream.ForEachOps$ForEachOp$OfRef.accept(ForEachOps.java:184)
	at java.util.stream.ReferencePipeline$2$1.accept(ReferencePipeline.java:175)
	at java.util.Iterator.forEachRemaining(Iterator.java:116)
	at java.util.Spliterators$IteratorSpliterator.forEachRemaining(Spliterators.java:1801)
	at java.util.stream.AbstractPipeline.copyInto(AbstractPipeline.java:481)
	at java.util.stream.AbstractPipeline.wrapAndCopyInto(AbstractPipeline.java:471)
	at java.util.stream.ForEachOps$ForEachOp.evaluateSequential(ForEachOps.java:151)
	at java.util.stream.ForEachOps$ForEachOp$OfRef.evaluateSequential(ForEachOps.java:174)
	at java.util.stream.AbstractPipeline.evaluate(AbstractPipeline.java:234)
	at java.util.stream.ReferencePipeline.forEach(ReferencePipeline.java:418)
	at org.junit.platform.engine.support.hierarchical.HierarchicalTestExecutor.lambda$execute$3(HierarchicalTestExecutor.java:92)
	at org.junit.platform.engine.support.hierarchical.SingleTestExecutor.executeSafely(SingleTestExecutor.java:66)
	at org.junit.platform.engine.support.hierarchical.HierarchicalTestExecutor.execute(HierarchicalTestExecutor.java:77)
	at org.junit.platform.engine.support.hierarchical.HierarchicalTestExecutor.lambda$null$2(HierarchicalTestExecutor.java:92)
	at java.util.stream.ForEachOps$ForEachOp$OfRef.accept(ForEachOps.java:184)
	at java.util.stream.ReferencePipeline$2$1.accept(ReferencePipeline.java:175)
	at java.util.Iterator.forEachRemaining(Iterator.java:116)
	at java.util.Spliterators$IteratorSpliterator.forEachRemaining(Spliterators.java:1801)
	at java.util.stream.AbstractPipeline.copyInto(AbstractPipeline.java:481)
	at java.util.stream.AbstractPipeline.wrapAndCopyInto(AbstractPipeline.java:471)
	at java.util.stream.ForEachOps$ForEachOp.evaluateSequential(ForEachOps.java:151)
	at java.util.stream.ForEachOps$ForEachOp$OfRef.evaluateSequential(ForEachOps.java:174)
	at java.util.stream.AbstractPipeline.evaluate(AbstractPipeline.java:234)
	at java.util.stream.ReferencePipeline.forEach(ReferencePipeline.java:418)
	at org.junit.platform.engine.support.hierarchical.HierarchicalTestExecutor.lambda$execute$3(HierarchicalTestExecutor.java:92)
	at org.junit.platform.engine.support.hierarchical.SingleTestExecutor.executeSafely(SingleTestExecutor.java:66)
	at org.junit.platform.engine.support.hierarchical.HierarchicalTestExecutor.execute(HierarchicalTestExecutor.java:77)
	at org.junit.platform.engine.support.hierarchical.HierarchicalTestExecutor.execute(HierarchicalTestExecutor.java:51)
	at org.junit.platform.engine.support.hierarchical.HierarchicalTestEngine.execute(HierarchicalTestEngine.java:43)
	at org.junit.platform.launcher.core.DefaultLauncher.execute(DefaultLauncher.java:170)
	at org.junit.platform.launcher.core.DefaultLauncher.execute(DefaultLauncher.java:154)
	at org.junit.platform.launcher.core.DefaultLauncher.execute(DefaultLauncher.java:90)
	at org.gradle.api.internal.tasks.testing.junitplatform.JUnitPlatformTestClassProcessor$CollectAllTestClassesExecutor.processAllTestClasses(JUnitPlatformTestClassProcessor.java:92)
	at org.gradle.api.internal.tasks.testing.junitplatform.JUnitPlatformTestClassProcessor$CollectAllTestClassesExecutor.access$100(JUnitPlatformTestClassProcessor.java:77)
	at org.gradle.api.internal.tasks.testing.junitplatform.JUnitPlatformTestClassProcessor.stop(JUnitPlatformTestClassProcessor.java:73)
	at org.gradle.api.internal.tasks.testing.SuiteTestClassProcessor.stop(SuiteTestClassProcessor.java:61)
	at sun.reflect.NativeMethodAccessorImpl.invoke0(Native Method)
	at sun.reflect.NativeMethodAccessorImpl.invoke(NativeMethodAccessorImpl.java:62)
	at sun.reflect.DelegatingMethodAccessorImpl.invoke(DelegatingMethodAccessorImpl.java:43)
	at java.lang.reflect.Method.invoke(Method.java:498)
	at org.gradle.internal.dispatch.ReflectionDispatch.dispatch(ReflectionDispatch.java:35)
	at org.gradle.internal.dispatch.ReflectionDispatch.dispatch(ReflectionDispatch.java:24)
	at org.gradle.internal.dispatch.ContextClassLoaderDispatch.dispatch(ContextClassLoaderDispatch.java:32)
	at org.gradle.internal.dispatch.ProxyDispatchAdapter$DispatchingInvocationHandler.invoke(ProxyDispatchAdapter.java:93)
	at com.sun.proxy.$Proxy1.stop(Unknown Source)
	at org.gradle.api.internal.tasks.testing.worker.TestWorker.stop(TestWorker.java:123)
	at sun.reflect.NativeMethodAccessorImpl.invoke0(Native Method)
	at sun.reflect.NativeMethodAccessorImpl.invoke(NativeMethodAccessorImpl.java:62)
	at sun.reflect.DelegatingMethodAccessorImpl.invoke(DelegatingMethodAccessorImpl.java:43)
	at java.lang.reflect.Method.invoke(Method.java:498)
	at org.gradle.internal.dispatch.ReflectionDispatch.dispatch(ReflectionDispatch.java:35)
	at org.gradle.internal.dispatch.ReflectionDispatch.dispatch(ReflectionDispatch.java:24)
	at org.gradle.internal.remote.internal.hub.MessageHubBackedObjectConnection$DispatchWrapper.dispatch(MessageHubBackedObjectConnection.java:155)
	at org.gradle.internal.remote.internal.hub.MessageHubBackedObjectConnection$DispatchWrapper.dispatch(MessageHubBackedObjectConnection.java:137)
	at org.gradle.internal.remote.internal.hub.MessageHub$Handler.run(MessageHub.java:404)
	at org.gradle.internal.concurrent.ExecutorPolicy$CatchAndRecordFailures.onExecute(ExecutorPolicy.java:63)
	at org.gradle.internal.concurrent.ManagedExecutorImpl$1.run(ManagedExecutorImpl.java:46)
	at java.util.concurrent.ThreadPoolExecutor.runWorker(ThreadPoolExecutor.java:1149)
	at java.util.concurrent.ThreadPoolExecutor$Worker.run(ThreadPoolExecutor.java:624)
	at org.gradle.internal.concurrent.ThreadFactoryImpl$ManagedThreadRunnable.run(ThreadFactoryImpl.java:55)
	at java.lang.Thread.run(Thread.java:748)
</pre>
      </div>
    </div>
  </div>


                  <table class="step-arguments">
                          <tr>
                                  <td>max(x)</td>
                              </tr>
                          <tr>
                                  <td>5</td>
                              </tr>
                      </table>
        
        

        

        
  
      </div>
      </div>
</div>


    

  </div>
</div>

                      
<div class="element">
  
  
<div class="tags indention">
  </div>

  
  <span class="lead-duration duration">0.044</span>


    <span data-toggle="collapse" class=" collapsed  collapsable-control" data-target="#element-43">
    
<div class="brief passed">
  <span class="keyword indention">Scenario</span>
  <span class="name">`min()` over mixed numeric values</span>
  

       <i class="chevron fa fa-fw"></i>
  </div>

  </span>
  <div class="description indention"></div>

  <div id="element-43" class="collapse collapsable-details ">
    


    
<div class="steps inner-level">
    <div data-toggle="collapse" class=" collapsed  collapsable-control" data-target="#steps-44">
    
<div class="brief passed">
  <span class="keyword indention">Steps</span>
  <span class="name"></span>
  

       <i class="chevron fa fa-fw"></i>
  </div>

  </div>

  <div id="steps-44" class="inner-level collapse collapsable-details ">
          <div class="step">
        
<div class="brief passed">
  <span class="keyword indention">Given</span>
  <span class="name">any graph</span>
  
  <span class="lead-duration duration">0.027</span>

  </div>

        


        
        

        
  <div class="outputs inner-level">
          <div class="output indention">
        <div data-toggle="collapse" class=" collapsed  collapsable-control" data-target="#output-45">
          Output 1
          <i class="chevron fa fa-fw"></i>
        </div>
        <div id="output-45" class="collapse collapsable-details " >
          
          <pre><p>14:48:39.157 [gremlin-server-worker-1] INFO  o.o.g.s.op.cypher.CypherOpProcessor - Cypher:  CREATE (a:A {name: 'a'}),        (b1:X {name: 'b1'}),        (b2:X {name: 'b2'}),        (b3:X {name: 'b3'}),        (b4:X {name: 'b4'}),        (c11:X {name: 'c11'}),        (c12:X {name: 'c12'}),        (c21:X {name: 'c21'}),        (c22:X {name: 'c22'}),        (c31:X {name: 'c31'}),        (c32:X {name: 'c32'}),        (c41:X {name: 'c41'}),        (c42:X {name: 'c42'}) CREATE (a)-[:KNOWS]-&gt;(b1),        (a)-[:KNOWS]-&gt;(b2),        (a)-[:FOLLOWS]-&gt;(b3),        (a)-[:FOLLOWS]-&gt;(b4) CREATE (b1)-[:FRIEND]-&gt;(c11),        (b1)-[:FRIEND]-&gt;(c12),        (b2)-[:FRIEND]-&gt;(c21),        (b2)-[:FRIEND]-&gt;(c22),        (b3)-[:FRIEND]-&gt;(c31),        (b3)-[:FRIEND]-&gt;(c32),        (b4)-[:FRIEND]-&gt;(c41),        (b4)-[:FRIEND]-&gt;(c42) CREATE (b1)-[:FRIEND]-&gt;(b2),        (b2)-[:FRIEND]-&gt;(b3),        (b3)-[:FRIEND]-&gt;(b4),        (b4)-[:FRIEND]-&gt;(b1);     
14:48:39.170 [gremlin-server-worker-1] INFO  o.o.g.s.op.cypher.CypherOpProcessor - Gremlin: g.addV('A').as('a').property('name', 'a').addV('X').as('b1').property('name', 'b1').addV('X').as('b2').property('name', 'b2').addV('X').as('b3').property('name', 'b3').addV('X').as('b4').property('name', 'b4').addV('X').as('c11').property('name', 'c11').addV('X').as('c12').property('name', 'c12').addV('X').as('c21').property('name', 'c21').addV('X').as('c22').property('name', 'c22').addV('X').as('c31').property('name', 'c31').addV('X').as('c32').property('name', 'c32').addV('X').as('c41').property('name', 'c41').addV('X').as('c42').property('name', 'c42').addE('KNOWS').from('a').to('b1').addE('KNOWS').from('a').to('b2').addE('FOLLOWS').from('a').to('b3').addE('FOLLOWS').from('a').to('b4').addE('FRIEND').from('b1').to('c11').addE('FRIEND').from('b1').to('c12').addE('FRIEND').from('b2').to('c21').addE('FRIEND').from('b2').to('c22').addE('FRIEND').from('b3').to('c31').addE('FRIEND').from('b3').to('c32').addE('FRIEND').from('b4').to('c41').addE('FRIEND').from('b4').to('c42').addE('FRIEND').from('b1').to('b2').addE('FRIEND').from('b2').to('b3').addE('FRIEND').from('b3').to('b4').addE('FRIEND').from('b4').to('b1').barrier().limit(0)
</p></pre>
        </div>
      </div>
      </div>

        
  
      </div>
          <div class="step">
        
<div class="brief passed">
  <span class="keyword indention">When</span>
  <span class="name">executing query:</span>
  
  <span class="lead-duration duration">0.003</span>

  </div>

        


        
        
  <div class="inner-level">
    <div class="docstring indention">
            <div data-toggle="collapse" class="collapsable-control" data-target="#msg-46">
          <a>Doc string</a>
      </div>
      <div id="msg-46" class="collapse collapsable-details">
        <pre>UNWIND [1, 2.0, 5, null, 3.2, 0.1] AS x
RETURN min(x)</pre>
      </div>
    </div>
  </div>

        
  <div class="outputs inner-level">
          <div class="output indention">
        <div data-toggle="collapse" class=" collapsed  collapsable-control" data-target="#output-47">
          Output 1
          <i class="chevron fa fa-fw"></i>
        </div>
        <div id="output-47" class="collapse collapsable-details " >
          
          <pre><p>14:48:39.199 [gremlin-server-worker-1] INFO  o.o.g.s.op.cypher.CypherOpProcessor - Cypher: UNWIND [1, 2.0, 5, null, 3.2, 0.1] AS x RETURN min(x)
14:48:39.201 [gremlin-server-worker-1] INFO  o.o.g.s.op.cypher.CypherOpProcessor - Gremlin: g.inject('  cypher.start').project('  GENERATED1', '  GENERATED2', '  GENERATED3', '  GENERATED4', '  GENERATED5', '  GENERATED6').by(__.constant(1)).by(__.constant(2.0)).by(__.constant(5)).by(__.constant('  cypher.null')).by(__.constant(3.2)).by(__.constant(0.1)).select(values).project('min(x)').by(__.unfold().is(neq('  cypher.null')).min())
</p></pre>
        </div>
      </div>
      </div>

        
  
      </div>
          <div class="step">
        
<div class="brief passed">
  <span class="keyword indention">Then</span>
  <span class="name">the result should be:</span>
  
  <span class="lead-duration duration">0.000</span>

  </div>

        


                  <table class="step-arguments">
                          <tr>
                                  <td>min(x)</td>
                              </tr>
                          <tr>
                                  <td>0.1</td>
                              </tr>
                      </table>
        
        

        

        
  
      </div>
          <div class="step">
        
<div class="brief passed">
  <span class="keyword indention">And</span>
  <span class="name">no side effects</span>
  
  <span class="lead-duration duration">0.013</span>

  </div>

        


        
        

        
  <div class="outputs inner-level">
          <div class="output indention">
        <div data-toggle="collapse" class=" collapsed  collapsable-control" data-target="#output-48">
          Output 1
          <i class="chevron fa fa-fw"></i>
        </div>
        <div id="output-48" class="collapse collapsable-details " >
          
          <pre><p>14:48:39.202 [gremlin-server-worker-1] INFO  o.o.g.s.op.cypher.CypherOpProcessor - Cypher: MATCH (n) RETURN id(n)
14:48:39.205 [gremlin-server-worker-1] INFO  o.o.g.s.op.cypher.CypherOpProcessor - Gremlin: g.V().project('id(n)').by(__.choose(neq('  cypher.null'), __.id(), __.constant('  cypher.null')))
14:48:39.206 [gremlin-server-worker-1] INFO  o.o.g.s.op.cypher.CypherOpProcessor - Cypher: MATCH ()-[r]-&gt;() RETURN id(r)
14:48:39.208 [gremlin-server-worker-1] INFO  o.o.g.s.op.cypher.CypherOpProcessor - Gremlin: g.V().outE().as('r').inV().select('r').project('id(r)').by(__.choose(neq('  cypher.null'), __.id(), __.constant('  cypher.null')))
14:48:39.208 [gremlin-server-worker-1] INFO  o.o.g.s.op.cypher.CypherOpProcessor - Cypher: MATCH (n) UNWIND labels(n) AS label RETURN DISTINCT label
14:48:39.211 [gremlin-server-worker-1] INFO  o.o.g.s.op.cypher.CypherOpProcessor - Gremlin: g.V().label().is(neq('vertex')).project('label').by(__.identity()).dedup()
-labels:        0
+labels:        0
+nodes:         0
-nodes:         0
-properties:    0
+properties:    0
-relationships: 0
+relationships: 0
</p></pre>
        </div>
      </div>
      </div>

        
  
      </div>
      </div>
</div>


    

  </div>
</div>

                      
<div class="element">
  
  
<div class="tags indention">
  </div>

  
  <span class="lead-duration duration">0.038</span>


    <span data-toggle="collapse" class=" collapsable-control" data-target="#element-49">
    
<div class="brief failed">
  <span class="keyword indention">Scenario</span>
  <span class="name">`max()` over mixed values</span>
  

       <i class="chevron fa fa-fw"></i>
  </div>

  </span>
  <div class="description indention"></div>

  <div id="element-49" class="collapse collapsable-details  in ">
    


    
<div class="steps inner-level">
    <div data-toggle="collapse" class=" collapsable-control" data-target="#steps-50">
    
<div class="brief failed">
  <span class="keyword indention">Steps</span>
  <span class="name"></span>
  

       <i class="chevron fa fa-fw"></i>
  </div>

  </div>

  <div id="steps-50" class="inner-level collapse collapsable-details  in ">
          <div class="step">
        
<div class="brief passed">
  <span class="keyword indention">Given</span>
  <span class="name">any graph</span>
  
  <span class="lead-duration duration">0.032</span>

  </div>

        


        
        

        
  <div class="outputs inner-level">
          <div class="output indention">
        <div data-toggle="collapse" class=" collapsed  collapsable-control" data-target="#output-51">
          Output 1
          <i class="chevron fa fa-fw"></i>
        </div>
        <div id="output-51" class="collapse collapsable-details " >
          
          <pre><p>14:48:39.217 [gremlin-server-worker-1] INFO  o.o.g.s.op.cypher.CypherOpProcessor - Cypher:  CREATE (a:A {name: 'a'}),        (b1:X {name: 'b1'}),        (b2:X {name: 'b2'}),        (b3:X {name: 'b3'}),        (b4:X {name: 'b4'}),        (c11:X {name: 'c11'}),        (c12:X {name: 'c12'}),        (c21:X {name: 'c21'}),        (c22:X {name: 'c22'}),        (c31:X {name: 'c31'}),        (c32:X {name: 'c32'}),        (c41:X {name: 'c41'}),        (c42:X {name: 'c42'}) CREATE (a)-[:KNOWS]-&gt;(b1),        (a)-[:KNOWS]-&gt;(b2),        (a)-[:FOLLOWS]-&gt;(b3),        (a)-[:FOLLOWS]-&gt;(b4) CREATE (b1)-[:FRIEND]-&gt;(c11),        (b1)-[:FRIEND]-&gt;(c12),        (b2)-[:FRIEND]-&gt;(c21),        (b2)-[:FRIEND]-&gt;(c22),        (b3)-[:FRIEND]-&gt;(c31),        (b3)-[:FRIEND]-&gt;(c32),        (b4)-[:FRIEND]-&gt;(c41),        (b4)-[:FRIEND]-&gt;(c42) CREATE (b1)-[:FRIEND]-&gt;(b2),        (b2)-[:FRIEND]-&gt;(b3),        (b3)-[:FRIEND]-&gt;(b4),        (b4)-[:FRIEND]-&gt;(b1);     
14:48:39.229 [gremlin-server-worker-1] INFO  o.o.g.s.op.cypher.CypherOpProcessor - Gremlin: g.addV('A').as('a').property('name', 'a').addV('X').as('b1').property('name', 'b1').addV('X').as('b2').property('name', 'b2').addV('X').as('b3').property('name', 'b3').addV('X').as('b4').property('name', 'b4').addV('X').as('c11').property('name', 'c11').addV('X').as('c12').property('name', 'c12').addV('X').as('c21').property('name', 'c21').addV('X').as('c22').property('name', 'c22').addV('X').as('c31').property('name', 'c31').addV('X').as('c32').property('name', 'c32').addV('X').as('c41').property('name', 'c41').addV('X').as('c42').property('name', 'c42').addE('KNOWS').from('a').to('b1').addE('KNOWS').from('a').to('b2').addE('FOLLOWS').from('a').to('b3').addE('FOLLOWS').from('a').to('b4').addE('FRIEND').from('b1').to('c11').addE('FRIEND').from('b1').to('c12').addE('FRIEND').from('b2').to('c21').addE('FRIEND').from('b2').to('c22').addE('FRIEND').from('b3').to('c31').addE('FRIEND').from('b3').to('c32').addE('FRIEND').from('b4').to('c41').addE('FRIEND').from('b4').to('c42').addE('FRIEND').from('b1').to('b2').addE('FRIEND').from('b2').to('b3').addE('FRIEND').from('b3').to('b4').addE('FRIEND').from('b4').to('b1').barrier().limit(0)
</p></pre>
        </div>
      </div>
      </div>

        
  
      </div>
          <div class="step">
        
<div class="brief passed">
  <span class="keyword indention">When</span>
  <span class="name">executing query:</span>
  
  <span class="lead-duration duration">0.005</span>

  </div>

        


        
        
  <div class="inner-level">
    <div class="docstring indention">
            <div data-toggle="collapse" class="collapsable-control" data-target="#msg-52">
          <a>Doc string</a>
      </div>
      <div id="msg-52" class="collapse collapsable-details">
        <pre>UNWIND [1, 'a', null, [1, 2], 0.2, 'b'] AS x
RETURN max(x)</pre>
      </div>
    </div>
  </div>

        
  <div class="outputs inner-level">
          <div class="output indention">
        <div data-toggle="collapse" class=" collapsed  collapsable-control" data-target="#output-53">
          Output 1
          <i class="chevron fa fa-fw"></i>
        </div>
        <div id="output-53" class="collapse collapsable-details " >
          
          <pre><p>14:48:39.267 [gremlin-server-worker-1] INFO  o.o.g.s.op.cypher.CypherOpProcessor - Cypher: UNWIND [1, 'a', null, [1, 2], 0.2, 'b'] AS x RETURN max(x)
14:48:39.270 [gremlin-server-worker-1] INFO  o.o.g.s.op.cypher.CypherOpProcessor - Gremlin: g.inject('  cypher.start').project('  GENERATED1', '  GENERATED2', '  GENERATED3', '  GENERATED4', '  GENERATED5', '  GENERATED6').by(__.constant(1)).by(__.constant('a')).by(__.constant('  cypher.null')).by(__.project('  GENERATED7', '  GENERATED8').by(__.constant(1)).by(__.constant(2)).select(values)).by(__.constant(0.2)).by(__.constant('b')).select(values).project('max(x)').by(__.unfold().is(neq('  cypher.null')).max())
14:48:39.271 [gremlin-server-worker-1] ERROR o.o.g.s.op.cypher.CypherOpProcessor - Error during traversal iteration
java.lang.ClassCastException: java.lang.String cannot be cast to java.lang.Number
	at org.apache.tinkerpop.gremlin.process.traversal.step.map.MaxGlobalStep.projectTraverser(MaxGlobalStep.java:45)
	at org.apache.tinkerpop.gremlin.process.traversal.step.map.MaxGlobalStep.projectTraverser(MaxGlobalStep.java:35)
	at org.apache.tinkerpop.gremlin.process.traversal.step.util.ReducingBarrierStep.processAllStarts(ReducingBarrierStep.java:84)
	at org.apache.tinkerpop.gremlin.process.traversal.step.util.ReducingBarrierStep.processNextStart(ReducingBarrierStep.java:113)
	at org.apache.tinkerpop.gremlin.process.traversal.step.util.AbstractStep.next(AbstractStep.java:128)
	at org.apache.tinkerpop.gremlin.process.traversal.step.util.AbstractStep.next(AbstractStep.java:38)
	at org.apache.tinkerpop.gremlin.process.traversal.util.DefaultTraversal.next(DefaultTraversal.java:200)
	at org.apache.tinkerpop.gremlin.process.traversal.util.TraversalUtil.apply(TraversalUtil.java:43)
	at org.apache.tinkerpop.gremlin.process.traversal.util.TraversalUtil.applyNullable(TraversalUtil.java:75)
	at org.apache.tinkerpop.gremlin.process.traversal.step.map.ProjectStep.map(ProjectStep.java:55)
	at org.apache.tinkerpop.gremlin.process.traversal.step.map.ProjectStep.map(ProjectStep.java:40)
	at org.apache.tinkerpop.gremlin.process.traversal.step.map.MapStep.processNextStart(MapStep.java:37)
	at org.apache.tinkerpop.gremlin.process.traversal.step.util.AbstractStep.hasNext(AbstractStep.java:143)
	at org.apache.tinkerpop.gremlin.process.traversal.step.util.ExpandableStepIterator.next(ExpandableStepIterator.java:50)
	at org.apache.tinkerpop.gremlin.process.traversal.step.map.MapStep.processNextStart(MapStep.java:36)
	at org.apache.tinkerpop.gremlin.process.traversal.step.util.AbstractStep.hasNext(AbstractStep.java:143)
	at org.apache.tinkerpop.gremlin.process.traversal.util.DefaultTraversal.hasNext(DefaultTraversal.java:192)
	at org.apache.tinkerpop.gremlin.server.op.AbstractOpProcessor.handleIterator(AbstractOpProcessor.java:89)
	at org.opencypher.gremlin.server.op.cypher.CypherOpProcessor.handleIterator(CypherOpProcessor.java:181)
	at org.opencypher.gremlin.server.op.cypher.CypherOpProcessor.lambda$evalCypher$0(CypherOpProcessor.java:119)
	at org.opencypher.gremlin.server.op.cypher.CypherOpProcessor.inTransaction(CypherOpProcessor.java:127)
	at org.opencypher.gremlin.server.op.cypher.CypherOpProcessor.evalCypher(CypherOpProcessor.java:119)
	at org.apache.tinkerpop.gremlin.server.handler.OpExecutorHandler.channelRead0(OpExecutorHandler.java:68)
	at org.apache.tinkerpop.gremlin.server.handler.OpExecutorHandler.channelRead0(OpExecutorHandler.java:43)
	at io.netty.channel.SimpleChannelInboundHandler.channelRead(SimpleChannelInboundHandler.java:105)
	at io.netty.channel.AbstractChannelHandlerContext.invokeChannelRead(AbstractChannelHandlerContext.java:356)
	at io.netty.channel.AbstractChannelHandlerContext.invokeChannelRead(AbstractChannelHandlerContext.java:342)
	at io.netty.channel.AbstractChannelHandlerContext.fireChannelRead(AbstractChannelHandlerContext.java:335)
	at io.netty.handler.codec.MessageToMessageDecoder.channelRead(MessageToMessageDecoder.java:102)
	at io.netty.channel.AbstractChannelHandlerContext.invokeChannelRead(AbstractChannelHandlerContext.java:356)
	at io.netty.channel.AbstractChannelHandlerContext.invokeChannelRead(AbstractChannelHandlerContext.java:342)
	at io.netty.channel.AbstractChannelHandlerContext.fireChannelRead(AbstractChannelHandlerContext.java:335)
	at io.netty.handler.codec.MessageToMessageDecoder.channelRead(MessageToMessageDecoder.java:102)
	at io.netty.channel.AbstractChannelHandlerContext.invokeChannelRead(AbstractChannelHandlerContext.java:356)
	at io.netty.channel.AbstractChannelHandlerContext.invokeChannelRead(AbstractChannelHandlerContext.java:342)
	at io.netty.channel.AbstractChannelHandlerContext.fireChannelRead(AbstractChannelHandlerContext.java:335)
	at io.netty.handler.codec.MessageToMessageDecoder.channelRead(MessageToMessageDecoder.java:102)
	at io.netty.channel.AbstractChannelHandlerContext.invokeChannelRead(AbstractChannelHandlerContext.java:356)
	at io.netty.channel.AbstractChannelHandlerContext.invokeChannelRead(AbstractChannelHandlerContext.java:342)
	at io.netty.channel.AbstractChannelHandlerContext.fireChannelRead(AbstractChannelHandlerContext.java:335)
	at io.netty.handler.codec.MessageToMessageDecoder.channelRead(MessageToMessageDecoder.java:102)
	at io.netty.channel.AbstractChannelHandlerContext.invokeChannelRead(AbstractChannelHandlerContext.java:356)
	at io.netty.channel.AbstractChannelHandlerContext.invokeChannelRead(AbstractChannelHandlerContext.java:342)
	at io.netty.channel.AbstractChannelHandlerContext.fireChannelRead(AbstractChannelHandlerContext.java:335)
	at io.netty.handler.codec.MessageToMessageDecoder.channelRead(MessageToMessageDecoder.java:102)
	at io.netty.channel.AbstractChannelHandlerContext.invokeChannelRead(AbstractChannelHandlerContext.java:356)
	at io.netty.channel.AbstractChannelHandlerContext.invokeChannelRead(AbstractChannelHandlerContext.java:342)
	at io.netty.channel.AbstractChannelHandlerContext.fireChannelRead(AbstractChannelHandlerContext.java:335)
	at io.netty.handler.codec.http.websocketx.WebSocketServerProtocolHandler$1.channelRead(WebSocketServerProtocolHandler.java:159)
	at io.netty.channel.AbstractChannelHandlerContext.invokeChannelRead(AbstractChannelHandlerContext.java:356)
	at io.netty.channel.AbstractChannelHandlerContext.invokeChannelRead(AbstractChannelHandlerContext.java:342)
	at io.netty.channel.AbstractChannelHandlerContext.fireChannelRead(AbstractChannelHandlerContext.java:335)
	at io.netty.handler.codec.ByteToMessageDecoder.fireChannelRead(ByteToMessageDecoder.java:312)
	at io.netty.handler.codec.ByteToMessageDecoder.channelRead(ByteToMessageDecoder.java:286)
	at io.netty.channel.AbstractChannelHandlerContext.invokeChannelRead(AbstractChannelHandlerContext.java:356)
	at io.netty.channel.AbstractChannelHandlerContext.invokeChannelRead(AbstractChannelHandlerContext.java:342)
	at io.netty.channel.AbstractChannelHandlerContext.fireChannelRead(AbstractChannelHandlerContext.java:335)
	at io.netty.handler.timeout.IdleStateHandler.channelRead(IdleStateHandler.java:286)
	at io.netty.channel.AbstractChannelHandlerContext.invokeChannelRead(AbstractChannelHandlerContext.java:356)
	at io.netty.channel.AbstractChannelHandlerContext.invokeChannelRead(AbstractChannelHandlerContext.java:342)
	at io.netty.channel.AbstractChannelHandlerContext.fireChannelRead(AbstractChannelHandlerContext.java:335)
	at io.netty.channel.DefaultChannelPipeline$HeadContext.channelRead(DefaultChannelPipeline.java:1304)
	at io.netty.channel.AbstractChannelHandlerContext.invokeChannelRead(AbstractChannelHandlerContext.java:356)
	at io.netty.channel.AbstractChannelHandlerContext.invokeChannelRead(AbstractChannelHandlerContext.java:342)
	at io.netty.channel.DefaultChannelPipeline.fireChannelRead(DefaultChannelPipeline.java:921)
	at io.netty.channel.nio.AbstractNioByteChannel$NioByteUnsafe.read(AbstractNioByteChannel.java:135)
	at io.netty.channel.nio.NioEventLoop.processSelectedKey(NioEventLoop.java:646)
	at io.netty.channel.nio.NioEventLoop.processSelectedKeysOptimized(NioEventLoop.java:581)
	at io.netty.channel.nio.NioEventLoop.processSelectedKeys(NioEventLoop.java:498)
	at io.netty.channel.nio.NioEventLoop.run(NioEventLoop.java:460)
	at io.netty.util.concurrent.SingleThreadEventExecutor$2.run(SingleThreadEventExecutor.java:131)
	at java.lang.Thread.run(Thread.java:748)
</p></pre>
        </div>
      </div>
      </div>

        
  
      </div>
          <div class="step">
        
<div class="brief failed">
  <span class="keyword indention">Then</span>
  <span class="name">the result should be:</span>
  
  <span class="lead-duration duration">0.000</span>

  </div>

        

  <div class="inner-level">
    <div class="message indention">
      <div data-toggle="collapse" class=" collapsable-control" data-target="#msg-54">
          <a>org.opencypher.tools.tck.api.Scenario$ScenarioFailedException: Feature &quot;Aggregation&quot;: Scenario &quot;`max()` over mixed values&quot; failed with message: Expected: | max(x) |</a>
      </div>
      <div id="msg-54" class="collapse collapsable-details  in ">
        <pre>org.opencypher.tools.tck.api.Scenario$ScenarioFailedException: Feature &quot;Aggregation&quot;: Scenario &quot;`max()` over mixed values&quot; failed with message: Expected: | max(x) |
| 1 |, got error ExecutionFailed(TypeError,runtime,InvalidArgumentValue,Some(org.apache.tinkerpop.gremlin.driver.exception.ResponseException: java.lang.String cannot be cast to java.lang.Number))
	at org.opencypher.tools.tck.api.Scenario$$anonfun$executeOnGraph$1.apply(Scenario.scala:95)
	at org.opencypher.tools.tck.api.Scenario$$anonfun$executeOnGraph$1.apply(Scenario.scala:60)
	at scala.collection.LinearSeqOptimized$class.foldLeft(LinearSeqOptimized.scala:124)
	at scala.collection.immutable.List.foldLeft(List.scala:84)
	at org.opencypher.tools.tck.api.Scenario.executeOnGraph(Scenario.scala:60)
	at org.opencypher.tools.tck.api.Scenario$$anon$1.execute(Scenario.scala:54)
	at org.junit.jupiter.engine.descriptor.JupiterTestDescriptor.executeAndMaskThrowable(JupiterTestDescriptor.java:145)
	at org.junit.jupiter.engine.descriptor.DynamicTestTestDescriptor.execute(DynamicTestTestDescriptor.java:46)
	at org.junit.jupiter.engine.descriptor.DynamicTestTestDescriptor.execute(DynamicTestTestDescriptor.java:24)
	at org.junit.platform.engine.support.hierarchical.HierarchicalTestExecutor.lambda$execute$3(HierarchicalTestExecutor.java:83)
	at org.junit.platform.engine.support.hierarchical.SingleTestExecutor.executeSafely(SingleTestExecutor.java:66)
	at org.junit.platform.engine.support.hierarchical.HierarchicalTestExecutor.execute(HierarchicalTestExecutor.java:77)
	at org.junit.platform.engine.support.hierarchical.HierarchicalTestExecutor.lambda$null$0(HierarchicalTestExecutor.java:85)
	at org.junit.jupiter.engine.descriptor.TestFactoryTestDescriptor.lambda$invokeTestMethod$1(TestFactoryTestDescriptor.java:80)
	at org.junit.jupiter.engine.execution.ThrowableCollector.execute(ThrowableCollector.java:40)
	at org.junit.jupiter.engine.descriptor.TestFactoryTestDescriptor.invokeTestMethod(TestFactoryTestDescriptor.java:68)
	at org.junit.jupiter.engine.descriptor.TestMethodTestDescriptor.execute(TestMethodTestDescriptor.java:110)
	at org.junit.jupiter.engine.descriptor.TestMethodTestDescriptor.execute(TestMethodTestDescriptor.java:57)
	at org.junit.platform.engine.support.hierarchical.HierarchicalTestExecutor.lambda$execute$3(HierarchicalTestExecutor.java:83)
	at org.junit.platform.engine.support.hierarchical.SingleTestExecutor.executeSafely(SingleTestExecutor.java:66)
	at org.junit.platform.engine.support.hierarchical.HierarchicalTestExecutor.execute(HierarchicalTestExecutor.java:77)
	at org.junit.platform.engine.support.hierarchical.HierarchicalTestExecutor.lambda$null$2(HierarchicalTestExecutor.java:92)
	at java.util.stream.ForEachOps$ForEachOp$OfRef.accept(ForEachOps.java:184)
	at java.util.stream.ReferencePipeline$2$1.accept(ReferencePipeline.java:175)
	at java.util.Iterator.forEachRemaining(Iterator.java:116)
	at java.util.Spliterators$IteratorSpliterator.forEachRemaining(Spliterators.java:1801)
	at java.util.stream.AbstractPipeline.copyInto(AbstractPipeline.java:481)
	at java.util.stream.AbstractPipeline.wrapAndCopyInto(AbstractPipeline.java:471)
	at java.util.stream.ForEachOps$ForEachOp.evaluateSequential(ForEachOps.java:151)
	at java.util.stream.ForEachOps$ForEachOp$OfRef.evaluateSequential(ForEachOps.java:174)
	at java.util.stream.AbstractPipeline.evaluate(AbstractPipeline.java:234)
	at java.util.stream.ReferencePipeline.forEach(ReferencePipeline.java:418)
	at org.junit.platform.engine.support.hierarchical.HierarchicalTestExecutor.lambda$execute$3(HierarchicalTestExecutor.java:92)
	at org.junit.platform.engine.support.hierarchical.SingleTestExecutor.executeSafely(SingleTestExecutor.java:66)
	at org.junit.platform.engine.support.hierarchical.HierarchicalTestExecutor.execute(HierarchicalTestExecutor.java:77)
	at org.junit.platform.engine.support.hierarchical.HierarchicalTestExecutor.lambda$null$2(HierarchicalTestExecutor.java:92)
	at java.util.stream.ForEachOps$ForEachOp$OfRef.accept(ForEachOps.java:184)
	at java.util.stream.ReferencePipeline$2$1.accept(ReferencePipeline.java:175)
	at java.util.Iterator.forEachRemaining(Iterator.java:116)
	at java.util.Spliterators$IteratorSpliterator.forEachRemaining(Spliterators.java:1801)
	at java.util.stream.AbstractPipeline.copyInto(AbstractPipeline.java:481)
	at java.util.stream.AbstractPipeline.wrapAndCopyInto(AbstractPipeline.java:471)
	at java.util.stream.ForEachOps$ForEachOp.evaluateSequential(ForEachOps.java:151)
	at java.util.stream.ForEachOps$ForEachOp$OfRef.evaluateSequential(ForEachOps.java:174)
	at java.util.stream.AbstractPipeline.evaluate(AbstractPipeline.java:234)
	at java.util.stream.ReferencePipeline.forEach(ReferencePipeline.java:418)
	at org.junit.platform.engine.support.hierarchical.HierarchicalTestExecutor.lambda$execute$3(HierarchicalTestExecutor.java:92)
	at org.junit.platform.engine.support.hierarchical.SingleTestExecutor.executeSafely(SingleTestExecutor.java:66)
	at org.junit.platform.engine.support.hierarchical.HierarchicalTestExecutor.execute(HierarchicalTestExecutor.java:77)
	at org.junit.platform.engine.support.hierarchical.HierarchicalTestExecutor.execute(HierarchicalTestExecutor.java:51)
	at org.junit.platform.engine.support.hierarchical.HierarchicalTestEngine.execute(HierarchicalTestEngine.java:43)
	at org.junit.platform.launcher.core.DefaultLauncher.execute(DefaultLauncher.java:170)
	at org.junit.platform.launcher.core.DefaultLauncher.execute(DefaultLauncher.java:154)
	at org.junit.platform.launcher.core.DefaultLauncher.execute(DefaultLauncher.java:90)
	at org.gradle.api.internal.tasks.testing.junitplatform.JUnitPlatformTestClassProcessor$CollectAllTestClassesExecutor.processAllTestClasses(JUnitPlatformTestClassProcessor.java:92)
	at org.gradle.api.internal.tasks.testing.junitplatform.JUnitPlatformTestClassProcessor$CollectAllTestClassesExecutor.access$100(JUnitPlatformTestClassProcessor.java:77)
	at org.gradle.api.internal.tasks.testing.junitplatform.JUnitPlatformTestClassProcessor.stop(JUnitPlatformTestClassProcessor.java:73)
	at org.gradle.api.internal.tasks.testing.SuiteTestClassProcessor.stop(SuiteTestClassProcessor.java:61)
	at sun.reflect.NativeMethodAccessorImpl.invoke0(Native Method)
	at sun.reflect.NativeMethodAccessorImpl.invoke(NativeMethodAccessorImpl.java:62)
	at sun.reflect.DelegatingMethodAccessorImpl.invoke(DelegatingMethodAccessorImpl.java:43)
	at java.lang.reflect.Method.invoke(Method.java:498)
	at org.gradle.internal.dispatch.ReflectionDispatch.dispatch(ReflectionDispatch.java:35)
	at org.gradle.internal.dispatch.ReflectionDispatch.dispatch(ReflectionDispatch.java:24)
	at org.gradle.internal.dispatch.ContextClassLoaderDispatch.dispatch(ContextClassLoaderDispatch.java:32)
	at org.gradle.internal.dispatch.ProxyDispatchAdapter$DispatchingInvocationHandler.invoke(ProxyDispatchAdapter.java:93)
	at com.sun.proxy.$Proxy1.stop(Unknown Source)
	at org.gradle.api.internal.tasks.testing.worker.TestWorker.stop(TestWorker.java:123)
	at sun.reflect.NativeMethodAccessorImpl.invoke0(Native Method)
	at sun.reflect.NativeMethodAccessorImpl.invoke(NativeMethodAccessorImpl.java:62)
	at sun.reflect.DelegatingMethodAccessorImpl.invoke(DelegatingMethodAccessorImpl.java:43)
	at java.lang.reflect.Method.invoke(Method.java:498)
	at org.gradle.internal.dispatch.ReflectionDispatch.dispatch(ReflectionDispatch.java:35)
	at org.gradle.internal.dispatch.ReflectionDispatch.dispatch(ReflectionDispatch.java:24)
	at org.gradle.internal.remote.internal.hub.MessageHubBackedObjectConnection$DispatchWrapper.dispatch(MessageHubBackedObjectConnection.java:155)
	at org.gradle.internal.remote.internal.hub.MessageHubBackedObjectConnection$DispatchWrapper.dispatch(MessageHubBackedObjectConnection.java:137)
	at org.gradle.internal.remote.internal.hub.MessageHub$Handler.run(MessageHub.java:404)
	at org.gradle.internal.concurrent.ExecutorPolicy$CatchAndRecordFailures.onExecute(ExecutorPolicy.java:63)
	at org.gradle.internal.concurrent.ManagedExecutorImpl$1.run(ManagedExecutorImpl.java:46)
	at java.util.concurrent.ThreadPoolExecutor.runWorker(ThreadPoolExecutor.java:1149)
	at java.util.concurrent.ThreadPoolExecutor$Worker.run(ThreadPoolExecutor.java:624)
	at org.gradle.internal.concurrent.ThreadFactoryImpl$ManagedThreadRunnable.run(ThreadFactoryImpl.java:55)
	at java.lang.Thread.run(Thread.java:748)
Caused by: org.apache.tinkerpop.gremlin.driver.exception.ResponseException: java.lang.String cannot be cast to java.lang.Number
	at org.apache.tinkerpop.gremlin.driver.Handler$GremlinResponseHandler.channelRead0(Handler.java:246)
	at org.apache.tinkerpop.gremlin.driver.Handler$GremlinResponseHandler.channelRead0(Handler.java:197)
	at io.netty.channel.SimpleChannelInboundHandler.channelRead(SimpleChannelInboundHandler.java:105)
	at io.netty.channel.AbstractChannelHandlerContext.invokeChannelRead(AbstractChannelHandlerContext.java:356)
	at io.netty.channel.AbstractChannelHandlerContext.invokeChannelRead(AbstractChannelHandlerContext.java:342)
	at io.netty.channel.AbstractChannelHandlerContext.fireChannelRead(AbstractChannelHandlerContext.java:335)
	at org.apache.tinkerpop.gremlin.driver.Handler$GremlinSaslAuthenticationHandler.channelRead0(Handler.java:123)
	at org.apache.tinkerpop.gremlin.driver.Handler$GremlinSaslAuthenticationHandler.channelRead0(Handler.java:67)
	at io.netty.channel.SimpleChannelInboundHandler.channelRead(SimpleChannelInboundHandler.java:105)
	at io.netty.channel.AbstractChannelHandlerContext.invokeChannelRead(AbstractChannelHandlerContext.java:356)
	at io.netty.channel.AbstractChannelHandlerContext.invokeChannelRead(AbstractChannelHandlerContext.java:342)
	at io.netty.channel.AbstractChannelHandlerContext.fireChannelRead(AbstractChannelHandlerContext.java:335)
	at io.netty.handler.codec.MessageToMessageDecoder.channelRead(MessageToMessageDecoder.java:102)
	at io.netty.channel.AbstractChannelHandlerContext.invokeChannelRead(AbstractChannelHandlerContext.java:356)
	at io.netty.channel.AbstractChannelHandlerContext.invokeChannelRead(AbstractChannelHandlerContext.java:342)
	at io.netty.channel.AbstractChannelHandlerContext.fireChannelRead(AbstractChannelHandlerContext.java:335)
	at org.apache.tinkerpop.gremlin.driver.handler.WebSocketClientHandler.channelRead0(WebSocketClientHandler.java:94)
	at io.netty.channel.SimpleChannelInboundHandler.channelRead(SimpleChannelInboundHandler.java:105)
	at io.netty.channel.AbstractChannelHandlerContext.invokeChannelRead(AbstractChannelHandlerContext.java:356)
	at io.netty.channel.AbstractChannelHandlerContext.invokeChannelRead(AbstractChannelHandlerContext.java:342)
	at io.netty.channel.AbstractChannelHandlerContext.fireChannelRead(AbstractChannelHandlerContext.java:335)
	at io.netty.handler.codec.ByteToMessageDecoder.fireChannelRead(ByteToMessageDecoder.java:312)
	at io.netty.handler.codec.ByteToMessageDecoder.channelRead(ByteToMessageDecoder.java:286)
	at io.netty.channel.AbstractChannelHandlerContext.invokeChannelRead(AbstractChannelHandlerContext.java:356)
	at io.netty.channel.AbstractChannelHandlerContext.invokeChannelRead(AbstractChannelHandlerContext.java:342)
	at io.netty.channel.AbstractChannelHandlerContext.fireChannelRead(AbstractChannelHandlerContext.java:335)
	at io.netty.channel.DefaultChannelPipeline$HeadContext.channelRead(DefaultChannelPipeline.java:1304)
	at io.netty.channel.AbstractChannelHandlerContext.invokeChannelRead(AbstractChannelHandlerContext.java:356)
	at io.netty.channel.AbstractChannelHandlerContext.invokeChannelRead(AbstractChannelHandlerContext.java:342)
	at io.netty.channel.DefaultChannelPipeline.fireChannelRead(DefaultChannelPipeline.java:921)
	at io.netty.channel.nio.AbstractNioByteChannel$NioByteUnsafe.read(AbstractNioByteChannel.java:135)
	at io.netty.channel.nio.NioEventLoop.processSelectedKey(NioEventLoop.java:646)
	at io.netty.channel.nio.NioEventLoop.processSelectedKeysOptimized(NioEventLoop.java:581)
	at io.netty.channel.nio.NioEventLoop.processSelectedKeys(NioEventLoop.java:498)
	at io.netty.channel.nio.NioEventLoop.run(NioEventLoop.java:460)
	at io.netty.util.concurrent.SingleThreadEventExecutor$2.run(SingleThreadEventExecutor.java:131)
	... 1 more
</pre>
      </div>
    </div>
  </div>


                  <table class="step-arguments">
                          <tr>
                                  <td>max(x)</td>
                              </tr>
                          <tr>
                                  <td>1</td>
                              </tr>
                      </table>
        
        

        

        
  
      </div>
      </div>
</div>


    

  </div>
</div>

                      
<div class="element">
  
  
<div class="tags indention">
  </div>

  
  <span class="lead-duration duration">0.035</span>


    <span data-toggle="collapse" class=" collapsable-control" data-target="#element-55">
    
<div class="brief failed">
  <span class="keyword indention">Scenario</span>
  <span class="name">`min()` over mixed values</span>
  

       <i class="chevron fa fa-fw"></i>
  </div>

  </span>
  <div class="description indention"></div>

  <div id="element-55" class="collapse collapsable-details  in ">
    


    
<div class="steps inner-level">
    <div data-toggle="collapse" class=" collapsable-control" data-target="#steps-56">
    
<div class="brief failed">
  <span class="keyword indention">Steps</span>
  <span class="name"></span>
  

       <i class="chevron fa fa-fw"></i>
  </div>

  </div>

  <div id="steps-56" class="inner-level collapse collapsable-details  in ">
          <div class="step">
        
<div class="brief passed">
  <span class="keyword indention">Given</span>
  <span class="name">any graph</span>
  
  <span class="lead-duration duration">0.029</span>

  </div>

        


        
        

        
  <div class="outputs inner-level">
          <div class="output indention">
        <div data-toggle="collapse" class=" collapsed  collapsable-control" data-target="#output-57">
          Output 1
          <i class="chevron fa fa-fw"></i>
        </div>
        <div id="output-57" class="collapse collapsable-details " >
          
          <pre><p>14:48:39.275 [gremlin-server-worker-1] INFO  o.o.g.s.op.cypher.CypherOpProcessor - Cypher:  CREATE (a:A {name: 'a'}),        (b1:X {name: 'b1'}),        (b2:X {name: 'b2'}),        (b3:X {name: 'b3'}),        (b4:X {name: 'b4'}),        (c11:X {name: 'c11'}),        (c12:X {name: 'c12'}),        (c21:X {name: 'c21'}),        (c22:X {name: 'c22'}),        (c31:X {name: 'c31'}),        (c32:X {name: 'c32'}),        (c41:X {name: 'c41'}),        (c42:X {name: 'c42'}) CREATE (a)-[:KNOWS]-&gt;(b1),        (a)-[:KNOWS]-&gt;(b2),        (a)-[:FOLLOWS]-&gt;(b3),        (a)-[:FOLLOWS]-&gt;(b4) CREATE (b1)-[:FRIEND]-&gt;(c11),        (b1)-[:FRIEND]-&gt;(c12),        (b2)-[:FRIEND]-&gt;(c21),        (b2)-[:FRIEND]-&gt;(c22),        (b3)-[:FRIEND]-&gt;(c31),        (b3)-[:FRIEND]-&gt;(c32),        (b4)-[:FRIEND]-&gt;(c41),        (b4)-[:FRIEND]-&gt;(c42) CREATE (b1)-[:FRIEND]-&gt;(b2),        (b2)-[:FRIEND]-&gt;(b3),        (b3)-[:FRIEND]-&gt;(b4),        (b4)-[:FRIEND]-&gt;(b1);     
14:48:39.289 [gremlin-server-worker-1] INFO  o.o.g.s.op.cypher.CypherOpProcessor - Gremlin: g.addV('A').as('a').property('name', 'a').addV('X').as('b1').property('name', 'b1').addV('X').as('b2').property('name', 'b2').addV('X').as('b3').property('name', 'b3').addV('X').as('b4').property('name', 'b4').addV('X').as('c11').property('name', 'c11').addV('X').as('c12').property('name', 'c12').addV('X').as('c21').property('name', 'c21').addV('X').as('c22').property('name', 'c22').addV('X').as('c31').property('name', 'c31').addV('X').as('c32').property('name', 'c32').addV('X').as('c41').property('name', 'c41').addV('X').as('c42').property('name', 'c42').addE('KNOWS').from('a').to('b1').addE('KNOWS').from('a').to('b2').addE('FOLLOWS').from('a').to('b3').addE('FOLLOWS').from('a').to('b4').addE('FRIEND').from('b1').to('c11').addE('FRIEND').from('b1').to('c12').addE('FRIEND').from('b2').to('c21').addE('FRIEND').from('b2').to('c22').addE('FRIEND').from('b3').to('c31').addE('FRIEND').from('b3').to('c32').addE('FRIEND').from('b4').to('c41').addE('FRIEND').from('b4').to('c42').addE('FRIEND').from('b1').to('b2').addE('FRIEND').from('b2').to('b3').addE('FRIEND').from('b3').to('b4').addE('FRIEND').from('b4').to('b1').barrier().limit(0)
</p></pre>
        </div>
      </div>
      </div>

        
  
      </div>
          <div class="step">
        
<div class="brief passed">
  <span class="keyword indention">When</span>
  <span class="name">executing query:</span>
  
  <span class="lead-duration duration">0.006</span>

  </div>

        


        
        
  <div class="inner-level">
    <div class="docstring indention">
            <div data-toggle="collapse" class="collapsable-control" data-target="#msg-58">
          <a>Doc string</a>
      </div>
      <div id="msg-58" class="collapse collapsable-details">
        <pre>UNWIND [1, 'a', null, [1, 2], 0.2, 'b'] AS x
RETURN min(x)</pre>
      </div>
    </div>
  </div>

        
  <div class="outputs inner-level">
          <div class="output indention">
        <div data-toggle="collapse" class=" collapsed  collapsable-control" data-target="#output-59">
          Output 1
          <i class="chevron fa fa-fw"></i>
        </div>
        <div id="output-59" class="collapse collapsable-details " >
          
          <pre><p>14:48:39.319 [gremlin-server-worker-1] INFO  o.o.g.s.op.cypher.CypherOpProcessor - Cypher: UNWIND [1, 'a', null, [1, 2], 0.2, 'b'] AS x RETURN min(x)
14:48:39.322 [gremlin-server-worker-1] INFO  o.o.g.s.op.cypher.CypherOpProcessor - Gremlin: g.inject('  cypher.start').project('  GENERATED1', '  GENERATED2', '  GENERATED3', '  GENERATED4', '  GENERATED5', '  GENERATED6').by(__.constant(1)).by(__.constant('a')).by(__.constant('  cypher.null')).by(__.project('  GENERATED7', '  GENERATED8').by(__.constant(1)).by(__.constant(2)).select(values)).by(__.constant(0.2)).by(__.constant('b')).select(values).project('min(x)').by(__.unfold().is(neq('  cypher.null')).min())
14:48:39.323 [gremlin-server-worker-1] ERROR o.o.g.s.op.cypher.CypherOpProcessor - Error during traversal iteration
java.lang.ClassCastException: java.lang.String cannot be cast to java.lang.Number
	at org.apache.tinkerpop.gremlin.process.traversal.step.map.MinGlobalStep.projectTraverser(MinGlobalStep.java:45)
	at org.apache.tinkerpop.gremlin.process.traversal.step.map.MinGlobalStep.projectTraverser(MinGlobalStep.java:35)
	at org.apache.tinkerpop.gremlin.process.traversal.step.util.ReducingBarrierStep.processAllStarts(ReducingBarrierStep.java:84)
	at org.apache.tinkerpop.gremlin.process.traversal.step.util.ReducingBarrierStep.processNextStart(ReducingBarrierStep.java:113)
	at org.apache.tinkerpop.gremlin.process.traversal.step.util.AbstractStep.next(AbstractStep.java:128)
	at org.apache.tinkerpop.gremlin.process.traversal.step.util.AbstractStep.next(AbstractStep.java:38)
	at org.apache.tinkerpop.gremlin.process.traversal.util.DefaultTraversal.next(DefaultTraversal.java:200)
	at org.apache.tinkerpop.gremlin.process.traversal.util.TraversalUtil.apply(TraversalUtil.java:43)
	at org.apache.tinkerpop.gremlin.process.traversal.util.TraversalUtil.applyNullable(TraversalUtil.java:75)
	at org.apache.tinkerpop.gremlin.process.traversal.step.map.ProjectStep.map(ProjectStep.java:55)
	at org.apache.tinkerpop.gremlin.process.traversal.step.map.ProjectStep.map(ProjectStep.java:40)
	at org.apache.tinkerpop.gremlin.process.traversal.step.map.MapStep.processNextStart(MapStep.java:37)
	at org.apache.tinkerpop.gremlin.process.traversal.step.util.AbstractStep.hasNext(AbstractStep.java:143)
	at org.apache.tinkerpop.gremlin.process.traversal.step.util.ExpandableStepIterator.next(ExpandableStepIterator.java:50)
	at org.apache.tinkerpop.gremlin.process.traversal.step.map.MapStep.processNextStart(MapStep.java:36)
	at org.apache.tinkerpop.gremlin.process.traversal.step.util.AbstractStep.hasNext(AbstractStep.java:143)
	at org.apache.tinkerpop.gremlin.process.traversal.util.DefaultTraversal.hasNext(DefaultTraversal.java:192)
	at org.apache.tinkerpop.gremlin.server.op.AbstractOpProcessor.handleIterator(AbstractOpProcessor.java:89)
	at org.opencypher.gremlin.server.op.cypher.CypherOpProcessor.handleIterator(CypherOpProcessor.java:181)
	at org.opencypher.gremlin.server.op.cypher.CypherOpProcessor.lambda$evalCypher$0(CypherOpProcessor.java:119)
	at org.opencypher.gremlin.server.op.cypher.CypherOpProcessor.inTransaction(CypherOpProcessor.java:127)
	at org.opencypher.gremlin.server.op.cypher.CypherOpProcessor.evalCypher(CypherOpProcessor.java:119)
	at org.apache.tinkerpop.gremlin.server.handler.OpExecutorHandler.channelRead0(OpExecutorHandler.java:68)
	at org.apache.tinkerpop.gremlin.server.handler.OpExecutorHandler.channelRead0(OpExecutorHandler.java:43)
	at io.netty.channel.SimpleChannelInboundHandler.channelRead(SimpleChannelInboundHandler.java:105)
	at io.netty.channel.AbstractChannelHandlerContext.invokeChannelRead(AbstractChannelHandlerContext.java:356)
	at io.netty.channel.AbstractChannelHandlerContext.invokeChannelRead(AbstractChannelHandlerContext.java:342)
	at io.netty.channel.AbstractChannelHandlerContext.fireChannelRead(AbstractChannelHandlerContext.java:335)
	at io.netty.handler.codec.MessageToMessageDecoder.channelRead(MessageToMessageDecoder.java:102)
	at io.netty.channel.AbstractChannelHandlerContext.invokeChannelRead(AbstractChannelHandlerContext.java:356)
	at io.netty.channel.AbstractChannelHandlerContext.invokeChannelRead(AbstractChannelHandlerContext.java:342)
	at io.netty.channel.AbstractChannelHandlerContext.fireChannelRead(AbstractChannelHandlerContext.java:335)
	at io.netty.handler.codec.MessageToMessageDecoder.channelRead(MessageToMessageDecoder.java:102)
	at io.netty.channel.AbstractChannelHandlerContext.invokeChannelRead(AbstractChannelHandlerContext.java:356)
	at io.netty.channel.AbstractChannelHandlerContext.invokeChannelRead(AbstractChannelHandlerContext.java:342)
	at io.netty.channel.AbstractChannelHandlerContext.fireChannelRead(AbstractChannelHandlerContext.java:335)
	at io.netty.handler.codec.MessageToMessageDecoder.channelRead(MessageToMessageDecoder.java:102)
	at io.netty.channel.AbstractChannelHandlerContext.invokeChannelRead(AbstractChannelHandlerContext.java:356)
	at io.netty.channel.AbstractChannelHandlerContext.invokeChannelRead(AbstractChannelHandlerContext.java:342)
	at io.netty.channel.AbstractChannelHandlerContext.fireChannelRead(AbstractChannelHandlerContext.java:335)
	at io.netty.handler.codec.MessageToMessageDecoder.channelRead(MessageToMessageDecoder.java:102)
	at io.netty.channel.AbstractChannelHandlerContext.invokeChannelRead(AbstractChannelHandlerContext.java:356)
	at io.netty.channel.AbstractChannelHandlerContext.invokeChannelRead(AbstractChannelHandlerContext.java:342)
	at io.netty.channel.AbstractChannelHandlerContext.fireChannelRead(AbstractChannelHandlerContext.java:335)
	at io.netty.handler.codec.MessageToMessageDecoder.channelRead(MessageToMessageDecoder.java:102)
	at io.netty.channel.AbstractChannelHandlerContext.invokeChannelRead(AbstractChannelHandlerContext.java:356)
	at io.netty.channel.AbstractChannelHandlerContext.invokeChannelRead(AbstractChannelHandlerContext.java:342)
	at io.netty.channel.AbstractChannelHandlerContext.fireChannelRead(AbstractChannelHandlerContext.java:335)
	at io.netty.handler.codec.http.websocketx.WebSocketServerProtocolHandler$1.channelRead(WebSocketServerProtocolHandler.java:159)
	at io.netty.channel.AbstractChannelHandlerContext.invokeChannelRead(AbstractChannelHandlerContext.java:356)
	at io.netty.channel.AbstractChannelHandlerContext.invokeChannelRead(AbstractChannelHandlerContext.java:342)
	at io.netty.channel.AbstractChannelHandlerContext.fireChannelRead(AbstractChannelHandlerContext.java:335)
	at io.netty.handler.codec.ByteToMessageDecoder.fireChannelRead(ByteToMessageDecoder.java:312)
	at io.netty.handler.codec.ByteToMessageDecoder.channelRead(ByteToMessageDecoder.java:286)
	at io.netty.channel.AbstractChannelHandlerContext.invokeChannelRead(AbstractChannelHandlerContext.java:356)
	at io.netty.channel.AbstractChannelHandlerContext.invokeChannelRead(AbstractChannelHandlerContext.java:342)
	at io.netty.channel.AbstractChannelHandlerContext.fireChannelRead(AbstractChannelHandlerContext.java:335)
	at io.netty.handler.timeout.IdleStateHandler.channelRead(IdleStateHandler.java:286)
	at io.netty.channel.AbstractChannelHandlerContext.invokeChannelRead(AbstractChannelHandlerContext.java:356)
	at io.netty.channel.AbstractChannelHandlerContext.invokeChannelRead(AbstractChannelHandlerContext.java:342)
	at io.netty.channel.AbstractChannelHandlerContext.fireChannelRead(AbstractChannelHandlerContext.java:335)
	at io.netty.channel.DefaultChannelPipeline$HeadContext.channelRead(DefaultChannelPipeline.java:1304)
	at io.netty.channel.AbstractChannelHandlerContext.invokeChannelRead(AbstractChannelHandlerContext.java:356)
	at io.netty.channel.AbstractChannelHandlerContext.invokeChannelRead(AbstractChannelHandlerContext.java:342)
	at io.netty.channel.DefaultChannelPipeline.fireChannelRead(DefaultChannelPipeline.java:921)
	at io.netty.channel.nio.AbstractNioByteChannel$NioByteUnsafe.read(AbstractNioByteChannel.java:135)
	at io.netty.channel.nio.NioEventLoop.processSelectedKey(NioEventLoop.java:646)
	at io.netty.channel.nio.NioEventLoop.processSelectedKeysOptimized(NioEventLoop.java:581)
	at io.netty.channel.nio.NioEventLoop.processSelectedKeys(NioEventLoop.java:498)
	at io.netty.channel.nio.NioEventLoop.run(NioEventLoop.java:460)
	at io.netty.util.concurrent.SingleThreadEventExecutor$2.run(SingleThreadEventExecutor.java:131)
	at java.lang.Thread.run(Thread.java:748)
</p></pre>
        </div>
      </div>
      </div>

        
  
      </div>
          <div class="step">
        
<div class="brief failed">
  <span class="keyword indention">Then</span>
  <span class="name">the result should be:</span>
  
  <span class="lead-duration duration">0.000</span>

  </div>

        

  <div class="inner-level">
    <div class="message indention">
      <div data-toggle="collapse" class=" collapsable-control" data-target="#msg-60">
          <a>org.opencypher.tools.tck.api.Scenario$ScenarioFailedException: Feature &quot;Aggregation&quot;: Scenario &quot;`min()` over mixed values&quot; failed with message: Expected: | min(x) |</a>
      </div>
      <div id="msg-60" class="collapse collapsable-details  in ">
        <pre>org.opencypher.tools.tck.api.Scenario$ScenarioFailedException: Feature &quot;Aggregation&quot;: Scenario &quot;`min()` over mixed values&quot; failed with message: Expected: | min(x) |
| [1, 2] |, got error ExecutionFailed(TypeError,runtime,InvalidArgumentValue,Some(org.apache.tinkerpop.gremlin.driver.exception.ResponseException: java.lang.String cannot be cast to java.lang.Number))
	at org.opencypher.tools.tck.api.Scenario$$anonfun$executeOnGraph$1.apply(Scenario.scala:95)
	at org.opencypher.tools.tck.api.Scenario$$anonfun$executeOnGraph$1.apply(Scenario.scala:60)
	at scala.collection.LinearSeqOptimized$class.foldLeft(LinearSeqOptimized.scala:124)
	at scala.collection.immutable.List.foldLeft(List.scala:84)
	at org.opencypher.tools.tck.api.Scenario.executeOnGraph(Scenario.scala:60)
	at org.opencypher.tools.tck.api.Scenario$$anon$1.execute(Scenario.scala:54)
	at org.junit.jupiter.engine.descriptor.JupiterTestDescriptor.executeAndMaskThrowable(JupiterTestDescriptor.java:145)
	at org.junit.jupiter.engine.descriptor.DynamicTestTestDescriptor.execute(DynamicTestTestDescriptor.java:46)
	at org.junit.jupiter.engine.descriptor.DynamicTestTestDescriptor.execute(DynamicTestTestDescriptor.java:24)
	at org.junit.platform.engine.support.hierarchical.HierarchicalTestExecutor.lambda$execute$3(HierarchicalTestExecutor.java:83)
	at org.junit.platform.engine.support.hierarchical.SingleTestExecutor.executeSafely(SingleTestExecutor.java:66)
	at org.junit.platform.engine.support.hierarchical.HierarchicalTestExecutor.execute(HierarchicalTestExecutor.java:77)
	at org.junit.platform.engine.support.hierarchical.HierarchicalTestExecutor.lambda$null$0(HierarchicalTestExecutor.java:85)
	at org.junit.jupiter.engine.descriptor.TestFactoryTestDescriptor.lambda$invokeTestMethod$1(TestFactoryTestDescriptor.java:80)
	at org.junit.jupiter.engine.execution.ThrowableCollector.execute(ThrowableCollector.java:40)
	at org.junit.jupiter.engine.descriptor.TestFactoryTestDescriptor.invokeTestMethod(TestFactoryTestDescriptor.java:68)
	at org.junit.jupiter.engine.descriptor.TestMethodTestDescriptor.execute(TestMethodTestDescriptor.java:110)
	at org.junit.jupiter.engine.descriptor.TestMethodTestDescriptor.execute(TestMethodTestDescriptor.java:57)
	at org.junit.platform.engine.support.hierarchical.HierarchicalTestExecutor.lambda$execute$3(HierarchicalTestExecutor.java:83)
	at org.junit.platform.engine.support.hierarchical.SingleTestExecutor.executeSafely(SingleTestExecutor.java:66)
	at org.junit.platform.engine.support.hierarchical.HierarchicalTestExecutor.execute(HierarchicalTestExecutor.java:77)
	at org.junit.platform.engine.support.hierarchical.HierarchicalTestExecutor.lambda$null$2(HierarchicalTestExecutor.java:92)
	at java.util.stream.ForEachOps$ForEachOp$OfRef.accept(ForEachOps.java:184)
	at java.util.stream.ReferencePipeline$2$1.accept(ReferencePipeline.java:175)
	at java.util.Iterator.forEachRemaining(Iterator.java:116)
	at java.util.Spliterators$IteratorSpliterator.forEachRemaining(Spliterators.java:1801)
	at java.util.stream.AbstractPipeline.copyInto(AbstractPipeline.java:481)
	at java.util.stream.AbstractPipeline.wrapAndCopyInto(AbstractPipeline.java:471)
	at java.util.stream.ForEachOps$ForEachOp.evaluateSequential(ForEachOps.java:151)
	at java.util.stream.ForEachOps$ForEachOp$OfRef.evaluateSequential(ForEachOps.java:174)
	at java.util.stream.AbstractPipeline.evaluate(AbstractPipeline.java:234)
	at java.util.stream.ReferencePipeline.forEach(ReferencePipeline.java:418)
	at org.junit.platform.engine.support.hierarchical.HierarchicalTestExecutor.lambda$execute$3(HierarchicalTestExecutor.java:92)
	at org.junit.platform.engine.support.hierarchical.SingleTestExecutor.executeSafely(SingleTestExecutor.java:66)
	at org.junit.platform.engine.support.hierarchical.HierarchicalTestExecutor.execute(HierarchicalTestExecutor.java:77)
	at org.junit.platform.engine.support.hierarchical.HierarchicalTestExecutor.lambda$null$2(HierarchicalTestExecutor.java:92)
	at java.util.stream.ForEachOps$ForEachOp$OfRef.accept(ForEachOps.java:184)
	at java.util.stream.ReferencePipeline$2$1.accept(ReferencePipeline.java:175)
	at java.util.Iterator.forEachRemaining(Iterator.java:116)
	at java.util.Spliterators$IteratorSpliterator.forEachRemaining(Spliterators.java:1801)
	at java.util.stream.AbstractPipeline.copyInto(AbstractPipeline.java:481)
	at java.util.stream.AbstractPipeline.wrapAndCopyInto(AbstractPipeline.java:471)
	at java.util.stream.ForEachOps$ForEachOp.evaluateSequential(ForEachOps.java:151)
	at java.util.stream.ForEachOps$ForEachOp$OfRef.evaluateSequential(ForEachOps.java:174)
	at java.util.stream.AbstractPipeline.evaluate(AbstractPipeline.java:234)
	at java.util.stream.ReferencePipeline.forEach(ReferencePipeline.java:418)
	at org.junit.platform.engine.support.hierarchical.HierarchicalTestExecutor.lambda$execute$3(HierarchicalTestExecutor.java:92)
	at org.junit.platform.engine.support.hierarchical.SingleTestExecutor.executeSafely(SingleTestExecutor.java:66)
	at org.junit.platform.engine.support.hierarchical.HierarchicalTestExecutor.execute(HierarchicalTestExecutor.java:77)
	at org.junit.platform.engine.support.hierarchical.HierarchicalTestExecutor.execute(HierarchicalTestExecutor.java:51)
	at org.junit.platform.engine.support.hierarchical.HierarchicalTestEngine.execute(HierarchicalTestEngine.java:43)
	at org.junit.platform.launcher.core.DefaultLauncher.execute(DefaultLauncher.java:170)
	at org.junit.platform.launcher.core.DefaultLauncher.execute(DefaultLauncher.java:154)
	at org.junit.platform.launcher.core.DefaultLauncher.execute(DefaultLauncher.java:90)
	at org.gradle.api.internal.tasks.testing.junitplatform.JUnitPlatformTestClassProcessor$CollectAllTestClassesExecutor.processAllTestClasses(JUnitPlatformTestClassProcessor.java:92)
	at org.gradle.api.internal.tasks.testing.junitplatform.JUnitPlatformTestClassProcessor$CollectAllTestClassesExecutor.access$100(JUnitPlatformTestClassProcessor.java:77)
	at org.gradle.api.internal.tasks.testing.junitplatform.JUnitPlatformTestClassProcessor.stop(JUnitPlatformTestClassProcessor.java:73)
	at org.gradle.api.internal.tasks.testing.SuiteTestClassProcessor.stop(SuiteTestClassProcessor.java:61)
	at sun.reflect.NativeMethodAccessorImpl.invoke0(Native Method)
	at sun.reflect.NativeMethodAccessorImpl.invoke(NativeMethodAccessorImpl.java:62)
	at sun.reflect.DelegatingMethodAccessorImpl.invoke(DelegatingMethodAccessorImpl.java:43)
	at java.lang.reflect.Method.invoke(Method.java:498)
	at org.gradle.internal.dispatch.ReflectionDispatch.dispatch(ReflectionDispatch.java:35)
	at org.gradle.internal.dispatch.ReflectionDispatch.dispatch(ReflectionDispatch.java:24)
	at org.gradle.internal.dispatch.ContextClassLoaderDispatch.dispatch(ContextClassLoaderDispatch.java:32)
	at org.gradle.internal.dispatch.ProxyDispatchAdapter$DispatchingInvocationHandler.invoke(ProxyDispatchAdapter.java:93)
	at com.sun.proxy.$Proxy1.stop(Unknown Source)
	at org.gradle.api.internal.tasks.testing.worker.TestWorker.stop(TestWorker.java:123)
	at sun.reflect.NativeMethodAccessorImpl.invoke0(Native Method)
	at sun.reflect.NativeMethodAccessorImpl.invoke(NativeMethodAccessorImpl.java:62)
	at sun.reflect.DelegatingMethodAccessorImpl.invoke(DelegatingMethodAccessorImpl.java:43)
	at java.lang.reflect.Method.invoke(Method.java:498)
	at org.gradle.internal.dispatch.ReflectionDispatch.dispatch(ReflectionDispatch.java:35)
	at org.gradle.internal.dispatch.ReflectionDispatch.dispatch(ReflectionDispatch.java:24)
	at org.gradle.internal.remote.internal.hub.MessageHubBackedObjectConnection$DispatchWrapper.dispatch(MessageHubBackedObjectConnection.java:155)
	at org.gradle.internal.remote.internal.hub.MessageHubBackedObjectConnection$DispatchWrapper.dispatch(MessageHubBackedObjectConnection.java:137)
	at org.gradle.internal.remote.internal.hub.MessageHub$Handler.run(MessageHub.java:404)
	at org.gradle.internal.concurrent.ExecutorPolicy$CatchAndRecordFailures.onExecute(ExecutorPolicy.java:63)
	at org.gradle.internal.concurrent.ManagedExecutorImpl$1.run(ManagedExecutorImpl.java:46)
	at java.util.concurrent.ThreadPoolExecutor.runWorker(ThreadPoolExecutor.java:1149)
	at java.util.concurrent.ThreadPoolExecutor$Worker.run(ThreadPoolExecutor.java:624)
	at org.gradle.internal.concurrent.ThreadFactoryImpl$ManagedThreadRunnable.run(ThreadFactoryImpl.java:55)
	at java.lang.Thread.run(Thread.java:748)
Caused by: org.apache.tinkerpop.gremlin.driver.exception.ResponseException: java.lang.String cannot be cast to java.lang.Number
	at org.apache.tinkerpop.gremlin.driver.Handler$GremlinResponseHandler.channelRead0(Handler.java:246)
	at org.apache.tinkerpop.gremlin.driver.Handler$GremlinResponseHandler.channelRead0(Handler.java:197)
	at io.netty.channel.SimpleChannelInboundHandler.channelRead(SimpleChannelInboundHandler.java:105)
	at io.netty.channel.AbstractChannelHandlerContext.invokeChannelRead(AbstractChannelHandlerContext.java:356)
	at io.netty.channel.AbstractChannelHandlerContext.invokeChannelRead(AbstractChannelHandlerContext.java:342)
	at io.netty.channel.AbstractChannelHandlerContext.fireChannelRead(AbstractChannelHandlerContext.java:335)
	at org.apache.tinkerpop.gremlin.driver.Handler$GremlinSaslAuthenticationHandler.channelRead0(Handler.java:123)
	at org.apache.tinkerpop.gremlin.driver.Handler$GremlinSaslAuthenticationHandler.channelRead0(Handler.java:67)
	at io.netty.channel.SimpleChannelInboundHandler.channelRead(SimpleChannelInboundHandler.java:105)
	at io.netty.channel.AbstractChannelHandlerContext.invokeChannelRead(AbstractChannelHandlerContext.java:356)
	at io.netty.channel.AbstractChannelHandlerContext.invokeChannelRead(AbstractChannelHandlerContext.java:342)
	at io.netty.channel.AbstractChannelHandlerContext.fireChannelRead(AbstractChannelHandlerContext.java:335)
	at io.netty.handler.codec.MessageToMessageDecoder.channelRead(MessageToMessageDecoder.java:102)
	at io.netty.channel.AbstractChannelHandlerContext.invokeChannelRead(AbstractChannelHandlerContext.java:356)
	at io.netty.channel.AbstractChannelHandlerContext.invokeChannelRead(AbstractChannelHandlerContext.java:342)
	at io.netty.channel.AbstractChannelHandlerContext.fireChannelRead(AbstractChannelHandlerContext.java:335)
	at org.apache.tinkerpop.gremlin.driver.handler.WebSocketClientHandler.channelRead0(WebSocketClientHandler.java:94)
	at io.netty.channel.SimpleChannelInboundHandler.channelRead(SimpleChannelInboundHandler.java:105)
	at io.netty.channel.AbstractChannelHandlerContext.invokeChannelRead(AbstractChannelHandlerContext.java:356)
	at io.netty.channel.AbstractChannelHandlerContext.invokeChannelRead(AbstractChannelHandlerContext.java:342)
	at io.netty.channel.AbstractChannelHandlerContext.fireChannelRead(AbstractChannelHandlerContext.java:335)
	at io.netty.handler.codec.ByteToMessageDecoder.fireChannelRead(ByteToMessageDecoder.java:312)
	at io.netty.handler.codec.ByteToMessageDecoder.channelRead(ByteToMessageDecoder.java:286)
	at io.netty.channel.AbstractChannelHandlerContext.invokeChannelRead(AbstractChannelHandlerContext.java:356)
	at io.netty.channel.AbstractChannelHandlerContext.invokeChannelRead(AbstractChannelHandlerContext.java:342)
	at io.netty.channel.AbstractChannelHandlerContext.fireChannelRead(AbstractChannelHandlerContext.java:335)
	at io.netty.channel.DefaultChannelPipeline$HeadContext.channelRead(DefaultChannelPipeline.java:1304)
	at io.netty.channel.AbstractChannelHandlerContext.invokeChannelRead(AbstractChannelHandlerContext.java:356)
	at io.netty.channel.AbstractChannelHandlerContext.invokeChannelRead(AbstractChannelHandlerContext.java:342)
	at io.netty.channel.DefaultChannelPipeline.fireChannelRead(DefaultChannelPipeline.java:921)
	at io.netty.channel.nio.AbstractNioByteChannel$NioByteUnsafe.read(AbstractNioByteChannel.java:135)
	at io.netty.channel.nio.NioEventLoop.processSelectedKey(NioEventLoop.java:646)
	at io.netty.channel.nio.NioEventLoop.processSelectedKeysOptimized(NioEventLoop.java:581)
	at io.netty.channel.nio.NioEventLoop.processSelectedKeys(NioEventLoop.java:498)
	at io.netty.channel.nio.NioEventLoop.run(NioEventLoop.java:460)
	at io.netty.util.concurrent.SingleThreadEventExecutor$2.run(SingleThreadEventExecutor.java:131)
	... 1 more
</pre>
      </div>
    </div>
  </div>


                  <table class="step-arguments">
                          <tr>
                                  <td>min(x)</td>
                              </tr>
                          <tr>
                                  <td>[1, 2]</td>
                              </tr>
                      </table>
        
        

        

        
  
      </div>
      </div>
</div>


    

  </div>
</div>

                      
<div class="element">
  
  
<div class="tags indention">
  </div>

  
  <span class="lead-duration duration">0.040</span>


    <span data-toggle="collapse" class=" collapsable-control" data-target="#element-61">
    
<div class="brief failed">
  <span class="keyword indention">Scenario</span>
  <span class="name">`max()` over list values</span>
  

       <i class="chevron fa fa-fw"></i>
  </div>

  </span>
  <div class="description indention"></div>

  <div id="element-61" class="collapse collapsable-details  in ">
    


    
<div class="steps inner-level">
    <div data-toggle="collapse" class=" collapsable-control" data-target="#steps-62">
    
<div class="brief failed">
  <span class="keyword indention">Steps</span>
  <span class="name"></span>
  

       <i class="chevron fa fa-fw"></i>
  </div>

  </div>

  <div id="steps-62" class="inner-level collapse collapsable-details  in ">
          <div class="step">
        
<div class="brief passed">
  <span class="keyword indention">Given</span>
  <span class="name">any graph</span>
  
  <span class="lead-duration duration">0.029</span>

  </div>

        


        
        

        
  <div class="outputs inner-level">
          <div class="output indention">
        <div data-toggle="collapse" class=" collapsed  collapsable-control" data-target="#output-63">
          Output 1
          <i class="chevron fa fa-fw"></i>
        </div>
        <div id="output-63" class="collapse collapsable-details " >
          
          <pre><p>14:48:39.328 [gremlin-server-worker-1] INFO  o.o.g.s.op.cypher.CypherOpProcessor - Cypher:  CREATE (a:A {name: 'a'}),        (b1:X {name: 'b1'}),        (b2:X {name: 'b2'}),        (b3:X {name: 'b3'}),        (b4:X {name: 'b4'}),        (c11:X {name: 'c11'}),        (c12:X {name: 'c12'}),        (c21:X {name: 'c21'}),        (c22:X {name: 'c22'}),        (c31:X {name: 'c31'}),        (c32:X {name: 'c32'}),        (c41:X {name: 'c41'}),        (c42:X {name: 'c42'}) CREATE (a)-[:KNOWS]-&gt;(b1),        (a)-[:KNOWS]-&gt;(b2),        (a)-[:FOLLOWS]-&gt;(b3),        (a)-[:FOLLOWS]-&gt;(b4) CREATE (b1)-[:FRIEND]-&gt;(c11),        (b1)-[:FRIEND]-&gt;(c12),        (b2)-[:FRIEND]-&gt;(c21),        (b2)-[:FRIEND]-&gt;(c22),        (b3)-[:FRIEND]-&gt;(c31),        (b3)-[:FRIEND]-&gt;(c32),        (b4)-[:FRIEND]-&gt;(c41),        (b4)-[:FRIEND]-&gt;(c42) CREATE (b1)-[:FRIEND]-&gt;(b2),        (b2)-[:FRIEND]-&gt;(b3),        (b3)-[:FRIEND]-&gt;(b4),        (b4)-[:FRIEND]-&gt;(b1);     
14:48:39.344 [gremlin-server-worker-1] INFO  o.o.g.s.op.cypher.CypherOpProcessor - Gremlin: g.addV('A').as('a').property('name', 'a').addV('X').as('b1').property('name', 'b1').addV('X').as('b2').property('name', 'b2').addV('X').as('b3').property('name', 'b3').addV('X').as('b4').property('name', 'b4').addV('X').as('c11').property('name', 'c11').addV('X').as('c12').property('name', 'c12').addV('X').as('c21').property('name', 'c21').addV('X').as('c22').property('name', 'c22').addV('X').as('c31').property('name', 'c31').addV('X').as('c32').property('name', 'c32').addV('X').as('c41').property('name', 'c41').addV('X').as('c42').property('name', 'c42').addE('KNOWS').from('a').to('b1').addE('KNOWS').from('a').to('b2').addE('FOLLOWS').from('a').to('b3').addE('FOLLOWS').from('a').to('b4').addE('FRIEND').from('b1').to('c11').addE('FRIEND').from('b1').to('c12').addE('FRIEND').from('b2').to('c21').addE('FRIEND').from('b2').to('c22').addE('FRIEND').from('b3').to('c31').addE('FRIEND').from('b3').to('c32').addE('FRIEND').from('b4').to('c41').addE('FRIEND').from('b4').to('c42').addE('FRIEND').from('b1').to('b2').addE('FRIEND').from('b2').to('b3').addE('FRIEND').from('b3').to('b4').addE('FRIEND').from('b4').to('b1').barrier().limit(0)
</p></pre>
        </div>
      </div>
      </div>

        
  
      </div>
          <div class="step">
        
<div class="brief passed">
  <span class="keyword indention">When</span>
  <span class="name">executing query:</span>
  
  <span class="lead-duration duration">0.010</span>

  </div>

        


        
        
  <div class="inner-level">
    <div class="docstring indention">
            <div data-toggle="collapse" class="collapsable-control" data-target="#msg-64">
          <a>Doc string</a>
      </div>
      <div id="msg-64" class="collapse collapsable-details">
        <pre>UNWIND [[1], [2], [2, 1]] AS x
RETURN max(x)</pre>
      </div>
    </div>
  </div>

        
  <div class="outputs inner-level">
          <div class="output indention">
        <div data-toggle="collapse" class=" collapsed  collapsable-control" data-target="#output-65">
          Output 1
          <i class="chevron fa fa-fw"></i>
        </div>
        <div id="output-65" class="collapse collapsable-details " >
          
          <pre><p>14:48:39.375 [gremlin-server-worker-1] INFO  o.o.g.s.op.cypher.CypherOpProcessor - Cypher: UNWIND [[1], [2], [2, 1]] AS x RETURN max(x)
14:48:39.382 [gremlin-server-worker-1] INFO  o.o.g.s.op.cypher.CypherOpProcessor - Gremlin: g.inject('  cypher.start').project('  GENERATED1', '  GENERATED2', '  GENERATED3').by(__.project('  GENERATED4').by(__.constant(1)).select(values)).by(__.project('  GENERATED5').by(__.constant(2)).select(values)).by(__.project('  GENERATED6', '  GENERATED7').by(__.constant(2)).by(__.constant(1)).select(values)).select(values).project('max(x)').by(__.unfold().is(neq('  cypher.null')).max())
14:48:39.383 [gremlin-server-worker-1] ERROR o.o.g.s.op.cypher.CypherOpProcessor - Error during traversal iteration
java.lang.ClassCastException: java.util.ArrayList cannot be cast to java.lang.Number
	at org.apache.tinkerpop.gremlin.process.traversal.step.map.MaxGlobalStep.projectTraverser(MaxGlobalStep.java:45)
	at org.apache.tinkerpop.gremlin.process.traversal.step.map.MaxGlobalStep.projectTraverser(MaxGlobalStep.java:35)
	at org.apache.tinkerpop.gremlin.process.traversal.step.util.ReducingBarrierStep.processAllStarts(ReducingBarrierStep.java:84)
	at org.apache.tinkerpop.gremlin.process.traversal.step.util.ReducingBarrierStep.processNextStart(ReducingBarrierStep.java:113)
	at org.apache.tinkerpop.gremlin.process.traversal.step.util.AbstractStep.next(AbstractStep.java:128)
	at org.apache.tinkerpop.gremlin.process.traversal.step.util.AbstractStep.next(AbstractStep.java:38)
	at org.apache.tinkerpop.gremlin.process.traversal.util.DefaultTraversal.next(DefaultTraversal.java:200)
	at org.apache.tinkerpop.gremlin.process.traversal.util.TraversalUtil.apply(TraversalUtil.java:43)
	at org.apache.tinkerpop.gremlin.process.traversal.util.TraversalUtil.applyNullable(TraversalUtil.java:75)
	at org.apache.tinkerpop.gremlin.process.traversal.step.map.ProjectStep.map(ProjectStep.java:55)
	at org.apache.tinkerpop.gremlin.process.traversal.step.map.ProjectStep.map(ProjectStep.java:40)
	at org.apache.tinkerpop.gremlin.process.traversal.step.map.MapStep.processNextStart(MapStep.java:37)
	at org.apache.tinkerpop.gremlin.process.traversal.step.util.AbstractStep.hasNext(AbstractStep.java:143)
	at org.apache.tinkerpop.gremlin.process.traversal.step.util.ExpandableStepIterator.next(ExpandableStepIterator.java:50)
	at org.apache.tinkerpop.gremlin.process.traversal.step.map.MapStep.processNextStart(MapStep.java:36)
	at org.apache.tinkerpop.gremlin.process.traversal.step.util.AbstractStep.hasNext(AbstractStep.java:143)
	at org.apache.tinkerpop.gremlin.process.traversal.util.DefaultTraversal.hasNext(DefaultTraversal.java:192)
	at org.apache.tinkerpop.gremlin.server.op.AbstractOpProcessor.handleIterator(AbstractOpProcessor.java:89)
	at org.opencypher.gremlin.server.op.cypher.CypherOpProcessor.handleIterator(CypherOpProcessor.java:181)
	at org.opencypher.gremlin.server.op.cypher.CypherOpProcessor.lambda$evalCypher$0(CypherOpProcessor.java:119)
	at org.opencypher.gremlin.server.op.cypher.CypherOpProcessor.inTransaction(CypherOpProcessor.java:127)
	at org.opencypher.gremlin.server.op.cypher.CypherOpProcessor.evalCypher(CypherOpProcessor.java:119)
	at org.apache.tinkerpop.gremlin.server.handler.OpExecutorHandler.channelRead0(OpExecutorHandler.java:68)
	at org.apache.tinkerpop.gremlin.server.handler.OpExecutorHandler.channelRead0(OpExecutorHandler.java:43)
	at io.netty.channel.SimpleChannelInboundHandler.channelRead(SimpleChannelInboundHandler.java:105)
	at io.netty.channel.AbstractChannelHandlerContext.invokeChannelRead(AbstractChannelHandlerContext.java:356)
	at io.netty.channel.AbstractChannelHandlerContext.invokeChannelRead(AbstractChannelHandlerContext.java:342)
	at io.netty.channel.AbstractChannelHandlerContext.fireChannelRead(AbstractChannelHandlerContext.java:335)
	at io.netty.handler.codec.MessageToMessageDecoder.channelRead(MessageToMessageDecoder.java:102)
	at io.netty.channel.AbstractChannelHandlerContext.invokeChannelRead(AbstractChannelHandlerContext.java:356)
	at io.netty.channel.AbstractChannelHandlerContext.invokeChannelRead(AbstractChannelHandlerContext.java:342)
	at io.netty.channel.AbstractChannelHandlerContext.fireChannelRead(AbstractChannelHandlerContext.java:335)
	at io.netty.handler.codec.MessageToMessageDecoder.channelRead(MessageToMessageDecoder.java:102)
	at io.netty.channel.AbstractChannelHandlerContext.invokeChannelRead(AbstractChannelHandlerContext.java:356)
	at io.netty.channel.AbstractChannelHandlerContext.invokeChannelRead(AbstractChannelHandlerContext.java:342)
	at io.netty.channel.AbstractChannelHandlerContext.fireChannelRead(AbstractChannelHandlerContext.java:335)
	at io.netty.handler.codec.MessageToMessageDecoder.channelRead(MessageToMessageDecoder.java:102)
	at io.netty.channel.AbstractChannelHandlerContext.invokeChannelRead(AbstractChannelHandlerContext.java:356)
	at io.netty.channel.AbstractChannelHandlerContext.invokeChannelRead(AbstractChannelHandlerContext.java:342)
	at io.netty.channel.AbstractChannelHandlerContext.fireChannelRead(AbstractChannelHandlerContext.java:335)
	at io.netty.handler.codec.MessageToMessageDecoder.channelRead(MessageToMessageDecoder.java:102)
	at io.netty.channel.AbstractChannelHandlerContext.invokeChannelRead(AbstractChannelHandlerContext.java:356)
	at io.netty.channel.AbstractChannelHandlerContext.invokeChannelRead(AbstractChannelHandlerContext.java:342)
	at io.netty.channel.AbstractChannelHandlerContext.fireChannelRead(AbstractChannelHandlerContext.java:335)
	at io.netty.handler.codec.MessageToMessageDecoder.channelRead(MessageToMessageDecoder.java:102)
	at io.netty.channel.AbstractChannelHandlerContext.invokeChannelRead(AbstractChannelHandlerContext.java:356)
	at io.netty.channel.AbstractChannelHandlerContext.invokeChannelRead(AbstractChannelHandlerContext.java:342)
	at io.netty.channel.AbstractChannelHandlerContext.fireChannelRead(AbstractChannelHandlerContext.java:335)
	at io.netty.handler.codec.http.websocketx.WebSocketServerProtocolHandler$1.channelRead(WebSocketServerProtocolHandler.java:159)
	at io.netty.channel.AbstractChannelHandlerContext.invokeChannelRead(AbstractChannelHandlerContext.java:356)
	at io.netty.channel.AbstractChannelHandlerContext.invokeChannelRead(AbstractChannelHandlerContext.java:342)
	at io.netty.channel.AbstractChannelHandlerContext.fireChannelRead(AbstractChannelHandlerContext.java:335)
	at io.netty.handler.codec.ByteToMessageDecoder.fireChannelRead(ByteToMessageDecoder.java:312)
	at io.netty.handler.codec.ByteToMessageDecoder.channelRead(ByteToMessageDecoder.java:286)
	at io.netty.channel.AbstractChannelHandlerContext.invokeChannelRead(AbstractChannelHandlerContext.java:356)
	at io.netty.channel.AbstractChannelHandlerContext.invokeChannelRead(AbstractChannelHandlerContext.java:342)
	at io.netty.channel.AbstractChannelHandlerContext.fireChannelRead(AbstractChannelHandlerContext.java:335)
	at io.netty.handler.timeout.IdleStateHandler.channelRead(IdleStateHandler.java:286)
	at io.netty.channel.AbstractChannelHandlerContext.invokeChannelRead(AbstractChannelHandlerContext.java:356)
	at io.netty.channel.AbstractChannelHandlerContext.invokeChannelRead(AbstractChannelHandlerContext.java:342)
	at io.netty.channel.AbstractChannelHandlerContext.fireChannelRead(AbstractChannelHandlerContext.java:335)
	at io.netty.channel.DefaultChannelPipeline$HeadContext.channelRead(DefaultChannelPipeline.java:1304)
	at io.netty.channel.AbstractChannelHandlerContext.invokeChannelRead(AbstractChannelHandlerContext.java:356)
	at io.netty.channel.AbstractChannelHandlerContext.invokeChannelRead(AbstractChannelHandlerContext.java:342)
	at io.netty.channel.DefaultChannelPipeline.fireChannelRead(DefaultChannelPipeline.java:921)
	at io.netty.channel.nio.AbstractNioByteChannel$NioByteUnsafe.read(AbstractNioByteChannel.java:135)
	at io.netty.channel.nio.NioEventLoop.processSelectedKey(NioEventLoop.java:646)
	at io.netty.channel.nio.NioEventLoop.processSelectedKeysOptimized(NioEventLoop.java:581)
	at io.netty.channel.nio.NioEventLoop.processSelectedKeys(NioEventLoop.java:498)
	at io.netty.channel.nio.NioEventLoop.run(NioEventLoop.java:460)
	at io.netty.util.concurrent.SingleThreadEventExecutor$2.run(SingleThreadEventExecutor.java:131)
	at java.lang.Thread.run(Thread.java:748)
</p></pre>
        </div>
      </div>
      </div>

        
  
      </div>
          <div class="step">
        
<div class="brief failed">
  <span class="keyword indention">Then</span>
  <span class="name">the result should be:</span>
  
  <span class="lead-duration duration">0.000</span>

  </div>

        

  <div class="inner-level">
    <div class="message indention">
      <div data-toggle="collapse" class=" collapsable-control" data-target="#msg-66">
          <a>org.opencypher.tools.tck.api.Scenario$ScenarioFailedException: Feature &quot;Aggregation&quot;: Scenario &quot;`max()` over list values&quot; failed with message: Expected: | max(x) |</a>
      </div>
      <div id="msg-66" class="collapse collapsable-details  in ">
        <pre>org.opencypher.tools.tck.api.Scenario$ScenarioFailedException: Feature &quot;Aggregation&quot;: Scenario &quot;`max()` over list values&quot; failed with message: Expected: | max(x) |
| [2, 1] |, got error ExecutionFailed(TypeError,runtime,InvalidArgumentValue,Some(org.apache.tinkerpop.gremlin.driver.exception.ResponseException: java.util.ArrayList cannot be cast to java.lang.Number))
	at org.opencypher.tools.tck.api.Scenario$$anonfun$executeOnGraph$1.apply(Scenario.scala:95)
	at org.opencypher.tools.tck.api.Scenario$$anonfun$executeOnGraph$1.apply(Scenario.scala:60)
	at scala.collection.LinearSeqOptimized$class.foldLeft(LinearSeqOptimized.scala:124)
	at scala.collection.immutable.List.foldLeft(List.scala:84)
	at org.opencypher.tools.tck.api.Scenario.executeOnGraph(Scenario.scala:60)
	at org.opencypher.tools.tck.api.Scenario$$anon$1.execute(Scenario.scala:54)
	at org.junit.jupiter.engine.descriptor.JupiterTestDescriptor.executeAndMaskThrowable(JupiterTestDescriptor.java:145)
	at org.junit.jupiter.engine.descriptor.DynamicTestTestDescriptor.execute(DynamicTestTestDescriptor.java:46)
	at org.junit.jupiter.engine.descriptor.DynamicTestTestDescriptor.execute(DynamicTestTestDescriptor.java:24)
	at org.junit.platform.engine.support.hierarchical.HierarchicalTestExecutor.lambda$execute$3(HierarchicalTestExecutor.java:83)
	at org.junit.platform.engine.support.hierarchical.SingleTestExecutor.executeSafely(SingleTestExecutor.java:66)
	at org.junit.platform.engine.support.hierarchical.HierarchicalTestExecutor.execute(HierarchicalTestExecutor.java:77)
	at org.junit.platform.engine.support.hierarchical.HierarchicalTestExecutor.lambda$null$0(HierarchicalTestExecutor.java:85)
	at org.junit.jupiter.engine.descriptor.TestFactoryTestDescriptor.lambda$invokeTestMethod$1(TestFactoryTestDescriptor.java:80)
	at org.junit.jupiter.engine.execution.ThrowableCollector.execute(ThrowableCollector.java:40)
	at org.junit.jupiter.engine.descriptor.TestFactoryTestDescriptor.invokeTestMethod(TestFactoryTestDescriptor.java:68)
	at org.junit.jupiter.engine.descriptor.TestMethodTestDescriptor.execute(TestMethodTestDescriptor.java:110)
	at org.junit.jupiter.engine.descriptor.TestMethodTestDescriptor.execute(TestMethodTestDescriptor.java:57)
	at org.junit.platform.engine.support.hierarchical.HierarchicalTestExecutor.lambda$execute$3(HierarchicalTestExecutor.java:83)
	at org.junit.platform.engine.support.hierarchical.SingleTestExecutor.executeSafely(SingleTestExecutor.java:66)
	at org.junit.platform.engine.support.hierarchical.HierarchicalTestExecutor.execute(HierarchicalTestExecutor.java:77)
	at org.junit.platform.engine.support.hierarchical.HierarchicalTestExecutor.lambda$null$2(HierarchicalTestExecutor.java:92)
	at java.util.stream.ForEachOps$ForEachOp$OfRef.accept(ForEachOps.java:184)
	at java.util.stream.ReferencePipeline$2$1.accept(ReferencePipeline.java:175)
	at java.util.Iterator.forEachRemaining(Iterator.java:116)
	at java.util.Spliterators$IteratorSpliterator.forEachRemaining(Spliterators.java:1801)
	at java.util.stream.AbstractPipeline.copyInto(AbstractPipeline.java:481)
	at java.util.stream.AbstractPipeline.wrapAndCopyInto(AbstractPipeline.java:471)
	at java.util.stream.ForEachOps$ForEachOp.evaluateSequential(ForEachOps.java:151)
	at java.util.stream.ForEachOps$ForEachOp$OfRef.evaluateSequential(ForEachOps.java:174)
	at java.util.stream.AbstractPipeline.evaluate(AbstractPipeline.java:234)
	at java.util.stream.ReferencePipeline.forEach(ReferencePipeline.java:418)
	at org.junit.platform.engine.support.hierarchical.HierarchicalTestExecutor.lambda$execute$3(HierarchicalTestExecutor.java:92)
	at org.junit.platform.engine.support.hierarchical.SingleTestExecutor.executeSafely(SingleTestExecutor.java:66)
	at org.junit.platform.engine.support.hierarchical.HierarchicalTestExecutor.execute(HierarchicalTestExecutor.java:77)
	at org.junit.platform.engine.support.hierarchical.HierarchicalTestExecutor.lambda$null$2(HierarchicalTestExecutor.java:92)
	at java.util.stream.ForEachOps$ForEachOp$OfRef.accept(ForEachOps.java:184)
	at java.util.stream.ReferencePipeline$2$1.accept(ReferencePipeline.java:175)
	at java.util.Iterator.forEachRemaining(Iterator.java:116)
	at java.util.Spliterators$IteratorSpliterator.forEachRemaining(Spliterators.java:1801)
	at java.util.stream.AbstractPipeline.copyInto(AbstractPipeline.java:481)
	at java.util.stream.AbstractPipeline.wrapAndCopyInto(AbstractPipeline.java:471)
	at java.util.stream.ForEachOps$ForEachOp.evaluateSequential(ForEachOps.java:151)
	at java.util.stream.ForEachOps$ForEachOp$OfRef.evaluateSequential(ForEachOps.java:174)
	at java.util.stream.AbstractPipeline.evaluate(AbstractPipeline.java:234)
	at java.util.stream.ReferencePipeline.forEach(ReferencePipeline.java:418)
	at org.junit.platform.engine.support.hierarchical.HierarchicalTestExecutor.lambda$execute$3(HierarchicalTestExecutor.java:92)
	at org.junit.platform.engine.support.hierarchical.SingleTestExecutor.executeSafely(SingleTestExecutor.java:66)
	at org.junit.platform.engine.support.hierarchical.HierarchicalTestExecutor.execute(HierarchicalTestExecutor.java:77)
	at org.junit.platform.engine.support.hierarchical.HierarchicalTestExecutor.execute(HierarchicalTestExecutor.java:51)
	at org.junit.platform.engine.support.hierarchical.HierarchicalTestEngine.execute(HierarchicalTestEngine.java:43)
	at org.junit.platform.launcher.core.DefaultLauncher.execute(DefaultLauncher.java:170)
	at org.junit.platform.launcher.core.DefaultLauncher.execute(DefaultLauncher.java:154)
	at org.junit.platform.launcher.core.DefaultLauncher.execute(DefaultLauncher.java:90)
	at org.gradle.api.internal.tasks.testing.junitplatform.JUnitPlatformTestClassProcessor$CollectAllTestClassesExecutor.processAllTestClasses(JUnitPlatformTestClassProcessor.java:92)
	at org.gradle.api.internal.tasks.testing.junitplatform.JUnitPlatformTestClassProcessor$CollectAllTestClassesExecutor.access$100(JUnitPlatformTestClassProcessor.java:77)
	at org.gradle.api.internal.tasks.testing.junitplatform.JUnitPlatformTestClassProcessor.stop(JUnitPlatformTestClassProcessor.java:73)
	at org.gradle.api.internal.tasks.testing.SuiteTestClassProcessor.stop(SuiteTestClassProcessor.java:61)
	at sun.reflect.NativeMethodAccessorImpl.invoke0(Native Method)
	at sun.reflect.NativeMethodAccessorImpl.invoke(NativeMethodAccessorImpl.java:62)
	at sun.reflect.DelegatingMethodAccessorImpl.invoke(DelegatingMethodAccessorImpl.java:43)
	at java.lang.reflect.Method.invoke(Method.java:498)
	at org.gradle.internal.dispatch.ReflectionDispatch.dispatch(ReflectionDispatch.java:35)
	at org.gradle.internal.dispatch.ReflectionDispatch.dispatch(ReflectionDispatch.java:24)
	at org.gradle.internal.dispatch.ContextClassLoaderDispatch.dispatch(ContextClassLoaderDispatch.java:32)
	at org.gradle.internal.dispatch.ProxyDispatchAdapter$DispatchingInvocationHandler.invoke(ProxyDispatchAdapter.java:93)
	at com.sun.proxy.$Proxy1.stop(Unknown Source)
	at org.gradle.api.internal.tasks.testing.worker.TestWorker.stop(TestWorker.java:123)
	at sun.reflect.NativeMethodAccessorImpl.invoke0(Native Method)
	at sun.reflect.NativeMethodAccessorImpl.invoke(NativeMethodAccessorImpl.java:62)
	at sun.reflect.DelegatingMethodAccessorImpl.invoke(DelegatingMethodAccessorImpl.java:43)
	at java.lang.reflect.Method.invoke(Method.java:498)
	at org.gradle.internal.dispatch.ReflectionDispatch.dispatch(ReflectionDispatch.java:35)
	at org.gradle.internal.dispatch.ReflectionDispatch.dispatch(ReflectionDispatch.java:24)
	at org.gradle.internal.remote.internal.hub.MessageHubBackedObjectConnection$DispatchWrapper.dispatch(MessageHubBackedObjectConnection.java:155)
	at org.gradle.internal.remote.internal.hub.MessageHubBackedObjectConnection$DispatchWrapper.dispatch(MessageHubBackedObjectConnection.java:137)
	at org.gradle.internal.remote.internal.hub.MessageHub$Handler.run(MessageHub.java:404)
	at org.gradle.internal.concurrent.ExecutorPolicy$CatchAndRecordFailures.onExecute(ExecutorPolicy.java:63)
	at org.gradle.internal.concurrent.ManagedExecutorImpl$1.run(ManagedExecutorImpl.java:46)
	at java.util.concurrent.ThreadPoolExecutor.runWorker(ThreadPoolExecutor.java:1149)
	at java.util.concurrent.ThreadPoolExecutor$Worker.run(ThreadPoolExecutor.java:624)
	at org.gradle.internal.concurrent.ThreadFactoryImpl$ManagedThreadRunnable.run(ThreadFactoryImpl.java:55)
	at java.lang.Thread.run(Thread.java:748)
Caused by: org.apache.tinkerpop.gremlin.driver.exception.ResponseException: java.util.ArrayList cannot be cast to java.lang.Number
	at org.apache.tinkerpop.gremlin.driver.Handler$GremlinResponseHandler.channelRead0(Handler.java:246)
	at org.apache.tinkerpop.gremlin.driver.Handler$GremlinResponseHandler.channelRead0(Handler.java:197)
	at io.netty.channel.SimpleChannelInboundHandler.channelRead(SimpleChannelInboundHandler.java:105)
	at io.netty.channel.AbstractChannelHandlerContext.invokeChannelRead(AbstractChannelHandlerContext.java:356)
	at io.netty.channel.AbstractChannelHandlerContext.invokeChannelRead(AbstractChannelHandlerContext.java:342)
	at io.netty.channel.AbstractChannelHandlerContext.fireChannelRead(AbstractChannelHandlerContext.java:335)
	at org.apache.tinkerpop.gremlin.driver.Handler$GremlinSaslAuthenticationHandler.channelRead0(Handler.java:123)
	at org.apache.tinkerpop.gremlin.driver.Handler$GremlinSaslAuthenticationHandler.channelRead0(Handler.java:67)
	at io.netty.channel.SimpleChannelInboundHandler.channelRead(SimpleChannelInboundHandler.java:105)
	at io.netty.channel.AbstractChannelHandlerContext.invokeChannelRead(AbstractChannelHandlerContext.java:356)
	at io.netty.channel.AbstractChannelHandlerContext.invokeChannelRead(AbstractChannelHandlerContext.java:342)
	at io.netty.channel.AbstractChannelHandlerContext.fireChannelRead(AbstractChannelHandlerContext.java:335)
	at io.netty.handler.codec.MessageToMessageDecoder.channelRead(MessageToMessageDecoder.java:102)
	at io.netty.channel.AbstractChannelHandlerContext.invokeChannelRead(AbstractChannelHandlerContext.java:356)
	at io.netty.channel.AbstractChannelHandlerContext.invokeChannelRead(AbstractChannelHandlerContext.java:342)
	at io.netty.channel.AbstractChannelHandlerContext.fireChannelRead(AbstractChannelHandlerContext.java:335)
	at org.apache.tinkerpop.gremlin.driver.handler.WebSocketClientHandler.channelRead0(WebSocketClientHandler.java:94)
	at io.netty.channel.SimpleChannelInboundHandler.channelRead(SimpleChannelInboundHandler.java:105)
	at io.netty.channel.AbstractChannelHandlerContext.invokeChannelRead(AbstractChannelHandlerContext.java:356)
	at io.netty.channel.AbstractChannelHandlerContext.invokeChannelRead(AbstractChannelHandlerContext.java:342)
	at io.netty.channel.AbstractChannelHandlerContext.fireChannelRead(AbstractChannelHandlerContext.java:335)
	at io.netty.handler.codec.ByteToMessageDecoder.fireChannelRead(ByteToMessageDecoder.java:312)
	at io.netty.handler.codec.ByteToMessageDecoder.channelRead(ByteToMessageDecoder.java:286)
	at io.netty.channel.AbstractChannelHandlerContext.invokeChannelRead(AbstractChannelHandlerContext.java:356)
	at io.netty.channel.AbstractChannelHandlerContext.invokeChannelRead(AbstractChannelHandlerContext.java:342)
	at io.netty.channel.AbstractChannelHandlerContext.fireChannelRead(AbstractChannelHandlerContext.java:335)
	at io.netty.channel.DefaultChannelPipeline$HeadContext.channelRead(DefaultChannelPipeline.java:1304)
	at io.netty.channel.AbstractChannelHandlerContext.invokeChannelRead(AbstractChannelHandlerContext.java:356)
	at io.netty.channel.AbstractChannelHandlerContext.invokeChannelRead(AbstractChannelHandlerContext.java:342)
	at io.netty.channel.DefaultChannelPipeline.fireChannelRead(DefaultChannelPipeline.java:921)
	at io.netty.channel.nio.AbstractNioByteChannel$NioByteUnsafe.read(AbstractNioByteChannel.java:135)
	at io.netty.channel.nio.NioEventLoop.processSelectedKey(NioEventLoop.java:646)
	at io.netty.channel.nio.NioEventLoop.processSelectedKeysOptimized(NioEventLoop.java:581)
	at io.netty.channel.nio.NioEventLoop.processSelectedKeys(NioEventLoop.java:498)
	at io.netty.channel.nio.NioEventLoop.run(NioEventLoop.java:460)
	at io.netty.util.concurrent.SingleThreadEventExecutor$2.run(SingleThreadEventExecutor.java:131)
	... 1 more
</pre>
      </div>
    </div>
  </div>


                  <table class="step-arguments">
                          <tr>
                                  <td>max(x)</td>
                              </tr>
                          <tr>
                                  <td>[2, 1]</td>
                              </tr>
                      </table>
        
        

        

        
  
      </div>
      </div>
</div>


    

  </div>
</div>

                      
<div class="element">
  
  
<div class="tags indention">
  </div>

  
  <span class="lead-duration duration">0.039</span>


    <span data-toggle="collapse" class=" collapsable-control" data-target="#element-67">
    
<div class="brief failed">
  <span class="keyword indention">Scenario</span>
  <span class="name">`min()` over list values</span>
  

       <i class="chevron fa fa-fw"></i>
  </div>

  </span>
  <div class="description indention"></div>

  <div id="element-67" class="collapse collapsable-details  in ">
    


    
<div class="steps inner-level">
    <div data-toggle="collapse" class=" collapsable-control" data-target="#steps-68">
    
<div class="brief failed">
  <span class="keyword indention">Steps</span>
  <span class="name"></span>
  

       <i class="chevron fa fa-fw"></i>
  </div>

  </div>

  <div id="steps-68" class="inner-level collapse collapsable-details  in ">
          <div class="step">
        
<div class="brief passed">
  <span class="keyword indention">Given</span>
  <span class="name">any graph</span>
  
  <span class="lead-duration duration">0.034</span>

  </div>

        


        
        

        
  <div class="outputs inner-level">
          <div class="output indention">
        <div data-toggle="collapse" class=" collapsed  collapsable-control" data-target="#output-69">
          Output 1
          <i class="chevron fa fa-fw"></i>
        </div>
        <div id="output-69" class="collapse collapsable-details " >
          
          <pre><p>14:48:39.387 [gremlin-server-worker-1] INFO  o.o.g.s.op.cypher.CypherOpProcessor - Cypher:  CREATE (a:A {name: 'a'}),        (b1:X {name: 'b1'}),        (b2:X {name: 'b2'}),        (b3:X {name: 'b3'}),        (b4:X {name: 'b4'}),        (c11:X {name: 'c11'}),        (c12:X {name: 'c12'}),        (c21:X {name: 'c21'}),        (c22:X {name: 'c22'}),        (c31:X {name: 'c31'}),        (c32:X {name: 'c32'}),        (c41:X {name: 'c41'}),        (c42:X {name: 'c42'}) CREATE (a)-[:KNOWS]-&gt;(b1),        (a)-[:KNOWS]-&gt;(b2),        (a)-[:FOLLOWS]-&gt;(b3),        (a)-[:FOLLOWS]-&gt;(b4) CREATE (b1)-[:FRIEND]-&gt;(c11),        (b1)-[:FRIEND]-&gt;(c12),        (b2)-[:FRIEND]-&gt;(c21),        (b2)-[:FRIEND]-&gt;(c22),        (b3)-[:FRIEND]-&gt;(c31),        (b3)-[:FRIEND]-&gt;(c32),        (b4)-[:FRIEND]-&gt;(c41),        (b4)-[:FRIEND]-&gt;(c42) CREATE (b1)-[:FRIEND]-&gt;(b2),        (b2)-[:FRIEND]-&gt;(b3),        (b3)-[:FRIEND]-&gt;(b4),        (b4)-[:FRIEND]-&gt;(b1);     
14:48:39.407 [gremlin-server-worker-1] INFO  o.o.g.s.op.cypher.CypherOpProcessor - Gremlin: g.addV('A').as('a').property('name', 'a').addV('X').as('b1').property('name', 'b1').addV('X').as('b2').property('name', 'b2').addV('X').as('b3').property('name', 'b3').addV('X').as('b4').property('name', 'b4').addV('X').as('c11').property('name', 'c11').addV('X').as('c12').property('name', 'c12').addV('X').as('c21').property('name', 'c21').addV('X').as('c22').property('name', 'c22').addV('X').as('c31').property('name', 'c31').addV('X').as('c32').property('name', 'c32').addV('X').as('c41').property('name', 'c41').addV('X').as('c42').property('name', 'c42').addE('KNOWS').from('a').to('b1').addE('KNOWS').from('a').to('b2').addE('FOLLOWS').from('a').to('b3').addE('FOLLOWS').from('a').to('b4').addE('FRIEND').from('b1').to('c11').addE('FRIEND').from('b1').to('c12').addE('FRIEND').from('b2').to('c21').addE('FRIEND').from('b2').to('c22').addE('FRIEND').from('b3').to('c31').addE('FRIEND').from('b3').to('c32').addE('FRIEND').from('b4').to('c41').addE('FRIEND').from('b4').to('c42').addE('FRIEND').from('b1').to('b2').addE('FRIEND').from('b2').to('b3').addE('FRIEND').from('b3').to('b4').addE('FRIEND').from('b4').to('b1').barrier().limit(0)
</p></pre>
        </div>
      </div>
      </div>

        
  
      </div>
          <div class="step">
        
<div class="brief passed">
  <span class="keyword indention">When</span>
  <span class="name">executing query:</span>
  
  <span class="lead-duration duration">0.005</span>

  </div>

        


        
        
  <div class="inner-level">
    <div class="docstring indention">
            <div data-toggle="collapse" class="collapsable-control" data-target="#msg-70">
          <a>Doc string</a>
      </div>
      <div id="msg-70" class="collapse collapsable-details">
        <pre>UNWIND [[1], [2], [2, 1]] AS x
RETURN min(x)</pre>
      </div>
    </div>
  </div>

        
  <div class="outputs inner-level">
          <div class="output indention">
        <div data-toggle="collapse" class=" collapsed  collapsable-control" data-target="#output-71">
          Output 1
          <i class="chevron fa fa-fw"></i>
        </div>
        <div id="output-71" class="collapse collapsable-details " >
          
          <pre><p>14:48:39.435 [gremlin-server-worker-1] INFO  o.o.g.s.op.cypher.CypherOpProcessor - Cypher: UNWIND [[1], [2], [2, 1]] AS x RETURN min(x)
14:48:39.438 [gremlin-server-worker-1] INFO  o.o.g.s.op.cypher.CypherOpProcessor - Gremlin: g.inject('  cypher.start').project('  GENERATED1', '  GENERATED2', '  GENERATED3').by(__.project('  GENERATED4').by(__.constant(1)).select(values)).by(__.project('  GENERATED5').by(__.constant(2)).select(values)).by(__.project('  GENERATED6', '  GENERATED7').by(__.constant(2)).by(__.constant(1)).select(values)).select(values).project('min(x)').by(__.unfold().is(neq('  cypher.null')).min())
14:48:39.439 [gremlin-server-worker-1] ERROR o.o.g.s.op.cypher.CypherOpProcessor - Error during traversal iteration
java.lang.ClassCastException: java.util.ArrayList cannot be cast to java.lang.Number
	at org.apache.tinkerpop.gremlin.process.traversal.step.map.MinGlobalStep.projectTraverser(MinGlobalStep.java:45)
	at org.apache.tinkerpop.gremlin.process.traversal.step.map.MinGlobalStep.projectTraverser(MinGlobalStep.java:35)
	at org.apache.tinkerpop.gremlin.process.traversal.step.util.ReducingBarrierStep.processAllStarts(ReducingBarrierStep.java:84)
	at org.apache.tinkerpop.gremlin.process.traversal.step.util.ReducingBarrierStep.processNextStart(ReducingBarrierStep.java:113)
	at org.apache.tinkerpop.gremlin.process.traversal.step.util.AbstractStep.next(AbstractStep.java:128)
	at org.apache.tinkerpop.gremlin.process.traversal.step.util.AbstractStep.next(AbstractStep.java:38)
	at org.apache.tinkerpop.gremlin.process.traversal.util.DefaultTraversal.next(DefaultTraversal.java:200)
	at org.apache.tinkerpop.gremlin.process.traversal.util.TraversalUtil.apply(TraversalUtil.java:43)
	at org.apache.tinkerpop.gremlin.process.traversal.util.TraversalUtil.applyNullable(TraversalUtil.java:75)
	at org.apache.tinkerpop.gremlin.process.traversal.step.map.ProjectStep.map(ProjectStep.java:55)
	at org.apache.tinkerpop.gremlin.process.traversal.step.map.ProjectStep.map(ProjectStep.java:40)
	at org.apache.tinkerpop.gremlin.process.traversal.step.map.MapStep.processNextStart(MapStep.java:37)
	at org.apache.tinkerpop.gremlin.process.traversal.step.util.AbstractStep.hasNext(AbstractStep.java:143)
	at org.apache.tinkerpop.gremlin.process.traversal.step.util.ExpandableStepIterator.next(ExpandableStepIterator.java:50)
	at org.apache.tinkerpop.gremlin.process.traversal.step.map.MapStep.processNextStart(MapStep.java:36)
	at org.apache.tinkerpop.gremlin.process.traversal.step.util.AbstractStep.hasNext(AbstractStep.java:143)
	at org.apache.tinkerpop.gremlin.process.traversal.util.DefaultTraversal.hasNext(DefaultTraversal.java:192)
	at org.apache.tinkerpop.gremlin.server.op.AbstractOpProcessor.handleIterator(AbstractOpProcessor.java:89)
	at org.opencypher.gremlin.server.op.cypher.CypherOpProcessor.handleIterator(CypherOpProcessor.java:181)
	at org.opencypher.gremlin.server.op.cypher.CypherOpProcessor.lambda$evalCypher$0(CypherOpProcessor.java:119)
	at org.opencypher.gremlin.server.op.cypher.CypherOpProcessor.inTransaction(CypherOpProcessor.java:127)
	at org.opencypher.gremlin.server.op.cypher.CypherOpProcessor.evalCypher(CypherOpProcessor.java:119)
	at org.apache.tinkerpop.gremlin.server.handler.OpExecutorHandler.channelRead0(OpExecutorHandler.java:68)
	at org.apache.tinkerpop.gremlin.server.handler.OpExecutorHandler.channelRead0(OpExecutorHandler.java:43)
	at io.netty.channel.SimpleChannelInboundHandler.channelRead(SimpleChannelInboundHandler.java:105)
	at io.netty.channel.AbstractChannelHandlerContext.invokeChannelRead(AbstractChannelHandlerContext.java:356)
	at io.netty.channel.AbstractChannelHandlerContext.invokeChannelRead(AbstractChannelHandlerContext.java:342)
	at io.netty.channel.AbstractChannelHandlerContext.fireChannelRead(AbstractChannelHandlerContext.java:335)
	at io.netty.handler.codec.MessageToMessageDecoder.channelRead(MessageToMessageDecoder.java:102)
	at io.netty.channel.AbstractChannelHandlerContext.invokeChannelRead(AbstractChannelHandlerContext.java:356)
	at io.netty.channel.AbstractChannelHandlerContext.invokeChannelRead(AbstractChannelHandlerContext.java:342)
	at io.netty.channel.AbstractChannelHandlerContext.fireChannelRead(AbstractChannelHandlerContext.java:335)
	at io.netty.handler.codec.MessageToMessageDecoder.channelRead(MessageToMessageDecoder.java:102)
	at io.netty.channel.AbstractChannelHandlerContext.invokeChannelRead(AbstractChannelHandlerContext.java:356)
	at io.netty.channel.AbstractChannelHandlerContext.invokeChannelRead(AbstractChannelHandlerContext.java:342)
	at io.netty.channel.AbstractChannelHandlerContext.fireChannelRead(AbstractChannelHandlerContext.java:335)
	at io.netty.handler.codec.MessageToMessageDecoder.channelRead(MessageToMessageDecoder.java:102)
	at io.netty.channel.AbstractChannelHandlerContext.invokeChannelRead(AbstractChannelHandlerContext.java:356)
	at io.netty.channel.AbstractChannelHandlerContext.invokeChannelRead(AbstractChannelHandlerContext.java:342)
	at io.netty.channel.AbstractChannelHandlerContext.fireChannelRead(AbstractChannelHandlerContext.java:335)
	at io.netty.handler.codec.MessageToMessageDecoder.channelRead(MessageToMessageDecoder.java:102)
	at io.netty.channel.AbstractChannelHandlerContext.invokeChannelRead(AbstractChannelHandlerContext.java:356)
	at io.netty.channel.AbstractChannelHandlerContext.invokeChannelRead(AbstractChannelHandlerContext.java:342)
	at io.netty.channel.AbstractChannelHandlerContext.fireChannelRead(AbstractChannelHandlerContext.java:335)
	at io.netty.handler.codec.MessageToMessageDecoder.channelRead(MessageToMessageDecoder.java:102)
	at io.netty.channel.AbstractChannelHandlerContext.invokeChannelRead(AbstractChannelHandlerContext.java:356)
	at io.netty.channel.AbstractChannelHandlerContext.invokeChannelRead(AbstractChannelHandlerContext.java:342)
	at io.netty.channel.AbstractChannelHandlerContext.fireChannelRead(AbstractChannelHandlerContext.java:335)
	at io.netty.handler.codec.http.websocketx.WebSocketServerProtocolHandler$1.channelRead(WebSocketServerProtocolHandler.java:159)
	at io.netty.channel.AbstractChannelHandlerContext.invokeChannelRead(AbstractChannelHandlerContext.java:356)
	at io.netty.channel.AbstractChannelHandlerContext.invokeChannelRead(AbstractChannelHandlerContext.java:342)
	at io.netty.channel.AbstractChannelHandlerContext.fireChannelRead(AbstractChannelHandlerContext.java:335)
	at io.netty.handler.codec.ByteToMessageDecoder.fireChannelRead(ByteToMessageDecoder.java:312)
	at io.netty.handler.codec.ByteToMessageDecoder.channelRead(ByteToMessageDecoder.java:286)
	at io.netty.channel.AbstractChannelHandlerContext.invokeChannelRead(AbstractChannelHandlerContext.java:356)
	at io.netty.channel.AbstractChannelHandlerContext.invokeChannelRead(AbstractChannelHandlerContext.java:342)
	at io.netty.channel.AbstractChannelHandlerContext.fireChannelRead(AbstractChannelHandlerContext.java:335)
	at io.netty.handler.timeout.IdleStateHandler.channelRead(IdleStateHandler.java:286)
	at io.netty.channel.AbstractChannelHandlerContext.invokeChannelRead(AbstractChannelHandlerContext.java:356)
	at io.netty.channel.AbstractChannelHandlerContext.invokeChannelRead(AbstractChannelHandlerContext.java:342)
	at io.netty.channel.AbstractChannelHandlerContext.fireChannelRead(AbstractChannelHandlerContext.java:335)
	at io.netty.channel.DefaultChannelPipeline$HeadContext.channelRead(DefaultChannelPipeline.java:1304)
	at io.netty.channel.AbstractChannelHandlerContext.invokeChannelRead(AbstractChannelHandlerContext.java:356)
	at io.netty.channel.AbstractChannelHandlerContext.invokeChannelRead(AbstractChannelHandlerContext.java:342)
	at io.netty.channel.DefaultChannelPipeline.fireChannelRead(DefaultChannelPipeline.java:921)
	at io.netty.channel.nio.AbstractNioByteChannel$NioByteUnsafe.read(AbstractNioByteChannel.java:135)
	at io.netty.channel.nio.NioEventLoop.processSelectedKey(NioEventLoop.java:646)
	at io.netty.channel.nio.NioEventLoop.processSelectedKeysOptimized(NioEventLoop.java:581)
	at io.netty.channel.nio.NioEventLoop.processSelectedKeys(NioEventLoop.java:498)
	at io.netty.channel.nio.NioEventLoop.run(NioEventLoop.java:460)
	at io.netty.util.concurrent.SingleThreadEventExecutor$2.run(SingleThreadEventExecutor.java:131)
	at java.lang.Thread.run(Thread.java:748)
</p></pre>
        </div>
      </div>
      </div>

        
  
      </div>
          <div class="step">
        
<div class="brief failed">
  <span class="keyword indention">Then</span>
  <span class="name">the result should be:</span>
  
  <span class="lead-duration duration">0.000</span>

  </div>

        

  <div class="inner-level">
    <div class="message indention">
      <div data-toggle="collapse" class=" collapsable-control" data-target="#msg-72">
          <a>org.opencypher.tools.tck.api.Scenario$ScenarioFailedException: Feature &quot;Aggregation&quot;: Scenario &quot;`min()` over list values&quot; failed with message: Expected: | min(x) |</a>
      </div>
      <div id="msg-72" class="collapse collapsable-details  in ">
        <pre>org.opencypher.tools.tck.api.Scenario$ScenarioFailedException: Feature &quot;Aggregation&quot;: Scenario &quot;`min()` over list values&quot; failed with message: Expected: | min(x) |
| [1] |, got error ExecutionFailed(TypeError,runtime,InvalidArgumentValue,Some(org.apache.tinkerpop.gremlin.driver.exception.ResponseException: java.util.ArrayList cannot be cast to java.lang.Number))
	at org.opencypher.tools.tck.api.Scenario$$anonfun$executeOnGraph$1.apply(Scenario.scala:95)
	at org.opencypher.tools.tck.api.Scenario$$anonfun$executeOnGraph$1.apply(Scenario.scala:60)
	at scala.collection.LinearSeqOptimized$class.foldLeft(LinearSeqOptimized.scala:124)
	at scala.collection.immutable.List.foldLeft(List.scala:84)
	at org.opencypher.tools.tck.api.Scenario.executeOnGraph(Scenario.scala:60)
	at org.opencypher.tools.tck.api.Scenario$$anon$1.execute(Scenario.scala:54)
	at org.junit.jupiter.engine.descriptor.JupiterTestDescriptor.executeAndMaskThrowable(JupiterTestDescriptor.java:145)
	at org.junit.jupiter.engine.descriptor.DynamicTestTestDescriptor.execute(DynamicTestTestDescriptor.java:46)
	at org.junit.jupiter.engine.descriptor.DynamicTestTestDescriptor.execute(DynamicTestTestDescriptor.java:24)
	at org.junit.platform.engine.support.hierarchical.HierarchicalTestExecutor.lambda$execute$3(HierarchicalTestExecutor.java:83)
	at org.junit.platform.engine.support.hierarchical.SingleTestExecutor.executeSafely(SingleTestExecutor.java:66)
	at org.junit.platform.engine.support.hierarchical.HierarchicalTestExecutor.execute(HierarchicalTestExecutor.java:77)
	at org.junit.platform.engine.support.hierarchical.HierarchicalTestExecutor.lambda$null$0(HierarchicalTestExecutor.java:85)
	at org.junit.jupiter.engine.descriptor.TestFactoryTestDescriptor.lambda$invokeTestMethod$1(TestFactoryTestDescriptor.java:80)
	at org.junit.jupiter.engine.execution.ThrowableCollector.execute(ThrowableCollector.java:40)
	at org.junit.jupiter.engine.descriptor.TestFactoryTestDescriptor.invokeTestMethod(TestFactoryTestDescriptor.java:68)
	at org.junit.jupiter.engine.descriptor.TestMethodTestDescriptor.execute(TestMethodTestDescriptor.java:110)
	at org.junit.jupiter.engine.descriptor.TestMethodTestDescriptor.execute(TestMethodTestDescriptor.java:57)
	at org.junit.platform.engine.support.hierarchical.HierarchicalTestExecutor.lambda$execute$3(HierarchicalTestExecutor.java:83)
	at org.junit.platform.engine.support.hierarchical.SingleTestExecutor.executeSafely(SingleTestExecutor.java:66)
	at org.junit.platform.engine.support.hierarchical.HierarchicalTestExecutor.execute(HierarchicalTestExecutor.java:77)
	at org.junit.platform.engine.support.hierarchical.HierarchicalTestExecutor.lambda$null$2(HierarchicalTestExecutor.java:92)
	at java.util.stream.ForEachOps$ForEachOp$OfRef.accept(ForEachOps.java:184)
	at java.util.stream.ReferencePipeline$2$1.accept(ReferencePipeline.java:175)
	at java.util.Iterator.forEachRemaining(Iterator.java:116)
	at java.util.Spliterators$IteratorSpliterator.forEachRemaining(Spliterators.java:1801)
	at java.util.stream.AbstractPipeline.copyInto(AbstractPipeline.java:481)
	at java.util.stream.AbstractPipeline.wrapAndCopyInto(AbstractPipeline.java:471)
	at java.util.stream.ForEachOps$ForEachOp.evaluateSequential(ForEachOps.java:151)
	at java.util.stream.ForEachOps$ForEachOp$OfRef.evaluateSequential(ForEachOps.java:174)
	at java.util.stream.AbstractPipeline.evaluate(AbstractPipeline.java:234)
	at java.util.stream.ReferencePipeline.forEach(ReferencePipeline.java:418)
	at org.junit.platform.engine.support.hierarchical.HierarchicalTestExecutor.lambda$execute$3(HierarchicalTestExecutor.java:92)
	at org.junit.platform.engine.support.hierarchical.SingleTestExecutor.executeSafely(SingleTestExecutor.java:66)
	at org.junit.platform.engine.support.hierarchical.HierarchicalTestExecutor.execute(HierarchicalTestExecutor.java:77)
	at org.junit.platform.engine.support.hierarchical.HierarchicalTestExecutor.lambda$null$2(HierarchicalTestExecutor.java:92)
	at java.util.stream.ForEachOps$ForEachOp$OfRef.accept(ForEachOps.java:184)
	at java.util.stream.ReferencePipeline$2$1.accept(ReferencePipeline.java:175)
	at java.util.Iterator.forEachRemaining(Iterator.java:116)
	at java.util.Spliterators$IteratorSpliterator.forEachRemaining(Spliterators.java:1801)
	at java.util.stream.AbstractPipeline.copyInto(AbstractPipeline.java:481)
	at java.util.stream.AbstractPipeline.wrapAndCopyInto(AbstractPipeline.java:471)
	at java.util.stream.ForEachOps$ForEachOp.evaluateSequential(ForEachOps.java:151)
	at java.util.stream.ForEachOps$ForEachOp$OfRef.evaluateSequential(ForEachOps.java:174)
	at java.util.stream.AbstractPipeline.evaluate(AbstractPipeline.java:234)
	at java.util.stream.ReferencePipeline.forEach(ReferencePipeline.java:418)
	at org.junit.platform.engine.support.hierarchical.HierarchicalTestExecutor.lambda$execute$3(HierarchicalTestExecutor.java:92)
	at org.junit.platform.engine.support.hierarchical.SingleTestExecutor.executeSafely(SingleTestExecutor.java:66)
	at org.junit.platform.engine.support.hierarchical.HierarchicalTestExecutor.execute(HierarchicalTestExecutor.java:77)
	at org.junit.platform.engine.support.hierarchical.HierarchicalTestExecutor.execute(HierarchicalTestExecutor.java:51)
	at org.junit.platform.engine.support.hierarchical.HierarchicalTestEngine.execute(HierarchicalTestEngine.java:43)
	at org.junit.platform.launcher.core.DefaultLauncher.execute(DefaultLauncher.java:170)
	at org.junit.platform.launcher.core.DefaultLauncher.execute(DefaultLauncher.java:154)
	at org.junit.platform.launcher.core.DefaultLauncher.execute(DefaultLauncher.java:90)
	at org.gradle.api.internal.tasks.testing.junitplatform.JUnitPlatformTestClassProcessor$CollectAllTestClassesExecutor.processAllTestClasses(JUnitPlatformTestClassProcessor.java:92)
	at org.gradle.api.internal.tasks.testing.junitplatform.JUnitPlatformTestClassProcessor$CollectAllTestClassesExecutor.access$100(JUnitPlatformTestClassProcessor.java:77)
	at org.gradle.api.internal.tasks.testing.junitplatform.JUnitPlatformTestClassProcessor.stop(JUnitPlatformTestClassProcessor.java:73)
	at org.gradle.api.internal.tasks.testing.SuiteTestClassProcessor.stop(SuiteTestClassProcessor.java:61)
	at sun.reflect.NativeMethodAccessorImpl.invoke0(Native Method)
	at sun.reflect.NativeMethodAccessorImpl.invoke(NativeMethodAccessorImpl.java:62)
	at sun.reflect.DelegatingMethodAccessorImpl.invoke(DelegatingMethodAccessorImpl.java:43)
	at java.lang.reflect.Method.invoke(Method.java:498)
	at org.gradle.internal.dispatch.ReflectionDispatch.dispatch(ReflectionDispatch.java:35)
	at org.gradle.internal.dispatch.ReflectionDispatch.dispatch(ReflectionDispatch.java:24)
	at org.gradle.internal.dispatch.ContextClassLoaderDispatch.dispatch(ContextClassLoaderDispatch.java:32)
	at org.gradle.internal.dispatch.ProxyDispatchAdapter$DispatchingInvocationHandler.invoke(ProxyDispatchAdapter.java:93)
	at com.sun.proxy.$Proxy1.stop(Unknown Source)
	at org.gradle.api.internal.tasks.testing.worker.TestWorker.stop(TestWorker.java:123)
	at sun.reflect.NativeMethodAccessorImpl.invoke0(Native Method)
	at sun.reflect.NativeMethodAccessorImpl.invoke(NativeMethodAccessorImpl.java:62)
	at sun.reflect.DelegatingMethodAccessorImpl.invoke(DelegatingMethodAccessorImpl.java:43)
	at java.lang.reflect.Method.invoke(Method.java:498)
	at org.gradle.internal.dispatch.ReflectionDispatch.dispatch(ReflectionDispatch.java:35)
	at org.gradle.internal.dispatch.ReflectionDispatch.dispatch(ReflectionDispatch.java:24)
	at org.gradle.internal.remote.internal.hub.MessageHubBackedObjectConnection$DispatchWrapper.dispatch(MessageHubBackedObjectConnection.java:155)
	at org.gradle.internal.remote.internal.hub.MessageHubBackedObjectConnection$DispatchWrapper.dispatch(MessageHubBackedObjectConnection.java:137)
	at org.gradle.internal.remote.internal.hub.MessageHub$Handler.run(MessageHub.java:404)
	at org.gradle.internal.concurrent.ExecutorPolicy$CatchAndRecordFailures.onExecute(ExecutorPolicy.java:63)
	at org.gradle.internal.concurrent.ManagedExecutorImpl$1.run(ManagedExecutorImpl.java:46)
	at java.util.concurrent.ThreadPoolExecutor.runWorker(ThreadPoolExecutor.java:1149)
	at java.util.concurrent.ThreadPoolExecutor$Worker.run(ThreadPoolExecutor.java:624)
	at org.gradle.internal.concurrent.ThreadFactoryImpl$ManagedThreadRunnable.run(ThreadFactoryImpl.java:55)
	at java.lang.Thread.run(Thread.java:748)
Caused by: org.apache.tinkerpop.gremlin.driver.exception.ResponseException: java.util.ArrayList cannot be cast to java.lang.Number
	at org.apache.tinkerpop.gremlin.driver.Handler$GremlinResponseHandler.channelRead0(Handler.java:246)
	at org.apache.tinkerpop.gremlin.driver.Handler$GremlinResponseHandler.channelRead0(Handler.java:197)
	at io.netty.channel.SimpleChannelInboundHandler.channelRead(SimpleChannelInboundHandler.java:105)
	at io.netty.channel.AbstractChannelHandlerContext.invokeChannelRead(AbstractChannelHandlerContext.java:356)
	at io.netty.channel.AbstractChannelHandlerContext.invokeChannelRead(AbstractChannelHandlerContext.java:342)
	at io.netty.channel.AbstractChannelHandlerContext.fireChannelRead(AbstractChannelHandlerContext.java:335)
	at org.apache.tinkerpop.gremlin.driver.Handler$GremlinSaslAuthenticationHandler.channelRead0(Handler.java:123)
	at org.apache.tinkerpop.gremlin.driver.Handler$GremlinSaslAuthenticationHandler.channelRead0(Handler.java:67)
	at io.netty.channel.SimpleChannelInboundHandler.channelRead(SimpleChannelInboundHandler.java:105)
	at io.netty.channel.AbstractChannelHandlerContext.invokeChannelRead(AbstractChannelHandlerContext.java:356)
	at io.netty.channel.AbstractChannelHandlerContext.invokeChannelRead(AbstractChannelHandlerContext.java:342)
	at io.netty.channel.AbstractChannelHandlerContext.fireChannelRead(AbstractChannelHandlerContext.java:335)
	at io.netty.handler.codec.MessageToMessageDecoder.channelRead(MessageToMessageDecoder.java:102)
	at io.netty.channel.AbstractChannelHandlerContext.invokeChannelRead(AbstractChannelHandlerContext.java:356)
	at io.netty.channel.AbstractChannelHandlerContext.invokeChannelRead(AbstractChannelHandlerContext.java:342)
	at io.netty.channel.AbstractChannelHandlerContext.fireChannelRead(AbstractChannelHandlerContext.java:335)
	at org.apache.tinkerpop.gremlin.driver.handler.WebSocketClientHandler.channelRead0(WebSocketClientHandler.java:94)
	at io.netty.channel.SimpleChannelInboundHandler.channelRead(SimpleChannelInboundHandler.java:105)
	at io.netty.channel.AbstractChannelHandlerContext.invokeChannelRead(AbstractChannelHandlerContext.java:356)
	at io.netty.channel.AbstractChannelHandlerContext.invokeChannelRead(AbstractChannelHandlerContext.java:342)
	at io.netty.channel.AbstractChannelHandlerContext.fireChannelRead(AbstractChannelHandlerContext.java:335)
	at io.netty.handler.codec.ByteToMessageDecoder.fireChannelRead(ByteToMessageDecoder.java:312)
	at io.netty.handler.codec.ByteToMessageDecoder.channelRead(ByteToMessageDecoder.java:286)
	at io.netty.channel.AbstractChannelHandlerContext.invokeChannelRead(AbstractChannelHandlerContext.java:356)
	at io.netty.channel.AbstractChannelHandlerContext.invokeChannelRead(AbstractChannelHandlerContext.java:342)
	at io.netty.channel.AbstractChannelHandlerContext.fireChannelRead(AbstractChannelHandlerContext.java:335)
	at io.netty.channel.DefaultChannelPipeline$HeadContext.channelRead(DefaultChannelPipeline.java:1304)
	at io.netty.channel.AbstractChannelHandlerContext.invokeChannelRead(AbstractChannelHandlerContext.java:356)
	at io.netty.channel.AbstractChannelHandlerContext.invokeChannelRead(AbstractChannelHandlerContext.java:342)
	at io.netty.channel.DefaultChannelPipeline.fireChannelRead(DefaultChannelPipeline.java:921)
	at io.netty.channel.nio.AbstractNioByteChannel$NioByteUnsafe.read(AbstractNioByteChannel.java:135)
	at io.netty.channel.nio.NioEventLoop.processSelectedKey(NioEventLoop.java:646)
	at io.netty.channel.nio.NioEventLoop.processSelectedKeysOptimized(NioEventLoop.java:581)
	at io.netty.channel.nio.NioEventLoop.processSelectedKeys(NioEventLoop.java:498)
	at io.netty.channel.nio.NioEventLoop.run(NioEventLoop.java:460)
	at io.netty.util.concurrent.SingleThreadEventExecutor$2.run(SingleThreadEventExecutor.java:131)
	... 1 more
</pre>
      </div>
    </div>
  </div>


                  <table class="step-arguments">
                          <tr>
                                  <td>min(x)</td>
                              </tr>
                          <tr>
                                  <td>[1]</td>
                              </tr>
                      </table>
        
        

        

        
  
      </div>
      </div>
</div>


    

  </div>
</div>

                  </div>

      </div>
    </div>
  </div>
</div>


<div class="container-fluid">
  <div class="row">
    <div class="col-md-10 col-md-offset-10">
      <i class="fa fa-chevron-circle-down fa-2x collapsable-control"
        onClick="javascript:$('#report .collapsable-details').collapse('show')"></i>
      <i class="fa fa-chevron-circle-up fa-2x collapsable-control"
        onClick="javascript:$('#report .collapsable-details').collapse('hide')"></i>
    </div>
  </div>
</div>

<br>

<nav class="navbar navbar-default" id="footer">
  <div class="container-fluid">
    <p class="navbar-text navbar-right">
        <small>generate Cucumber HTML reports via:&nbsp;</small>
        <a class="navbar-link" href="https://github.com/jenkinsci/cucumber-reports-plugin">Jenkins Plugin</a> |
        <a class="navbar-link" href="https://github.com/damianszczepanik/cucumber-reporting">Standalone</a> |
        <a class="navbar-link" href="https://github.com/damianszczepanik/cucumber-sandwich">Sandwich</a> |
        <a class="navbar-link" href="https://github.com/damianszczepanik/maven-cucumber-reporting">Maven</a>
        &nbsp;&nbsp;
    </p>
  </div>
</nav>

</body>
</html>
